<?xml version="1.0" encoding="UTF-8"?>
<!-- Generated by org.testng.reporters.JUnitReportReporter -->
<testsuite hostname="retina.dellroad.org" name="org.jsimpledb.TypeSafetyTest2" tests="1" failures="0" timestamp="7 Mar 2015 18:17:02 GMT" time="0.032" errors="0">
  <testcase name="testTypeSafety2" time="0.032" classname="org.jsimpledb.TypeSafetyTest2"/>
</testsuite> <!-- org.jsimpledb.TypeSafetyTest2 -->
