<?xml version="1.0" encoding="UTF-8"?>
<!-- Generated by org.testng.reporters.JUnitReportReporter -->
<testsuite hostname="retina.dellroad.org" name="org.jsimpledb.spring.SimpleSpringTest" tests="2" failures="0" timestamp="7 Mar 2015 18:17:02 GMT" time="0.063" errors="0">
  <testcase name="testSpring" time="0.063" classname="org.jsimpledb.spring.SimpleSpringTest"/>
  <testcase name="testFilter" time="0.000" classname="org.jsimpledb.spring.SimpleSpringTest"/>
</testsuite> <!-- org.jsimpledb.spring.SimpleSpringTest -->
