<?xml version="1.0" encoding="UTF-8"?>
<!-- Generated by org.testng.reporters.JUnitReportReporter -->
<testsuite hostname="retina.dellroad.org" name="org.jsimpledb.OnCreateTest" tests="2" failures="0" timestamp="17 Apr 2015 01:30:29 GMT" time="0.017" errors="0">
  <testcase name="testOnCreate2" time="0.010" classname="org.jsimpledb.OnCreateTest"/>
  <testcase name="testOnCreate1" time="0.007" classname="org.jsimpledb.OnCreateTest"/>
</testsuite> <!-- org.jsimpledb.OnCreateTest -->
