<?xml version="1.0" encoding="UTF-8"?>
<!-- Generated by org.testng.reporters.JUnitReportReporter -->
<testsuite hostname="retina.dellroad.org" name="org.jsimpledb.cli.ParamParserTest" tests="18" failures="0" timestamp="17 Jan 2015 15:43:44 GMT" time="0.031" errors="0">
  <testcase name="testParamParser" time="0.001" classname="org.jsimpledb.cli.ParamParserTest"/>
  <testcase name="testParamParser" time="0.000" classname="org.jsimpledb.cli.ParamParserTest"/>
  <testcase name="testParamParser" time="0.009" classname="org.jsimpledb.cli.ParamParserTest"/>
  <testcase name="testParamParser" time="0.000" classname="org.jsimpledb.cli.ParamParserTest"/>
  <testcase name="testParamParser" time="0.001" classname="org.jsimpledb.cli.ParamParserTest"/>
  <testcase name="testParamParser" time="0.000" classname="org.jsimpledb.cli.ParamParserTest"/>
  <testcase name="testParamParser" time="0.002" classname="org.jsimpledb.cli.ParamParserTest"/>
  <testcase name="testParamParser" time="0.002" classname="org.jsimpledb.cli.ParamParserTest"/>
  <testcase name="testParamParser" time="0.000" classname="org.jsimpledb.cli.ParamParserTest"/>
  <testcase name="testParamParser" time="0.001" classname="org.jsimpledb.cli.ParamParserTest"/>
  <testcase name="testParamParser" time="0.002" classname="org.jsimpledb.cli.ParamParserTest"/>
  <testcase name="testParamParser" time="0.000" classname="org.jsimpledb.cli.ParamParserTest"/>
  <testcase name="testParamParser" time="0.001" classname="org.jsimpledb.cli.ParamParserTest"/>
  <testcase name="testParamParser" time="0.002" classname="org.jsimpledb.cli.ParamParserTest"/>
  <testcase name="testParamParser" time="0.001" classname="org.jsimpledb.cli.ParamParserTest"/>
  <testcase name="testParamParser" time="0.005" classname="org.jsimpledb.cli.ParamParserTest"/>
  <testcase name="testParamParser" time="0.002" classname="org.jsimpledb.cli.ParamParserTest"/>
  <testcase name="testParamParser" time="0.002" classname="org.jsimpledb.cli.ParamParserTest"/>
</testsuite> <!-- org.jsimpledb.cli.ParamParserTest -->
