<?xml version="1.0" encoding="UTF-8"?>
<!-- Generated by org.testng.reporters.JUnitReportReporter -->
<testsuite hostname="retina.dellroad.org" name="org.jsimpledb.SnapshotTest" tests="4" failures="0" timestamp="28 Jan 2015 21:37:15 GMT" time="0.068" errors="0">
  <testcase name="testSnapshotInvalid" time="0.013" classname="org.jsimpledb.SnapshotTest"/>
  <testcase name="testCopyRelated" time="0.009" classname="org.jsimpledb.SnapshotTest"/>
  <testcase name="testDanglingReference" time="0.009" classname="org.jsimpledb.SnapshotTest"/>
  <testcase name="testSnapshot1" time="0.037" classname="org.jsimpledb.SnapshotTest"/>
</testsuite> <!-- org.jsimpledb.SnapshotTest -->
