<?xml version="1.0" encoding="UTF-8"?>
<!-- Generated by org.testng.reporters.JUnitReportReporter -->
<testsuite hostname="retina.dellroad.org" name="org.jsimpledb.kv.KVDatabaseTest" tests="2" failures="0" timestamp="28 Jan 2015 23:45:14 GMT" time="1.014" errors="0">
  <testcase name="testSimpleKVConflicts" time="0.109" classname="org.jsimpledb.kv.KVDatabaseTest"/>
  <testcase name="testSimpleKVTimeouts" time="0.905" classname="org.jsimpledb.kv.KVDatabaseTest"/>
</testsuite> <!-- org.jsimpledb.kv.KVDatabaseTest -->
