<?xml version="1.0" encoding="UTF-8"?>
<!-- Generated by org.testng.reporters.JUnitReportReporter -->
<testsuite hostname="retina.dellroad.org" name="org.jsimpledb.BasicTest" tests="1" failures="0" timestamp="7 May 2014 02:32:11 GMT" time="0.097" errors="0">
  <testcase name="testBasicStuff" time="0.097" classname="org.jsimpledb.BasicTest"/>
</testsuite> <!-- org.jsimpledb.BasicTest -->
