<?xml version="1.0" encoding="UTF-8"?>
<!-- Generated by org.testng.reporters.JUnitReportReporter -->
<testsuite hostname="retina.dellroad.org" name="org.jsimpledb.OnChangeTest" tests="1" failures="0" timestamp="18 Apr 2014 21:57:29 GMT" time="0.071" errors="0">
  <testcase name="testSimpleFieldChange" time="0.071" classname="org.jsimpledb.OnChangeTest"/>
</testsuite> <!-- org.jsimpledb.OnChangeTest -->
