<?xml version="1.0" encoding="UTF-8"?>
<!-- Generated by org.testng.reporters.JUnitReportReporter -->
<testsuite hostname="retina.dellroad.org" name="org.jsimpledb.kv.simple.SimpleKVDatabaseTest" tests="3" failures="0" timestamp="18 Apr 2014 02:10:45 GMT" time="7.786" errors="0">
  <testcase name="test3" time="2.598" classname="org.jsimpledb.kv.simple.SimpleKVDatabaseTest"/>
  <testcase name="test2" time="5.159" classname="org.jsimpledb.kv.simple.SimpleKVDatabaseTest"/>
  <testcase name="test1" time="0.029" classname="org.jsimpledb.kv.simple.SimpleKVDatabaseTest"/>
</testsuite> <!-- org.jsimpledb.kv.simple.SimpleKVDatabaseTest -->
