<?xml version="1.0" encoding="UTF-8"?>
<!-- Generated by org.testng.reporters.JUnitReportReporter -->
<testsuite hostname="retina.dellroad.org" name="org.jsimpledb.spring.SimpleSpringTest" tests="2" failures="0" timestamp="18 Aug 2014 16:45:48 GMT" time="0.097" errors="0">
  <testcase name="testSpring" time="0.094" classname="org.jsimpledb.spring.SimpleSpringTest"/>
  <testcase name="testFilter" time="0.003" classname="org.jsimpledb.spring.SimpleSpringTest"/>
</testsuite> <!-- org.jsimpledb.spring.SimpleSpringTest -->
