<?xml version="1.0" encoding="UTF-8"?>
<!-- Generated by org.testng.reporters.JUnitReportReporter -->
<testsuite hostname="retina.dellroad.org" name="org.jsimpledb.IndexQueryTest" tests="1" failures="0" timestamp="17 Apr 2015 01:30:29 GMT" time="0.030" errors="0">
  <testcase name="testSharedStorageId" time="0.030" classname="org.jsimpledb.IndexQueryTest"/>
</testsuite> <!-- org.jsimpledb.IndexQueryTest -->
