<?xml version="1.0" encoding="UTF-8"?>
<!-- Generated by org.testng.reporters.JUnitReportReporter -->
<testsuite hostname="retina.dellroad.org" name="org.jsimpledb.EnumFieldTest" tests="3" failures="0" timestamp="17 Apr 2015 01:30:29 GMT" time="0.019" errors="0">
  <testcase name="testEnumConflict" time="0.003" classname="org.jsimpledb.EnumFieldTest"/>
  <testcase name="testFindEnum" time="0.001" classname="org.jsimpledb.EnumFieldTest"/>
  <testcase name="testEnumFieldUpgrade" time="0.015" classname="org.jsimpledb.EnumFieldTest"/>
</testsuite> <!-- org.jsimpledb.EnumFieldTest -->
