<?xml version="1.0" encoding="UTF-8"?>
<!-- Generated by org.testng.reporters.JUnitReportReporter -->
<testsuite hostname="retina.dellroad.org" name="org.jsimpledb.SnapshotTest" tests="4" failures="0" timestamp="18 Aug 2014 16:45:48 GMT" time="0.053" errors="0">
  <testcase name="testDanglingReference" time="0.009" classname="org.jsimpledb.SnapshotTest"/>
  <testcase name="testSnapshotInvalid" time="0.008" classname="org.jsimpledb.SnapshotTest"/>
  <testcase name="testCopyRelated" time="0.008" classname="org.jsimpledb.SnapshotTest"/>
  <testcase name="testSnapshot1" time="0.028" classname="org.jsimpledb.SnapshotTest"/>
</testsuite> <!-- org.jsimpledb.SnapshotTest -->
