<?xml version="1.0" encoding="UTF-8"?>
<!-- Generated by org.testng.reporters.JUnitReportReporter -->
<testsuite hostname="retina.dellroad.org" name="org.jsimpledb.DuplicateReferenceFieldTest" tests="1" failures="0" timestamp="5 Jan 2015 18:39:07 GMT" time="0.253" errors="0">
  <testcase name="testDuplicateReferenceFields" time="0.253" classname="org.jsimpledb.DuplicateReferenceFieldTest"/>
</testsuite> <!-- org.jsimpledb.DuplicateReferenceFieldTest -->
