<?xml version="1.0" encoding="UTF-8"?>
<!-- Generated by org.testng.reporters.JUnitReportReporter -->
<testsuite hostname="retina.dellroad.org" name="org.jsimpledb.core.SchemaTest" tests="25" failures="0" timestamp="10 Apr 2014 21:05:20 GMT" time="0.155" errors="0">
  <testcase name="testSchema" time="0.008" classname="org.jsimpledb.core.SchemaTest"/>
  <testcase name="testSchema" time="0.009" classname="org.jsimpledb.core.SchemaTest"/>
  <testcase name="testSchema" time="0.000" classname="org.jsimpledb.core.SchemaTest"/>
  <testcase name="testSchema" time="0.000" classname="org.jsimpledb.core.SchemaTest"/>
  <testcase name="testSchema" time="0.014" classname="org.jsimpledb.core.SchemaTest"/>
  <testcase name="testSchema" time="0.004" classname="org.jsimpledb.core.SchemaTest"/>
  <testcase name="testSchema" time="0.009" classname="org.jsimpledb.core.SchemaTest"/>
  <testcase name="testSchema" time="0.006" classname="org.jsimpledb.core.SchemaTest"/>
  <testcase name="testSchema" time="0.009" classname="org.jsimpledb.core.SchemaTest"/>
  <testcase name="testSchema" time="0.004" classname="org.jsimpledb.core.SchemaTest"/>
  <testcase name="testSchema" time="0.000" classname="org.jsimpledb.core.SchemaTest"/>
  <testcase name="testSchema" time="0.007" classname="org.jsimpledb.core.SchemaTest"/>
  <testcase name="testSchema" time="0.010" classname="org.jsimpledb.core.SchemaTest"/>
  <testcase name="testSchema" time="0.000" classname="org.jsimpledb.core.SchemaTest"/>
  <testcase name="testSchema" time="0.007" classname="org.jsimpledb.core.SchemaTest"/>
  <testcase name="testSchema" time="0.001" classname="org.jsimpledb.core.SchemaTest"/>
  <testcase name="testSchema" time="0.013" classname="org.jsimpledb.core.SchemaTest"/>
  <testcase name="testSchema" time="0.010" classname="org.jsimpledb.core.SchemaTest"/>
  <testcase name="testSchema" time="0.009" classname="org.jsimpledb.core.SchemaTest"/>
  <testcase name="testSchema" time="0.008" classname="org.jsimpledb.core.SchemaTest"/>
  <testcase name="testSchema" time="0.005" classname="org.jsimpledb.core.SchemaTest"/>
  <testcase name="testSchema" time="0.007" classname="org.jsimpledb.core.SchemaTest"/>
  <testcase name="testSchema" time="0.000" classname="org.jsimpledb.core.SchemaTest"/>
  <testcase name="testSchema" time="0.011" classname="org.jsimpledb.core.SchemaTest"/>
  <testcase name="testSchema" time="0.004" classname="org.jsimpledb.core.SchemaTest"/>
</testsuite> <!-- org.jsimpledb.core.SchemaTest -->
