<?xml version="1.0" encoding="UTF-8"?>
<!-- Generated by org.testng.reporters.JUnitReportReporter -->
<testsuite hostname="retina.dellroad.org" name="org.jsimpledb.core.DeleteListenerTest" tests="1" failures="0" timestamp="7 May 2014 02:32:11 GMT" time="0.002" errors="0">
  <testcase name="testDeleteListener" time="0.002" classname="org.jsimpledb.core.DeleteListenerTest"/>
</testsuite> <!-- org.jsimpledb.core.DeleteListenerTest -->
