<?xml version="1.0" encoding="UTF-8"?>
<!-- Generated by org.testng.reporters.JUnitReportReporter -->
<testsuite hostname="retina.dellroad.org" name="org.jsimpledb.core.BasicTest1" tests="6" failures="0" timestamp="28 Jan 2015 23:45:14 GMT" time="0.114" errors="0">
  <testcase name="testListField" time="0.006" classname="org.jsimpledb.core.BasicTest1"/>
  <testcase name="testPrimitiveFields" time="0.009" classname="org.jsimpledb.core.BasicTest1"/>
  <testcase name="testPrimitiveArrays" time="0.010" classname="org.jsimpledb.core.BasicTest1"/>
  <testcase name="testMapField" time="0.075" classname="org.jsimpledb.core.BasicTest1"/>
  <testcase name="testSetField" time="0.010" classname="org.jsimpledb.core.BasicTest1"/>
  <testcase name="testComplexDelete" time="0.004" classname="org.jsimpledb.core.BasicTest1"/>
</testsuite> <!-- org.jsimpledb.core.BasicTest1 -->
