<?xml version="1.0" encoding="UTF-8"?>
<!-- Generated by org.testng.reporters.JUnitReportReporter -->
<testsuite hostname="retina.dellroad.org" name="org.jsimpledb.CounterTest" tests="1" failures="0" timestamp="18 Aug 2014 16:45:48 GMT" time="0.007" errors="0">
  <testcase name="testCounter" time="0.007" classname="org.jsimpledb.CounterTest"/>
</testsuite> <!-- org.jsimpledb.CounterTest -->
