<?xml version="1.0" encoding="UTF-8"?>
<!-- Generated by org.testng.reporters.JUnitReportReporter -->
<testsuite hostname="retina.dellroad.org" name="org.jsimpledb.InterfaceTest" tests="1" failures="0" timestamp="16 May 2014 21:39:49 GMT" time="0.017" errors="0">
  <testcase name="testInterface" time="0.017" classname="org.jsimpledb.InterfaceTest"/>
</testsuite> <!-- org.jsimpledb.InterfaceTest -->
