<?xml version="1.0" encoding="UTF-8"?>
<!-- Generated by org.testng.reporters.JUnitReportReporter -->
<testsuite hostname="retina.dellroad.org" name="org.jsimpledb.ValidationTest" tests="1" failures="0" timestamp="18 Apr 2014 21:57:29 GMT" time="0.064" errors="0">
  <testcase name="testValidation" time="0.064" classname="org.jsimpledb.ValidationTest"/>
</testsuite> <!-- org.jsimpledb.ValidationTest -->
