<?xml version="1.0" encoding="UTF-8"?>
<!-- Generated by org.testng.reporters.JUnitReportReporter -->
<testsuite hostname="retina.dellroad.org" name="org.jsimpledb.util.LongEncoderTest" tests="1132" failures="0" timestamp="16 May 2014 21:39:49 GMT" time="0.075" errors="0">
  <testcase name="testLongEncoding" time="0.000" classname="org.jsimpledb.util.LongEncoderTest"/>
  <testcase name="testLongEncoding" time="0.000" classname="org.jsimpledb.util.LongEncoderTest"/>
  <testcase name="testRandomLongEncoding" time="0.000" classname="org.jsimpledb.util.LongEncoderTest"/>
  <testcase name="testRandomLongEncoding" time="0.000" classname="org.jsimpledb.util.LongEncoderTest"/>
  <testcase name="testRandomLongEncoding" time="0.001" classname="org.jsimpledb.util.LongEncoderTest"/>
  <testcase name="testRandomLongEncoding" time="0.000" classname="org.jsimpledb.util.LongEncoderTest"/>
  <testcase name="testRandomLongEncoding" time="0.000" classname="org.jsimpledb.util.LongEncoderTest"/>
  <testcase name="testRandomLongEncoding" time="0.000" classname="org.jsimpledb.util.LongEncoderTest"/>
  <testcase name="testLongEncoding" time="0.000" classname="org.jsimpledb.util.LongEncoderTest"/>
  <testcase name="testRandomLongEncoding" time="0.000" classname="org.jsimpledb.util.LongEncoderTest"/>
  <testcase name="testRandomLongEncoding" time="0.000" classname="org.jsimpledb.util.LongEncoderTest"/>
  <testcase name="testRandomLongEncoding" time="0.000" classname="org.jsimpledb.util.LongEncoderTest"/>
  <testcase name="testRandomLongEncoding" time="0.000" classname="org.jsimpledb.util.LongEncoderTest"/>
  <testcase name="testRandomLongEncoding" time="0.000" classname="org.jsimpledb.util.LongEncoderTest"/>
  <testcase name="testLongEncoding" time="0.000" classname="org.jsimpledb.util.LongEncoderTest"/>
  <testcase name="testLongEncoding" time="0.000" classname="org.jsimpledb.util.LongEncoderTest"/>
  <testcase name="testRandomLongEncoding" time="0.000" classname="org.jsimpledb.util.LongEncoderTest"/>
  <testcase name="testRandomLongEncoding" time="0.001" classname="org.jsimpledb.util.LongEncoderTest"/>
  <testcase name="testRandomLongEncoding" time="0.000" classname="org.jsimpledb.util.LongEncoderTest"/>
  <testcase name="testRandomLongEncoding" time="0.000" classname="org.jsimpledb.util.LongEncoderTest"/>
  <testcase name="testLongEncoding" time="0.000" classname="org.jsimpledb.util.LongEncoderTest"/>
  <testcase name="testRandomLongEncoding" time="0.000" classname="org.jsimpledb.util.LongEncoderTest"/>
  <testcase name="testRandomLongEncoding" time="0.000" classname="org.jsimpledb.util.LongEncoderTest"/>
  <testcase name="testRandomLongEncoding" time="0.000" classname="org.jsimpledb.util.LongEncoderTest"/>
  <testcase name="testRandomLongEncoding" time="0.000" classname="org.jsimpledb.util.LongEncoderTest"/>
  <testcase name="testRandomLongEncoding" time="0.000" classname="org.jsimpledb.util.LongEncoderTest"/>
  <testcase name="testRandomLongEncoding" time="0.000" classname="org.jsimpledb.util.LongEncoderTest"/>
  <testcase name="testRandomLongEncoding" time="0.000" classname="org.jsimpledb.util.LongEncoderTest"/>
  <testcase name="testRandomLongEncoding" time="0.001" classname="org.jsimpledb.util.LongEncoderTest"/>
  <testcase name="testRandomLongEncoding" time="0.000" classname="org.jsimpledb.util.LongEncoderTest"/>
  <testcase name="testRandomLongEncoding" time="0.000" classname="org.jsimpledb.util.LongEncoderTest"/>
  <testcase name="testRandomLongEncoding" time="0.000" classname="org.jsimpledb.util.LongEncoderTest"/>
  <testcase name="testRandomLongEncoding" time="0.000" classname="org.jsimpledb.util.LongEncoderTest"/>
  <testcase name="testRandomLongEncoding" time="0.000" classname="org.jsimpledb.util.LongEncoderTest"/>
  <testcase name="testRandomLongEncoding" time="0.000" classname="org.jsimpledb.util.LongEncoderTest"/>
  <testcase name="testRandomLongEncoding" time="0.000" classname="org.jsimpledb.util.LongEncoderTest"/>
  <testcase name="testRandomLongEncoding" time="0.000" classname="org.jsimpledb.util.LongEncoderTest"/>
  <testcase name="testLongEncoding" time="0.000" classname="org.jsimpledb.util.LongEncoderTest"/>
  <testcase name="testRandomLongEncoding" time="0.000" classname="org.jsimpledb.util.LongEncoderTest"/>
  <testcase name="testRandomLongEncoding" time="0.000" classname="org.jsimpledb.util.LongEncoderTest"/>
  <testcase name="testRandomLongEncoding" time="0.000" classname="org.jsimpledb.util.LongEncoderTest"/>
  <testcase name="testLongEncoding" time="0.000" classname="org.jsimpledb.util.LongEncoderTest"/>
  <testcase name="testLongEncoding" time="0.000" classname="org.jsimpledb.util.LongEncoderTest"/>
  <testcase name="testRandomLongEncoding" time="0.000" classname="org.jsimpledb.util.LongEncoderTest"/>
  <testcase name="testRandomLongEncoding" time="0.000" classname="org.jsimpledb.util.LongEncoderTest"/>
  <testcase name="testRandomLongEncoding" time="0.000" classname="org.jsimpledb.util.LongEncoderTest"/>
  <testcase name="testRandomLongEncoding" time="0.000" classname="org.jsimpledb.util.LongEncoderTest"/>
  <testcase name="testRandomLongEncoding" time="0.000" classname="org.jsimpledb.util.LongEncoderTest"/>
  <testcase name="testRandomLongEncoding" time="0.000" classname="org.jsimpledb.util.LongEncoderTest"/>
  <testcase name="testLongEncodeLength" time="0.000" classname="org.jsimpledb.util.LongEncoderTest"/>
  <testcase name="testRandomLongEncoding" time="0.000" classname="org.jsimpledb.util.LongEncoderTest"/>
  <testcase name="testRandomLongEncoding" time="0.000" classname="org.jsimpledb.util.LongEncoderTest"/>
  <testcase name="testRandomLongEncoding" time="0.000" classname="org.jsimpledb.util.LongEncoderTest"/>
  <testcase name="testRandomLongEncoding" time="0.000" classname="org.jsimpledb.util.LongEncoderTest"/>
  <testcase name="testRandomLongEncoding" time="0.000" classname="org.jsimpledb.util.LongEncoderTest"/>
  <testcase name="testRandomLongEncoding" time="0.000" classname="org.jsimpledb.util.LongEncoderTest"/>
  <testcase name="testRandomLongEncoding" time="0.000" classname="org.jsimpledb.util.LongEncoderTest"/>
  <testcase name="testRandomLongEncoding" time="0.000" classname="org.jsimpledb.util.LongEncoderTest"/>
  <testcase name="testRandomLongEncoding" time="0.000" classname="org.jsimpledb.util.LongEncoderTest"/>
  <testcase name="testRandomLongEncoding" time="0.000" classname="org.jsimpledb.util.LongEncoderTest"/>
  <testcase name="testRandomLongEncoding" time="0.000" classname="org.jsimpledb.util.LongEncoderTest"/>
  <testcase name="testRandomLongEncoding" time="0.000" classname="org.jsimpledb.util.LongEncoderTest"/>
  <testcase name="testRandomLongEncoding" time="0.000" classname="org.jsimpledb.util.LongEncoderTest"/>
  <testcase name="testRandomLongEncoding" time="0.001" classname="org.jsimpledb.util.LongEncoderTest"/>
  <testcase name="testRandomLongEncoding" time="0.000" classname="org.jsimpledb.util.LongEncoderTest"/>
  <testcase name="testLongEncodeLength" time="0.000" classname="org.jsimpledb.util.LongEncoderTest"/>
  <testcase name="testRandomLongEncoding" time="0.000" classname="org.jsimpledb.util.LongEncoderTest"/>
  <testcase name="testRandomLongEncoding" time="0.000" classname="org.jsimpledb.util.LongEncoderTest"/>
  <testcase name="testLongEncoding" time="0.000" classname="org.jsimpledb.util.LongEncoderTest"/>
  <testcase name="testRandomLongEncoding" time="0.000" classname="org.jsimpledb.util.LongEncoderTest"/>
  <testcase name="testLongEncoding" time="0.000" classname="org.jsimpledb.util.LongEncoderTest"/>
  <testcase name="testRandomLongEncoding" time="0.000" classname="org.jsimpledb.util.LongEncoderTest"/>
  <testcase name="testRandomLongEncoding" time="0.000" classname="org.jsimpledb.util.LongEncoderTest"/>
  <testcase name="testRandomLongEncoding" time="0.000" classname="org.jsimpledb.util.LongEncoderTest"/>
  <testcase name="testRandomLongEncoding" time="0.000" classname="org.jsimpledb.util.LongEncoderTest"/>
  <testcase name="testRandomLongEncoding" time="0.000" classname="org.jsimpledb.util.LongEncoderTest"/>
  <testcase name="testRandomLongEncoding" time="0.000" classname="org.jsimpledb.util.LongEncoderTest"/>
  <testcase name="testRandomLongEncoding" time="0.000" classname="org.jsimpledb.util.LongEncoderTest"/>
  <testcase name="testRandomLongEncoding" time="0.000" classname="org.jsimpledb.util.LongEncoderTest"/>
  <testcase name="testRandomLongEncoding" time="0.000" classname="org.jsimpledb.util.LongEncoderTest"/>
  <testcase name="testRandomLongEncoding" time="0.000" classname="org.jsimpledb.util.LongEncoderTest"/>
  <testcase name="testRandomLongEncoding" time="0.000" classname="org.jsimpledb.util.LongEncoderTest"/>
  <testcase name="testRandomLongEncoding" time="0.000" classname="org.jsimpledb.util.LongEncoderTest"/>
  <testcase name="testRandomLongEncoding" time="0.000" classname="org.jsimpledb.util.LongEncoderTest"/>
  <testcase name="testRandomLongEncoding" time="0.001" classname="org.jsimpledb.util.LongEncoderTest"/>
  <testcase name="testRandomLongEncoding" time="0.000" classname="org.jsimpledb.util.LongEncoderTest"/>
  <testcase name="testRandomLongEncoding" time="0.000" classname="org.jsimpledb.util.LongEncoderTest"/>
  <testcase name="testRandomLongEncoding" time="0.000" classname="org.jsimpledb.util.LongEncoderTest"/>
  <testcase name="testRandomLongEncoding" time="0.000" classname="org.jsimpledb.util.LongEncoderTest"/>
  <testcase name="testRandomLongEncoding" time="0.000" classname="org.jsimpledb.util.LongEncoderTest"/>
  <testcase name="testRandomLongEncoding" time="0.000" classname="org.jsimpledb.util.LongEncoderTest"/>
  <testcase name="testRandomLongEncoding" time="0.000" classname="org.jsimpledb.util.LongEncoderTest"/>
  <testcase name="testRandomLongEncoding" time="0.000" classname="org.jsimpledb.util.LongEncoderTest"/>
  <testcase name="testRandomLongEncoding" time="0.000" classname="org.jsimpledb.util.LongEncoderTest"/>
  <testcase name="testRandomLongEncoding" time="0.000" classname="org.jsimpledb.util.LongEncoderTest"/>
  <testcase name="testRandomLongEncoding" time="0.000" classname="org.jsimpledb.util.LongEncoderTest"/>
  <testcase name="testRandomLongEncoding" time="0.000" classname="org.jsimpledb.util.LongEncoderTest"/>
  <testcase name="testLongEncoding" time="0.000" classname="org.jsimpledb.util.LongEncoderTest"/>
  <testcase name="testRandomLongEncoding" time="0.000" classname="org.jsimpledb.util.LongEncoderTest"/>
  <testcase name="testRandomLongEncoding" time="0.000" classname="org.jsimpledb.util.LongEncoderTest"/>
  <testcase name="testRandomLongEncoding" time="0.000" classname="org.jsimpledb.util.LongEncoderTest"/>
  <testcase name="testLongEncoding" time="0.000" classname="org.jsimpledb.util.LongEncoderTest"/>
  <testcase name="testRandomLongEncoding" time="0.000" classname="org.jsimpledb.util.LongEncoderTest"/>
  <testcase name="testRandomLongEncoding" time="0.000" classname="org.jsimpledb.util.LongEncoderTest"/>
  <testcase name="testRandomLongEncoding" time="0.000" classname="org.jsimpledb.util.LongEncoderTest"/>
  <testcase name="testRandomLongEncoding" time="0.000" classname="org.jsimpledb.util.LongEncoderTest"/>
  <testcase name="testRandomLongEncoding" time="0.000" classname="org.jsimpledb.util.LongEncoderTest"/>
  <testcase name="testRandomLongEncoding" time="0.000" classname="org.jsimpledb.util.LongEncoderTest"/>
  <testcase name="testRandomLongEncoding" time="0.000" classname="org.jsimpledb.util.LongEncoderTest"/>
  <testcase name="testRandomLongEncoding" time="0.000" classname="org.jsimpledb.util.LongEncoderTest"/>
  <testcase name="testRandomLongEncoding" time="0.000" classname="org.jsimpledb.util.LongEncoderTest"/>
  <testcase name="testLongEncoding" time="0.000" classname="org.jsimpledb.util.LongEncoderTest"/>
  <testcase name="testRandomLongEncoding" time="0.000" classname="org.jsimpledb.util.LongEncoderTest"/>
  <testcase name="testRandomLongEncoding" time="0.000" classname="org.jsimpledb.util.LongEncoderTest"/>
  <testcase name="testRandomLongEncoding" time="0.000" classname="org.jsimpledb.util.LongEncoderTest"/>
  <testcase name="testRandomLongEncoding" time="0.000" classname="org.jsimpledb.util.LongEncoderTest"/>
  <testcase name="testRandomLongEncoding" time="0.000" classname="org.jsimpledb.util.LongEncoderTest"/>
  <testcase name="testLongEncoding" time="0.000" classname="org.jsimpledb.util.LongEncoderTest"/>
  <testcase name="testRandomLongEncoding" time="0.000" classname="org.jsimpledb.util.LongEncoderTest"/>
  <testcase name="testRandomLongEncoding" time="0.000" classname="org.jsimpledb.util.LongEncoderTest"/>
  <testcase name="testRandomLongEncoding" time="0.000" classname="org.jsimpledb.util.LongEncoderTest"/>
  <testcase name="testRandomLongEncoding" time="0.000" classname="org.jsimpledb.util.LongEncoderTest"/>
  <testcase name="testRandomLongEncoding" time="0.000" classname="org.jsimpledb.util.LongEncoderTest"/>
  <testcase name="testRandomLongEncoding" time="0.000" classname="org.jsimpledb.util.LongEncoderTest"/>
  <testcase name="testRandomLongEncoding" time="0.000" classname="org.jsimpledb.util.LongEncoderTest"/>
  <testcase name="testRandomLongEncoding" time="0.000" classname="org.jsimpledb.util.LongEncoderTest"/>
  <testcase name="testRandomLongEncoding" time="0.000" classname="org.jsimpledb.util.LongEncoderTest"/>
  <testcase name="testRandomLongEncoding" time="0.000" classname="org.jsimpledb.util.LongEncoderTest"/>
  <testcase name="testRandomLongEncoding" time="0.000" classname="org.jsimpledb.util.LongEncoderTest"/>
  <testcase name="testRandomLongEncoding" time="0.000" classname="org.jsimpledb.util.LongEncoderTest"/>
  <testcase name="testRandomLongEncoding" time="0.000" classname="org.jsimpledb.util.LongEncoderTest"/>
  <testcase name="testRandomLongEncoding" time="0.000" classname="org.jsimpledb.util.LongEncoderTest"/>
  <testcase name="testRandomLongEncoding" time="0.000" classname="org.jsimpledb.util.LongEncoderTest"/>
  <testcase name="testRandomLongEncoding" time="0.001" classname="org.jsimpledb.util.LongEncoderTest"/>
  <testcase name="testRandomLongEncoding" time="0.000" classname="org.jsimpledb.util.LongEncoderTest"/>
  <testcase name="testRandomLongEncoding" time="0.000" classname="org.jsimpledb.util.LongEncoderTest"/>
  <testcase name="testRandomLongEncoding" time="0.000" classname="org.jsimpledb.util.LongEncoderTest"/>
  <testcase name="testRandomLongEncoding" time="0.000" classname="org.jsimpledb.util.LongEncoderTest"/>
  <testcase name="testRandomLongEncoding" time="0.000" classname="org.jsimpledb.util.LongEncoderTest"/>
  <testcase name="testRandomLongEncoding" time="0.000" classname="org.jsimpledb.util.LongEncoderTest"/>
  <testcase name="testLongEncodeLength" time="0.000" classname="org.jsimpledb.util.LongEncoderTest"/>
  <testcase name="testRandomLongEncoding" time="0.000" classname="org.jsimpledb.util.LongEncoderTest"/>
  <testcase name="testRandomLongEncoding" time="0.000" classname="org.jsimpledb.util.LongEncoderTest"/>
  <testcase name="testRandomLongEncoding" time="0.000" classname="org.jsimpledb.util.LongEncoderTest"/>
  <testcase name="testRandomLongEncoding" time="0.000" classname="org.jsimpledb.util.LongEncoderTest"/>
  <testcase name="testRandomLongEncoding" time="0.000" classname="org.jsimpledb.util.LongEncoderTest"/>
  <testcase name="testRandomLongEncoding" time="0.000" classname="org.jsimpledb.util.LongEncoderTest"/>
  <testcase name="testRandomLongEncoding" time="0.000" classname="org.jsimpledb.util.LongEncoderTest"/>
  <testcase name="testRandomLongEncoding" time="0.000" classname="org.jsimpledb.util.LongEncoderTest"/>
  <testcase name="testLongEncodeLength" time="0.000" classname="org.jsimpledb.util.LongEncoderTest"/>
  <testcase name="testRandomLongEncoding" time="0.000" classname="org.jsimpledb.util.LongEncoderTest"/>
  <testcase name="testRandomLongEncoding" time="0.000" classname="org.jsimpledb.util.LongEncoderTest"/>
  <testcase name="testRandomLongEncoding" time="0.000" classname="org.jsimpledb.util.LongEncoderTest"/>
  <testcase name="testRandomLongEncoding" time="0.000" classname="org.jsimpledb.util.LongEncoderTest"/>
  <testcase name="testRandomLongEncoding" time="0.000" classname="org.jsimpledb.util.LongEncoderTest"/>
  <testcase name="testRandomLongEncoding" time="0.000" classname="org.jsimpledb.util.LongEncoderTest"/>
  <testcase name="testLongEncoding" time="0.000" classname="org.jsimpledb.util.LongEncoderTest"/>
  <testcase name="testRandomLongEncoding" time="0.000" classname="org.jsimpledb.util.LongEncoderTest"/>
  <testcase name="testRandomLongEncoding" time="0.001" classname="org.jsimpledb.util.LongEncoderTest"/>
  <testcase name="testRandomLongEncoding" time="0.000" classname="org.jsimpledb.util.LongEncoderTest"/>
  <testcase name="testRandomLongEncoding" time="0.000" classname="org.jsimpledb.util.LongEncoderTest"/>
  <testcase name="testRandomLongEncoding" time="0.000" classname="org.jsimpledb.util.LongEncoderTest"/>
  <testcase name="testRandomLongEncoding" time="0.000" classname="org.jsimpledb.util.LongEncoderTest"/>
  <testcase name="testRandomLongEncoding" time="0.000" classname="org.jsimpledb.util.LongEncoderTest"/>
  <testcase name="testRandomLongEncoding" time="0.000" classname="org.jsimpledb.util.LongEncoderTest"/>
  <testcase name="testRandomLongEncoding" time="0.000" classname="org.jsimpledb.util.LongEncoderTest"/>
  <testcase name="testRandomLongEncoding" time="0.000" classname="org.jsimpledb.util.LongEncoderTest"/>
  <testcase name="testRandomLongEncoding" time="0.000" classname="org.jsimpledb.util.LongEncoderTest"/>
  <testcase name="testRandomLongEncoding" time="0.000" classname="org.jsimpledb.util.LongEncoderTest"/>
  <testcase name="testRandomLongEncoding" time="0.000" classname="org.jsimpledb.util.LongEncoderTest"/>
  <testcase name="testRandomLongEncoding" time="0.000" classname="org.jsimpledb.util.LongEncoderTest"/>
  <testcase name="testRandomLongEncoding" time="0.001" classname="org.jsimpledb.util.LongEncoderTest"/>
  <testcase name="testRandomLongEncoding" time="0.000" classname="org.jsimpledb.util.LongEncoderTest"/>
  <testcase name="testRandomLongEncoding" time="0.000" classname="org.jsimpledb.util.LongEncoderTest"/>
  <testcase name="testRandomLongEncoding" time="0.000" classname="org.jsimpledb.util.LongEncoderTest"/>
  <testcase name="testRandomLongEncoding" time="0.000" classname="org.jsimpledb.util.LongEncoderTest"/>
  <testcase name="testLongEncoding" time="0.000" classname="org.jsimpledb.util.LongEncoderTest"/>
  <testcase name="testRandomLongEncoding" time="0.000" classname="org.jsimpledb.util.LongEncoderTest"/>
  <testcase name="testRandomLongEncoding" time="0.000" classname="org.jsimpledb.util.LongEncoderTest"/>
  <testcase name="testRandomLongEncoding" time="0.000" classname="org.jsimpledb.util.LongEncoderTest"/>
  <testcase name="testLongEncoding" time="0.001" classname="org.jsimpledb.util.LongEncoderTest"/>
  <testcase name="testLongEncoding" time="0.000" classname="org.jsimpledb.util.LongEncoderTest"/>
  <testcase name="testRandomLongEncoding" time="0.000" classname="org.jsimpledb.util.LongEncoderTest"/>
  <testcase name="testRandomLongEncoding" time="0.000" classname="org.jsimpledb.util.LongEncoderTest"/>
  <testcase name="testRandomLongEncoding" time="0.000" classname="org.jsimpledb.util.LongEncoderTest"/>
  <testcase name="testRandomLongEncoding" time="0.000" classname="org.jsimpledb.util.LongEncoderTest"/>
  <testcase name="testRandomLongEncoding" time="0.000" classname="org.jsimpledb.util.LongEncoderTest"/>
  <testcase name="testRandomLongEncoding" time="0.000" classname="org.jsimpledb.util.LongEncoderTest"/>
  <testcase name="testRandomLongEncoding" time="0.000" classname="org.jsimpledb.util.LongEncoderTest"/>
  <testcase name="testRandomLongEncoding" time="0.000" classname="org.jsimpledb.util.LongEncoderTest"/>
  <testcase name="testLongEncodeLength" time="0.000" classname="org.jsimpledb.util.LongEncoderTest"/>
  <testcase name="testRandomLongEncoding" time="0.000" classname="org.jsimpledb.util.LongEncoderTest"/>
  <testcase name="testRandomLongEncoding" time="0.000" classname="org.jsimpledb.util.LongEncoderTest"/>
  <testcase name="testRandomLongEncoding" time="0.000" classname="org.jsimpledb.util.LongEncoderTest"/>
  <testcase name="testRandomLongEncoding" time="0.000" classname="org.jsimpledb.util.LongEncoderTest"/>
  <testcase name="testRandomLongEncoding" time="0.000" classname="org.jsimpledb.util.LongEncoderTest"/>
  <testcase name="testRandomLongEncoding" time="0.000" classname="org.jsimpledb.util.LongEncoderTest"/>
  <testcase name="testRandomLongEncoding" time="0.000" classname="org.jsimpledb.util.LongEncoderTest"/>
  <testcase name="testRandomLongEncoding" time="0.000" classname="org.jsimpledb.util.LongEncoderTest"/>
  <testcase name="testLongEncoding" time="0.000" classname="org.jsimpledb.util.LongEncoderTest"/>
  <testcase name="testRandomLongEncoding" time="0.000" classname="org.jsimpledb.util.LongEncoderTest"/>
  <testcase name="testRandomLongEncoding" time="0.000" classname="org.jsimpledb.util.LongEncoderTest"/>
  <testcase name="testRandomLongEncoding" time="0.000" classname="org.jsimpledb.util.LongEncoderTest"/>
  <testcase name="testRandomLongEncoding" time="0.000" classname="org.jsimpledb.util.LongEncoderTest"/>
  <testcase name="testLongEncodeLength" time="0.001" classname="org.jsimpledb.util.LongEncoderTest"/>
  <testcase name="testRandomLongEncoding" time="0.000" classname="org.jsimpledb.util.LongEncoderTest"/>
  <testcase name="testRandomLongEncoding" time="0.000" classname="org.jsimpledb.util.LongEncoderTest"/>
  <testcase name="testRandomLongEncoding" time="0.000" classname="org.jsimpledb.util.LongEncoderTest"/>
  <testcase name="testRandomLongEncoding" time="0.000" classname="org.jsimpledb.util.LongEncoderTest"/>
  <testcase name="testRandomLongEncoding" time="0.000" classname="org.jsimpledb.util.LongEncoderTest"/>
  <testcase name="testRandomLongEncoding" time="0.000" classname="org.jsimpledb.util.LongEncoderTest"/>
  <testcase name="testRandomLongEncoding" time="0.000" classname="org.jsimpledb.util.LongEncoderTest"/>
  <testcase name="testRandomLongEncoding" time="0.000" classname="org.jsimpledb.util.LongEncoderTest"/>
  <testcase name="testRandomLongEncoding" time="0.000" classname="org.jsimpledb.util.LongEncoderTest"/>
  <testcase name="testRandomLongEncoding" time="0.000" classname="org.jsimpledb.util.LongEncoderTest"/>
  <testcase name="testRandomLongEncoding" time="0.000" classname="org.jsimpledb.util.LongEncoderTest"/>
  <testcase name="testRandomLongEncoding" time="0.001" classname="org.jsimpledb.util.LongEncoderTest"/>
  <testcase name="testRandomLongEncoding" time="0.000" classname="org.jsimpledb.util.LongEncoderTest"/>
  <testcase name="testRandomLongEncoding" time="0.000" classname="org.jsimpledb.util.LongEncoderTest"/>
  <testcase name="testRandomLongEncoding" time="0.000" classname="org.jsimpledb.util.LongEncoderTest"/>
  <testcase name="testLongEncoding" time="0.000" classname="org.jsimpledb.util.LongEncoderTest"/>
  <testcase name="testRandomLongEncoding" time="0.000" classname="org.jsimpledb.util.LongEncoderTest"/>
  <testcase name="testRandomLongEncoding" time="0.001" classname="org.jsimpledb.util.LongEncoderTest"/>
  <testcase name="testRandomLongEncoding" time="0.000" classname="org.jsimpledb.util.LongEncoderTest"/>
  <testcase name="testRandomLongEncoding" time="0.000" classname="org.jsimpledb.util.LongEncoderTest"/>
  <testcase name="testRandomLongEncoding" time="0.000" classname="org.jsimpledb.util.LongEncoderTest"/>
  <testcase name="testRandomLongEncoding" time="0.000" classname="org.jsimpledb.util.LongEncoderTest"/>
  <testcase name="testRandomLongEncoding" time="0.001" classname="org.jsimpledb.util.LongEncoderTest"/>
  <testcase name="testRandomLongEncoding" time="0.000" classname="org.jsimpledb.util.LongEncoderTest"/>
  <testcase name="testRandomLongEncoding" time="0.000" classname="org.jsimpledb.util.LongEncoderTest"/>
  <testcase name="testRandomLongEncoding" time="0.000" classname="org.jsimpledb.util.LongEncoderTest"/>
  <testcase name="testLongEncoding" time="0.000" classname="org.jsimpledb.util.LongEncoderTest"/>
  <testcase name="testRandomLongEncoding" time="0.000" classname="org.jsimpledb.util.LongEncoderTest"/>
  <testcase name="testRandomLongEncoding" time="0.000" classname="org.jsimpledb.util.LongEncoderTest"/>
  <testcase name="testRandomLongEncoding" time="0.000" classname="org.jsimpledb.util.LongEncoderTest"/>
  <testcase name="testLongEncodeLength" time="0.000" classname="org.jsimpledb.util.LongEncoderTest"/>
  <testcase name="testRandomLongEncoding" time="0.000" classname="org.jsimpledb.util.LongEncoderTest"/>
  <testcase name="testLongEncodeLength" time="0.000" classname="org.jsimpledb.util.LongEncoderTest"/>
  <testcase name="testRandomLongEncoding" time="0.000" classname="org.jsimpledb.util.LongEncoderTest"/>
  <testcase name="testRandomLongEncoding" time="0.000" classname="org.jsimpledb.util.LongEncoderTest"/>
  <testcase name="testRandomLongEncoding" time="0.000" classname="org.jsimpledb.util.LongEncoderTest"/>
  <testcase name="testRandomLongEncoding" time="0.000" classname="org.jsimpledb.util.LongEncoderTest"/>
  <testcase name="testRandomLongEncoding" time="0.000" classname="org.jsimpledb.util.LongEncoderTest"/>
  <testcase name="testRandomLongEncoding" time="0.000" classname="org.jsimpledb.util.LongEncoderTest"/>
  <testcase name="testRandomLongEncoding" time="0.000" classname="org.jsimpledb.util.LongEncoderTest"/>
  <testcase name="testRandomLongEncoding" time="0.000" classname="org.jsimpledb.util.LongEncoderTest"/>
  <testcase name="testRandomLongEncoding" time="0.000" classname="org.jsimpledb.util.LongEncoderTest"/>
  <testcase name="testRandomLongEncoding" time="0.000" classname="org.jsimpledb.util.LongEncoderTest"/>
  <testcase name="testLongEncoding" time="0.000" classname="org.jsimpledb.util.LongEncoderTest"/>
  <testcase name="testRandomLongEncoding" time="0.000" classname="org.jsimpledb.util.LongEncoderTest"/>
  <testcase name="testRandomLongEncoding" time="0.000" classname="org.jsimpledb.util.LongEncoderTest"/>
  <testcase name="testRandomLongEncoding" time="0.000" classname="org.jsimpledb.util.LongEncoderTest"/>
  <testcase name="testRandomLongEncoding" time="0.000" classname="org.jsimpledb.util.LongEncoderTest"/>
  <testcase name="testLongEncoding" time="0.000" classname="org.jsimpledb.util.LongEncoderTest"/>
  <testcase name="testRandomLongEncoding" time="0.000" classname="org.jsimpledb.util.LongEncoderTest"/>
  <testcase name="testRandomLongEncoding" time="0.000" classname="org.jsimpledb.util.LongEncoderTest"/>
  <testcase name="testRandomLongEncoding" time="0.000" classname="org.jsimpledb.util.LongEncoderTest"/>
  <testcase name="testRandomLongEncoding" time="0.000" classname="org.jsimpledb.util.LongEncoderTest"/>
  <testcase name="testRandomLongEncoding" time="0.000" classname="org.jsimpledb.util.LongEncoderTest"/>
  <testcase name="testRandomLongEncoding" time="0.000" classname="org.jsimpledb.util.LongEncoderTest"/>
  <testcase name="testRandomLongEncoding" time="0.000" classname="org.jsimpledb.util.LongEncoderTest"/>
  <testcase name="testRandomLongEncoding" time="0.000" classname="org.jsimpledb.util.LongEncoderTest"/>
  <testcase name="testLongEncoding" time="0.000" classname="org.jsimpledb.util.LongEncoderTest"/>
  <testcase name="testRandomLongEncoding" time="0.000" classname="org.jsimpledb.util.LongEncoderTest"/>
  <testcase name="testRandomLongEncoding" time="0.000" classname="org.jsimpledb.util.LongEncoderTest"/>
  <testcase name="testRandomLongEncoding" time="0.000" classname="org.jsimpledb.util.LongEncoderTest"/>
  <testcase name="testRandomLongEncoding" time="0.000" classname="org.jsimpledb.util.LongEncoderTest"/>
  <testcase name="testLongEncoding" time="0.000" classname="org.jsimpledb.util.LongEncoderTest"/>
  <testcase name="testRandomLongEncoding" time="0.000" classname="org.jsimpledb.util.LongEncoderTest"/>
  <testcase name="testRandomLongEncoding" time="0.001" classname="org.jsimpledb.util.LongEncoderTest"/>
  <testcase name="testRandomLongEncoding" time="0.000" classname="org.jsimpledb.util.LongEncoderTest"/>
  <testcase name="testRandomLongEncoding" time="0.000" classname="org.jsimpledb.util.LongEncoderTest"/>
  <testcase name="testRandomLongEncoding" time="0.000" classname="org.jsimpledb.util.LongEncoderTest"/>
  <testcase name="testRandomLongEncoding" time="0.000" classname="org.jsimpledb.util.LongEncoderTest"/>
  <testcase name="testRandomLongEncoding" time="0.000" classname="org.jsimpledb.util.LongEncoderTest"/>
  <testcase name="testRandomLongEncoding" time="0.000" classname="org.jsimpledb.util.LongEncoderTest"/>
  <testcase name="testRandomLongEncoding" time="0.000" classname="org.jsimpledb.util.LongEncoderTest"/>
  <testcase name="testRandomLongEncoding" time="0.001" classname="org.jsimpledb.util.LongEncoderTest"/>
  <testcase name="testRandomLongEncoding" time="0.000" classname="org.jsimpledb.util.LongEncoderTest"/>
  <testcase name="testRandomLongEncoding" time="0.000" classname="org.jsimpledb.util.LongEncoderTest"/>
  <testcase name="testRandomLongEncoding" time="0.000" classname="org.jsimpledb.util.LongEncoderTest"/>
  <testcase name="testRandomLongEncoding" time="0.000" classname="org.jsimpledb.util.LongEncoderTest"/>
  <testcase name="testRandomLongEncoding" time="0.000" classname="org.jsimpledb.util.LongEncoderTest"/>
  <testcase name="testRandomLongEncoding" time="0.001" classname="org.jsimpledb.util.LongEncoderTest"/>
  <testcase name="testRandomLongEncoding" time="0.000" classname="org.jsimpledb.util.LongEncoderTest"/>
  <testcase name="testRandomLongEncoding" time="0.000" classname="org.jsimpledb.util.LongEncoderTest"/>
  <testcase name="testRandomLongEncoding" time="0.000" classname="org.jsimpledb.util.LongEncoderTest"/>
  <testcase name="testRandomLongEncoding" time="0.000" classname="org.jsimpledb.util.LongEncoderTest"/>
  <testcase name="testRandomLongEncoding" time="0.000" classname="org.jsimpledb.util.LongEncoderTest"/>
  <testcase name="testRandomLongEncoding" time="0.000" classname="org.jsimpledb.util.LongEncoderTest"/>
  <testcase name="testRandomLongEncoding" time="0.000" classname="org.jsimpledb.util.LongEncoderTest"/>
  <testcase name="testRandomLongEncoding" time="0.000" classname="org.jsimpledb.util.LongEncoderTest"/>
  <testcase name="testRandomLongEncoding" time="0.000" classname="org.jsimpledb.util.LongEncoderTest"/>
  <testcase name="testRandomLongEncoding" time="0.000" classname="org.jsimpledb.util.LongEncoderTest"/>
  <testcase name="testRandomLongEncoding" time="0.000" classname="org.jsimpledb.util.LongEncoderTest"/>
  <testcase name="testRandomLongEncoding" time="0.000" classname="org.jsimpledb.util.LongEncoderTest"/>
  <testcase name="testRandomLongEncoding" time="0.000" classname="org.jsimpledb.util.LongEncoderTest"/>
  <testcase name="testLongEncoding" time="0.000" classname="org.jsimpledb.util.LongEncoderTest"/>
  <testcase name="testRandomLongEncoding" time="0.000" classname="org.jsimpledb.util.LongEncoderTest"/>
  <testcase name="testRandomLongEncoding" time="0.000" classname="org.jsimpledb.util.LongEncoderTest"/>
  <testcase name="testRandomLongEncoding" time="0.000" classname="org.jsimpledb.util.LongEncoderTest"/>
  <testcase name="testLongEncoding" time="0.000" classname="org.jsimpledb.util.LongEncoderTest"/>
  <testcase name="testRandomLongEncoding" time="0.000" classname="org.jsimpledb.util.LongEncoderTest"/>
  <testcase name="testLongEncodeLength" time="0.000" classname="org.jsimpledb.util.LongEncoderTest"/>
  <testcase name="testRandomLongEncoding" time="0.000" classname="org.jsimpledb.util.LongEncoderTest"/>
  <testcase name="testRandomLongEncoding" time="0.000" classname="org.jsimpledb.util.LongEncoderTest"/>
  <testcase name="testRandomLongEncoding" time="0.000" classname="org.jsimpledb.util.LongEncoderTest"/>
  <testcase name="testRandomLongEncoding" time="0.000" classname="org.jsimpledb.util.LongEncoderTest"/>
  <testcase name="testRandomLongEncoding" time="0.000" classname="org.jsimpledb.util.LongEncoderTest"/>
  <testcase name="testRandomLongEncoding" time="0.000" classname="org.jsimpledb.util.LongEncoderTest"/>
  <testcase name="testRandomLongEncoding" time="0.000" classname="org.jsimpledb.util.LongEncoderTest"/>
  <testcase name="testRandomLongEncoding" time="0.000" classname="org.jsimpledb.util.LongEncoderTest"/>
  <testcase name="testRandomLongEncoding" time="0.000" classname="org.jsimpledb.util.LongEncoderTest"/>
  <testcase name="testRandomLongEncoding" time="0.000" classname="org.jsimpledb.util.LongEncoderTest"/>
  <testcase name="testRandomLongEncoding" time="0.000" classname="org.jsimpledb.util.LongEncoderTest"/>
  <testcase name="testLongEncoding" time="0.000" classname="org.jsimpledb.util.LongEncoderTest"/>
  <testcase name="testRandomLongEncoding" time="0.000" classname="org.jsimpledb.util.LongEncoderTest"/>
  <testcase name="testRandomLongEncoding" time="0.000" classname="org.jsimpledb.util.LongEncoderTest"/>
  <testcase name="testRandomLongEncoding" time="0.000" classname="org.jsimpledb.util.LongEncoderTest"/>
  <testcase name="testRandomLongEncoding" time="0.000" classname="org.jsimpledb.util.LongEncoderTest"/>
  <testcase name="testRandomLongEncoding" time="0.000" classname="org.jsimpledb.util.LongEncoderTest"/>
  <testcase name="testRandomLongEncoding" time="0.000" classname="org.jsimpledb.util.LongEncoderTest"/>
  <testcase name="testRandomLongEncoding" time="0.000" classname="org.jsimpledb.util.LongEncoderTest"/>
  <testcase name="testRandomLongEncoding" time="0.000" classname="org.jsimpledb.util.LongEncoderTest"/>
  <testcase name="testRandomLongEncoding" time="0.000" classname="org.jsimpledb.util.LongEncoderTest"/>
  <testcase name="testRandomLongEncoding" time="0.000" classname="org.jsimpledb.util.LongEncoderTest"/>
  <testcase name="testRandomLongEncoding" time="0.000" classname="org.jsimpledb.util.LongEncoderTest"/>
  <testcase name="testRandomLongEncoding" time="0.001" classname="org.jsimpledb.util.LongEncoderTest"/>
  <testcase name="testRandomLongEncoding" time="0.000" classname="org.jsimpledb.util.LongEncoderTest"/>
  <testcase name="testRandomLongEncoding" time="0.000" classname="org.jsimpledb.util.LongEncoderTest"/>
  <testcase name="testRandomLongEncoding" time="0.000" classname="org.jsimpledb.util.LongEncoderTest"/>
  <testcase name="testRandomLongEncoding" time="0.000" classname="org.jsimpledb.util.LongEncoderTest"/>
  <testcase name="testRandomLongEncoding" time="0.000" classname="org.jsimpledb.util.LongEncoderTest"/>
  <testcase name="testRandomLongEncoding" time="0.000" classname="org.jsimpledb.util.LongEncoderTest"/>
  <testcase name="testRandomLongEncoding" time="0.000" classname="org.jsimpledb.util.LongEncoderTest"/>
  <testcase name="testRandomLongEncoding" time="0.000" classname="org.jsimpledb.util.LongEncoderTest"/>
  <testcase name="testRandomLongEncoding" time="0.000" classname="org.jsimpledb.util.LongEncoderTest"/>
  <testcase name="testRandomLongEncoding" time="0.000" classname="org.jsimpledb.util.LongEncoderTest"/>
  <testcase name="testRandomLongEncoding" time="0.000" classname="org.jsimpledb.util.LongEncoderTest"/>
  <testcase name="testRandomLongEncoding" time="0.000" classname="org.jsimpledb.util.LongEncoderTest"/>
  <testcase name="testLongEncodeLength" time="0.000" classname="org.jsimpledb.util.LongEncoderTest"/>
  <testcase name="testLongEncoding" time="0.000" classname="org.jsimpledb.util.LongEncoderTest"/>
  <testcase name="testRandomLongEncoding" time="0.000" classname="org.jsimpledb.util.LongEncoderTest"/>
  <testcase name="testRandomLongEncoding" time="0.000" classname="org.jsimpledb.util.LongEncoderTest"/>
  <testcase name="testRandomLongEncoding" time="0.000" classname="org.jsimpledb.util.LongEncoderTest"/>
  <testcase name="testRandomLongEncoding" time="0.001" classname="org.jsimpledb.util.LongEncoderTest"/>
  <testcase name="testRandomLongEncoding" time="0.000" classname="org.jsimpledb.util.LongEncoderTest"/>
  <testcase name="testRandomLongEncoding" time="0.000" classname="org.jsimpledb.util.LongEncoderTest"/>
  <testcase name="testRandomLongEncoding" time="0.000" classname="org.jsimpledb.util.LongEncoderTest"/>
  <testcase name="testRandomLongEncoding" time="0.000" classname="org.jsimpledb.util.LongEncoderTest"/>
  <testcase name="testRandomLongEncoding" time="0.000" classname="org.jsimpledb.util.LongEncoderTest"/>
  <testcase name="testLongEncoding" time="0.000" classname="org.jsimpledb.util.LongEncoderTest"/>
  <testcase name="testLongEncoding" time="0.000" classname="org.jsimpledb.util.LongEncoderTest"/>
  <testcase name="testRandomLongEncoding" time="0.000" classname="org.jsimpledb.util.LongEncoderTest"/>
  <testcase name="testLongEncoding" time="0.000" classname="org.jsimpledb.util.LongEncoderTest"/>
  <testcase name="testRandomLongEncoding" time="0.001" classname="org.jsimpledb.util.LongEncoderTest"/>
  <testcase name="testRandomLongEncoding" time="0.000" classname="org.jsimpledb.util.LongEncoderTest"/>
  <testcase name="testRandomLongEncoding" time="0.000" classname="org.jsimpledb.util.LongEncoderTest"/>
  <testcase name="testRandomLongEncoding" time="0.000" classname="org.jsimpledb.util.LongEncoderTest"/>
  <testcase name="testRandomLongEncoding" time="0.000" classname="org.jsimpledb.util.LongEncoderTest"/>
  <testcase name="testRandomLongEncoding" time="0.000" classname="org.jsimpledb.util.LongEncoderTest"/>
  <testcase name="testRandomLongEncoding" time="0.000" classname="org.jsimpledb.util.LongEncoderTest"/>
  <testcase name="testRandomLongEncoding" time="0.000" classname="org.jsimpledb.util.LongEncoderTest"/>
  <testcase name="testRandomLongEncoding" time="0.000" classname="org.jsimpledb.util.LongEncoderTest"/>
  <testcase name="testLongEncoding" time="0.000" classname="org.jsimpledb.util.LongEncoderTest"/>
  <testcase name="testRandomLongEncoding" time="0.000" classname="org.jsimpledb.util.LongEncoderTest"/>
  <testcase name="testRandomLongEncoding" time="0.000" classname="org.jsimpledb.util.LongEncoderTest"/>
  <testcase name="testRandomLongEncoding" time="0.000" classname="org.jsimpledb.util.LongEncoderTest"/>
  <testcase name="testLongEncoding" time="0.000" classname="org.jsimpledb.util.LongEncoderTest"/>
  <testcase name="testRandomLongEncoding" time="0.000" classname="org.jsimpledb.util.LongEncoderTest"/>
  <testcase name="testRandomLongEncoding" time="0.000" classname="org.jsimpledb.util.LongEncoderTest"/>
  <testcase name="testRandomLongEncoding" time="0.000" classname="org.jsimpledb.util.LongEncoderTest"/>
  <testcase name="testRandomLongEncoding" time="0.000" classname="org.jsimpledb.util.LongEncoderTest"/>
  <testcase name="testRandomLongEncoding" time="0.000" classname="org.jsimpledb.util.LongEncoderTest"/>
  <testcase name="testRandomLongEncoding" time="0.000" classname="org.jsimpledb.util.LongEncoderTest"/>
  <testcase name="testRandomLongEncoding" time="0.000" classname="org.jsimpledb.util.LongEncoderTest"/>
  <testcase name="testRandomLongEncoding" time="0.000" classname="org.jsimpledb.util.LongEncoderTest"/>
  <testcase name="testRandomLongEncoding" time="0.000" classname="org.jsimpledb.util.LongEncoderTest"/>
  <testcase name="testRandomLongEncoding" time="0.000" classname="org.jsimpledb.util.LongEncoderTest"/>
  <testcase name="testRandomLongEncoding" time="0.000" classname="org.jsimpledb.util.LongEncoderTest"/>
  <testcase name="testRandomLongEncoding" time="0.000" classname="org.jsimpledb.util.LongEncoderTest"/>
  <testcase name="testLongEncodeLength" time="0.000" classname="org.jsimpledb.util.LongEncoderTest"/>
  <testcase name="testRandomLongEncoding" time="0.000" classname="org.jsimpledb.util.LongEncoderTest"/>
  <testcase name="testRandomLongEncoding" time="0.000" classname="org.jsimpledb.util.LongEncoderTest"/>
  <testcase name="testRandomLongEncoding" time="0.000" classname="org.jsimpledb.util.LongEncoderTest"/>
  <testcase name="testRandomLongEncoding" time="0.000" classname="org.jsimpledb.util.LongEncoderTest"/>
  <testcase name="testRandomLongEncoding" time="0.000" classname="org.jsimpledb.util.LongEncoderTest"/>
  <testcase name="testRandomLongEncoding" time="0.000" classname="org.jsimpledb.util.LongEncoderTest"/>
  <testcase name="testRandomLongEncoding" time="0.000" classname="org.jsimpledb.util.LongEncoderTest"/>
  <testcase name="testRandomLongEncoding" time="0.000" classname="org.jsimpledb.util.LongEncoderTest"/>
  <testcase name="testRandomLongEncoding" time="0.000" classname="org.jsimpledb.util.LongEncoderTest"/>
  <testcase name="testRandomLongEncoding" time="0.000" classname="org.jsimpledb.util.LongEncoderTest"/>
  <testcase name="testRandomLongEncoding" time="0.000" classname="org.jsimpledb.util.LongEncoderTest"/>
  <testcase name="testRandomLongEncoding" time="0.000" classname="org.jsimpledb.util.LongEncoderTest"/>
  <testcase name="testRandomLongEncoding" time="0.000" classname="org.jsimpledb.util.LongEncoderTest"/>
  <testcase name="testRandomLongEncoding" time="0.000" classname="org.jsimpledb.util.LongEncoderTest"/>
  <testcase name="testLongEncoding" time="0.000" classname="org.jsimpledb.util.LongEncoderTest"/>
  <testcase name="testRandomLongEncoding" time="0.000" classname="org.jsimpledb.util.LongEncoderTest"/>
  <testcase name="testLongEncoding" time="0.001" classname="org.jsimpledb.util.LongEncoderTest"/>
  <testcase name="testRandomLongEncoding" time="0.000" classname="org.jsimpledb.util.LongEncoderTest"/>
  <testcase name="testRandomLongEncoding" time="0.000" classname="org.jsimpledb.util.LongEncoderTest"/>
  <testcase name="testRandomLongEncoding" time="0.000" classname="org.jsimpledb.util.LongEncoderTest"/>
  <testcase name="testLongEncodeLength" time="0.000" classname="org.jsimpledb.util.LongEncoderTest"/>
  <testcase name="testRandomLongEncoding" time="0.000" classname="org.jsimpledb.util.LongEncoderTest"/>
  <testcase name="testRandomLongEncoding" time="0.000" classname="org.jsimpledb.util.LongEncoderTest"/>
  <testcase name="testRandomLongEncoding" time="0.000" classname="org.jsimpledb.util.LongEncoderTest"/>
  <testcase name="testRandomLongEncoding" time="0.000" classname="org.jsimpledb.util.LongEncoderTest"/>
  <testcase name="testRandomLongEncoding" time="0.000" classname="org.jsimpledb.util.LongEncoderTest"/>
  <testcase name="testRandomLongEncoding" time="0.000" classname="org.jsimpledb.util.LongEncoderTest"/>
  <testcase name="testRandomLongEncoding" time="0.000" classname="org.jsimpledb.util.LongEncoderTest"/>
  <testcase name="testLongEncoding" time="0.000" classname="org.jsimpledb.util.LongEncoderTest"/>
  <testcase name="testRandomLongEncoding" time="0.000" classname="org.jsimpledb.util.LongEncoderTest"/>
  <testcase name="testRandomLongEncoding" time="0.000" classname="org.jsimpledb.util.LongEncoderTest"/>
  <testcase name="testRandomLongEncoding" time="0.001" classname="org.jsimpledb.util.LongEncoderTest"/>
  <testcase name="testRandomLongEncoding" time="0.000" classname="org.jsimpledb.util.LongEncoderTest"/>
  <testcase name="testRandomLongEncoding" time="0.001" classname="org.jsimpledb.util.LongEncoderTest"/>
  <testcase name="testLongEncodeLength" time="0.000" classname="org.jsimpledb.util.LongEncoderTest"/>
  <testcase name="testRandomLongEncoding" time="0.000" classname="org.jsimpledb.util.LongEncoderTest"/>
  <testcase name="testRandomLongEncoding" time="0.000" classname="org.jsimpledb.util.LongEncoderTest"/>
  <testcase name="testRandomLongEncoding" time="0.000" classname="org.jsimpledb.util.LongEncoderTest"/>
  <testcase name="testLongEncoding" time="0.000" classname="org.jsimpledb.util.LongEncoderTest"/>
  <testcase name="testRandomLongEncoding" time="0.000" classname="org.jsimpledb.util.LongEncoderTest"/>
  <testcase name="testRandomLongEncoding" time="0.000" classname="org.jsimpledb.util.LongEncoderTest"/>
  <testcase name="testRandomLongEncoding" time="0.000" classname="org.jsimpledb.util.LongEncoderTest"/>
  <testcase name="testRandomLongEncoding" time="0.000" classname="org.jsimpledb.util.LongEncoderTest"/>
  <testcase name="testRandomLongEncoding" time="0.000" classname="org.jsimpledb.util.LongEncoderTest"/>
  <testcase name="testRandomLongEncoding" time="0.000" classname="org.jsimpledb.util.LongEncoderTest"/>
  <testcase name="testRandomLongEncoding" time="0.000" classname="org.jsimpledb.util.LongEncoderTest"/>
  <testcase name="testRandomLongEncoding" time="0.000" classname="org.jsimpledb.util.LongEncoderTest"/>
  <testcase name="testRandomLongEncoding" time="0.000" classname="org.jsimpledb.util.LongEncoderTest"/>
  <testcase name="testRandomLongEncoding" time="0.000" classname="org.jsimpledb.util.LongEncoderTest"/>
  <testcase name="testRandomLongEncoding" time="0.000" classname="org.jsimpledb.util.LongEncoderTest"/>
  <testcase name="testRandomLongEncoding" time="0.000" classname="org.jsimpledb.util.LongEncoderTest"/>
  <testcase name="testRandomLongEncoding" time="0.000" classname="org.jsimpledb.util.LongEncoderTest"/>
  <testcase name="testRandomLongEncoding" time="0.000" classname="org.jsimpledb.util.LongEncoderTest"/>
  <testcase name="testRandomLongEncoding" time="0.001" classname="org.jsimpledb.util.LongEncoderTest"/>
  <testcase name="testRandomLongEncoding" time="0.000" classname="org.jsimpledb.util.LongEncoderTest"/>
  <testcase name="testRandomLongEncoding" time="0.000" classname="org.jsimpledb.util.LongEncoderTest"/>
  <testcase name="testRandomLongEncoding" time="0.000" classname="org.jsimpledb.util.LongEncoderTest"/>
  <testcase name="testRandomLongEncoding" time="0.000" classname="org.jsimpledb.util.LongEncoderTest"/>
  <testcase name="testRandomLongEncoding" time="0.000" classname="org.jsimpledb.util.LongEncoderTest"/>
  <testcase name="testRandomLongEncoding" time="0.000" classname="org.jsimpledb.util.LongEncoderTest"/>
  <testcase name="testLongEncoding" time="0.000" classname="org.jsimpledb.util.LongEncoderTest"/>
  <testcase name="testRandomLongEncoding" time="0.000" classname="org.jsimpledb.util.LongEncoderTest"/>
  <testcase name="testRandomLongEncoding" time="0.000" classname="org.jsimpledb.util.LongEncoderTest"/>
  <testcase name="testRandomLongEncoding" time="0.000" classname="org.jsimpledb.util.LongEncoderTest"/>
  <testcase name="testRandomLongEncoding" time="0.001" classname="org.jsimpledb.util.LongEncoderTest"/>
  <testcase name="testRandomLongEncoding" time="0.000" classname="org.jsimpledb.util.LongEncoderTest"/>
  <testcase name="testRandomLongEncoding" time="0.000" classname="org.jsimpledb.util.LongEncoderTest"/>
  <testcase name="testRandomLongEncoding" time="0.000" classname="org.jsimpledb.util.LongEncoderTest"/>
  <testcase name="testLongEncodeLength" time="0.000" classname="org.jsimpledb.util.LongEncoderTest"/>
  <testcase name="testRandomLongEncoding" time="0.000" classname="org.jsimpledb.util.LongEncoderTest"/>
  <testcase name="testRandomLongEncoding" time="0.000" classname="org.jsimpledb.util.LongEncoderTest"/>
  <testcase name="testRandomLongEncoding" time="0.000" classname="org.jsimpledb.util.LongEncoderTest"/>
  <testcase name="testRandomLongEncoding" time="0.001" classname="org.jsimpledb.util.LongEncoderTest"/>
  <testcase name="testLongEncodeLength" time="0.001" classname="org.jsimpledb.util.LongEncoderTest"/>
  <testcase name="testRandomLongEncoding" time="0.000" classname="org.jsimpledb.util.LongEncoderTest"/>
  <testcase name="testRandomLongEncoding" time="0.000" classname="org.jsimpledb.util.LongEncoderTest"/>
  <testcase name="testRandomLongEncoding" time="0.000" classname="org.jsimpledb.util.LongEncoderTest"/>
  <testcase name="testRandomLongEncoding" time="0.000" classname="org.jsimpledb.util.LongEncoderTest"/>
  <testcase name="testLongEncoding" time="0.000" classname="org.jsimpledb.util.LongEncoderTest"/>
  <testcase name="testRandomLongEncoding" time="0.000" classname="org.jsimpledb.util.LongEncoderTest"/>
  <testcase name="testLongEncoding" time="0.000" classname="org.jsimpledb.util.LongEncoderTest"/>
  <testcase name="testLongEncoding" time="0.000" classname="org.jsimpledb.util.LongEncoderTest"/>
  <testcase name="testRandomLongEncoding" time="0.000" classname="org.jsimpledb.util.LongEncoderTest"/>
  <testcase name="testRandomLongEncoding" time="0.000" classname="org.jsimpledb.util.LongEncoderTest"/>
  <testcase name="testRandomLongEncoding" time="0.000" classname="org.jsimpledb.util.LongEncoderTest"/>
  <testcase name="testRandomLongEncoding" time="0.000" classname="org.jsimpledb.util.LongEncoderTest"/>
  <testcase name="testRandomLongEncoding" time="0.000" classname="org.jsimpledb.util.LongEncoderTest"/>
  <testcase name="testRandomLongEncoding" time="0.000" classname="org.jsimpledb.util.LongEncoderTest"/>
  <testcase name="testRandomLongEncoding" time="0.000" classname="org.jsimpledb.util.LongEncoderTest"/>
  <testcase name="testRandomLongEncoding" time="0.000" classname="org.jsimpledb.util.LongEncoderTest"/>
  <testcase name="testRandomLongEncoding" time="0.000" classname="org.jsimpledb.util.LongEncoderTest"/>
  <testcase name="testRandomLongEncoding" time="0.000" classname="org.jsimpledb.util.LongEncoderTest"/>
  <testcase name="testRandomLongEncoding" time="0.000" classname="org.jsimpledb.util.LongEncoderTest"/>
  <testcase name="testRandomLongEncoding" time="0.000" classname="org.jsimpledb.util.LongEncoderTest"/>
  <testcase name="testRandomLongEncoding" time="0.000" classname="org.jsimpledb.util.LongEncoderTest"/>
  <testcase name="testRandomLongEncoding" time="0.000" classname="org.jsimpledb.util.LongEncoderTest"/>
  <testcase name="testRandomLongEncoding" time="0.000" classname="org.jsimpledb.util.LongEncoderTest"/>
  <testcase name="testRandomLongEncoding" time="0.001" classname="org.jsimpledb.util.LongEncoderTest"/>
  <testcase name="testRandomLongEncoding" time="0.000" classname="org.jsimpledb.util.LongEncoderTest"/>
  <testcase name="testRandomLongEncoding" time="0.000" classname="org.jsimpledb.util.LongEncoderTest"/>
  <testcase name="testRandomLongEncoding" time="0.000" classname="org.jsimpledb.util.LongEncoderTest"/>
  <testcase name="testLongEncoding" time="0.000" classname="org.jsimpledb.util.LongEncoderTest"/>
  <testcase name="testRandomLongEncoding" time="0.000" classname="org.jsimpledb.util.LongEncoderTest"/>
  <testcase name="testRandomLongEncoding" time="0.000" classname="org.jsimpledb.util.LongEncoderTest"/>
  <testcase name="testRandomLongEncoding" time="0.001" classname="org.jsimpledb.util.LongEncoderTest"/>
  <testcase name="testRandomLongEncoding" time="0.001" classname="org.jsimpledb.util.LongEncoderTest"/>
  <testcase name="testRandomLongEncoding" time="0.000" classname="org.jsimpledb.util.LongEncoderTest"/>
  <testcase name="testRandomLongEncoding" time="0.000" classname="org.jsimpledb.util.LongEncoderTest"/>
  <testcase name="testRandomLongEncoding" time="0.000" classname="org.jsimpledb.util.LongEncoderTest"/>
  <testcase name="testRandomLongEncoding" time="0.000" classname="org.jsimpledb.util.LongEncoderTest"/>
  <testcase name="testLongEncoding" time="0.001" classname="org.jsimpledb.util.LongEncoderTest"/>
  <testcase name="testRandomLongEncoding" time="0.000" classname="org.jsimpledb.util.LongEncoderTest"/>
  <testcase name="testRandomLongEncoding" time="0.000" classname="org.jsimpledb.util.LongEncoderTest"/>
  <testcase name="testRandomLongEncoding" time="0.000" classname="org.jsimpledb.util.LongEncoderTest"/>
  <testcase name="testRandomLongEncoding" time="0.000" classname="org.jsimpledb.util.LongEncoderTest"/>
  <testcase name="testRandomLongEncoding" time="0.000" classname="org.jsimpledb.util.LongEncoderTest"/>
  <testcase name="testRandomLongEncoding" time="0.000" classname="org.jsimpledb.util.LongEncoderTest"/>
  <testcase name="testRandomLongEncoding" time="0.000" classname="org.jsimpledb.util.LongEncoderTest"/>
  <testcase name="testRandomLongEncoding" time="0.000" classname="org.jsimpledb.util.LongEncoderTest"/>
  <testcase name="testRandomLongEncoding" time="0.000" classname="org.jsimpledb.util.LongEncoderTest"/>
  <testcase name="testRandomLongEncoding" time="0.000" classname="org.jsimpledb.util.LongEncoderTest"/>
  <testcase name="testRandomLongEncoding" time="0.000" classname="org.jsimpledb.util.LongEncoderTest"/>
  <testcase name="testRandomLongEncoding" time="0.000" classname="org.jsimpledb.util.LongEncoderTest"/>
  <testcase name="testLongEncoding" time="0.000" classname="org.jsimpledb.util.LongEncoderTest"/>
  <testcase name="testRandomLongEncoding" time="0.000" classname="org.jsimpledb.util.LongEncoderTest"/>
  <testcase name="testRandomLongEncoding" time="0.000" classname="org.jsimpledb.util.LongEncoderTest"/>
  <testcase name="testRandomLongEncoding" time="0.000" classname="org.jsimpledb.util.LongEncoderTest"/>
  <testcase name="testRandomLongEncoding" time="0.000" classname="org.jsimpledb.util.LongEncoderTest"/>
  <testcase name="testRandomLongEncoding" time="0.000" classname="org.jsimpledb.util.LongEncoderTest"/>
  <testcase name="testRandomLongEncoding" time="0.000" classname="org.jsimpledb.util.LongEncoderTest"/>
  <testcase name="testRandomLongEncoding" time="0.000" classname="org.jsimpledb.util.LongEncoderTest"/>
  <testcase name="testRandomLongEncoding" time="0.000" classname="org.jsimpledb.util.LongEncoderTest"/>
  <testcase name="testRandomLongEncoding" time="0.000" classname="org.jsimpledb.util.LongEncoderTest"/>
  <testcase name="testRandomLongEncoding" time="0.000" classname="org.jsimpledb.util.LongEncoderTest"/>
  <testcase name="testLongEncoding" time="0.000" classname="org.jsimpledb.util.LongEncoderTest"/>
  <testcase name="testRandomLongEncoding" time="0.001" classname="org.jsimpledb.util.LongEncoderTest"/>
  <testcase name="testRandomLongEncoding" time="0.000" classname="org.jsimpledb.util.LongEncoderTest"/>
  <testcase name="testRandomLongEncoding" time="0.000" classname="org.jsimpledb.util.LongEncoderTest"/>
  <testcase name="testLongEncoding" time="0.000" classname="org.jsimpledb.util.LongEncoderTest"/>
  <testcase name="testRandomLongEncoding" time="0.000" classname="org.jsimpledb.util.LongEncoderTest"/>
  <testcase name="testRandomLongEncoding" time="0.000" classname="org.jsimpledb.util.LongEncoderTest"/>
  <testcase name="testRandomLongEncoding" time="0.000" classname="org.jsimpledb.util.LongEncoderTest"/>
  <testcase name="testRandomLongEncoding" time="0.000" classname="org.jsimpledb.util.LongEncoderTest"/>
  <testcase name="testRandomLongEncoding" time="0.000" classname="org.jsimpledb.util.LongEncoderTest"/>
  <testcase name="testRandomLongEncoding" time="0.000" classname="org.jsimpledb.util.LongEncoderTest"/>
  <testcase name="testRandomLongEncoding" time="0.000" classname="org.jsimpledb.util.LongEncoderTest"/>
  <testcase name="testRandomLongEncoding" time="0.001" classname="org.jsimpledb.util.LongEncoderTest"/>
  <testcase name="testRandomLongEncoding" time="0.000" classname="org.jsimpledb.util.LongEncoderTest"/>
  <testcase name="testRandomLongEncoding" time="0.000" classname="org.jsimpledb.util.LongEncoderTest"/>
  <testcase name="testRandomLongEncoding" time="0.000" classname="org.jsimpledb.util.LongEncoderTest"/>
  <testcase name="testLongEncoding" time="0.000" classname="org.jsimpledb.util.LongEncoderTest"/>
  <testcase name="testRandomLongEncoding" time="0.000" classname="org.jsimpledb.util.LongEncoderTest"/>
  <testcase name="testRandomLongEncoding" time="0.000" classname="org.jsimpledb.util.LongEncoderTest"/>
  <testcase name="testRandomLongEncoding" time="0.000" classname="org.jsimpledb.util.LongEncoderTest"/>
  <testcase name="testRandomLongEncoding" time="0.000" classname="org.jsimpledb.util.LongEncoderTest"/>
  <testcase name="testRandomLongEncoding" time="0.000" classname="org.jsimpledb.util.LongEncoderTest"/>
  <testcase name="testRandomLongEncoding" time="0.000" classname="org.jsimpledb.util.LongEncoderTest"/>
  <testcase name="testRandomLongEncoding" time="0.000" classname="org.jsimpledb.util.LongEncoderTest"/>
  <testcase name="testRandomLongEncoding" time="0.000" classname="org.jsimpledb.util.LongEncoderTest"/>
  <testcase name="testRandomLongEncoding" time="0.000" classname="org.jsimpledb.util.LongEncoderTest"/>
  <testcase name="testRandomLongEncoding" time="0.000" classname="org.jsimpledb.util.LongEncoderTest"/>
  <testcase name="testRandomLongEncoding" time="0.000" classname="org.jsimpledb.util.LongEncoderTest"/>
  <testcase name="testRandomLongEncoding" time="0.000" classname="org.jsimpledb.util.LongEncoderTest"/>
  <testcase name="testRandomLongEncoding" time="0.000" classname="org.jsimpledb.util.LongEncoderTest"/>
  <testcase name="testLongEncoding" time="0.000" classname="org.jsimpledb.util.LongEncoderTest"/>
  <testcase name="testRandomLongEncoding" time="0.000" classname="org.jsimpledb.util.LongEncoderTest"/>
  <testcase name="testRandomLongEncoding" time="0.001" classname="org.jsimpledb.util.LongEncoderTest"/>
  <testcase name="testRandomLongEncoding" time="0.000" classname="org.jsimpledb.util.LongEncoderTest"/>
  <testcase name="testLongEncodeLength" time="0.000" classname="org.jsimpledb.util.LongEncoderTest"/>
  <testcase name="testRandomLongEncoding" time="0.001" classname="org.jsimpledb.util.LongEncoderTest"/>
  <testcase name="testLongEncodeLength" time="0.000" classname="org.jsimpledb.util.LongEncoderTest"/>
  <testcase name="testRandomLongEncoding" time="0.000" classname="org.jsimpledb.util.LongEncoderTest"/>
  <testcase name="testRandomLongEncoding" time="0.000" classname="org.jsimpledb.util.LongEncoderTest"/>
  <testcase name="testRandomLongEncoding" time="0.000" classname="org.jsimpledb.util.LongEncoderTest"/>
  <testcase name="testRandomLongEncoding" time="0.000" classname="org.jsimpledb.util.LongEncoderTest"/>
  <testcase name="testRandomLongEncoding" time="0.000" classname="org.jsimpledb.util.LongEncoderTest"/>
  <testcase name="testRandomLongEncoding" time="0.000" classname="org.jsimpledb.util.LongEncoderTest"/>
  <testcase name="testRandomLongEncoding" time="0.000" classname="org.jsimpledb.util.LongEncoderTest"/>
  <testcase name="testRandomLongEncoding" time="0.000" classname="org.jsimpledb.util.LongEncoderTest"/>
  <testcase name="testRandomLongEncoding" time="0.000" classname="org.jsimpledb.util.LongEncoderTest"/>
  <testcase name="testRandomLongEncoding" time="0.000" classname="org.jsimpledb.util.LongEncoderTest"/>
  <testcase name="testLongEncoding" time="0.000" classname="org.jsimpledb.util.LongEncoderTest"/>
  <testcase name="testRandomLongEncoding" time="0.000" classname="org.jsimpledb.util.LongEncoderTest"/>
  <testcase name="testRandomLongEncoding" time="0.000" classname="org.jsimpledb.util.LongEncoderTest"/>
  <testcase name="testRandomLongEncoding" time="0.000" classname="org.jsimpledb.util.LongEncoderTest"/>
  <testcase name="testRandomLongEncoding" time="0.000" classname="org.jsimpledb.util.LongEncoderTest"/>
  <testcase name="testRandomLongEncoding" time="0.000" classname="org.jsimpledb.util.LongEncoderTest"/>
  <testcase name="testRandomLongEncoding" time="0.000" classname="org.jsimpledb.util.LongEncoderTest"/>
  <testcase name="testRandomLongEncoding" time="0.000" classname="org.jsimpledb.util.LongEncoderTest"/>
  <testcase name="testLongEncodeLength" time="0.000" classname="org.jsimpledb.util.LongEncoderTest"/>
  <testcase name="testRandomLongEncoding" time="0.000" classname="org.jsimpledb.util.LongEncoderTest"/>
  <testcase name="testRandomLongEncoding" time="0.000" classname="org.jsimpledb.util.LongEncoderTest"/>
  <testcase name="testRandomLongEncoding" time="0.000" classname="org.jsimpledb.util.LongEncoderTest"/>
  <testcase name="testRandomLongEncoding" time="0.001" classname="org.jsimpledb.util.LongEncoderTest"/>
  <testcase name="testRandomLongEncoding" time="0.000" classname="org.jsimpledb.util.LongEncoderTest"/>
  <testcase name="testLongEncoding" time="0.001" classname="org.jsimpledb.util.LongEncoderTest"/>
  <testcase name="testRandomLongEncoding" time="0.001" classname="org.jsimpledb.util.LongEncoderTest"/>
  <testcase name="testRandomLongEncoding" time="0.000" classname="org.jsimpledb.util.LongEncoderTest"/>
  <testcase name="testRandomLongEncoding" time="0.000" classname="org.jsimpledb.util.LongEncoderTest"/>
  <testcase name="testRandomLongEncoding" time="0.000" classname="org.jsimpledb.util.LongEncoderTest"/>
  <testcase name="testRandomLongEncoding" time="0.000" classname="org.jsimpledb.util.LongEncoderTest"/>
  <testcase name="testRandomLongEncoding" time="0.000" classname="org.jsimpledb.util.LongEncoderTest"/>
  <testcase name="testRandomLongEncoding" time="0.000" classname="org.jsimpledb.util.LongEncoderTest"/>
  <testcase name="testRandomLongEncoding" time="0.000" classname="org.jsimpledb.util.LongEncoderTest"/>
  <testcase name="testRandomLongEncoding" time="0.000" classname="org.jsimpledb.util.LongEncoderTest"/>
  <testcase name="testRandomLongEncoding" time="0.000" classname="org.jsimpledb.util.LongEncoderTest"/>
  <testcase name="testLongEncodeLength" time="0.000" classname="org.jsimpledb.util.LongEncoderTest"/>
  <testcase name="testRandomLongEncoding" time="0.000" classname="org.jsimpledb.util.LongEncoderTest"/>
  <testcase name="testLongEncoding" time="0.000" classname="org.jsimpledb.util.LongEncoderTest"/>
  <testcase name="testRandomLongEncoding" time="0.000" classname="org.jsimpledb.util.LongEncoderTest"/>
  <testcase name="testRandomLongEncoding" time="0.000" classname="org.jsimpledb.util.LongEncoderTest"/>
  <testcase name="testRandomLongEncoding" time="0.001" classname="org.jsimpledb.util.LongEncoderTest"/>
  <testcase name="testRandomLongEncoding" time="0.000" classname="org.jsimpledb.util.LongEncoderTest"/>
  <testcase name="testRandomLongEncoding" time="0.000" classname="org.jsimpledb.util.LongEncoderTest"/>
  <testcase name="testRandomLongEncoding" time="0.000" classname="org.jsimpledb.util.LongEncoderTest"/>
  <testcase name="testRandomLongEncoding" time="0.000" classname="org.jsimpledb.util.LongEncoderTest"/>
  <testcase name="testRandomLongEncoding" time="0.000" classname="org.jsimpledb.util.LongEncoderTest"/>
  <testcase name="testRandomLongEncoding" time="0.000" classname="org.jsimpledb.util.LongEncoderTest"/>
  <testcase name="testRandomLongEncoding" time="0.000" classname="org.jsimpledb.util.LongEncoderTest"/>
  <testcase name="testRandomLongEncoding" time="0.000" classname="org.jsimpledb.util.LongEncoderTest"/>
  <testcase name="testRandomLongEncoding" time="0.000" classname="org.jsimpledb.util.LongEncoderTest"/>
  <testcase name="testRandomLongEncoding" time="0.000" classname="org.jsimpledb.util.LongEncoderTest"/>
  <testcase name="testRandomLongEncoding" time="0.000" classname="org.jsimpledb.util.LongEncoderTest"/>
  <testcase name="testRandomLongEncoding" time="0.000" classname="org.jsimpledb.util.LongEncoderTest"/>
  <testcase name="testRandomLongEncoding" time="0.000" classname="org.jsimpledb.util.LongEncoderTest"/>
  <testcase name="testRandomLongEncoding" time="0.000" classname="org.jsimpledb.util.LongEncoderTest"/>
  <testcase name="testRandomLongEncoding" time="0.000" classname="org.jsimpledb.util.LongEncoderTest"/>
  <testcase name="testRandomLongEncoding" time="0.000" classname="org.jsimpledb.util.LongEncoderTest"/>
  <testcase name="testRandomLongEncoding" time="0.000" classname="org.jsimpledb.util.LongEncoderTest"/>
  <testcase name="testRandomLongEncoding" time="0.000" classname="org.jsimpledb.util.LongEncoderTest"/>
  <testcase name="testRandomLongEncoding" time="0.000" classname="org.jsimpledb.util.LongEncoderTest"/>
  <testcase name="testRandomLongEncoding" time="0.000" classname="org.jsimpledb.util.LongEncoderTest"/>
  <testcase name="testRandomLongEncoding" time="0.000" classname="org.jsimpledb.util.LongEncoderTest"/>
  <testcase name="testLongEncoding" time="0.000" classname="org.jsimpledb.util.LongEncoderTest"/>
  <testcase name="testRandomLongEncoding" time="0.000" classname="org.jsimpledb.util.LongEncoderTest"/>
  <testcase name="testRandomLongEncoding" time="0.000" classname="org.jsimpledb.util.LongEncoderTest"/>
  <testcase name="testRandomLongEncoding" time="0.000" classname="org.jsimpledb.util.LongEncoderTest"/>
  <testcase name="testRandomLongEncoding" time="0.000" classname="org.jsimpledb.util.LongEncoderTest"/>
  <testcase name="testLongEncoding" time="0.000" classname="org.jsimpledb.util.LongEncoderTest"/>
  <testcase name="testRandomLongEncoding" time="0.000" classname="org.jsimpledb.util.LongEncoderTest"/>
  <testcase name="testRandomLongEncoding" time="0.000" classname="org.jsimpledb.util.LongEncoderTest"/>
  <testcase name="testRandomLongEncoding" time="0.000" classname="org.jsimpledb.util.LongEncoderTest"/>
  <testcase name="testRandomLongEncoding" time="0.000" classname="org.jsimpledb.util.LongEncoderTest"/>
  <testcase name="testRandomLongEncoding" time="0.000" classname="org.jsimpledb.util.LongEncoderTest"/>
  <testcase name="testRandomLongEncoding" time="0.001" classname="org.jsimpledb.util.LongEncoderTest"/>
  <testcase name="testRandomLongEncoding" time="0.001" classname="org.jsimpledb.util.LongEncoderTest"/>
  <testcase name="testRandomLongEncoding" time="0.000" classname="org.jsimpledb.util.LongEncoderTest"/>
  <testcase name="testRandomLongEncoding" time="0.000" classname="org.jsimpledb.util.LongEncoderTest"/>
  <testcase name="testRandomLongEncoding" time="0.000" classname="org.jsimpledb.util.LongEncoderTest"/>
  <testcase name="testRandomLongEncoding" time="0.000" classname="org.jsimpledb.util.LongEncoderTest"/>
  <testcase name="testRandomLongEncoding" time="0.000" classname="org.jsimpledb.util.LongEncoderTest"/>
  <testcase name="testRandomLongEncoding" time="0.000" classname="org.jsimpledb.util.LongEncoderTest"/>
  <testcase name="testLongEncoding" time="0.000" classname="org.jsimpledb.util.LongEncoderTest"/>
  <testcase name="testRandomLongEncoding" time="0.000" classname="org.jsimpledb.util.LongEncoderTest"/>
  <testcase name="testLongEncoding" time="0.000" classname="org.jsimpledb.util.LongEncoderTest"/>
  <testcase name="testRandomLongEncoding" time="0.000" classname="org.jsimpledb.util.LongEncoderTest"/>
  <testcase name="testRandomLongEncoding" time="0.000" classname="org.jsimpledb.util.LongEncoderTest"/>
  <testcase name="testLongEncodeLength" time="0.000" classname="org.jsimpledb.util.LongEncoderTest"/>
  <testcase name="testRandomLongEncoding" time="0.000" classname="org.jsimpledb.util.LongEncoderTest"/>
  <testcase name="testRandomLongEncoding" time="0.000" classname="org.jsimpledb.util.LongEncoderTest"/>
  <testcase name="testRandomLongEncoding" time="0.001" classname="org.jsimpledb.util.LongEncoderTest"/>
  <testcase name="testLongEncoding" time="0.000" classname="org.jsimpledb.util.LongEncoderTest"/>
  <testcase name="testRandomLongEncoding" time="0.000" classname="org.jsimpledb.util.LongEncoderTest"/>
  <testcase name="testRandomLongEncoding" time="0.000" classname="org.jsimpledb.util.LongEncoderTest"/>
  <testcase name="testLongEncoding" time="0.000" classname="org.jsimpledb.util.LongEncoderTest"/>
  <testcase name="testRandomLongEncoding" time="0.000" classname="org.jsimpledb.util.LongEncoderTest"/>
  <testcase name="testRandomLongEncoding" time="0.000" classname="org.jsimpledb.util.LongEncoderTest"/>
  <testcase name="testRandomLongEncoding" time="0.000" classname="org.jsimpledb.util.LongEncoderTest"/>
  <testcase name="testRandomLongEncoding" time="0.001" classname="org.jsimpledb.util.LongEncoderTest"/>
  <testcase name="testRandomLongEncoding" time="0.000" classname="org.jsimpledb.util.LongEncoderTest"/>
  <testcase name="testRandomLongEncoding" time="0.000" classname="org.jsimpledb.util.LongEncoderTest"/>
  <testcase name="testRandomLongEncoding" time="0.000" classname="org.jsimpledb.util.LongEncoderTest"/>
  <testcase name="testRandomLongEncoding" time="0.000" classname="org.jsimpledb.util.LongEncoderTest"/>
  <testcase name="testRandomLongEncoding" time="0.000" classname="org.jsimpledb.util.LongEncoderTest"/>
  <testcase name="testRandomLongEncoding" time="0.000" classname="org.jsimpledb.util.LongEncoderTest"/>
  <testcase name="testRandomLongEncoding" time="0.000" classname="org.jsimpledb.util.LongEncoderTest"/>
  <testcase name="testRandomLongEncoding" time="0.000" classname="org.jsimpledb.util.LongEncoderTest"/>
  <testcase name="testRandomLongEncoding" time="0.000" classname="org.jsimpledb.util.LongEncoderTest"/>
  <testcase name="testRandomLongEncoding" time="0.000" classname="org.jsimpledb.util.LongEncoderTest"/>
  <testcase name="testRandomLongEncoding" time="0.000" classname="org.jsimpledb.util.LongEncoderTest"/>
  <testcase name="testRandomLongEncoding" time="0.000" classname="org.jsimpledb.util.LongEncoderTest"/>
  <testcase name="testRandomLongEncoding" time="0.000" classname="org.jsimpledb.util.LongEncoderTest"/>
  <testcase name="testRandomLongEncoding" time="0.000" classname="org.jsimpledb.util.LongEncoderTest"/>
  <testcase name="testRandomLongEncoding" time="0.000" classname="org.jsimpledb.util.LongEncoderTest"/>
  <testcase name="testLongEncoding" time="0.000" classname="org.jsimpledb.util.LongEncoderTest"/>
  <testcase name="testRandomLongEncoding" time="0.000" classname="org.jsimpledb.util.LongEncoderTest"/>
  <testcase name="testRandomLongEncoding" time="0.000" classname="org.jsimpledb.util.LongEncoderTest"/>
  <testcase name="testRandomLongEncoding" time="0.000" classname="org.jsimpledb.util.LongEncoderTest"/>
  <testcase name="testRandomLongEncoding" time="0.000" classname="org.jsimpledb.util.LongEncoderTest"/>
  <testcase name="testRandomLongEncoding" time="0.000" classname="org.jsimpledb.util.LongEncoderTest"/>
  <testcase name="testRandomLongEncoding" time="0.000" classname="org.jsimpledb.util.LongEncoderTest"/>
  <testcase name="testRandomLongEncoding" time="0.000" classname="org.jsimpledb.util.LongEncoderTest"/>
  <testcase name="testRandomLongEncoding" time="0.000" classname="org.jsimpledb.util.LongEncoderTest"/>
  <testcase name="testRandomLongEncoding" time="0.000" classname="org.jsimpledb.util.LongEncoderTest"/>
  <testcase name="testRandomLongEncoding" time="0.000" classname="org.jsimpledb.util.LongEncoderTest"/>
  <testcase name="testRandomLongEncoding" time="0.000" classname="org.jsimpledb.util.LongEncoderTest"/>
  <testcase name="testRandomLongEncoding" time="0.000" classname="org.jsimpledb.util.LongEncoderTest"/>
  <testcase name="testRandomLongEncoding" time="0.000" classname="org.jsimpledb.util.LongEncoderTest"/>
  <testcase name="testLongEncodeLength" time="0.000" classname="org.jsimpledb.util.LongEncoderTest"/>
  <testcase name="testRandomLongEncoding" time="0.000" classname="org.jsimpledb.util.LongEncoderTest"/>
  <testcase name="testRandomLongEncoding" time="0.000" classname="org.jsimpledb.util.LongEncoderTest"/>
  <testcase name="testRandomLongEncoding" time="0.001" classname="org.jsimpledb.util.LongEncoderTest"/>
  <testcase name="testRandomLongEncoding" time="0.000" classname="org.jsimpledb.util.LongEncoderTest"/>
  <testcase name="testRandomLongEncoding" time="0.000" classname="org.jsimpledb.util.LongEncoderTest"/>
  <testcase name="testRandomLongEncoding" time="0.000" classname="org.jsimpledb.util.LongEncoderTest"/>
  <testcase name="testRandomLongEncoding" time="0.000" classname="org.jsimpledb.util.LongEncoderTest"/>
  <testcase name="testRandomLongEncoding" time="0.000" classname="org.jsimpledb.util.LongEncoderTest"/>
  <testcase name="testRandomLongEncoding" time="0.000" classname="org.jsimpledb.util.LongEncoderTest"/>
  <testcase name="testRandomLongEncoding" time="0.000" classname="org.jsimpledb.util.LongEncoderTest"/>
  <testcase name="testRandomLongEncoding" time="0.000" classname="org.jsimpledb.util.LongEncoderTest"/>
  <testcase name="testRandomLongEncoding" time="0.000" classname="org.jsimpledb.util.LongEncoderTest"/>
  <testcase name="testRandomLongEncoding" time="0.000" classname="org.jsimpledb.util.LongEncoderTest"/>
  <testcase name="testRandomLongEncoding" time="0.000" classname="org.jsimpledb.util.LongEncoderTest"/>
  <testcase name="testRandomLongEncoding" time="0.000" classname="org.jsimpledb.util.LongEncoderTest"/>
  <testcase name="testRandomLongEncoding" time="0.000" classname="org.jsimpledb.util.LongEncoderTest"/>
  <testcase name="testRandomLongEncoding" time="0.000" classname="org.jsimpledb.util.LongEncoderTest"/>
  <testcase name="testRandomLongEncoding" time="0.000" classname="org.jsimpledb.util.LongEncoderTest"/>
  <testcase name="testRandomLongEncoding" time="0.000" classname="org.jsimpledb.util.LongEncoderTest"/>
  <testcase name="testRandomLongEncoding" time="0.000" classname="org.jsimpledb.util.LongEncoderTest"/>
  <testcase name="testLongEncodeLength" time="0.001" classname="org.jsimpledb.util.LongEncoderTest"/>
  <testcase name="testRandomLongEncoding" time="0.000" classname="org.jsimpledb.util.LongEncoderTest"/>
  <testcase name="testRandomLongEncoding" time="0.000" classname="org.jsimpledb.util.LongEncoderTest"/>
  <testcase name="testRandomLongEncoding" time="0.000" classname="org.jsimpledb.util.LongEncoderTest"/>
  <testcase name="testRandomLongEncoding" time="0.000" classname="org.jsimpledb.util.LongEncoderTest"/>
  <testcase name="testRandomLongEncoding" time="0.000" classname="org.jsimpledb.util.LongEncoderTest"/>
  <testcase name="testRandomLongEncoding" time="0.000" classname="org.jsimpledb.util.LongEncoderTest"/>
  <testcase name="testRandomLongEncoding" time="0.001" classname="org.jsimpledb.util.LongEncoderTest"/>
  <testcase name="testRandomLongEncoding" time="0.000" classname="org.jsimpledb.util.LongEncoderTest"/>
  <testcase name="testRandomLongEncoding" time="0.000" classname="org.jsimpledb.util.LongEncoderTest"/>
  <testcase name="testRandomLongEncoding" time="0.000" classname="org.jsimpledb.util.LongEncoderTest"/>
  <testcase name="testRandomLongEncoding" time="0.000" classname="org.jsimpledb.util.LongEncoderTest"/>
  <testcase name="testRandomLongEncoding" time="0.000" classname="org.jsimpledb.util.LongEncoderTest"/>
  <testcase name="testRandomLongEncoding" time="0.001" classname="org.jsimpledb.util.LongEncoderTest"/>
  <testcase name="testRandomLongEncoding" time="0.000" classname="org.jsimpledb.util.LongEncoderTest"/>
  <testcase name="testRandomLongEncoding" time="0.000" classname="org.jsimpledb.util.LongEncoderTest"/>
  <testcase name="testRandomLongEncoding" time="0.000" classname="org.jsimpledb.util.LongEncoderTest"/>
  <testcase name="testRandomLongEncoding" time="0.000" classname="org.jsimpledb.util.LongEncoderTest"/>
  <testcase name="testLongEncoding" time="0.000" classname="org.jsimpledb.util.LongEncoderTest"/>
  <testcase name="testLongEncodeLength" time="0.000" classname="org.jsimpledb.util.LongEncoderTest"/>
  <testcase name="testRandomLongEncoding" time="0.000" classname="org.jsimpledb.util.LongEncoderTest"/>
  <testcase name="testRandomLongEncoding" time="0.000" classname="org.jsimpledb.util.LongEncoderTest"/>
  <testcase name="testLongEncoding" time="0.000" classname="org.jsimpledb.util.LongEncoderTest"/>
  <testcase name="testRandomLongEncoding" time="0.000" classname="org.jsimpledb.util.LongEncoderTest"/>
  <testcase name="testRandomLongEncoding" time="0.000" classname="org.jsimpledb.util.LongEncoderTest"/>
  <testcase name="testRandomLongEncoding" time="0.000" classname="org.jsimpledb.util.LongEncoderTest"/>
  <testcase name="testRandomLongEncoding" time="0.000" classname="org.jsimpledb.util.LongEncoderTest"/>
  <testcase name="testRandomLongEncoding" time="0.001" classname="org.jsimpledb.util.LongEncoderTest"/>
  <testcase name="testRandomLongEncoding" time="0.000" classname="org.jsimpledb.util.LongEncoderTest"/>
  <testcase name="testRandomLongEncoding" time="0.000" classname="org.jsimpledb.util.LongEncoderTest"/>
  <testcase name="testLongEncodeLength" time="0.000" classname="org.jsimpledb.util.LongEncoderTest"/>
  <testcase name="testRandomLongEncoding" time="0.000" classname="org.jsimpledb.util.LongEncoderTest"/>
  <testcase name="testRandomLongEncoding" time="0.000" classname="org.jsimpledb.util.LongEncoderTest"/>
  <testcase name="testRandomLongEncoding" time="0.000" classname="org.jsimpledb.util.LongEncoderTest"/>
  <testcase name="testRandomLongEncoding" time="0.000" classname="org.jsimpledb.util.LongEncoderTest"/>
  <testcase name="testRandomLongEncoding" time="0.000" classname="org.jsimpledb.util.LongEncoderTest"/>
  <testcase name="testRandomLongEncoding" time="0.000" classname="org.jsimpledb.util.LongEncoderTest"/>
  <testcase name="testRandomLongEncoding" time="0.000" classname="org.jsimpledb.util.LongEncoderTest"/>
  <testcase name="testRandomLongEncoding" time="0.001" classname="org.jsimpledb.util.LongEncoderTest"/>
  <testcase name="testRandomLongEncoding" time="0.000" classname="org.jsimpledb.util.LongEncoderTest"/>
  <testcase name="testRandomLongEncoding" time="0.000" classname="org.jsimpledb.util.LongEncoderTest"/>
  <testcase name="testRandomLongEncoding" time="0.000" classname="org.jsimpledb.util.LongEncoderTest"/>
  <testcase name="testRandomLongEncoding" time="0.000" classname="org.jsimpledb.util.LongEncoderTest"/>
  <testcase name="testRandomLongEncoding" time="0.000" classname="org.jsimpledb.util.LongEncoderTest"/>
  <testcase name="testLongEncodeLength" time="0.001" classname="org.jsimpledb.util.LongEncoderTest"/>
  <testcase name="testRandomLongEncoding" time="0.000" classname="org.jsimpledb.util.LongEncoderTest"/>
  <testcase name="testRandomLongEncoding" time="0.000" classname="org.jsimpledb.util.LongEncoderTest"/>
  <testcase name="testRandomLongEncoding" time="0.000" classname="org.jsimpledb.util.LongEncoderTest"/>
  <testcase name="testRandomLongEncoding" time="0.000" classname="org.jsimpledb.util.LongEncoderTest"/>
  <testcase name="testRandomLongEncoding" time="0.000" classname="org.jsimpledb.util.LongEncoderTest"/>
  <testcase name="testRandomLongEncoding" time="0.001" classname="org.jsimpledb.util.LongEncoderTest"/>
  <testcase name="testRandomLongEncoding" time="0.000" classname="org.jsimpledb.util.LongEncoderTest"/>
  <testcase name="testRandomLongEncoding" time="0.000" classname="org.jsimpledb.util.LongEncoderTest"/>
  <testcase name="testRandomLongEncoding" time="0.000" classname="org.jsimpledb.util.LongEncoderTest"/>
  <testcase name="testRandomLongEncoding" time="0.000" classname="org.jsimpledb.util.LongEncoderTest"/>
  <testcase name="testRandomLongEncoding" time="0.000" classname="org.jsimpledb.util.LongEncoderTest"/>
  <testcase name="testRandomLongEncoding" time="0.000" classname="org.jsimpledb.util.LongEncoderTest"/>
  <testcase name="testRandomLongEncoding" time="0.000" classname="org.jsimpledb.util.LongEncoderTest"/>
  <testcase name="testRandomLongEncoding" time="0.000" classname="org.jsimpledb.util.LongEncoderTest"/>
  <testcase name="testLongEncoding" time="0.000" classname="org.jsimpledb.util.LongEncoderTest"/>
  <testcase name="testRandomLongEncoding" time="0.000" classname="org.jsimpledb.util.LongEncoderTest"/>
  <testcase name="testRandomLongEncoding" time="0.000" classname="org.jsimpledb.util.LongEncoderTest"/>
  <testcase name="testRandomLongEncoding" time="0.000" classname="org.jsimpledb.util.LongEncoderTest"/>
  <testcase name="testRandomLongEncoding" time="0.000" classname="org.jsimpledb.util.LongEncoderTest"/>
  <testcase name="testRandomLongEncoding" time="0.000" classname="org.jsimpledb.util.LongEncoderTest"/>
  <testcase name="testRandomLongEncoding" time="0.000" classname="org.jsimpledb.util.LongEncoderTest"/>
  <testcase name="testRandomLongEncoding" time="0.000" classname="org.jsimpledb.util.LongEncoderTest"/>
  <testcase name="testRandomLongEncoding" time="0.000" classname="org.jsimpledb.util.LongEncoderTest"/>
  <testcase name="testRandomLongEncoding" time="0.000" classname="org.jsimpledb.util.LongEncoderTest"/>
  <testcase name="testRandomLongEncoding" time="0.000" classname="org.jsimpledb.util.LongEncoderTest"/>
  <testcase name="testRandomLongEncoding" time="0.001" classname="org.jsimpledb.util.LongEncoderTest"/>
  <testcase name="testRandomLongEncoding" time="0.000" classname="org.jsimpledb.util.LongEncoderTest"/>
  <testcase name="testRandomLongEncoding" time="0.000" classname="org.jsimpledb.util.LongEncoderTest"/>
  <testcase name="testRandomLongEncoding" time="0.000" classname="org.jsimpledb.util.LongEncoderTest"/>
  <testcase name="testRandomLongEncoding" time="0.000" classname="org.jsimpledb.util.LongEncoderTest"/>
  <testcase name="testRandomLongEncoding" time="0.000" classname="org.jsimpledb.util.LongEncoderTest"/>
  <testcase name="testRandomLongEncoding" time="0.000" classname="org.jsimpledb.util.LongEncoderTest"/>
  <testcase name="testRandomLongEncoding" time="0.000" classname="org.jsimpledb.util.LongEncoderTest"/>
  <testcase name="testLongEncoding" time="0.000" classname="org.jsimpledb.util.LongEncoderTest"/>
  <testcase name="testRandomLongEncoding" time="0.000" classname="org.jsimpledb.util.LongEncoderTest"/>
  <testcase name="testRandomLongEncoding" time="0.000" classname="org.jsimpledb.util.LongEncoderTest"/>
  <testcase name="testRandomLongEncoding" time="0.000" classname="org.jsimpledb.util.LongEncoderTest"/>
  <testcase name="testLongEncoding" time="0.000" classname="org.jsimpledb.util.LongEncoderTest"/>
  <testcase name="testRandomLongEncoding" time="0.000" classname="org.jsimpledb.util.LongEncoderTest"/>
  <testcase name="testLongEncodeLength" time="0.000" classname="org.jsimpledb.util.LongEncoderTest"/>
  <testcase name="testRandomLongEncoding" time="0.000" classname="org.jsimpledb.util.LongEncoderTest"/>
  <testcase name="testRandomLongEncoding" time="0.000" classname="org.jsimpledb.util.LongEncoderTest"/>
  <testcase name="testRandomLongEncoding" time="0.000" classname="org.jsimpledb.util.LongEncoderTest"/>
  <testcase name="testLongEncoding" time="0.000" classname="org.jsimpledb.util.LongEncoderTest"/>
  <testcase name="testRandomLongEncoding" time="0.000" classname="org.jsimpledb.util.LongEncoderTest"/>
  <testcase name="testRandomLongEncoding" time="0.000" classname="org.jsimpledb.util.LongEncoderTest"/>
  <testcase name="testRandomLongEncoding" time="0.000" classname="org.jsimpledb.util.LongEncoderTest"/>
  <testcase name="testLongEncoding" time="0.000" classname="org.jsimpledb.util.LongEncoderTest"/>
  <testcase name="testRandomLongEncoding" time="0.000" classname="org.jsimpledb.util.LongEncoderTest"/>
  <testcase name="testRandomLongEncoding" time="0.000" classname="org.jsimpledb.util.LongEncoderTest"/>
  <testcase name="testRandomLongEncoding" time="0.000" classname="org.jsimpledb.util.LongEncoderTest"/>
  <testcase name="testRandomLongEncoding" time="0.000" classname="org.jsimpledb.util.LongEncoderTest"/>
  <testcase name="testRandomLongEncoding" time="0.000" classname="org.jsimpledb.util.LongEncoderTest"/>
  <testcase name="testRandomLongEncoding" time="0.000" classname="org.jsimpledb.util.LongEncoderTest"/>
  <testcase name="testRandomLongEncoding" time="0.000" classname="org.jsimpledb.util.LongEncoderTest"/>
  <testcase name="testRandomLongEncoding" time="0.000" classname="org.jsimpledb.util.LongEncoderTest"/>
  <testcase name="testRandomLongEncoding" time="0.000" classname="org.jsimpledb.util.LongEncoderTest"/>
  <testcase name="testLongEncoding" time="0.000" classname="org.jsimpledb.util.LongEncoderTest"/>
  <testcase name="testRandomLongEncoding" time="0.000" classname="org.jsimpledb.util.LongEncoderTest"/>
  <testcase name="testRandomLongEncoding" time="0.000" classname="org.jsimpledb.util.LongEncoderTest"/>
  <testcase name="testLongEncodeLength" time="0.000" classname="org.jsimpledb.util.LongEncoderTest"/>
  <testcase name="testRandomLongEncoding" time="0.000" classname="org.jsimpledb.util.LongEncoderTest"/>
  <testcase name="testRandomLongEncoding" time="0.000" classname="org.jsimpledb.util.LongEncoderTest"/>
  <testcase name="testRandomLongEncoding" time="0.000" classname="org.jsimpledb.util.LongEncoderTest"/>
  <testcase name="testRandomLongEncoding" time="0.000" classname="org.jsimpledb.util.LongEncoderTest"/>
  <testcase name="testRandomLongEncoding" time="0.000" classname="org.jsimpledb.util.LongEncoderTest"/>
  <testcase name="testRandomLongEncoding" time="0.000" classname="org.jsimpledb.util.LongEncoderTest"/>
  <testcase name="testRandomLongEncoding" time="0.000" classname="org.jsimpledb.util.LongEncoderTest"/>
  <testcase name="testRandomLongEncoding" time="0.000" classname="org.jsimpledb.util.LongEncoderTest"/>
  <testcase name="testRandomLongEncoding" time="0.000" classname="org.jsimpledb.util.LongEncoderTest"/>
  <testcase name="testRandomLongEncoding" time="0.000" classname="org.jsimpledb.util.LongEncoderTest"/>
  <testcase name="testRandomLongEncoding" time="0.000" classname="org.jsimpledb.util.LongEncoderTest"/>
  <testcase name="testRandomLongEncoding" time="0.000" classname="org.jsimpledb.util.LongEncoderTest"/>
  <testcase name="testRandomLongEncoding" time="0.000" classname="org.jsimpledb.util.LongEncoderTest"/>
  <testcase name="testRandomLongEncoding" time="0.000" classname="org.jsimpledb.util.LongEncoderTest"/>
  <testcase name="testRandomLongEncoding" time="0.001" classname="org.jsimpledb.util.LongEncoderTest"/>
  <testcase name="testRandomLongEncoding" time="0.000" classname="org.jsimpledb.util.LongEncoderTest"/>
  <testcase name="testRandomLongEncoding" time="0.000" classname="org.jsimpledb.util.LongEncoderTest"/>
  <testcase name="testRandomLongEncoding" time="0.000" classname="org.jsimpledb.util.LongEncoderTest"/>
  <testcase name="testRandomLongEncoding" time="0.000" classname="org.jsimpledb.util.LongEncoderTest"/>
  <testcase name="testRandomLongEncoding" time="0.000" classname="org.jsimpledb.util.LongEncoderTest"/>
  <testcase name="testRandomLongEncoding" time="0.000" classname="org.jsimpledb.util.LongEncoderTest"/>
  <testcase name="testRandomLongEncoding" time="0.000" classname="org.jsimpledb.util.LongEncoderTest"/>
  <testcase name="testLongEncoding" time="0.000" classname="org.jsimpledb.util.LongEncoderTest"/>
  <testcase name="testRandomLongEncoding" time="0.000" classname="org.jsimpledb.util.LongEncoderTest"/>
  <testcase name="testRandomLongEncoding" time="0.000" classname="org.jsimpledb.util.LongEncoderTest"/>
  <testcase name="testRandomLongEncoding" time="0.000" classname="org.jsimpledb.util.LongEncoderTest"/>
  <testcase name="testRandomLongEncoding" time="0.000" classname="org.jsimpledb.util.LongEncoderTest"/>
  <testcase name="testRandomLongEncoding" time="0.000" classname="org.jsimpledb.util.LongEncoderTest"/>
  <testcase name="testRandomLongEncoding" time="0.000" classname="org.jsimpledb.util.LongEncoderTest"/>
  <testcase name="testRandomLongEncoding" time="0.001" classname="org.jsimpledb.util.LongEncoderTest"/>
  <testcase name="testRandomLongEncoding" time="0.000" classname="org.jsimpledb.util.LongEncoderTest"/>
  <testcase name="testRandomLongEncoding" time="0.000" classname="org.jsimpledb.util.LongEncoderTest"/>
  <testcase name="testRandomLongEncoding" time="0.000" classname="org.jsimpledb.util.LongEncoderTest"/>
  <testcase name="testRandomLongEncoding" time="0.000" classname="org.jsimpledb.util.LongEncoderTest"/>
  <testcase name="testRandomLongEncoding" time="0.000" classname="org.jsimpledb.util.LongEncoderTest"/>
  <testcase name="testRandomLongEncoding" time="0.000" classname="org.jsimpledb.util.LongEncoderTest"/>
  <testcase name="testLongEncodeLength" time="0.000" classname="org.jsimpledb.util.LongEncoderTest"/>
  <testcase name="testRandomLongEncoding" time="0.000" classname="org.jsimpledb.util.LongEncoderTest"/>
  <testcase name="testRandomLongEncoding" time="0.000" classname="org.jsimpledb.util.LongEncoderTest"/>
  <testcase name="testLongEncodeLength" time="0.000" classname="org.jsimpledb.util.LongEncoderTest"/>
  <testcase name="testLongEncoding" time="0.000" classname="org.jsimpledb.util.LongEncoderTest"/>
  <testcase name="testRandomLongEncoding" time="0.000" classname="org.jsimpledb.util.LongEncoderTest"/>
  <testcase name="testLongEncoding" time="0.000" classname="org.jsimpledb.util.LongEncoderTest"/>
  <testcase name="testRandomLongEncoding" time="0.000" classname="org.jsimpledb.util.LongEncoderTest"/>
  <testcase name="testRandomLongEncoding" time="0.000" classname="org.jsimpledb.util.LongEncoderTest"/>
  <testcase name="testRandomLongEncoding" time="0.000" classname="org.jsimpledb.util.LongEncoderTest"/>
  <testcase name="testRandomLongEncoding" time="0.000" classname="org.jsimpledb.util.LongEncoderTest"/>
  <testcase name="testLongEncoding" time="0.000" classname="org.jsimpledb.util.LongEncoderTest"/>
  <testcase name="testRandomLongEncoding" time="0.000" classname="org.jsimpledb.util.LongEncoderTest"/>
  <testcase name="testLongEncodeLength" time="0.000" classname="org.jsimpledb.util.LongEncoderTest"/>
  <testcase name="testRandomLongEncoding" time="0.000" classname="org.jsimpledb.util.LongEncoderTest"/>
  <testcase name="testRandomLongEncoding" time="0.001" classname="org.jsimpledb.util.LongEncoderTest"/>
  <testcase name="testRandomLongEncoding" time="0.000" classname="org.jsimpledb.util.LongEncoderTest"/>
  <testcase name="testRandomLongEncoding" time="0.000" classname="org.jsimpledb.util.LongEncoderTest"/>
  <testcase name="testRandomLongEncoding" time="0.000" classname="org.jsimpledb.util.LongEncoderTest"/>
  <testcase name="testRandomLongEncoding" time="0.000" classname="org.jsimpledb.util.LongEncoderTest"/>
  <testcase name="testLongEncodeLength" time="0.000" classname="org.jsimpledb.util.LongEncoderTest"/>
  <testcase name="testRandomLongEncoding" time="0.001" classname="org.jsimpledb.util.LongEncoderTest"/>
  <testcase name="testLongEncoding" time="0.000" classname="org.jsimpledb.util.LongEncoderTest"/>
  <testcase name="testRandomLongEncoding" time="0.000" classname="org.jsimpledb.util.LongEncoderTest"/>
  <testcase name="testRandomLongEncoding" time="0.000" classname="org.jsimpledb.util.LongEncoderTest"/>
  <testcase name="testRandomLongEncoding" time="0.000" classname="org.jsimpledb.util.LongEncoderTest"/>
  <testcase name="testRandomLongEncoding" time="0.000" classname="org.jsimpledb.util.LongEncoderTest"/>
  <testcase name="testRandomLongEncoding" time="0.000" classname="org.jsimpledb.util.LongEncoderTest"/>
  <testcase name="testRandomLongEncoding" time="0.000" classname="org.jsimpledb.util.LongEncoderTest"/>
  <testcase name="testRandomLongEncoding" time="0.000" classname="org.jsimpledb.util.LongEncoderTest"/>
  <testcase name="testRandomLongEncoding" time="0.000" classname="org.jsimpledb.util.LongEncoderTest"/>
  <testcase name="testLongEncodeLength" time="0.000" classname="org.jsimpledb.util.LongEncoderTest"/>
  <testcase name="testRandomLongEncoding" time="0.000" classname="org.jsimpledb.util.LongEncoderTest"/>
  <testcase name="testRandomLongEncoding" time="0.000" classname="org.jsimpledb.util.LongEncoderTest"/>
  <testcase name="testRandomLongEncoding" time="0.000" classname="org.jsimpledb.util.LongEncoderTest"/>
  <testcase name="testRandomLongEncoding" time="0.001" classname="org.jsimpledb.util.LongEncoderTest"/>
  <testcase name="testLongEncoding" time="0.000" classname="org.jsimpledb.util.LongEncoderTest"/>
  <testcase name="testRandomLongEncoding" time="0.000" classname="org.jsimpledb.util.LongEncoderTest"/>
  <testcase name="testRandomLongEncoding" time="0.001" classname="org.jsimpledb.util.LongEncoderTest"/>
  <testcase name="testRandomLongEncoding" time="0.000" classname="org.jsimpledb.util.LongEncoderTest"/>
  <testcase name="testRandomLongEncoding" time="0.000" classname="org.jsimpledb.util.LongEncoderTest"/>
  <testcase name="testRandomLongEncoding" time="0.001" classname="org.jsimpledb.util.LongEncoderTest"/>
  <testcase name="testRandomLongEncoding" time="0.000" classname="org.jsimpledb.util.LongEncoderTest"/>
  <testcase name="testRandomLongEncoding" time="0.000" classname="org.jsimpledb.util.LongEncoderTest"/>
  <testcase name="testRandomLongEncoding" time="0.000" classname="org.jsimpledb.util.LongEncoderTest"/>
  <testcase name="testLongEncoding" time="0.000" classname="org.jsimpledb.util.LongEncoderTest"/>
  <testcase name="testRandomLongEncoding" time="0.000" classname="org.jsimpledb.util.LongEncoderTest"/>
  <testcase name="testRandomLongEncoding" time="0.000" classname="org.jsimpledb.util.LongEncoderTest"/>
  <testcase name="testRandomLongEncoding" time="0.000" classname="org.jsimpledb.util.LongEncoderTest"/>
  <testcase name="testRandomLongEncoding" time="0.000" classname="org.jsimpledb.util.LongEncoderTest"/>
  <testcase name="testRandomLongEncoding" time="0.000" classname="org.jsimpledb.util.LongEncoderTest"/>
  <testcase name="testRandomLongEncoding" time="0.000" classname="org.jsimpledb.util.LongEncoderTest"/>
  <testcase name="testRandomLongEncoding" time="0.001" classname="org.jsimpledb.util.LongEncoderTest"/>
  <testcase name="testRandomLongEncoding" time="0.000" classname="org.jsimpledb.util.LongEncoderTest"/>
  <testcase name="testRandomLongEncoding" time="0.001" classname="org.jsimpledb.util.LongEncoderTest"/>
  <testcase name="testRandomLongEncoding" time="0.000" classname="org.jsimpledb.util.LongEncoderTest"/>
  <testcase name="testRandomLongEncoding" time="0.000" classname="org.jsimpledb.util.LongEncoderTest"/>
  <testcase name="testRandomLongEncoding" time="0.000" classname="org.jsimpledb.util.LongEncoderTest"/>
  <testcase name="testRandomLongEncoding" time="0.000" classname="org.jsimpledb.util.LongEncoderTest"/>
  <testcase name="testRandomLongEncoding" time="0.000" classname="org.jsimpledb.util.LongEncoderTest"/>
  <testcase name="testLongEncoding" time="0.000" classname="org.jsimpledb.util.LongEncoderTest"/>
  <testcase name="testRandomLongEncoding" time="0.001" classname="org.jsimpledb.util.LongEncoderTest"/>
  <testcase name="testRandomLongEncoding" time="0.000" classname="org.jsimpledb.util.LongEncoderTest"/>
  <testcase name="testRandomLongEncoding" time="0.000" classname="org.jsimpledb.util.LongEncoderTest"/>
  <testcase name="testRandomLongEncoding" time="0.000" classname="org.jsimpledb.util.LongEncoderTest"/>
  <testcase name="testRandomLongEncoding" time="0.000" classname="org.jsimpledb.util.LongEncoderTest"/>
  <testcase name="testRandomLongEncoding" time="0.000" classname="org.jsimpledb.util.LongEncoderTest"/>
  <testcase name="testRandomLongEncoding" time="0.000" classname="org.jsimpledb.util.LongEncoderTest"/>
  <testcase name="testRandomLongEncoding" time="0.001" classname="org.jsimpledb.util.LongEncoderTest"/>
  <testcase name="testRandomLongEncoding" time="0.000" classname="org.jsimpledb.util.LongEncoderTest"/>
  <testcase name="testRandomLongEncoding" time="0.000" classname="org.jsimpledb.util.LongEncoderTest"/>
  <testcase name="testRandomLongEncoding" time="0.001" classname="org.jsimpledb.util.LongEncoderTest"/>
  <testcase name="testRandomLongEncoding" time="0.000" classname="org.jsimpledb.util.LongEncoderTest"/>
  <testcase name="testRandomLongEncoding" time="0.000" classname="org.jsimpledb.util.LongEncoderTest"/>
  <testcase name="testRandomLongEncoding" time="0.000" classname="org.jsimpledb.util.LongEncoderTest"/>
  <testcase name="testRandomLongEncoding" time="0.000" classname="org.jsimpledb.util.LongEncoderTest"/>
  <testcase name="testRandomLongEncoding" time="0.000" classname="org.jsimpledb.util.LongEncoderTest"/>
  <testcase name="testRandomLongEncoding" time="0.000" classname="org.jsimpledb.util.LongEncoderTest"/>
  <testcase name="testRandomLongEncoding" time="0.000" classname="org.jsimpledb.util.LongEncoderTest"/>
  <testcase name="testRandomLongEncoding" time="0.000" classname="org.jsimpledb.util.LongEncoderTest"/>
  <testcase name="testRandomLongEncoding" time="0.000" classname="org.jsimpledb.util.LongEncoderTest"/>
  <testcase name="testRandomLongEncoding" time="0.000" classname="org.jsimpledb.util.LongEncoderTest"/>
  <testcase name="testRandomLongEncoding" time="0.000" classname="org.jsimpledb.util.LongEncoderTest"/>
  <testcase name="testRandomLongEncoding" time="0.000" classname="org.jsimpledb.util.LongEncoderTest"/>
  <testcase name="testRandomLongEncoding" time="0.000" classname="org.jsimpledb.util.LongEncoderTest"/>
  <testcase name="testRandomLongEncoding" time="0.000" classname="org.jsimpledb.util.LongEncoderTest"/>
  <testcase name="testRandomLongEncoding" time="0.000" classname="org.jsimpledb.util.LongEncoderTest"/>
  <testcase name="testRandomLongEncoding" time="0.000" classname="org.jsimpledb.util.LongEncoderTest"/>
  <testcase name="testRandomLongEncoding" time="0.000" classname="org.jsimpledb.util.LongEncoderTest"/>
  <testcase name="testLongEncodeLength" time="0.000" classname="org.jsimpledb.util.LongEncoderTest"/>
  <testcase name="testRandomLongEncoding" time="0.000" classname="org.jsimpledb.util.LongEncoderTest"/>
  <testcase name="testLongEncoding" time="0.000" classname="org.jsimpledb.util.LongEncoderTest"/>
  <testcase name="testRandomLongEncoding" time="0.000" classname="org.jsimpledb.util.LongEncoderTest"/>
  <testcase name="testRandomLongEncoding" time="0.000" classname="org.jsimpledb.util.LongEncoderTest"/>
  <testcase name="testLongEncoding" time="0.000" classname="org.jsimpledb.util.LongEncoderTest"/>
  <testcase name="testRandomLongEncoding" time="0.000" classname="org.jsimpledb.util.LongEncoderTest"/>
  <testcase name="testRandomLongEncoding" time="0.001" classname="org.jsimpledb.util.LongEncoderTest"/>
  <testcase name="testRandomLongEncoding" time="0.001" classname="org.jsimpledb.util.LongEncoderTest"/>
  <testcase name="testRandomLongEncoding" time="0.000" classname="org.jsimpledb.util.LongEncoderTest"/>
  <testcase name="testLongEncodeLength" time="0.000" classname="org.jsimpledb.util.LongEncoderTest"/>
  <testcase name="testRandomLongEncoding" time="0.000" classname="org.jsimpledb.util.LongEncoderTest"/>
  <testcase name="testRandomLongEncoding" time="0.000" classname="org.jsimpledb.util.LongEncoderTest"/>
  <testcase name="testRandomLongEncoding" time="0.001" classname="org.jsimpledb.util.LongEncoderTest"/>
  <testcase name="testRandomLongEncoding" time="0.000" classname="org.jsimpledb.util.LongEncoderTest"/>
  <testcase name="testRandomLongEncoding" time="0.000" classname="org.jsimpledb.util.LongEncoderTest"/>
  <testcase name="testRandomLongEncoding" time="0.000" classname="org.jsimpledb.util.LongEncoderTest"/>
  <testcase name="testRandomLongEncoding" time="0.000" classname="org.jsimpledb.util.LongEncoderTest"/>
  <testcase name="testRandomLongEncoding" time="0.000" classname="org.jsimpledb.util.LongEncoderTest"/>
  <testcase name="testLongEncoding" time="0.000" classname="org.jsimpledb.util.LongEncoderTest"/>
  <testcase name="testRandomLongEncoding" time="0.001" classname="org.jsimpledb.util.LongEncoderTest"/>
  <testcase name="testRandomLongEncoding" time="0.000" classname="org.jsimpledb.util.LongEncoderTest"/>
  <testcase name="testRandomLongEncoding" time="0.000" classname="org.jsimpledb.util.LongEncoderTest"/>
  <testcase name="testRandomLongEncoding" time="0.000" classname="org.jsimpledb.util.LongEncoderTest"/>
  <testcase name="testRandomLongEncoding" time="0.000" classname="org.jsimpledb.util.LongEncoderTest"/>
  <testcase name="testRandomLongEncoding" time="0.000" classname="org.jsimpledb.util.LongEncoderTest"/>
  <testcase name="testLongEncoding" time="0.000" classname="org.jsimpledb.util.LongEncoderTest"/>
  <testcase name="testRandomLongEncoding" time="0.000" classname="org.jsimpledb.util.LongEncoderTest"/>
  <testcase name="testRandomLongEncoding" time="0.000" classname="org.jsimpledb.util.LongEncoderTest"/>
  <testcase name="testRandomLongEncoding" time="0.000" classname="org.jsimpledb.util.LongEncoderTest"/>
  <testcase name="testRandomLongEncoding" time="0.000" classname="org.jsimpledb.util.LongEncoderTest"/>
  <testcase name="testRandomLongEncoding" time="0.000" classname="org.jsimpledb.util.LongEncoderTest"/>
  <testcase name="testRandomLongEncoding" time="0.000" classname="org.jsimpledb.util.LongEncoderTest"/>
  <testcase name="testRandomLongEncoding" time="0.000" classname="org.jsimpledb.util.LongEncoderTest"/>
  <testcase name="testRandomLongEncoding" time="0.001" classname="org.jsimpledb.util.LongEncoderTest"/>
  <testcase name="testRandomLongEncoding" time="0.001" classname="org.jsimpledb.util.LongEncoderTest"/>
  <testcase name="testLongEncoding" time="0.000" classname="org.jsimpledb.util.LongEncoderTest"/>
  <testcase name="testLongEncodeLength" time="0.000" classname="org.jsimpledb.util.LongEncoderTest"/>
  <testcase name="testRandomLongEncoding" time="0.000" classname="org.jsimpledb.util.LongEncoderTest"/>
  <testcase name="testRandomLongEncoding" time="0.000" classname="org.jsimpledb.util.LongEncoderTest"/>
  <testcase name="testRandomLongEncoding" time="0.000" classname="org.jsimpledb.util.LongEncoderTest"/>
  <testcase name="testRandomLongEncoding" time="0.000" classname="org.jsimpledb.util.LongEncoderTest"/>
  <testcase name="testRandomLongEncoding" time="0.000" classname="org.jsimpledb.util.LongEncoderTest"/>
  <testcase name="testRandomLongEncoding" time="0.000" classname="org.jsimpledb.util.LongEncoderTest"/>
  <testcase name="testRandomLongEncoding" time="0.000" classname="org.jsimpledb.util.LongEncoderTest"/>
  <testcase name="testRandomLongEncoding" time="0.000" classname="org.jsimpledb.util.LongEncoderTest"/>
  <testcase name="testLongEncoding" time="0.000" classname="org.jsimpledb.util.LongEncoderTest"/>
  <testcase name="testRandomLongEncoding" time="0.000" classname="org.jsimpledb.util.LongEncoderTest"/>
  <testcase name="testRandomLongEncoding" time="0.000" classname="org.jsimpledb.util.LongEncoderTest"/>
  <testcase name="testRandomLongEncoding" time="0.000" classname="org.jsimpledb.util.LongEncoderTest"/>
  <testcase name="testRandomLongEncoding" time="0.000" classname="org.jsimpledb.util.LongEncoderTest"/>
  <testcase name="testRandomLongEncoding" time="0.000" classname="org.jsimpledb.util.LongEncoderTest"/>
  <testcase name="testRandomLongEncoding" time="0.000" classname="org.jsimpledb.util.LongEncoderTest"/>
  <testcase name="testRandomLongEncoding" time="0.000" classname="org.jsimpledb.util.LongEncoderTest"/>
  <testcase name="testLongEncoding" time="0.000" classname="org.jsimpledb.util.LongEncoderTest"/>
  <testcase name="testRandomLongEncoding" time="0.000" classname="org.jsimpledb.util.LongEncoderTest"/>
  <testcase name="testRandomLongEncoding" time="0.000" classname="org.jsimpledb.util.LongEncoderTest"/>
  <testcase name="testRandomLongEncoding" time="0.000" classname="org.jsimpledb.util.LongEncoderTest"/>
  <testcase name="testRandomLongEncoding" time="0.000" classname="org.jsimpledb.util.LongEncoderTest"/>
  <testcase name="testRandomLongEncoding" time="0.000" classname="org.jsimpledb.util.LongEncoderTest"/>
  <testcase name="testRandomLongEncoding" time="0.000" classname="org.jsimpledb.util.LongEncoderTest"/>
  <testcase name="testRandomLongEncoding" time="0.000" classname="org.jsimpledb.util.LongEncoderTest"/>
  <testcase name="testRandomLongEncoding" time="0.000" classname="org.jsimpledb.util.LongEncoderTest"/>
  <testcase name="testRandomLongEncoding" time="0.000" classname="org.jsimpledb.util.LongEncoderTest"/>
  <testcase name="testRandomLongEncoding" time="0.000" classname="org.jsimpledb.util.LongEncoderTest"/>
  <testcase name="testRandomLongEncoding" time="0.000" classname="org.jsimpledb.util.LongEncoderTest"/>
  <testcase name="testRandomLongEncoding" time="0.000" classname="org.jsimpledb.util.LongEncoderTest"/>
  <testcase name="testRandomLongEncoding" time="0.000" classname="org.jsimpledb.util.LongEncoderTest"/>
  <testcase name="testRandomLongEncoding" time="0.000" classname="org.jsimpledb.util.LongEncoderTest"/>
  <testcase name="testLongEncoding" time="0.000" classname="org.jsimpledb.util.LongEncoderTest"/>
  <testcase name="testRandomLongEncoding" time="0.000" classname="org.jsimpledb.util.LongEncoderTest"/>
  <testcase name="testRandomLongEncoding" time="0.000" classname="org.jsimpledb.util.LongEncoderTest"/>
  <testcase name="testRandomLongEncoding" time="0.000" classname="org.jsimpledb.util.LongEncoderTest"/>
  <testcase name="testLongEncodeLength" time="0.000" classname="org.jsimpledb.util.LongEncoderTest"/>
  <testcase name="testRandomLongEncoding" time="0.000" classname="org.jsimpledb.util.LongEncoderTest"/>
  <testcase name="testRandomLongEncoding" time="0.000" classname="org.jsimpledb.util.LongEncoderTest"/>
  <testcase name="testRandomLongEncoding" time="0.000" classname="org.jsimpledb.util.LongEncoderTest"/>
  <testcase name="testRandomLongEncoding" time="0.000" classname="org.jsimpledb.util.LongEncoderTest"/>
  <testcase name="testRandomLongEncoding" time="0.000" classname="org.jsimpledb.util.LongEncoderTest"/>
  <testcase name="testLongEncodeLength" time="0.000" classname="org.jsimpledb.util.LongEncoderTest"/>
  <testcase name="testLongEncoding" time="0.000" classname="org.jsimpledb.util.LongEncoderTest"/>
  <testcase name="testRandomLongEncoding" time="0.000" classname="org.jsimpledb.util.LongEncoderTest"/>
  <testcase name="testRandomLongEncoding" time="0.000" classname="org.jsimpledb.util.LongEncoderTest"/>
  <testcase name="testLongEncodeLength" time="0.000" classname="org.jsimpledb.util.LongEncoderTest"/>
  <testcase name="testRandomLongEncoding" time="0.000" classname="org.jsimpledb.util.LongEncoderTest"/>
  <testcase name="testRandomLongEncoding" time="0.000" classname="org.jsimpledb.util.LongEncoderTest"/>
  <testcase name="testRandomLongEncoding" time="0.000" classname="org.jsimpledb.util.LongEncoderTest"/>
  <testcase name="testRandomLongEncoding" time="0.000" classname="org.jsimpledb.util.LongEncoderTest"/>
  <testcase name="testRandomLongEncoding" time="0.000" classname="org.jsimpledb.util.LongEncoderTest"/>
  <testcase name="testRandomLongEncoding" time="0.001" classname="org.jsimpledb.util.LongEncoderTest"/>
  <testcase name="testRandomLongEncoding" time="0.000" classname="org.jsimpledb.util.LongEncoderTest"/>
  <testcase name="testRandomLongEncoding" time="0.000" classname="org.jsimpledb.util.LongEncoderTest"/>
  <testcase name="testRandomLongEncoding" time="0.000" classname="org.jsimpledb.util.LongEncoderTest"/>
  <testcase name="testRandomLongEncoding" time="0.000" classname="org.jsimpledb.util.LongEncoderTest"/>
  <testcase name="testRandomLongEncoding" time="0.001" classname="org.jsimpledb.util.LongEncoderTest"/>
  <testcase name="testRandomLongEncoding" time="0.000" classname="org.jsimpledb.util.LongEncoderTest"/>
  <testcase name="testRandomLongEncoding" time="0.000" classname="org.jsimpledb.util.LongEncoderTest"/>
  <testcase name="testRandomLongEncoding" time="0.000" classname="org.jsimpledb.util.LongEncoderTest"/>
  <testcase name="testRandomLongEncoding" time="0.000" classname="org.jsimpledb.util.LongEncoderTest"/>
  <testcase name="testRandomLongEncoding" time="0.000" classname="org.jsimpledb.util.LongEncoderTest"/>
  <testcase name="testRandomLongEncoding" time="0.000" classname="org.jsimpledb.util.LongEncoderTest"/>
  <testcase name="testRandomLongEncoding" time="0.000" classname="org.jsimpledb.util.LongEncoderTest"/>
  <testcase name="testRandomLongEncoding" time="0.001" classname="org.jsimpledb.util.LongEncoderTest"/>
  <testcase name="testRandomLongEncoding" time="0.000" classname="org.jsimpledb.util.LongEncoderTest"/>
  <testcase name="testRandomLongEncoding" time="0.000" classname="org.jsimpledb.util.LongEncoderTest"/>
  <testcase name="testRandomLongEncoding" time="0.000" classname="org.jsimpledb.util.LongEncoderTest"/>
  <testcase name="testLongEncoding" time="0.000" classname="org.jsimpledb.util.LongEncoderTest"/>
  <testcase name="testRandomLongEncoding" time="0.000" classname="org.jsimpledb.util.LongEncoderTest"/>
  <testcase name="testRandomLongEncoding" time="0.000" classname="org.jsimpledb.util.LongEncoderTest"/>
  <testcase name="testRandomLongEncoding" time="0.000" classname="org.jsimpledb.util.LongEncoderTest"/>
  <testcase name="testRandomLongEncoding" time="0.000" classname="org.jsimpledb.util.LongEncoderTest"/>
  <testcase name="testRandomLongEncoding" time="0.000" classname="org.jsimpledb.util.LongEncoderTest"/>
  <testcase name="testRandomLongEncoding" time="0.000" classname="org.jsimpledb.util.LongEncoderTest"/>
  <testcase name="testRandomLongEncoding" time="0.000" classname="org.jsimpledb.util.LongEncoderTest"/>
  <testcase name="testRandomLongEncoding" time="0.000" classname="org.jsimpledb.util.LongEncoderTest"/>
  <testcase name="testRandomLongEncoding" time="0.000" classname="org.jsimpledb.util.LongEncoderTest"/>
  <testcase name="testRandomLongEncoding" time="0.000" classname="org.jsimpledb.util.LongEncoderTest"/>
  <testcase name="testLongEncoding" time="0.000" classname="org.jsimpledb.util.LongEncoderTest"/>
  <testcase name="testRandomLongEncoding" time="0.000" classname="org.jsimpledb.util.LongEncoderTest"/>
  <testcase name="testRandomLongEncoding" time="0.000" classname="org.jsimpledb.util.LongEncoderTest"/>
  <testcase name="testLongEncoding" time="0.000" classname="org.jsimpledb.util.LongEncoderTest"/>
  <testcase name="testLongEncodeLength" time="0.000" classname="org.jsimpledb.util.LongEncoderTest"/>
  <testcase name="testRandomLongEncoding" time="0.000" classname="org.jsimpledb.util.LongEncoderTest"/>
  <testcase name="testRandomLongEncoding" time="0.000" classname="org.jsimpledb.util.LongEncoderTest"/>
  <testcase name="testRandomLongEncoding" time="0.000" classname="org.jsimpledb.util.LongEncoderTest"/>
  <testcase name="testLongEncodeLength" time="0.000" classname="org.jsimpledb.util.LongEncoderTest"/>
  <testcase name="testRandomLongEncoding" time="0.000" classname="org.jsimpledb.util.LongEncoderTest"/>
  <testcase name="testRandomLongEncoding" time="0.000" classname="org.jsimpledb.util.LongEncoderTest"/>
  <testcase name="testRandomLongEncoding" time="0.000" classname="org.jsimpledb.util.LongEncoderTest"/>
  <testcase name="testRandomLongEncoding" time="0.000" classname="org.jsimpledb.util.LongEncoderTest"/>
  <testcase name="testRandomLongEncoding" time="0.000" classname="org.jsimpledb.util.LongEncoderTest"/>
  <testcase name="testRandomLongEncoding" time="0.000" classname="org.jsimpledb.util.LongEncoderTest"/>
  <testcase name="testRandomLongEncoding" time="0.000" classname="org.jsimpledb.util.LongEncoderTest"/>
  <testcase name="testRandomLongEncoding" time="0.000" classname="org.jsimpledb.util.LongEncoderTest"/>
  <testcase name="testRandomLongEncoding" time="0.000" classname="org.jsimpledb.util.LongEncoderTest"/>
  <testcase name="testLongEncoding" time="0.000" classname="org.jsimpledb.util.LongEncoderTest"/>
  <testcase name="testRandomLongEncoding" time="0.000" classname="org.jsimpledb.util.LongEncoderTest"/>
  <testcase name="testRandomLongEncoding" time="0.001" classname="org.jsimpledb.util.LongEncoderTest"/>
  <testcase name="testRandomLongEncoding" time="0.000" classname="org.jsimpledb.util.LongEncoderTest"/>
  <testcase name="testRandomLongEncoding" time="0.000" classname="org.jsimpledb.util.LongEncoderTest"/>
  <testcase name="testRandomLongEncoding" time="0.000" classname="org.jsimpledb.util.LongEncoderTest"/>
  <testcase name="testRandomLongEncoding" time="0.000" classname="org.jsimpledb.util.LongEncoderTest"/>
  <testcase name="testRandomLongEncoding" time="0.000" classname="org.jsimpledb.util.LongEncoderTest"/>
  <testcase name="testRandomLongEncoding" time="0.000" classname="org.jsimpledb.util.LongEncoderTest"/>
  <testcase name="testRandomLongEncoding" time="0.000" classname="org.jsimpledb.util.LongEncoderTest"/>
  <testcase name="testRandomLongEncoding" time="0.000" classname="org.jsimpledb.util.LongEncoderTest"/>
  <testcase name="testRandomLongEncoding" time="0.000" classname="org.jsimpledb.util.LongEncoderTest"/>
  <testcase name="testRandomLongEncoding" time="0.000" classname="org.jsimpledb.util.LongEncoderTest"/>
  <testcase name="testLongEncoding" time="0.000" classname="org.jsimpledb.util.LongEncoderTest"/>
  <testcase name="testRandomLongEncoding" time="0.000" classname="org.jsimpledb.util.LongEncoderTest"/>
  <testcase name="testRandomLongEncoding" time="0.000" classname="org.jsimpledb.util.LongEncoderTest"/>
  <testcase name="testRandomLongEncoding" time="0.000" classname="org.jsimpledb.util.LongEncoderTest"/>
  <testcase name="testRandomLongEncoding" time="0.000" classname="org.jsimpledb.util.LongEncoderTest"/>
  <testcase name="testRandomLongEncoding" time="0.000" classname="org.jsimpledb.util.LongEncoderTest"/>
  <testcase name="testLongEncoding" time="0.001" classname="org.jsimpledb.util.LongEncoderTest"/>
  <testcase name="testRandomLongEncoding" time="0.000" classname="org.jsimpledb.util.LongEncoderTest"/>
  <testcase name="testRandomLongEncoding" time="0.000" classname="org.jsimpledb.util.LongEncoderTest"/>
  <testcase name="testRandomLongEncoding" time="0.000" classname="org.jsimpledb.util.LongEncoderTest"/>
  <testcase name="testRandomLongEncoding" time="0.000" classname="org.jsimpledb.util.LongEncoderTest"/>
  <testcase name="testRandomLongEncoding" time="0.000" classname="org.jsimpledb.util.LongEncoderTest"/>
  <testcase name="testRandomLongEncoding" time="0.000" classname="org.jsimpledb.util.LongEncoderTest"/>
  <testcase name="testRandomLongEncoding" time="0.000" classname="org.jsimpledb.util.LongEncoderTest"/>
  <testcase name="testRandomLongEncoding" time="0.000" classname="org.jsimpledb.util.LongEncoderTest"/>
  <testcase name="testRandomLongEncoding" time="0.000" classname="org.jsimpledb.util.LongEncoderTest"/>
  <testcase name="testRandomLongEncoding" time="0.000" classname="org.jsimpledb.util.LongEncoderTest"/>
  <testcase name="testRandomLongEncoding" time="0.000" classname="org.jsimpledb.util.LongEncoderTest"/>
  <testcase name="testRandomLongEncoding" time="0.000" classname="org.jsimpledb.util.LongEncoderTest"/>
  <testcase name="testRandomLongEncoding" time="0.000" classname="org.jsimpledb.util.LongEncoderTest"/>
  <testcase name="testRandomLongEncoding" time="0.000" classname="org.jsimpledb.util.LongEncoderTest"/>
  <testcase name="testRandomLongEncoding" time="0.000" classname="org.jsimpledb.util.LongEncoderTest"/>
  <testcase name="testRandomLongEncoding" time="0.000" classname="org.jsimpledb.util.LongEncoderTest"/>
  <testcase name="testRandomLongEncoding" time="0.001" classname="org.jsimpledb.util.LongEncoderTest"/>
  <testcase name="testRandomLongEncoding" time="0.000" classname="org.jsimpledb.util.LongEncoderTest"/>
  <testcase name="testRandomLongEncoding" time="0.000" classname="org.jsimpledb.util.LongEncoderTest"/>
  <testcase name="testRandomLongEncoding" time="0.000" classname="org.jsimpledb.util.LongEncoderTest"/>
  <testcase name="testRandomLongEncoding" time="0.000" classname="org.jsimpledb.util.LongEncoderTest"/>
  <testcase name="testRandomLongEncoding" time="0.000" classname="org.jsimpledb.util.LongEncoderTest"/>
  <testcase name="testRandomLongEncoding" time="0.000" classname="org.jsimpledb.util.LongEncoderTest"/>
  <testcase name="testRandomLongEncoding" time="0.000" classname="org.jsimpledb.util.LongEncoderTest"/>
  <testcase name="testRandomLongEncoding" time="0.000" classname="org.jsimpledb.util.LongEncoderTest"/>
  <testcase name="testRandomLongEncoding" time="0.000" classname="org.jsimpledb.util.LongEncoderTest"/>
  <testcase name="testRandomLongEncoding" time="0.000" classname="org.jsimpledb.util.LongEncoderTest"/>
  <testcase name="testRandomLongEncoding" time="0.000" classname="org.jsimpledb.util.LongEncoderTest"/>
  <testcase name="testRandomLongEncoding" time="0.000" classname="org.jsimpledb.util.LongEncoderTest"/>
  <testcase name="testLongEncodeLength" time="0.000" classname="org.jsimpledb.util.LongEncoderTest"/>
  <testcase name="testRandomLongEncoding" time="0.000" classname="org.jsimpledb.util.LongEncoderTest"/>
  <testcase name="testRandomLongEncoding" time="0.000" classname="org.jsimpledb.util.LongEncoderTest"/>
  <testcase name="testRandomLongEncoding" time="0.000" classname="org.jsimpledb.util.LongEncoderTest"/>
  <testcase name="testRandomLongEncoding" time="0.000" classname="org.jsimpledb.util.LongEncoderTest"/>
  <testcase name="testRandomLongEncoding" time="0.000" classname="org.jsimpledb.util.LongEncoderTest"/>
  <testcase name="testRandomLongEncoding" time="0.000" classname="org.jsimpledb.util.LongEncoderTest"/>
  <testcase name="testRandomLongEncoding" time="0.000" classname="org.jsimpledb.util.LongEncoderTest"/>
  <testcase name="testRandomLongEncoding" time="0.000" classname="org.jsimpledb.util.LongEncoderTest"/>
  <testcase name="testRandomLongEncoding" time="0.000" classname="org.jsimpledb.util.LongEncoderTest"/>
  <testcase name="testRandomLongEncoding" time="0.000" classname="org.jsimpledb.util.LongEncoderTest"/>
  <testcase name="testRandomLongEncoding" time="0.000" classname="org.jsimpledb.util.LongEncoderTest"/>
  <testcase name="testRandomLongEncoding" time="0.000" classname="org.jsimpledb.util.LongEncoderTest"/>
  <testcase name="testRandomLongEncoding" time="0.000" classname="org.jsimpledb.util.LongEncoderTest"/>
  <testcase name="testRandomLongEncoding" time="0.000" classname="org.jsimpledb.util.LongEncoderTest"/>
  <testcase name="testRandomLongEncoding" time="0.000" classname="org.jsimpledb.util.LongEncoderTest"/>
</testsuite> <!-- org.jsimpledb.util.LongEncoderTest -->
