<?xml version="1.0" encoding="UTF-8"?>
<!-- Generated by org.testng.reporters.JUnitReportReporter -->
<testsuite hostname="retina.dellroad.org" name="org.jsimpledb.core.FieldTypeTest" tests="12" failures="0" timestamp="17 Jan 2015 15:43:44 GMT" time="0.033" errors="0">
  <testcase name="testFieldType" time="0.012" classname="org.jsimpledb.core.FieldTypeTest"/>
  <testcase name="testFieldType" time="0.001" classname="org.jsimpledb.core.FieldTypeTest"/>
  <testcase name="testFieldType" time="0.006" classname="org.jsimpledb.core.FieldTypeTest"/>
  <testcase name="testFieldType" time="0.000" classname="org.jsimpledb.core.FieldTypeTest"/>
  <testcase name="testFieldType" time="0.005" classname="org.jsimpledb.core.FieldTypeTest"/>
  <testcase name="testFieldType" time="0.001" classname="org.jsimpledb.core.FieldTypeTest"/>
  <testcase name="testFieldType" time="0.000" classname="org.jsimpledb.core.FieldTypeTest"/>
  <testcase name="testFieldType" time="0.007" classname="org.jsimpledb.core.FieldTypeTest"/>
  <testcase name="testFieldType" time="0.001" classname="org.jsimpledb.core.FieldTypeTest"/>
  <testcase name="testFieldType" time="0.000" classname="org.jsimpledb.core.FieldTypeTest"/>
  <testcase name="testFieldType" time="0.000" classname="org.jsimpledb.core.FieldTypeTest"/>
  <testcase name="testFieldType" time="0.000" classname="org.jsimpledb.core.FieldTypeTest"/>
</testsuite> <!-- org.jsimpledb.core.FieldTypeTest -->
