<?xml version="1.0" encoding="UTF-8"?>
<!-- Generated by org.testng.reporters.JUnitReportReporter -->
<testsuite hostname="retina.dellroad.org" name="org.jsimpledb.core.OnDeleteTest" tests="2" failures="0" timestamp="18 Aug 2014 16:45:48 GMT" time="0.087" errors="0">
  <testcase name="testOnDelete" time="0.052" classname="org.jsimpledb.core.OnDeleteTest"/>
  <testcase name="testOnDeleteUpdate" time="0.035" classname="org.jsimpledb.core.OnDeleteTest"/>
</testsuite> <!-- org.jsimpledb.core.OnDeleteTest -->
