<?xml version="1.0" encoding="UTF-8"?>
<!-- Generated by org.testng.reporters.JUnitReportReporter -->
<testsuite hostname="retina.dellroad.org" name="org.jsimpledb.ReferencePathTest" tests="19" failures="0" timestamp="17 Jan 2015 15:43:44 GMT" time="0.155" errors="0">
  <testcase name="testReferencePath" time="0.008" classname="org.jsimpledb.ReferencePathTest"/>
  <testcase name="testReferencePath" time="0.008" classname="org.jsimpledb.ReferencePathTest"/>
  <testcase name="testReferencePath" time="0.009" classname="org.jsimpledb.ReferencePathTest"/>
  <testcase name="testReferencePath" time="0.009" classname="org.jsimpledb.ReferencePathTest"/>
  <testcase name="testReferencePath" time="0.008" classname="org.jsimpledb.ReferencePathTest"/>
  <testcase name="testReferencePath" time="0.009" classname="org.jsimpledb.ReferencePathTest"/>
  <testcase name="testReferencePath" time="0.008" classname="org.jsimpledb.ReferencePathTest"/>
  <testcase name="testReferencePath" time="0.008" classname="org.jsimpledb.ReferencePathTest"/>
  <testcase name="testReferencePath" time="0.008" classname="org.jsimpledb.ReferencePathTest"/>
  <testcase name="testReferencePath" time="0.008" classname="org.jsimpledb.ReferencePathTest"/>
  <testcase name="testReferencePath" time="0.008" classname="org.jsimpledb.ReferencePathTest"/>
  <testcase name="testReferencePath" time="0.008" classname="org.jsimpledb.ReferencePathTest"/>
  <testcase name="testReferencePath" time="0.007" classname="org.jsimpledb.ReferencePathTest"/>
  <testcase name="testReferencePath" time="0.008" classname="org.jsimpledb.ReferencePathTest"/>
  <testcase name="testReferencePath" time="0.007" classname="org.jsimpledb.ReferencePathTest"/>
  <testcase name="testReferencePath" time="0.008" classname="org.jsimpledb.ReferencePathTest"/>
  <testcase name="testReferencePath" time="0.008" classname="org.jsimpledb.ReferencePathTest"/>
  <testcase name="testReferencePath" time="0.007" classname="org.jsimpledb.ReferencePathTest"/>
  <testcase name="testReferencePath" time="0.011" classname="org.jsimpledb.ReferencePathTest"/>
</testsuite> <!-- org.jsimpledb.ReferencePathTest -->
