<?xml version="1.0" encoding="UTF-8"?>
<!-- Generated by org.testng.reporters.JUnitReportReporter -->
<testsuite hostname="retina.dellroad.org" name="org.jsimpledb.GenericsFunTest" tests="5" failures="0" timestamp="7 Mar 2015 18:17:02 GMT" time="0.116" errors="0">
  <testcase name="testGenerics4" time="0.018" classname="org.jsimpledb.GenericsFunTest"/>
  <testcase name="testGenerics2" time="0.023" classname="org.jsimpledb.GenericsFunTest"/>
  <testcase name="testGenerics3" time="0.023" classname="org.jsimpledb.GenericsFunTest"/>
  <testcase name="testGenerics1" time="0.014" classname="org.jsimpledb.GenericsFunTest"/>
  <testcase name="testGenerics5" time="0.038" classname="org.jsimpledb.GenericsFunTest"/>
</testsuite> <!-- org.jsimpledb.GenericsFunTest -->
