<?xml version="1.0" encoding="UTF-8"?>
<!-- Generated by org.testng.reporters.JUnitReportReporter -->
<testsuite hostname="retina.dellroad.org" name="org.jsimpledb.OnDeleteTest" tests="1" failures="0" timestamp="16 Apr 2014 03:18:18 GMT" time="0.025" errors="0">
  <testcase name="testOnDelete" time="0.025" classname="org.jsimpledb.OnDeleteTest"/>
</testsuite> <!-- org.jsimpledb.OnDeleteTest -->
