<?xml version="1.0" encoding="UTF-8"?>
<!-- Generated by org.testng.reporters.JUnitReportReporter -->
<testsuite hostname="retina.dellroad.org" name="org.jsimpledb.core.IndexTest1" tests="2" failures="0" timestamp="16 Apr 2014 03:18:18 GMT" time="0.111" errors="0">
  <testcase name="testSimpleFieldIndexes" time="0.075" classname="org.jsimpledb.core.IndexTest1"/>
  <testcase name="testComplexFieldIndexes" time="0.036" classname="org.jsimpledb.core.IndexTest1"/>
</testsuite> <!-- org.jsimpledb.core.IndexTest1 -->
