<?xml version="1.0" encoding="UTF-8"?>
<!-- Generated by org.testng.reporters.JUnitReportReporter -->
<testsuite hostname="retina.dellroad.org" name="org.jsimpledb.OnChangeTest" tests="2" failures="0" timestamp="7 Mar 2015 18:17:02 GMT" time="0.119" errors="0">
  <testcase name="testSimpleFieldChange" time="0.107" classname="org.jsimpledb.OnChangeTest"/>
  <testcase name="testColorChange" time="0.012" classname="org.jsimpledb.OnChangeTest"/>
</testsuite> <!-- org.jsimpledb.OnChangeTest -->
