<?xml version="1.0" encoding="UTF-8"?>
<!-- Generated by org.testng.reporters.JUnitReportReporter -->
<testsuite hostname="retina.dellroad.org" name="org.jsimpledb.StorageIdTest" tests="1" failures="0" timestamp="28 Jan 2015 23:45:14 GMT" time="0.006" errors="0">
  <testcase name="testStorageIds" time="0.006" classname="org.jsimpledb.StorageIdTest"/>
</testsuite> <!-- org.jsimpledb.StorageIdTest -->
