<?xml version="1.0" encoding="UTF-8"?>
<!-- Generated by org.testng.reporters.JUnitReportReporter -->
<testsuite hostname="retina.dellroad.org" name="org.jsimpledb.RecursiveLoadTest" tests="1" failures="0" timestamp="18 Aug 2014 16:45:48 GMT" time="0.008" errors="0">
  <testcase name="testRecursiveLoad" time="0.008" classname="org.jsimpledb.RecursiveLoadTest"/>
</testsuite> <!-- org.jsimpledb.RecursiveLoadTest -->
