<?xml version="1.0" encoding="UTF-8"?>
<!-- Generated by org.testng.reporters.JUnitReportReporter -->
<testsuite hostname="retina.dellroad.org" name="org.jsimpledb.GenericsFunTest" tests="5" failures="0" timestamp="17 Apr 2015 01:30:29 GMT" time="0.071" errors="0">
  <testcase name="testGenerics5" time="0.016" classname="org.jsimpledb.GenericsFunTest"/>
  <testcase name="testGenerics2" time="0.019" classname="org.jsimpledb.GenericsFunTest"/>
  <testcase name="testGenerics4" time="0.009" classname="org.jsimpledb.GenericsFunTest"/>
  <testcase name="testGenerics3" time="0.012" classname="org.jsimpledb.GenericsFunTest"/>
  <testcase name="testGenerics1" time="0.015" classname="org.jsimpledb.GenericsFunTest"/>
</testsuite> <!-- org.jsimpledb.GenericsFunTest -->
