<?xml version="1.0" encoding="UTF-8"?>
<!-- Generated by org.testng.reporters.JUnitReportReporter -->
<testsuite hostname="retina.dellroad.org" name="org.jsimpledb.RecursiveLoadTest" tests="1" failures="0" timestamp="5 Jan 2015 18:39:07 GMT" time="0.005" errors="0">
  <testcase name="testRecursiveLoad" time="0.005" classname="org.jsimpledb.RecursiveLoadTest"/>
</testsuite> <!-- org.jsimpledb.RecursiveLoadTest -->
