<?xml version="1.0" encoding="UTF-8"?>
<!-- Generated by org.testng.reporters.JUnitReportReporter -->
<testsuite hostname="retina.dellroad.org" name="org.jsimpledb.core.VersionChangeListenerTest" tests="1" failures="0" timestamp="10 Apr 2014 18:53:40 GMT" time="0.039" errors="0">
  <testcase name="testVersionChangeListener" time="0.039" classname="org.jsimpledb.core.VersionChangeListenerTest"/>
</testsuite> <!-- org.jsimpledb.core.VersionChangeListenerTest -->
