<?xml version="1.0" encoding="UTF-8"?>
<!-- Generated by org.testng.reporters.JUnitReportReporter -->
<testsuite hostname="retina.dellroad.org" name="org.jsimpledb.core.FieldMonitorTest" tests="1" failures="0" timestamp="16 Apr 2014 03:18:18 GMT" time="0.035" errors="0">
  <testcase name="testFieldMonitors" time="0.035" classname="org.jsimpledb.core.FieldMonitorTest"/>
</testsuite> <!-- org.jsimpledb.core.FieldMonitorTest -->
