<?xml version="1.0" encoding="UTF-8"?>
<!-- Generated by org.testng.reporters.JUnitReportReporter -->
<testsuite hostname="retina.dellroad.org" name="org.jsimpledb.BasicTest" tests="1" failures="0" timestamp="5 Jan 2015 18:39:07 GMT" time="0.413" errors="0">
  <testcase name="testBasicStuff" time="0.413" classname="org.jsimpledb.BasicTest"/>
</testsuite> <!-- org.jsimpledb.BasicTest -->
