<?xml version="1.0" encoding="UTF-8"?>
<!-- Generated by org.testng.reporters.JUnitReportReporter -->
<testsuite hostname="retina.dellroad.org" name="org.jsimpledb.BasicTest" tests="1" failures="0" timestamp="17 Apr 2015 01:30:29 GMT" time="0.526" errors="0">
  <testcase name="testBasicStuff" time="0.526" classname="org.jsimpledb.BasicTest"/>
</testsuite> <!-- org.jsimpledb.BasicTest -->
