<?xml version="1.0" encoding="UTF-8"?>
<!-- Generated by org.testng.reporters.JUnitReportReporter -->
<testsuite hostname="retina.dellroad.org" name="org.jsimpledb.core.IndexTest1" tests="2" failures="0" timestamp="5 Jan 2015 18:39:07 GMT" time="0.378" errors="0">
  <testcase name="testSimpleFieldIndexes" time="0.145" classname="org.jsimpledb.core.IndexTest1"/>
  <testcase name="testComplexFieldIndexes" time="0.233" classname="org.jsimpledb.core.IndexTest1"/>
</testsuite> <!-- org.jsimpledb.core.IndexTest1 -->
