<?xml version="1.0" encoding="UTF-8"?>
<!-- Generated by org.testng.reporters.JUnitReportReporter -->
<testsuite hostname="retina.dellroad.org" name="org.jsimpledb.core.IndexTest1" tests="2" failures="0" timestamp="17 Apr 2015 01:30:29 GMT" time="0.529" errors="0">
  <testcase name="testComplexFieldIndexes" time="0.358" classname="org.jsimpledb.core.IndexTest1"/>
  <testcase name="testSimpleFieldIndexes" time="0.171" classname="org.jsimpledb.core.IndexTest1"/>
</testsuite> <!-- org.jsimpledb.core.IndexTest1 -->
