<?xml version="1.0" encoding="UTF-8"?>
<!-- Generated by org.testng.reporters.JUnitReportReporter -->
<testsuite hostname="retina.dellroad.org" name="org.jsimpledb.RawTypeTest" tests="1" failures="0" timestamp="18 Aug 2014 16:45:48 GMT" time="0.004" errors="0">
  <testcase name="testRawType" time="0.004" classname="org.jsimpledb.RawTypeTest"/>
</testsuite> <!-- org.jsimpledb.RawTypeTest -->
