<?xml version="1.0" encoding="UTF-8"?>
<!-- Generated by org.testng.reporters.JUnitReportReporter -->
<testsuite hostname="retina.dellroad.org" name="org.jsimpledb.util.GeneratedIdCacheTest" tests="1" failures="0" timestamp="17 Jan 2015 15:43:44 GMT" time="0.004" errors="0">
  <testcase name="testGeneratedIdCache" time="0.004" classname="org.jsimpledb.util.GeneratedIdCacheTest"/>
</testsuite> <!-- org.jsimpledb.util.GeneratedIdCacheTest -->
