<?xml version="1.0" encoding="UTF-8"?>
<!-- Generated by org.testng.reporters.JUnitReportReporter -->
<testsuite hostname="retina.dellroad.org" name="org.jsimpledb.GenericsFunTest" tests="5" failures="0" timestamp="28 Jan 2015 21:37:15 GMT" time="0.059" errors="0">
  <testcase name="testGenerics1" time="0.009" classname="org.jsimpledb.GenericsFunTest"/>
  <testcase name="testGenerics5" time="0.013" classname="org.jsimpledb.GenericsFunTest"/>
  <testcase name="testGenerics2" time="0.015" classname="org.jsimpledb.GenericsFunTest"/>
  <testcase name="testGenerics3" time="0.012" classname="org.jsimpledb.GenericsFunTest"/>
  <testcase name="testGenerics4" time="0.010" classname="org.jsimpledb.GenericsFunTest"/>
</testsuite> <!-- org.jsimpledb.GenericsFunTest -->
