<?xml version="1.0" encoding="UTF-8"?>
<!-- Generated by org.testng.reporters.JUnitReportReporter -->
<testsuite hostname="retina.dellroad.org" name="org.jsimpledb.core.SnapshotTest" tests="3" failures="0" timestamp="18 Aug 2014 16:45:48 GMT" time="0.014" errors="0">
  <testcase name="testSnapshotConflict" time="0.004" classname="org.jsimpledb.core.SnapshotTest"/>
  <testcase name="testSnapshotSame" time="0.002" classname="org.jsimpledb.core.SnapshotTest"/>
  <testcase name="testSnapshot" time="0.008" classname="org.jsimpledb.core.SnapshotTest"/>
</testsuite> <!-- org.jsimpledb.core.SnapshotTest -->
