<?xml version="1.0" encoding="UTF-8"?>
<!-- Generated by org.testng.reporters.JUnitReportReporter -->
<testsuite hostname="retina.dellroad.org" name="org.jsimpledb.core.OnDeleteTest" tests="2" failures="0" timestamp="17 Jan 2015 15:43:44 GMT" time="0.121" errors="0">
  <testcase name="testOnDelete" time="0.064" classname="org.jsimpledb.core.OnDeleteTest"/>
  <testcase name="testOnDeleteUpdate" time="0.057" classname="org.jsimpledb.core.OnDeleteTest"/>
</testsuite> <!-- org.jsimpledb.core.OnDeleteTest -->
