<?xml version="1.0" encoding="UTF-8"?>
<!-- Generated by org.testng.reporters.JUnitReportReporter -->
<testsuite hostname="retina.dellroad.org" name="org.jsimpledb.core.BasicTest1" tests="5" failures="0" timestamp="18 Apr 2014 21:57:29 GMT" time="0.164" errors="0">
  <testcase name="testSetField" time="0.014" classname="org.jsimpledb.core.BasicTest1"/>
  <testcase name="testPrimitiveFields" time="0.009" classname="org.jsimpledb.core.BasicTest1"/>
  <testcase name="testMapField" time="0.125" classname="org.jsimpledb.core.BasicTest1"/>
  <testcase name="testComplexDelete" time="0.005" classname="org.jsimpledb.core.BasicTest1"/>
  <testcase name="testListField" time="0.011" classname="org.jsimpledb.core.BasicTest1"/>
</testsuite> <!-- org.jsimpledb.core.BasicTest1 -->
