<?xml version="1.0" encoding="UTF-8"?>
<!-- Generated by org.testng.reporters.JUnitReportReporter -->
<testsuite hostname="retina.dellroad.org" name="org.jsimpledb.util.UnionNavigableSetTest" tests="3" failures="0" timestamp="18 Aug 2014 16:45:48 GMT" time="0.253" errors="0">
  <testcase name="testRandomUnions" time="0.251" classname="org.jsimpledb.util.UnionNavigableSetTest"/>
  <testcase name="testEmpty2" time="0.000" classname="org.jsimpledb.util.UnionNavigableSetTest"/>
  <testcase name="testEmpty1" time="0.002" classname="org.jsimpledb.util.UnionNavigableSetTest"/>
</testsuite> <!-- org.jsimpledb.util.UnionNavigableSetTest -->
