<?xml version="1.0" encoding="UTF-8"?>
<!-- Generated by org.testng.reporters.JUnitReportReporter -->
<testsuite hostname="retina.dellroad.org" name="org.jsimpledb.OnDeleteTest" tests="1" failures="0" timestamp="10 Apr 2014 18:53:40 GMT" time="0.036" errors="0">
  <testcase name="testOnDelete" time="0.036" classname="org.jsimpledb.OnDeleteTest"/>
</testsuite> <!-- org.jsimpledb.OnDeleteTest -->
