<?xml version="1.0" encoding="UTF-8"?>
<!-- Generated by org.testng.reporters.JUnitReportReporter -->
<testsuite hostname="retina.dellroad.org" name="org.jsimpledb.UniqueConstraintTest" tests="1" failures="0" timestamp="28 Jan 2015 21:37:15 GMT" time="0.083" errors="0">
  <testcase name="testUniqueConstraint" time="0.083" classname="org.jsimpledb.UniqueConstraintTest"/>
</testsuite> <!-- org.jsimpledb.UniqueConstraintTest -->
