<?xml version="1.0" encoding="UTF-8"?>
<!-- Generated by org.testng.reporters.JUnitReportReporter -->
<testsuite hostname="retina.dellroad.org" name="org.jsimpledb.ValidateOnUpdateTest" tests="1" failures="0" timestamp="7 Mar 2015 18:17:02 GMT" time="0.019" errors="0">
  <testcase name="testValidateOnUpdate" time="0.019" classname="org.jsimpledb.ValidateOnUpdateTest"/>
</testsuite> <!-- org.jsimpledb.ValidateOnUpdateTest -->
