<?xml version="1.0" encoding="UTF-8"?>
<!-- Generated by org.testng.reporters.JUnitReportReporter -->
<testsuite hostname="retina.dellroad.org" name="org.jsimpledb.DuplicateReferenceFieldTest" tests="1" failures="0" timestamp="7 Mar 2015 18:17:02 GMT" time="0.468" errors="0">
  <testcase name="testDuplicateReferenceFields" time="0.468" classname="org.jsimpledb.DuplicateReferenceFieldTest"/>
</testsuite> <!-- org.jsimpledb.DuplicateReferenceFieldTest -->
