<?xml version="1.0" encoding="UTF-8"?>
<!-- Generated by org.testng.reporters.JUnitReportReporter -->
<testsuite hostname="retina.dellroad.org" name="org.jsimpledb.ValidationTest" tests="7" failures="0" timestamp="17 Jan 2015 15:43:44 GMT" time="0.115" errors="0">
  <testcase name="testNameThing1" time="0.017" classname="org.jsimpledb.ValidationTest"/>
  <testcase name="testNameThing3" time="0.012" classname="org.jsimpledb.ValidationTest"/>
  <testcase name="testValidation" time="0.045" classname="org.jsimpledb.ValidationTest"/>
  <testcase name="testNameThing2" time="0.010" classname="org.jsimpledb.ValidationTest"/>
  <testcase name="testValidationOnCreate" time="0.010" classname="org.jsimpledb.ValidationTest"/>
  <testcase name="testNameThing4" time="0.010" classname="org.jsimpledb.ValidationTest"/>
  <testcase name="testNameThing5" time="0.011" classname="org.jsimpledb.ValidationTest"/>
</testsuite> <!-- org.jsimpledb.ValidationTest -->
