<?xml version="1.0" encoding="UTF-8"?>
<!-- Generated by org.testng.reporters.JUnitReportReporter -->
<testsuite hostname="retina.dellroad.org" name="org.jsimpledb.core.FieldTypeTest" tests="17" failures="0" timestamp="7 Mar 2015 18:17:02 GMT" time="0.031" errors="0">
  <testcase name="testFieldType" time="0.000" classname="org.jsimpledb.core.FieldTypeTest"/>
  <testcase name="testFieldType" time="0.004" classname="org.jsimpledb.core.FieldTypeTest"/>
  <testcase name="testFieldType" time="0.000" classname="org.jsimpledb.core.FieldTypeTest"/>
  <testcase name="testFieldType" time="0.000" classname="org.jsimpledb.core.FieldTypeTest"/>
  <testcase name="testFieldType" time="0.000" classname="org.jsimpledb.core.FieldTypeTest"/>
  <testcase name="testFieldType" time="0.001" classname="org.jsimpledb.core.FieldTypeTest"/>
  <testcase name="testFieldType" time="0.001" classname="org.jsimpledb.core.FieldTypeTest"/>
  <testcase name="testFieldType" time="0.002" classname="org.jsimpledb.core.FieldTypeTest"/>
  <testcase name="testFieldType" time="0.010" classname="org.jsimpledb.core.FieldTypeTest"/>
  <testcase name="testFieldType" time="0.003" classname="org.jsimpledb.core.FieldTypeTest"/>
  <testcase name="testFieldType" time="0.003" classname="org.jsimpledb.core.FieldTypeTest"/>
  <testcase name="testFieldType" time="0.001" classname="org.jsimpledb.core.FieldTypeTest"/>
  <testcase name="testFieldType" time="0.003" classname="org.jsimpledb.core.FieldTypeTest"/>
  <testcase name="testFieldType" time="0.000" classname="org.jsimpledb.core.FieldTypeTest"/>
  <testcase name="testFieldType" time="0.001" classname="org.jsimpledb.core.FieldTypeTest"/>
  <testcase name="testFieldType" time="0.001" classname="org.jsimpledb.core.FieldTypeTest"/>
  <testcase name="testFieldType" time="0.001" classname="org.jsimpledb.core.FieldTypeTest"/>
</testsuite> <!-- org.jsimpledb.core.FieldTypeTest -->
