<?xml version="1.0" encoding="UTF-8"?>
<!-- Generated by org.testng.reporters.JUnitReportReporter -->
<testsuite hostname="retina.dellroad.org" name="org.jsimpledb.kv.util.XMLSerializerTest" tests="1" failures="0" timestamp="10 Apr 2014 18:53:40 GMT" time="0.008" errors="0">
  <testcase name="testXMLSerializer" time="0.008" classname="org.jsimpledb.kv.util.XMLSerializerTest"/>
</testsuite> <!-- org.jsimpledb.kv.util.XMLSerializerTest -->
