<?xml version="1.0" encoding="UTF-8"?>
<!-- Generated by org.testng.reporters.JUnitReportReporter -->
<testsuite hostname="retina.dellroad.org" name="org.jsimpledb.kv.util.XMLSerializerTest" tests="1" failures="0" timestamp="17 Jan 2015 15:43:44 GMT" time="0.003" errors="0">
  <testcase name="testXMLSerializer" time="0.003" classname="org.jsimpledb.kv.util.XMLSerializerTest"/>
</testsuite> <!-- org.jsimpledb.kv.util.XMLSerializerTest -->
