<?xml version="1.0" encoding="UTF-8"?>
<!-- Generated by org.testng.reporters.JUnitReportReporter -->
<testsuite hostname="retina.dellroad.org" name="org.jsimpledb.kv.simple.SimpleKVDatabaseTest" tests="3" failures="0" timestamp="16 Apr 2014 03:18:18 GMT" time="7.234" errors="0">
  <testcase name="test3" time="2.406" classname="org.jsimpledb.kv.simple.SimpleKVDatabaseTest"/>
  <testcase name="test1" time="0.014" classname="org.jsimpledb.kv.simple.SimpleKVDatabaseTest"/>
  <testcase name="test2" time="4.814" classname="org.jsimpledb.kv.simple.SimpleKVDatabaseTest"/>
</testsuite> <!-- org.jsimpledb.kv.simple.SimpleKVDatabaseTest -->
