<?xml version="1.0" encoding="UTF-8"?>
<!-- Generated by org.testng.reporters.JUnitReportReporter -->
<testsuite hostname="retina.dellroad.org" name="org.jsimpledb.ReferencePathTest" tests="19" failures="0" timestamp="7 Mar 2015 18:17:02 GMT" time="0.223" errors="0">
  <testcase name="testReferencePath" time="0.019" classname="org.jsimpledb.ReferencePathTest"/>
  <testcase name="testReferencePath" time="0.010" classname="org.jsimpledb.ReferencePathTest"/>
  <testcase name="testReferencePath" time="0.014" classname="org.jsimpledb.ReferencePathTest"/>
  <testcase name="testReferencePath" time="0.011" classname="org.jsimpledb.ReferencePathTest"/>
  <testcase name="testReferencePath" time="0.012" classname="org.jsimpledb.ReferencePathTest"/>
  <testcase name="testReferencePath" time="0.013" classname="org.jsimpledb.ReferencePathTest"/>
  <testcase name="testReferencePath" time="0.010" classname="org.jsimpledb.ReferencePathTest"/>
  <testcase name="testReferencePath" time="0.010" classname="org.jsimpledb.ReferencePathTest"/>
  <testcase name="testReferencePath" time="0.008" classname="org.jsimpledb.ReferencePathTest"/>
  <testcase name="testReferencePath" time="0.013" classname="org.jsimpledb.ReferencePathTest"/>
  <testcase name="testReferencePath" time="0.011" classname="org.jsimpledb.ReferencePathTest"/>
  <testcase name="testReferencePath" time="0.012" classname="org.jsimpledb.ReferencePathTest"/>
  <testcase name="testReferencePath" time="0.011" classname="org.jsimpledb.ReferencePathTest"/>
  <testcase name="testReferencePath" time="0.011" classname="org.jsimpledb.ReferencePathTest"/>
  <testcase name="testReferencePath" time="0.013" classname="org.jsimpledb.ReferencePathTest"/>
  <testcase name="testReferencePath" time="0.012" classname="org.jsimpledb.ReferencePathTest"/>
  <testcase name="testReferencePath" time="0.010" classname="org.jsimpledb.ReferencePathTest"/>
  <testcase name="testReferencePath" time="0.011" classname="org.jsimpledb.ReferencePathTest"/>
  <testcase name="testReferencePath" time="0.012" classname="org.jsimpledb.ReferencePathTest"/>
</testsuite> <!-- org.jsimpledb.ReferencePathTest -->
