<?xml version="1.0" encoding="UTF-8"?>
<!-- Generated by org.testng.reporters.JUnitReportReporter -->
<testsuite hostname="retina.dellroad.org" name="org.jsimpledb.spring.SimpleSpringTest" tests="2" failures="0" timestamp="17 Jan 2015 15:43:44 GMT" time="0.071" errors="0">
  <testcase name="testSpring" time="0.070" classname="org.jsimpledb.spring.SimpleSpringTest"/>
  <testcase name="testFilter" time="0.001" classname="org.jsimpledb.spring.SimpleSpringTest"/>
</testsuite> <!-- org.jsimpledb.spring.SimpleSpringTest -->
