<?xml version="1.0" encoding="UTF-8"?>
<!-- Generated by org.testng.reporters.JUnitReportReporter -->
<testsuite hostname="retina.dellroad.org" name="org.jsimpledb.core.FieldTypeTest" tests="8" failures="0" timestamp="18 Apr 2014 02:10:45 GMT" time="0.032" errors="0">
  <testcase name="testFieldType" time="0.013" classname="org.jsimpledb.core.FieldTypeTest"/>
  <testcase name="testFieldType" time="0.002" classname="org.jsimpledb.core.FieldTypeTest"/>
  <testcase name="testFieldType" time="0.005" classname="org.jsimpledb.core.FieldTypeTest"/>
  <testcase name="testFieldType" time="0.003" classname="org.jsimpledb.core.FieldTypeTest"/>
  <testcase name="testFieldType" time="0.003" classname="org.jsimpledb.core.FieldTypeTest"/>
  <testcase name="testFieldType" time="0.006" classname="org.jsimpledb.core.FieldTypeTest"/>
  <testcase name="testFieldType" time="0.000" classname="org.jsimpledb.core.FieldTypeTest"/>
  <testcase name="testFieldType" time="0.000" classname="org.jsimpledb.core.FieldTypeTest"/>
</testsuite> <!-- org.jsimpledb.core.FieldTypeTest -->
