<?xml version="1.0" encoding="UTF-8"?>
<!-- Generated by org.testng.reporters.JUnitReportReporter -->
<testsuite hostname="retina.dellroad.org" name="org.jsimpledb.core.IndexTest1" tests="2" failures="0" timestamp="18 Aug 2014 16:45:48 GMT" time="0.076" errors="0">
  <testcase name="testComplexFieldIndexes" time="0.023" classname="org.jsimpledb.core.IndexTest1"/>
  <testcase name="testSimpleFieldIndexes" time="0.053" classname="org.jsimpledb.core.IndexTest1"/>
</testsuite> <!-- org.jsimpledb.core.IndexTest1 -->
