<?xml version="1.0" encoding="UTF-8"?>
<!-- Generated by org.testng.reporters.JUnitReportReporter -->
<testsuite hostname="retina.dellroad.org" name="org.jsimpledb.kv.simple.SimpleKVDatabaseTest" tests="3" failures="0" timestamp="10 Apr 2014 18:53:40 GMT" time="7.801" errors="0">
  <testcase name="test3" time="2.508" classname="org.jsimpledb.kv.simple.SimpleKVDatabaseTest"/>
  <testcase name="test2" time="5.276" classname="org.jsimpledb.kv.simple.SimpleKVDatabaseTest"/>
  <testcase name="test1" time="0.017" classname="org.jsimpledb.kv.simple.SimpleKVDatabaseTest"/>
</testsuite> <!-- org.jsimpledb.kv.simple.SimpleKVDatabaseTest -->
