<?xml version="1.0" encoding="UTF-8"?>
<!-- Generated by org.testng.reporters.JUnitReportReporter -->
<testsuite hostname="retina.dellroad.org" name="org.jsimpledb.util.ConvertedStuffTest" tests="3" failures="0" timestamp="18 Apr 2014 02:10:45 GMT" time="0.006" errors="0">
  <testcase name="testConvertedList" time="0.002" classname="org.jsimpledb.util.ConvertedStuffTest"/>
  <testcase name="testConvertedSet" time="0.001" classname="org.jsimpledb.util.ConvertedStuffTest"/>
  <testcase name="testConvertedMap" time="0.003" classname="org.jsimpledb.util.ConvertedStuffTest"/>
</testsuite> <!-- org.jsimpledb.util.ConvertedStuffTest -->
