<?xml version="1.0" encoding="UTF-8"?>
<!-- Generated by org.testng.reporters.JUnitReportReporter -->
<testsuite hostname="retina.dellroad.org" name="org.jsimpledb.parse.func.FunctionTest" tests="1" failures="0" timestamp="7 Mar 2015 18:17:02 GMT" time="0.024" errors="0">
  <testcase name="testQueryIndex" time="0.024" classname="org.jsimpledb.parse.func.FunctionTest"/>
</testsuite> <!-- org.jsimpledb.parse.func.FunctionTest -->
