<?xml version="1.0" encoding="UTF-8"?>
<!-- Generated by org.testng.reporters.JUnitReportReporter -->
<testsuite hostname="retina.dellroad.org" name="org.jsimpledb.kv.KVDatabaseTest" tests="4" failures="0" timestamp="17 Jan 2015 15:43:44 GMT" time="10.504" errors="0">
  <testcase name="testSimpleKVTimeouts" time="0.907" classname="org.jsimpledb.kv.KVDatabaseTest"/>
  <testcase name="testKV3" time="2.702" classname="org.jsimpledb.kv.KVDatabaseTest"/>
  <testcase name="testKV2" time="6.783" classname="org.jsimpledb.kv.KVDatabaseTest"/>
  <testcase name="testKV1" time="0.112" classname="org.jsimpledb.kv.KVDatabaseTest"/>
</testsuite> <!-- org.jsimpledb.kv.KVDatabaseTest -->
