<?xml version="1.0" encoding="UTF-8"?>
<!-- Generated by org.testng.reporters.JUnitReportReporter -->
<testsuite hostname="retina.dellroad.org" name="org.jsimpledb.OnCreateTest" tests="2" failures="0" timestamp="28 Jan 2015 21:37:15 GMT" time="0.015" errors="0">
  <testcase name="testOnCreate2" time="0.008" classname="org.jsimpledb.OnCreateTest"/>
  <testcase name="testOnCreate1" time="0.007" classname="org.jsimpledb.OnCreateTest"/>
</testsuite> <!-- org.jsimpledb.OnCreateTest -->
