<?xml version="1.0" encoding="UTF-8"?>
<!-- Generated by org.testng.reporters.JUnitReportReporter -->
<testsuite hostname="retina.dellroad.org" name="org.jsimpledb.util.XMLObjectSerializerTest" tests="1" failures="0" timestamp="16 May 2014 21:39:49 GMT" time="0.063" errors="0">
  <testcase name="testXMLObjectSerializer" time="0.063" classname="org.jsimpledb.util.XMLObjectSerializerTest"/>
</testsuite> <!-- org.jsimpledb.util.XMLObjectSerializerTest -->
