<?xml version="1.0" encoding="UTF-8"?>
<!-- Generated by org.testng.reporters.JUnitReportReporter -->
<testsuite hostname="retina.dellroad.org" name="org.jsimpledb.RawTypeTest" tests="1" failures="0" timestamp="17 Apr 2015 01:30:29 GMT" time="0.012" errors="0">
  <testcase name="testRawType" time="0.012" classname="org.jsimpledb.RawTypeTest"/>
</testsuite> <!-- org.jsimpledb.RawTypeTest -->
