<?xml version="1.0" encoding="UTF-8"?>
<!-- Generated by org.testng.reporters.JUnitReportReporter -->
<testsuite hostname="retina.dellroad.org" name="org.jsimpledb.core.OnDeleteTest" tests="2" failures="0" timestamp="7 Mar 2015 18:17:02 GMT" time="0.134" errors="0">
  <testcase name="testOnDeleteUpdate" time="0.060" classname="org.jsimpledb.core.OnDeleteTest"/>
  <testcase name="testOnDelete" time="0.074" classname="org.jsimpledb.core.OnDeleteTest"/>
</testsuite> <!-- org.jsimpledb.core.OnDeleteTest -->
