<?xml version="1.0" encoding="UTF-8"?>
<!-- Generated by org.testng.reporters.JUnitReportReporter -->
<testsuite hostname="retina.dellroad.org" name="org.jsimpledb.OnChangeTest" tests="1" failures="0" timestamp="16 May 2014 21:39:49 GMT" time="0.054" errors="0">
  <testcase name="testSimpleFieldChange" time="0.054" classname="org.jsimpledb.OnChangeTest"/>
</testsuite> <!-- org.jsimpledb.OnChangeTest -->
