<?xml version="1.0" encoding="UTF-8"?>
<!-- Generated by org.testng.reporters.JUnitReportReporter -->
<testsuite hostname="retina.dellroad.org" name="org.jsimpledb.CompositeIndexTest" tests="1" failures="0" timestamp="28 Jan 2015 21:37:15 GMT" time="2.126" errors="0">
  <testcase name="testCompositeIndex" time="2.126" classname="org.jsimpledb.CompositeIndexTest"/>
</testsuite> <!-- org.jsimpledb.CompositeIndexTest -->
