<?xml version="1.0" encoding="UTF-8"?>
<!-- Generated by org.testng.reporters.JUnitReportReporter -->
<testsuite hostname="retina.dellroad.org" name="org.jsimpledb.kv.KVDatabaseTest" tests="2" failures="0" timestamp="28 Jan 2015 21:37:15 GMT" time="1.028" errors="0">
  <testcase name="testSimpleKVConflicts" time="0.112" classname="org.jsimpledb.kv.KVDatabaseTest"/>
  <testcase name="testSimpleKVTimeouts" time="0.916" classname="org.jsimpledb.kv.KVDatabaseTest"/>
</testsuite> <!-- org.jsimpledb.kv.KVDatabaseTest -->
