<?xml version="1.0" encoding="UTF-8"?>
<!-- Generated by org.testng.reporters.JUnitReportReporter -->
<testsuite hostname="retina.dellroad.org" name="org.jsimpledb.CounterTest" tests="1" failures="0" timestamp="7 May 2014 02:32:10 GMT" time="0.010" errors="0">
  <testcase name="testCounter" time="0.010" classname="org.jsimpledb.CounterTest"/>
</testsuite> <!-- org.jsimpledb.CounterTest -->
