<?xml version="1.0" encoding="UTF-8"?>
<!-- Generated by org.testng.reporters.JUnitReportReporter -->
<testsuite hostname="retina.dellroad.org" name="org.jsimpledb.util.XMLObjectSerializerTest" tests="1" failures="0" timestamp="5 Jan 2015 18:39:07 GMT" time="0.069" errors="0">
  <testcase name="testXMLObjectSerializer" time="0.069" classname="org.jsimpledb.util.XMLObjectSerializerTest"/>
</testsuite> <!-- org.jsimpledb.util.XMLObjectSerializerTest -->
