<?xml version="1.0" encoding="UTF-8"?>
<!-- Generated by org.testng.reporters.JUnitReportReporter -->
<testsuite hostname="retina.dellroad.org" name="org.jsimpledb.core.IndexTest1" tests="2" failures="0" timestamp="28 Jan 2015 21:37:15 GMT" time="0.429" errors="0">
  <testcase name="testComplexFieldIndexes" time="0.266" classname="org.jsimpledb.core.IndexTest1"/>
  <testcase name="testSimpleFieldIndexes" time="0.163" classname="org.jsimpledb.core.IndexTest1"/>
</testsuite> <!-- org.jsimpledb.core.IndexTest1 -->
