<?xml version="1.0" encoding="UTF-8"?>
<!-- Generated by org.testng.reporters.JUnitReportReporter -->
<testsuite hostname="retina.dellroad.org" name="org.jsimpledb.RawTypeTest" tests="1" failures="0" timestamp="17 Jan 2015 15:43:44 GMT" time="0.008" errors="0">
  <testcase name="testRawType" time="0.008" classname="org.jsimpledb.RawTypeTest"/>
</testsuite> <!-- org.jsimpledb.RawTypeTest -->
