<?xml version="1.0" encoding="UTF-8"?>
<!-- Generated by org.testng.reporters.JUnitReportReporter -->
<testsuite hostname="retina.dellroad.org" name="org.jsimpledb.SnapshotTest" tests="2" failures="0" timestamp="7 May 2014 02:32:11 GMT" time="0.032" errors="0">
  <testcase name="testSnapshotInvalid" time="0.008" classname="org.jsimpledb.SnapshotTest"/>
  <testcase name="testSnapshot1" time="0.024" classname="org.jsimpledb.SnapshotTest"/>
</testsuite> <!-- org.jsimpledb.SnapshotTest -->
