<?xml version="1.0" encoding="UTF-8"?>
<!-- Generated by org.testng.reporters.JUnitReportReporter -->
<testsuite hostname="retina.dellroad.org" name="org.jsimpledb.ReferencePathTest" tests="19" failures="0" timestamp="18 Apr 2014 21:57:29 GMT" time="0.102" errors="0">
  <testcase name="testReferencePath" time="0.006" classname="org.jsimpledb.ReferencePathTest"/>
  <testcase name="testReferencePath" time="0.005" classname="org.jsimpledb.ReferencePathTest"/>
  <testcase name="testReferencePath" time="0.006" classname="org.jsimpledb.ReferencePathTest"/>
  <testcase name="testReferencePath" time="0.005" classname="org.jsimpledb.ReferencePathTest"/>
  <testcase name="testReferencePath" time="0.006" classname="org.jsimpledb.ReferencePathTest"/>
  <testcase name="testReferencePath" time="0.006" classname="org.jsimpledb.ReferencePathTest"/>
  <testcase name="testReferencePath" time="0.005" classname="org.jsimpledb.ReferencePathTest"/>
  <testcase name="testReferencePath" time="0.005" classname="org.jsimpledb.ReferencePathTest"/>
  <testcase name="testReferencePath" time="0.005" classname="org.jsimpledb.ReferencePathTest"/>
  <testcase name="testReferencePath" time="0.005" classname="org.jsimpledb.ReferencePathTest"/>
  <testcase name="testReferencePath" time="0.005" classname="org.jsimpledb.ReferencePathTest"/>
  <testcase name="testReferencePath" time="0.005" classname="org.jsimpledb.ReferencePathTest"/>
  <testcase name="testReferencePath" time="0.005" classname="org.jsimpledb.ReferencePathTest"/>
  <testcase name="testReferencePath" time="0.006" classname="org.jsimpledb.ReferencePathTest"/>
  <testcase name="testReferencePath" time="0.005" classname="org.jsimpledb.ReferencePathTest"/>
  <testcase name="testReferencePath" time="0.005" classname="org.jsimpledb.ReferencePathTest"/>
  <testcase name="testReferencePath" time="0.005" classname="org.jsimpledb.ReferencePathTest"/>
  <testcase name="testReferencePath" time="0.006" classname="org.jsimpledb.ReferencePathTest"/>
  <testcase name="testReferencePath" time="0.006" classname="org.jsimpledb.ReferencePathTest"/>
</testsuite> <!-- org.jsimpledb.ReferencePathTest -->
