<?xml version="1.0" encoding="UTF-8"?>
<!-- Generated by org.testng.reporters.JUnitReportReporter -->
<testsuite hostname="retina.dellroad.org" name="org.jsimpledb.EnumFieldTest" tests="2" failures="0" timestamp="28 Jan 2015 21:37:15 GMT" time="0.021" errors="0">
  <testcase name="testEnumConflict" time="0.004" classname="org.jsimpledb.EnumFieldTest"/>
  <testcase name="testEnumFieldUpgrade" time="0.017" classname="org.jsimpledb.EnumFieldTest"/>
</testsuite> <!-- org.jsimpledb.EnumFieldTest -->
