<?xml version="1.0" encoding="UTF-8"?>
<!-- Generated by org.testng.reporters.JUnitReportReporter -->
<testsuite hostname="retina.dellroad.org" name="org.jsimpledb.kv.KVDatabaseTest" tests="4" failures="0" timestamp="18 Aug 2014 16:45:48 GMT" time="10.550" errors="0">
  <testcase name="testKV3" time="2.990" classname="org.jsimpledb.kv.KVDatabaseTest"/>
  <testcase name="testKV2" time="6.539" classname="org.jsimpledb.kv.KVDatabaseTest"/>
  <testcase name="testSimpleKVTimeouts" time="0.908" classname="org.jsimpledb.kv.KVDatabaseTest"/>
  <testcase name="testKV1" time="0.113" classname="org.jsimpledb.kv.KVDatabaseTest"/>
</testsuite> <!-- org.jsimpledb.kv.KVDatabaseTest -->
