<?xml version="1.0" encoding="UTF-8"?>
<!-- Generated by org.testng.reporters.JUnitReportReporter -->
<testsuite hostname="retina.dellroad.org" name="org.jsimpledb.core.CopyToWrongTypeTest" tests="1" failures="0" timestamp="28 Jan 2015 23:45:14 GMT" time="0.002" errors="0">
  <testcase name="testCopyToWrongType" time="0.002" classname="org.jsimpledb.core.CopyToWrongTypeTest"/>
</testsuite> <!-- org.jsimpledb.core.CopyToWrongTypeTest -->
