<?xml version="1.0" encoding="UTF-8"?>
<!-- Generated by org.testng.reporters.JUnitReportReporter -->
<testsuite hostname="retina.dellroad.org" name="org.jsimpledb.InvertReferencePathTest" tests="1" failures="0" timestamp="17 Apr 2015 01:30:29 GMT" time="0.024" errors="0">
  <testcase name="testInvertReferencePath" time="0.024" classname="org.jsimpledb.InvertReferencePathTest"/>
</testsuite> <!-- org.jsimpledb.InvertReferencePathTest -->
