<?xml version="1.0" encoding="UTF-8"?>
<!-- Generated by org.testng.reporters.JUnitReportReporter -->
<testsuite hostname="retina.dellroad.org" name="org.jsimpledb.util.ObjIdMapTest" tests="2" failures="0" timestamp="17 Apr 2015 01:30:29 GMT" time="0.466" errors="0">
  <testcase name="testObjIdMap" time="0.466" classname="org.jsimpledb.util.ObjIdMapTest"/>
  <testcase name="testObjIdMap2" time="0.000" classname="org.jsimpledb.util.ObjIdMapTest"/>
</testsuite> <!-- org.jsimpledb.util.ObjIdMapTest -->
