<?xml version="1.0" encoding="UTF-8"?>
<!-- Generated by org.testng.reporters.JUnitReportReporter -->
<testsuite hostname="retina.dellroad.org" name="org.jsimpledb.util.UnsignedIntEncoderTest" tests="1000" failures="0" timestamp="7 May 2014 02:32:10 GMT" time="0.040" errors="0">
  <testcase name="testRandomUnsignedIntEncoding" time="0.000" classname="org.jsimpledb.util.UnsignedIntEncoderTest"/>
  <testcase name="testRandomUnsignedIntEncoding" time="0.000" classname="org.jsimpledb.util.UnsignedIntEncoderTest"/>
  <testcase name="testRandomUnsignedIntEncoding" time="0.000" classname="org.jsimpledb.util.UnsignedIntEncoderTest"/>
  <testcase name="testRandomUnsignedIntEncoding" time="0.000" classname="org.jsimpledb.util.UnsignedIntEncoderTest"/>
  <testcase name="testRandomUnsignedIntEncoding" time="0.000" classname="org.jsimpledb.util.UnsignedIntEncoderTest"/>
  <testcase name="testRandomUnsignedIntEncoding" time="0.000" classname="org.jsimpledb.util.UnsignedIntEncoderTest"/>
  <testcase name="testRandomUnsignedIntEncoding" time="0.000" classname="org.jsimpledb.util.UnsignedIntEncoderTest"/>
  <testcase name="testRandomUnsignedIntEncoding" time="0.000" classname="org.jsimpledb.util.UnsignedIntEncoderTest"/>
  <testcase name="testRandomUnsignedIntEncoding" time="0.000" classname="org.jsimpledb.util.UnsignedIntEncoderTest"/>
  <testcase name="testRandomUnsignedIntEncoding" time="0.000" classname="org.jsimpledb.util.UnsignedIntEncoderTest"/>
  <testcase name="testRandomUnsignedIntEncoding" time="0.000" classname="org.jsimpledb.util.UnsignedIntEncoderTest"/>
  <testcase name="testRandomUnsignedIntEncoding" time="0.000" classname="org.jsimpledb.util.UnsignedIntEncoderTest"/>
  <testcase name="testRandomUnsignedIntEncoding" time="0.000" classname="org.jsimpledb.util.UnsignedIntEncoderTest"/>
  <testcase name="testRandomUnsignedIntEncoding" time="0.000" classname="org.jsimpledb.util.UnsignedIntEncoderTest"/>
  <testcase name="testRandomUnsignedIntEncoding" time="0.000" classname="org.jsimpledb.util.UnsignedIntEncoderTest"/>
  <testcase name="testRandomUnsignedIntEncoding" time="0.000" classname="org.jsimpledb.util.UnsignedIntEncoderTest"/>
  <testcase name="testRandomUnsignedIntEncoding" time="0.000" classname="org.jsimpledb.util.UnsignedIntEncoderTest"/>
  <testcase name="testRandomUnsignedIntEncoding" time="0.000" classname="org.jsimpledb.util.UnsignedIntEncoderTest"/>
  <testcase name="testRandomUnsignedIntEncoding" time="0.000" classname="org.jsimpledb.util.UnsignedIntEncoderTest"/>
  <testcase name="testRandomUnsignedIntEncoding" time="0.000" classname="org.jsimpledb.util.UnsignedIntEncoderTest"/>
  <testcase name="testRandomUnsignedIntEncoding" time="0.000" classname="org.jsimpledb.util.UnsignedIntEncoderTest"/>
  <testcase name="testRandomUnsignedIntEncoding" time="0.001" classname="org.jsimpledb.util.UnsignedIntEncoderTest"/>
  <testcase name="testRandomUnsignedIntEncoding" time="0.000" classname="org.jsimpledb.util.UnsignedIntEncoderTest"/>
  <testcase name="testRandomUnsignedIntEncoding" time="0.000" classname="org.jsimpledb.util.UnsignedIntEncoderTest"/>
  <testcase name="testRandomUnsignedIntEncoding" time="0.000" classname="org.jsimpledb.util.UnsignedIntEncoderTest"/>
  <testcase name="testRandomUnsignedIntEncoding" time="0.000" classname="org.jsimpledb.util.UnsignedIntEncoderTest"/>
  <testcase name="testRandomUnsignedIntEncoding" time="0.000" classname="org.jsimpledb.util.UnsignedIntEncoderTest"/>
  <testcase name="testRandomUnsignedIntEncoding" time="0.000" classname="org.jsimpledb.util.UnsignedIntEncoderTest"/>
  <testcase name="testRandomUnsignedIntEncoding" time="0.000" classname="org.jsimpledb.util.UnsignedIntEncoderTest"/>
  <testcase name="testRandomUnsignedIntEncoding" time="0.000" classname="org.jsimpledb.util.UnsignedIntEncoderTest"/>
  <testcase name="testRandomUnsignedIntEncoding" time="0.000" classname="org.jsimpledb.util.UnsignedIntEncoderTest"/>
  <testcase name="testRandomUnsignedIntEncoding" time="0.000" classname="org.jsimpledb.util.UnsignedIntEncoderTest"/>
  <testcase name="testRandomUnsignedIntEncoding" time="0.001" classname="org.jsimpledb.util.UnsignedIntEncoderTest"/>
  <testcase name="testRandomUnsignedIntEncoding" time="0.000" classname="org.jsimpledb.util.UnsignedIntEncoderTest"/>
  <testcase name="testRandomUnsignedIntEncoding" time="0.000" classname="org.jsimpledb.util.UnsignedIntEncoderTest"/>
  <testcase name="testRandomUnsignedIntEncoding" time="0.000" classname="org.jsimpledb.util.UnsignedIntEncoderTest"/>
  <testcase name="testRandomUnsignedIntEncoding" time="0.000" classname="org.jsimpledb.util.UnsignedIntEncoderTest"/>
  <testcase name="testRandomUnsignedIntEncoding" time="0.000" classname="org.jsimpledb.util.UnsignedIntEncoderTest"/>
  <testcase name="testRandomUnsignedIntEncoding" time="0.001" classname="org.jsimpledb.util.UnsignedIntEncoderTest"/>
  <testcase name="testRandomUnsignedIntEncoding" time="0.000" classname="org.jsimpledb.util.UnsignedIntEncoderTest"/>
  <testcase name="testRandomUnsignedIntEncoding" time="0.000" classname="org.jsimpledb.util.UnsignedIntEncoderTest"/>
  <testcase name="testRandomUnsignedIntEncoding" time="0.000" classname="org.jsimpledb.util.UnsignedIntEncoderTest"/>
  <testcase name="testRandomUnsignedIntEncoding" time="0.000" classname="org.jsimpledb.util.UnsignedIntEncoderTest"/>
  <testcase name="testRandomUnsignedIntEncoding" time="0.000" classname="org.jsimpledb.util.UnsignedIntEncoderTest"/>
  <testcase name="testRandomUnsignedIntEncoding" time="0.000" classname="org.jsimpledb.util.UnsignedIntEncoderTest"/>
  <testcase name="testRandomUnsignedIntEncoding" time="0.000" classname="org.jsimpledb.util.UnsignedIntEncoderTest"/>
  <testcase name="testRandomUnsignedIntEncoding" time="0.000" classname="org.jsimpledb.util.UnsignedIntEncoderTest"/>
  <testcase name="testRandomUnsignedIntEncoding" time="0.000" classname="org.jsimpledb.util.UnsignedIntEncoderTest"/>
  <testcase name="testRandomUnsignedIntEncoding" time="0.000" classname="org.jsimpledb.util.UnsignedIntEncoderTest"/>
  <testcase name="testRandomUnsignedIntEncoding" time="0.000" classname="org.jsimpledb.util.UnsignedIntEncoderTest"/>
  <testcase name="testRandomUnsignedIntEncoding" time="0.000" classname="org.jsimpledb.util.UnsignedIntEncoderTest"/>
  <testcase name="testRandomUnsignedIntEncoding" time="0.000" classname="org.jsimpledb.util.UnsignedIntEncoderTest"/>
  <testcase name="testRandomUnsignedIntEncoding" time="0.000" classname="org.jsimpledb.util.UnsignedIntEncoderTest"/>
  <testcase name="testRandomUnsignedIntEncoding" time="0.000" classname="org.jsimpledb.util.UnsignedIntEncoderTest"/>
  <testcase name="testRandomUnsignedIntEncoding" time="0.000" classname="org.jsimpledb.util.UnsignedIntEncoderTest"/>
  <testcase name="testRandomUnsignedIntEncoding" time="0.000" classname="org.jsimpledb.util.UnsignedIntEncoderTest"/>
  <testcase name="testRandomUnsignedIntEncoding" time="0.000" classname="org.jsimpledb.util.UnsignedIntEncoderTest"/>
  <testcase name="testRandomUnsignedIntEncoding" time="0.000" classname="org.jsimpledb.util.UnsignedIntEncoderTest"/>
  <testcase name="testRandomUnsignedIntEncoding" time="0.000" classname="org.jsimpledb.util.UnsignedIntEncoderTest"/>
  <testcase name="testRandomUnsignedIntEncoding" time="0.000" classname="org.jsimpledb.util.UnsignedIntEncoderTest"/>
  <testcase name="testRandomUnsignedIntEncoding" time="0.000" classname="org.jsimpledb.util.UnsignedIntEncoderTest"/>
  <testcase name="testRandomUnsignedIntEncoding" time="0.000" classname="org.jsimpledb.util.UnsignedIntEncoderTest"/>
  <testcase name="testRandomUnsignedIntEncoding" time="0.000" classname="org.jsimpledb.util.UnsignedIntEncoderTest"/>
  <testcase name="testRandomUnsignedIntEncoding" time="0.000" classname="org.jsimpledb.util.UnsignedIntEncoderTest"/>
  <testcase name="testRandomUnsignedIntEncoding" time="0.000" classname="org.jsimpledb.util.UnsignedIntEncoderTest"/>
  <testcase name="testRandomUnsignedIntEncoding" time="0.000" classname="org.jsimpledb.util.UnsignedIntEncoderTest"/>
  <testcase name="testRandomUnsignedIntEncoding" time="0.000" classname="org.jsimpledb.util.UnsignedIntEncoderTest"/>
  <testcase name="testRandomUnsignedIntEncoding" time="0.000" classname="org.jsimpledb.util.UnsignedIntEncoderTest"/>
  <testcase name="testRandomUnsignedIntEncoding" time="0.000" classname="org.jsimpledb.util.UnsignedIntEncoderTest"/>
  <testcase name="testRandomUnsignedIntEncoding" time="0.000" classname="org.jsimpledb.util.UnsignedIntEncoderTest"/>
  <testcase name="testRandomUnsignedIntEncoding" time="0.000" classname="org.jsimpledb.util.UnsignedIntEncoderTest"/>
  <testcase name="testRandomUnsignedIntEncoding" time="0.000" classname="org.jsimpledb.util.UnsignedIntEncoderTest"/>
  <testcase name="testRandomUnsignedIntEncoding" time="0.000" classname="org.jsimpledb.util.UnsignedIntEncoderTest"/>
  <testcase name="testRandomUnsignedIntEncoding" time="0.000" classname="org.jsimpledb.util.UnsignedIntEncoderTest"/>
  <testcase name="testRandomUnsignedIntEncoding" time="0.000" classname="org.jsimpledb.util.UnsignedIntEncoderTest"/>
  <testcase name="testRandomUnsignedIntEncoding" time="0.000" classname="org.jsimpledb.util.UnsignedIntEncoderTest"/>
  <testcase name="testRandomUnsignedIntEncoding" time="0.000" classname="org.jsimpledb.util.UnsignedIntEncoderTest"/>
  <testcase name="testRandomUnsignedIntEncoding" time="0.001" classname="org.jsimpledb.util.UnsignedIntEncoderTest"/>
  <testcase name="testRandomUnsignedIntEncoding" time="0.000" classname="org.jsimpledb.util.UnsignedIntEncoderTest"/>
  <testcase name="testRandomUnsignedIntEncoding" time="0.000" classname="org.jsimpledb.util.UnsignedIntEncoderTest"/>
  <testcase name="testRandomUnsignedIntEncoding" time="0.000" classname="org.jsimpledb.util.UnsignedIntEncoderTest"/>
  <testcase name="testRandomUnsignedIntEncoding" time="0.000" classname="org.jsimpledb.util.UnsignedIntEncoderTest"/>
  <testcase name="testRandomUnsignedIntEncoding" time="0.000" classname="org.jsimpledb.util.UnsignedIntEncoderTest"/>
  <testcase name="testRandomUnsignedIntEncoding" time="0.000" classname="org.jsimpledb.util.UnsignedIntEncoderTest"/>
  <testcase name="testRandomUnsignedIntEncoding" time="0.000" classname="org.jsimpledb.util.UnsignedIntEncoderTest"/>
  <testcase name="testRandomUnsignedIntEncoding" time="0.000" classname="org.jsimpledb.util.UnsignedIntEncoderTest"/>
  <testcase name="testRandomUnsignedIntEncoding" time="0.000" classname="org.jsimpledb.util.UnsignedIntEncoderTest"/>
  <testcase name="testRandomUnsignedIntEncoding" time="0.000" classname="org.jsimpledb.util.UnsignedIntEncoderTest"/>
  <testcase name="testRandomUnsignedIntEncoding" time="0.000" classname="org.jsimpledb.util.UnsignedIntEncoderTest"/>
  <testcase name="testRandomUnsignedIntEncoding" time="0.000" classname="org.jsimpledb.util.UnsignedIntEncoderTest"/>
  <testcase name="testRandomUnsignedIntEncoding" time="0.000" classname="org.jsimpledb.util.UnsignedIntEncoderTest"/>
  <testcase name="testRandomUnsignedIntEncoding" time="0.000" classname="org.jsimpledb.util.UnsignedIntEncoderTest"/>
  <testcase name="testRandomUnsignedIntEncoding" time="0.000" classname="org.jsimpledb.util.UnsignedIntEncoderTest"/>
  <testcase name="testRandomUnsignedIntEncoding" time="0.000" classname="org.jsimpledb.util.UnsignedIntEncoderTest"/>
  <testcase name="testRandomUnsignedIntEncoding" time="0.000" classname="org.jsimpledb.util.UnsignedIntEncoderTest"/>
  <testcase name="testRandomUnsignedIntEncoding" time="0.000" classname="org.jsimpledb.util.UnsignedIntEncoderTest"/>
  <testcase name="testRandomUnsignedIntEncoding" time="0.000" classname="org.jsimpledb.util.UnsignedIntEncoderTest"/>
  <testcase name="testRandomUnsignedIntEncoding" time="0.000" classname="org.jsimpledb.util.UnsignedIntEncoderTest"/>
  <testcase name="testRandomUnsignedIntEncoding" time="0.000" classname="org.jsimpledb.util.UnsignedIntEncoderTest"/>
  <testcase name="testRandomUnsignedIntEncoding" time="0.000" classname="org.jsimpledb.util.UnsignedIntEncoderTest"/>
  <testcase name="testRandomUnsignedIntEncoding" time="0.000" classname="org.jsimpledb.util.UnsignedIntEncoderTest"/>
  <testcase name="testRandomUnsignedIntEncoding" time="0.000" classname="org.jsimpledb.util.UnsignedIntEncoderTest"/>
  <testcase name="testRandomUnsignedIntEncoding" time="0.000" classname="org.jsimpledb.util.UnsignedIntEncoderTest"/>
  <testcase name="testRandomUnsignedIntEncoding" time="0.000" classname="org.jsimpledb.util.UnsignedIntEncoderTest"/>
  <testcase name="testRandomUnsignedIntEncoding" time="0.000" classname="org.jsimpledb.util.UnsignedIntEncoderTest"/>
  <testcase name="testRandomUnsignedIntEncoding" time="0.000" classname="org.jsimpledb.util.UnsignedIntEncoderTest"/>
  <testcase name="testRandomUnsignedIntEncoding" time="0.000" classname="org.jsimpledb.util.UnsignedIntEncoderTest"/>
  <testcase name="testRandomUnsignedIntEncoding" time="0.000" classname="org.jsimpledb.util.UnsignedIntEncoderTest"/>
  <testcase name="testRandomUnsignedIntEncoding" time="0.000" classname="org.jsimpledb.util.UnsignedIntEncoderTest"/>
  <testcase name="testRandomUnsignedIntEncoding" time="0.000" classname="org.jsimpledb.util.UnsignedIntEncoderTest"/>
  <testcase name="testRandomUnsignedIntEncoding" time="0.000" classname="org.jsimpledb.util.UnsignedIntEncoderTest"/>
  <testcase name="testRandomUnsignedIntEncoding" time="0.000" classname="org.jsimpledb.util.UnsignedIntEncoderTest"/>
  <testcase name="testRandomUnsignedIntEncoding" time="0.000" classname="org.jsimpledb.util.UnsignedIntEncoderTest"/>
  <testcase name="testRandomUnsignedIntEncoding" time="0.000" classname="org.jsimpledb.util.UnsignedIntEncoderTest"/>
  <testcase name="testRandomUnsignedIntEncoding" time="0.000" classname="org.jsimpledb.util.UnsignedIntEncoderTest"/>
  <testcase name="testRandomUnsignedIntEncoding" time="0.000" classname="org.jsimpledb.util.UnsignedIntEncoderTest"/>
  <testcase name="testRandomUnsignedIntEncoding" time="0.000" classname="org.jsimpledb.util.UnsignedIntEncoderTest"/>
  <testcase name="testRandomUnsignedIntEncoding" time="0.000" classname="org.jsimpledb.util.UnsignedIntEncoderTest"/>
  <testcase name="testRandomUnsignedIntEncoding" time="0.000" classname="org.jsimpledb.util.UnsignedIntEncoderTest"/>
  <testcase name="testRandomUnsignedIntEncoding" time="0.000" classname="org.jsimpledb.util.UnsignedIntEncoderTest"/>
  <testcase name="testRandomUnsignedIntEncoding" time="0.000" classname="org.jsimpledb.util.UnsignedIntEncoderTest"/>
  <testcase name="testRandomUnsignedIntEncoding" time="0.000" classname="org.jsimpledb.util.UnsignedIntEncoderTest"/>
  <testcase name="testRandomUnsignedIntEncoding" time="0.000" classname="org.jsimpledb.util.UnsignedIntEncoderTest"/>
  <testcase name="testRandomUnsignedIntEncoding" time="0.000" classname="org.jsimpledb.util.UnsignedIntEncoderTest"/>
  <testcase name="testRandomUnsignedIntEncoding" time="0.000" classname="org.jsimpledb.util.UnsignedIntEncoderTest"/>
  <testcase name="testRandomUnsignedIntEncoding" time="0.000" classname="org.jsimpledb.util.UnsignedIntEncoderTest"/>
  <testcase name="testRandomUnsignedIntEncoding" time="0.000" classname="org.jsimpledb.util.UnsignedIntEncoderTest"/>
  <testcase name="testRandomUnsignedIntEncoding" time="0.000" classname="org.jsimpledb.util.UnsignedIntEncoderTest"/>
  <testcase name="testRandomUnsignedIntEncoding" time="0.000" classname="org.jsimpledb.util.UnsignedIntEncoderTest"/>
  <testcase name="testRandomUnsignedIntEncoding" time="0.000" classname="org.jsimpledb.util.UnsignedIntEncoderTest"/>
  <testcase name="testRandomUnsignedIntEncoding" time="0.000" classname="org.jsimpledb.util.UnsignedIntEncoderTest"/>
  <testcase name="testRandomUnsignedIntEncoding" time="0.000" classname="org.jsimpledb.util.UnsignedIntEncoderTest"/>
  <testcase name="testRandomUnsignedIntEncoding" time="0.000" classname="org.jsimpledb.util.UnsignedIntEncoderTest"/>
  <testcase name="testRandomUnsignedIntEncoding" time="0.000" classname="org.jsimpledb.util.UnsignedIntEncoderTest"/>
  <testcase name="testRandomUnsignedIntEncoding" time="0.000" classname="org.jsimpledb.util.UnsignedIntEncoderTest"/>
  <testcase name="testRandomUnsignedIntEncoding" time="0.001" classname="org.jsimpledb.util.UnsignedIntEncoderTest"/>
  <testcase name="testRandomUnsignedIntEncoding" time="0.000" classname="org.jsimpledb.util.UnsignedIntEncoderTest"/>
  <testcase name="testRandomUnsignedIntEncoding" time="0.000" classname="org.jsimpledb.util.UnsignedIntEncoderTest"/>
  <testcase name="testRandomUnsignedIntEncoding" time="0.000" classname="org.jsimpledb.util.UnsignedIntEncoderTest"/>
  <testcase name="testRandomUnsignedIntEncoding" time="0.000" classname="org.jsimpledb.util.UnsignedIntEncoderTest"/>
  <testcase name="testRandomUnsignedIntEncoding" time="0.000" classname="org.jsimpledb.util.UnsignedIntEncoderTest"/>
  <testcase name="testRandomUnsignedIntEncoding" time="0.000" classname="org.jsimpledb.util.UnsignedIntEncoderTest"/>
  <testcase name="testRandomUnsignedIntEncoding" time="0.000" classname="org.jsimpledb.util.UnsignedIntEncoderTest"/>
  <testcase name="testRandomUnsignedIntEncoding" time="0.000" classname="org.jsimpledb.util.UnsignedIntEncoderTest"/>
  <testcase name="testRandomUnsignedIntEncoding" time="0.000" classname="org.jsimpledb.util.UnsignedIntEncoderTest"/>
  <testcase name="testRandomUnsignedIntEncoding" time="0.000" classname="org.jsimpledb.util.UnsignedIntEncoderTest"/>
  <testcase name="testRandomUnsignedIntEncoding" time="0.000" classname="org.jsimpledb.util.UnsignedIntEncoderTest"/>
  <testcase name="testRandomUnsignedIntEncoding" time="0.000" classname="org.jsimpledb.util.UnsignedIntEncoderTest"/>
  <testcase name="testRandomUnsignedIntEncoding" time="0.000" classname="org.jsimpledb.util.UnsignedIntEncoderTest"/>
  <testcase name="testRandomUnsignedIntEncoding" time="0.000" classname="org.jsimpledb.util.UnsignedIntEncoderTest"/>
  <testcase name="testRandomUnsignedIntEncoding" time="0.000" classname="org.jsimpledb.util.UnsignedIntEncoderTest"/>
  <testcase name="testRandomUnsignedIntEncoding" time="0.000" classname="org.jsimpledb.util.UnsignedIntEncoderTest"/>
  <testcase name="testRandomUnsignedIntEncoding" time="0.000" classname="org.jsimpledb.util.UnsignedIntEncoderTest"/>
  <testcase name="testRandomUnsignedIntEncoding" time="0.000" classname="org.jsimpledb.util.UnsignedIntEncoderTest"/>
  <testcase name="testRandomUnsignedIntEncoding" time="0.000" classname="org.jsimpledb.util.UnsignedIntEncoderTest"/>
  <testcase name="testRandomUnsignedIntEncoding" time="0.000" classname="org.jsimpledb.util.UnsignedIntEncoderTest"/>
  <testcase name="testRandomUnsignedIntEncoding" time="0.000" classname="org.jsimpledb.util.UnsignedIntEncoderTest"/>
  <testcase name="testRandomUnsignedIntEncoding" time="0.000" classname="org.jsimpledb.util.UnsignedIntEncoderTest"/>
  <testcase name="testRandomUnsignedIntEncoding" time="0.000" classname="org.jsimpledb.util.UnsignedIntEncoderTest"/>
  <testcase name="testRandomUnsignedIntEncoding" time="0.000" classname="org.jsimpledb.util.UnsignedIntEncoderTest"/>
  <testcase name="testRandomUnsignedIntEncoding" time="0.000" classname="org.jsimpledb.util.UnsignedIntEncoderTest"/>
  <testcase name="testRandomUnsignedIntEncoding" time="0.000" classname="org.jsimpledb.util.UnsignedIntEncoderTest"/>
  <testcase name="testRandomUnsignedIntEncoding" time="0.000" classname="org.jsimpledb.util.UnsignedIntEncoderTest"/>
  <testcase name="testRandomUnsignedIntEncoding" time="0.000" classname="org.jsimpledb.util.UnsignedIntEncoderTest"/>
  <testcase name="testRandomUnsignedIntEncoding" time="0.000" classname="org.jsimpledb.util.UnsignedIntEncoderTest"/>
  <testcase name="testRandomUnsignedIntEncoding" time="0.000" classname="org.jsimpledb.util.UnsignedIntEncoderTest"/>
  <testcase name="testRandomUnsignedIntEncoding" time="0.000" classname="org.jsimpledb.util.UnsignedIntEncoderTest"/>
  <testcase name="testRandomUnsignedIntEncoding" time="0.000" classname="org.jsimpledb.util.UnsignedIntEncoderTest"/>
  <testcase name="testRandomUnsignedIntEncoding" time="0.000" classname="org.jsimpledb.util.UnsignedIntEncoderTest"/>
  <testcase name="testRandomUnsignedIntEncoding" time="0.000" classname="org.jsimpledb.util.UnsignedIntEncoderTest"/>
  <testcase name="testRandomUnsignedIntEncoding" time="0.000" classname="org.jsimpledb.util.UnsignedIntEncoderTest"/>
  <testcase name="testRandomUnsignedIntEncoding" time="0.000" classname="org.jsimpledb.util.UnsignedIntEncoderTest"/>
  <testcase name="testRandomUnsignedIntEncoding" time="0.000" classname="org.jsimpledb.util.UnsignedIntEncoderTest"/>
  <testcase name="testRandomUnsignedIntEncoding" time="0.000" classname="org.jsimpledb.util.UnsignedIntEncoderTest"/>
  <testcase name="testRandomUnsignedIntEncoding" time="0.000" classname="org.jsimpledb.util.UnsignedIntEncoderTest"/>
  <testcase name="testRandomUnsignedIntEncoding" time="0.000" classname="org.jsimpledb.util.UnsignedIntEncoderTest"/>
  <testcase name="testRandomUnsignedIntEncoding" time="0.000" classname="org.jsimpledb.util.UnsignedIntEncoderTest"/>
  <testcase name="testRandomUnsignedIntEncoding" time="0.000" classname="org.jsimpledb.util.UnsignedIntEncoderTest"/>
  <testcase name="testRandomUnsignedIntEncoding" time="0.000" classname="org.jsimpledb.util.UnsignedIntEncoderTest"/>
  <testcase name="testRandomUnsignedIntEncoding" time="0.000" classname="org.jsimpledb.util.UnsignedIntEncoderTest"/>
  <testcase name="testRandomUnsignedIntEncoding" time="0.000" classname="org.jsimpledb.util.UnsignedIntEncoderTest"/>
  <testcase name="testRandomUnsignedIntEncoding" time="0.000" classname="org.jsimpledb.util.UnsignedIntEncoderTest"/>
  <testcase name="testRandomUnsignedIntEncoding" time="0.000" classname="org.jsimpledb.util.UnsignedIntEncoderTest"/>
  <testcase name="testRandomUnsignedIntEncoding" time="0.000" classname="org.jsimpledb.util.UnsignedIntEncoderTest"/>
  <testcase name="testRandomUnsignedIntEncoding" time="0.000" classname="org.jsimpledb.util.UnsignedIntEncoderTest"/>
  <testcase name="testRandomUnsignedIntEncoding" time="0.000" classname="org.jsimpledb.util.UnsignedIntEncoderTest"/>
  <testcase name="testRandomUnsignedIntEncoding" time="0.000" classname="org.jsimpledb.util.UnsignedIntEncoderTest"/>
  <testcase name="testRandomUnsignedIntEncoding" time="0.000" classname="org.jsimpledb.util.UnsignedIntEncoderTest"/>
  <testcase name="testRandomUnsignedIntEncoding" time="0.000" classname="org.jsimpledb.util.UnsignedIntEncoderTest"/>
  <testcase name="testRandomUnsignedIntEncoding" time="0.000" classname="org.jsimpledb.util.UnsignedIntEncoderTest"/>
  <testcase name="testRandomUnsignedIntEncoding" time="0.000" classname="org.jsimpledb.util.UnsignedIntEncoderTest"/>
  <testcase name="testRandomUnsignedIntEncoding" time="0.000" classname="org.jsimpledb.util.UnsignedIntEncoderTest"/>
  <testcase name="testRandomUnsignedIntEncoding" time="0.000" classname="org.jsimpledb.util.UnsignedIntEncoderTest"/>
  <testcase name="testRandomUnsignedIntEncoding" time="0.000" classname="org.jsimpledb.util.UnsignedIntEncoderTest"/>
  <testcase name="testRandomUnsignedIntEncoding" time="0.000" classname="org.jsimpledb.util.UnsignedIntEncoderTest"/>
  <testcase name="testRandomUnsignedIntEncoding" time="0.000" classname="org.jsimpledb.util.UnsignedIntEncoderTest"/>
  <testcase name="testRandomUnsignedIntEncoding" time="0.000" classname="org.jsimpledb.util.UnsignedIntEncoderTest"/>
  <testcase name="testRandomUnsignedIntEncoding" time="0.000" classname="org.jsimpledb.util.UnsignedIntEncoderTest"/>
  <testcase name="testRandomUnsignedIntEncoding" time="0.000" classname="org.jsimpledb.util.UnsignedIntEncoderTest"/>
  <testcase name="testRandomUnsignedIntEncoding" time="0.000" classname="org.jsimpledb.util.UnsignedIntEncoderTest"/>
  <testcase name="testRandomUnsignedIntEncoding" time="0.000" classname="org.jsimpledb.util.UnsignedIntEncoderTest"/>
  <testcase name="testRandomUnsignedIntEncoding" time="0.000" classname="org.jsimpledb.util.UnsignedIntEncoderTest"/>
  <testcase name="testRandomUnsignedIntEncoding" time="0.000" classname="org.jsimpledb.util.UnsignedIntEncoderTest"/>
  <testcase name="testRandomUnsignedIntEncoding" time="0.000" classname="org.jsimpledb.util.UnsignedIntEncoderTest"/>
  <testcase name="testRandomUnsignedIntEncoding" time="0.000" classname="org.jsimpledb.util.UnsignedIntEncoderTest"/>
  <testcase name="testRandomUnsignedIntEncoding" time="0.000" classname="org.jsimpledb.util.UnsignedIntEncoderTest"/>
  <testcase name="testRandomUnsignedIntEncoding" time="0.000" classname="org.jsimpledb.util.UnsignedIntEncoderTest"/>
  <testcase name="testRandomUnsignedIntEncoding" time="0.000" classname="org.jsimpledb.util.UnsignedIntEncoderTest"/>
  <testcase name="testRandomUnsignedIntEncoding" time="0.000" classname="org.jsimpledb.util.UnsignedIntEncoderTest"/>
  <testcase name="testRandomUnsignedIntEncoding" time="0.000" classname="org.jsimpledb.util.UnsignedIntEncoderTest"/>
  <testcase name="testRandomUnsignedIntEncoding" time="0.000" classname="org.jsimpledb.util.UnsignedIntEncoderTest"/>
  <testcase name="testRandomUnsignedIntEncoding" time="0.000" classname="org.jsimpledb.util.UnsignedIntEncoderTest"/>
  <testcase name="testRandomUnsignedIntEncoding" time="0.000" classname="org.jsimpledb.util.UnsignedIntEncoderTest"/>
  <testcase name="testRandomUnsignedIntEncoding" time="0.000" classname="org.jsimpledb.util.UnsignedIntEncoderTest"/>
  <testcase name="testRandomUnsignedIntEncoding" time="0.000" classname="org.jsimpledb.util.UnsignedIntEncoderTest"/>
  <testcase name="testRandomUnsignedIntEncoding" time="0.000" classname="org.jsimpledb.util.UnsignedIntEncoderTest"/>
  <testcase name="testRandomUnsignedIntEncoding" time="0.000" classname="org.jsimpledb.util.UnsignedIntEncoderTest"/>
  <testcase name="testRandomUnsignedIntEncoding" time="0.000" classname="org.jsimpledb.util.UnsignedIntEncoderTest"/>
  <testcase name="testRandomUnsignedIntEncoding" time="0.000" classname="org.jsimpledb.util.UnsignedIntEncoderTest"/>
  <testcase name="testRandomUnsignedIntEncoding" time="0.000" classname="org.jsimpledb.util.UnsignedIntEncoderTest"/>
  <testcase name="testRandomUnsignedIntEncoding" time="0.000" classname="org.jsimpledb.util.UnsignedIntEncoderTest"/>
  <testcase name="testRandomUnsignedIntEncoding" time="0.000" classname="org.jsimpledb.util.UnsignedIntEncoderTest"/>
  <testcase name="testRandomUnsignedIntEncoding" time="0.000" classname="org.jsimpledb.util.UnsignedIntEncoderTest"/>
  <testcase name="testRandomUnsignedIntEncoding" time="0.000" classname="org.jsimpledb.util.UnsignedIntEncoderTest"/>
  <testcase name="testRandomUnsignedIntEncoding" time="0.000" classname="org.jsimpledb.util.UnsignedIntEncoderTest"/>
  <testcase name="testRandomUnsignedIntEncoding" time="0.000" classname="org.jsimpledb.util.UnsignedIntEncoderTest"/>
  <testcase name="testRandomUnsignedIntEncoding" time="0.000" classname="org.jsimpledb.util.UnsignedIntEncoderTest"/>
  <testcase name="testRandomUnsignedIntEncoding" time="0.000" classname="org.jsimpledb.util.UnsignedIntEncoderTest"/>
  <testcase name="testRandomUnsignedIntEncoding" time="0.000" classname="org.jsimpledb.util.UnsignedIntEncoderTest"/>
  <testcase name="testRandomUnsignedIntEncoding" time="0.000" classname="org.jsimpledb.util.UnsignedIntEncoderTest"/>
  <testcase name="testRandomUnsignedIntEncoding" time="0.000" classname="org.jsimpledb.util.UnsignedIntEncoderTest"/>
  <testcase name="testRandomUnsignedIntEncoding" time="0.000" classname="org.jsimpledb.util.UnsignedIntEncoderTest"/>
  <testcase name="testRandomUnsignedIntEncoding" time="0.000" classname="org.jsimpledb.util.UnsignedIntEncoderTest"/>
  <testcase name="testRandomUnsignedIntEncoding" time="0.000" classname="org.jsimpledb.util.UnsignedIntEncoderTest"/>
  <testcase name="testRandomUnsignedIntEncoding" time="0.000" classname="org.jsimpledb.util.UnsignedIntEncoderTest"/>
  <testcase name="testRandomUnsignedIntEncoding" time="0.000" classname="org.jsimpledb.util.UnsignedIntEncoderTest"/>
  <testcase name="testRandomUnsignedIntEncoding" time="0.000" classname="org.jsimpledb.util.UnsignedIntEncoderTest"/>
  <testcase name="testRandomUnsignedIntEncoding" time="0.000" classname="org.jsimpledb.util.UnsignedIntEncoderTest"/>
  <testcase name="testRandomUnsignedIntEncoding" time="0.000" classname="org.jsimpledb.util.UnsignedIntEncoderTest"/>
  <testcase name="testRandomUnsignedIntEncoding" time="0.001" classname="org.jsimpledb.util.UnsignedIntEncoderTest"/>
  <testcase name="testRandomUnsignedIntEncoding" time="0.000" classname="org.jsimpledb.util.UnsignedIntEncoderTest"/>
  <testcase name="testRandomUnsignedIntEncoding" time="0.000" classname="org.jsimpledb.util.UnsignedIntEncoderTest"/>
  <testcase name="testRandomUnsignedIntEncoding" time="0.000" classname="org.jsimpledb.util.UnsignedIntEncoderTest"/>
  <testcase name="testRandomUnsignedIntEncoding" time="0.000" classname="org.jsimpledb.util.UnsignedIntEncoderTest"/>
  <testcase name="testRandomUnsignedIntEncoding" time="0.000" classname="org.jsimpledb.util.UnsignedIntEncoderTest"/>
  <testcase name="testRandomUnsignedIntEncoding" time="0.000" classname="org.jsimpledb.util.UnsignedIntEncoderTest"/>
  <testcase name="testRandomUnsignedIntEncoding" time="0.000" classname="org.jsimpledb.util.UnsignedIntEncoderTest"/>
  <testcase name="testRandomUnsignedIntEncoding" time="0.000" classname="org.jsimpledb.util.UnsignedIntEncoderTest"/>
  <testcase name="testRandomUnsignedIntEncoding" time="0.000" classname="org.jsimpledb.util.UnsignedIntEncoderTest"/>
  <testcase name="testRandomUnsignedIntEncoding" time="0.001" classname="org.jsimpledb.util.UnsignedIntEncoderTest"/>
  <testcase name="testRandomUnsignedIntEncoding" time="0.000" classname="org.jsimpledb.util.UnsignedIntEncoderTest"/>
  <testcase name="testRandomUnsignedIntEncoding" time="0.000" classname="org.jsimpledb.util.UnsignedIntEncoderTest"/>
  <testcase name="testRandomUnsignedIntEncoding" time="0.000" classname="org.jsimpledb.util.UnsignedIntEncoderTest"/>
  <testcase name="testRandomUnsignedIntEncoding" time="0.000" classname="org.jsimpledb.util.UnsignedIntEncoderTest"/>
  <testcase name="testRandomUnsignedIntEncoding" time="0.000" classname="org.jsimpledb.util.UnsignedIntEncoderTest"/>
  <testcase name="testRandomUnsignedIntEncoding" time="0.000" classname="org.jsimpledb.util.UnsignedIntEncoderTest"/>
  <testcase name="testRandomUnsignedIntEncoding" time="0.000" classname="org.jsimpledb.util.UnsignedIntEncoderTest"/>
  <testcase name="testRandomUnsignedIntEncoding" time="0.000" classname="org.jsimpledb.util.UnsignedIntEncoderTest"/>
  <testcase name="testRandomUnsignedIntEncoding" time="0.001" classname="org.jsimpledb.util.UnsignedIntEncoderTest"/>
  <testcase name="testRandomUnsignedIntEncoding" time="0.000" classname="org.jsimpledb.util.UnsignedIntEncoderTest"/>
  <testcase name="testRandomUnsignedIntEncoding" time="0.000" classname="org.jsimpledb.util.UnsignedIntEncoderTest"/>
  <testcase name="testRandomUnsignedIntEncoding" time="0.000" classname="org.jsimpledb.util.UnsignedIntEncoderTest"/>
  <testcase name="testRandomUnsignedIntEncoding" time="0.000" classname="org.jsimpledb.util.UnsignedIntEncoderTest"/>
  <testcase name="testRandomUnsignedIntEncoding" time="0.000" classname="org.jsimpledb.util.UnsignedIntEncoderTest"/>
  <testcase name="testRandomUnsignedIntEncoding" time="0.000" classname="org.jsimpledb.util.UnsignedIntEncoderTest"/>
  <testcase name="testRandomUnsignedIntEncoding" time="0.000" classname="org.jsimpledb.util.UnsignedIntEncoderTest"/>
  <testcase name="testRandomUnsignedIntEncoding" time="0.000" classname="org.jsimpledb.util.UnsignedIntEncoderTest"/>
  <testcase name="testRandomUnsignedIntEncoding" time="0.000" classname="org.jsimpledb.util.UnsignedIntEncoderTest"/>
  <testcase name="testRandomUnsignedIntEncoding" time="0.000" classname="org.jsimpledb.util.UnsignedIntEncoderTest"/>
  <testcase name="testRandomUnsignedIntEncoding" time="0.000" classname="org.jsimpledb.util.UnsignedIntEncoderTest"/>
  <testcase name="testRandomUnsignedIntEncoding" time="0.000" classname="org.jsimpledb.util.UnsignedIntEncoderTest"/>
  <testcase name="testRandomUnsignedIntEncoding" time="0.000" classname="org.jsimpledb.util.UnsignedIntEncoderTest"/>
  <testcase name="testRandomUnsignedIntEncoding" time="0.000" classname="org.jsimpledb.util.UnsignedIntEncoderTest"/>
  <testcase name="testRandomUnsignedIntEncoding" time="0.000" classname="org.jsimpledb.util.UnsignedIntEncoderTest"/>
  <testcase name="testRandomUnsignedIntEncoding" time="0.000" classname="org.jsimpledb.util.UnsignedIntEncoderTest"/>
  <testcase name="testRandomUnsignedIntEncoding" time="0.000" classname="org.jsimpledb.util.UnsignedIntEncoderTest"/>
  <testcase name="testRandomUnsignedIntEncoding" time="0.000" classname="org.jsimpledb.util.UnsignedIntEncoderTest"/>
  <testcase name="testRandomUnsignedIntEncoding" time="0.000" classname="org.jsimpledb.util.UnsignedIntEncoderTest"/>
  <testcase name="testRandomUnsignedIntEncoding" time="0.000" classname="org.jsimpledb.util.UnsignedIntEncoderTest"/>
  <testcase name="testRandomUnsignedIntEncoding" time="0.000" classname="org.jsimpledb.util.UnsignedIntEncoderTest"/>
  <testcase name="testRandomUnsignedIntEncoding" time="0.000" classname="org.jsimpledb.util.UnsignedIntEncoderTest"/>
  <testcase name="testRandomUnsignedIntEncoding" time="0.000" classname="org.jsimpledb.util.UnsignedIntEncoderTest"/>
  <testcase name="testRandomUnsignedIntEncoding" time="0.000" classname="org.jsimpledb.util.UnsignedIntEncoderTest"/>
  <testcase name="testRandomUnsignedIntEncoding" time="0.000" classname="org.jsimpledb.util.UnsignedIntEncoderTest"/>
  <testcase name="testRandomUnsignedIntEncoding" time="0.000" classname="org.jsimpledb.util.UnsignedIntEncoderTest"/>
  <testcase name="testRandomUnsignedIntEncoding" time="0.000" classname="org.jsimpledb.util.UnsignedIntEncoderTest"/>
  <testcase name="testRandomUnsignedIntEncoding" time="0.000" classname="org.jsimpledb.util.UnsignedIntEncoderTest"/>
  <testcase name="testRandomUnsignedIntEncoding" time="0.000" classname="org.jsimpledb.util.UnsignedIntEncoderTest"/>
  <testcase name="testRandomUnsignedIntEncoding" time="0.000" classname="org.jsimpledb.util.UnsignedIntEncoderTest"/>
  <testcase name="testRandomUnsignedIntEncoding" time="0.000" classname="org.jsimpledb.util.UnsignedIntEncoderTest"/>
  <testcase name="testRandomUnsignedIntEncoding" time="0.000" classname="org.jsimpledb.util.UnsignedIntEncoderTest"/>
  <testcase name="testRandomUnsignedIntEncoding" time="0.000" classname="org.jsimpledb.util.UnsignedIntEncoderTest"/>
  <testcase name="testRandomUnsignedIntEncoding" time="0.000" classname="org.jsimpledb.util.UnsignedIntEncoderTest"/>
  <testcase name="testRandomUnsignedIntEncoding" time="0.000" classname="org.jsimpledb.util.UnsignedIntEncoderTest"/>
  <testcase name="testRandomUnsignedIntEncoding" time="0.000" classname="org.jsimpledb.util.UnsignedIntEncoderTest"/>
  <testcase name="testRandomUnsignedIntEncoding" time="0.000" classname="org.jsimpledb.util.UnsignedIntEncoderTest"/>
  <testcase name="testRandomUnsignedIntEncoding" time="0.000" classname="org.jsimpledb.util.UnsignedIntEncoderTest"/>
  <testcase name="testRandomUnsignedIntEncoding" time="0.000" classname="org.jsimpledb.util.UnsignedIntEncoderTest"/>
  <testcase name="testRandomUnsignedIntEncoding" time="0.000" classname="org.jsimpledb.util.UnsignedIntEncoderTest"/>
  <testcase name="testRandomUnsignedIntEncoding" time="0.000" classname="org.jsimpledb.util.UnsignedIntEncoderTest"/>
  <testcase name="testRandomUnsignedIntEncoding" time="0.000" classname="org.jsimpledb.util.UnsignedIntEncoderTest"/>
  <testcase name="testRandomUnsignedIntEncoding" time="0.000" classname="org.jsimpledb.util.UnsignedIntEncoderTest"/>
  <testcase name="testRandomUnsignedIntEncoding" time="0.000" classname="org.jsimpledb.util.UnsignedIntEncoderTest"/>
  <testcase name="testRandomUnsignedIntEncoding" time="0.000" classname="org.jsimpledb.util.UnsignedIntEncoderTest"/>
  <testcase name="testRandomUnsignedIntEncoding" time="0.000" classname="org.jsimpledb.util.UnsignedIntEncoderTest"/>
  <testcase name="testRandomUnsignedIntEncoding" time="0.000" classname="org.jsimpledb.util.UnsignedIntEncoderTest"/>
  <testcase name="testRandomUnsignedIntEncoding" time="0.000" classname="org.jsimpledb.util.UnsignedIntEncoderTest"/>
  <testcase name="testRandomUnsignedIntEncoding" time="0.000" classname="org.jsimpledb.util.UnsignedIntEncoderTest"/>
  <testcase name="testRandomUnsignedIntEncoding" time="0.001" classname="org.jsimpledb.util.UnsignedIntEncoderTest"/>
  <testcase name="testRandomUnsignedIntEncoding" time="0.000" classname="org.jsimpledb.util.UnsignedIntEncoderTest"/>
  <testcase name="testRandomUnsignedIntEncoding" time="0.000" classname="org.jsimpledb.util.UnsignedIntEncoderTest"/>
  <testcase name="testRandomUnsignedIntEncoding" time="0.000" classname="org.jsimpledb.util.UnsignedIntEncoderTest"/>
  <testcase name="testRandomUnsignedIntEncoding" time="0.000" classname="org.jsimpledb.util.UnsignedIntEncoderTest"/>
  <testcase name="testRandomUnsignedIntEncoding" time="0.000" classname="org.jsimpledb.util.UnsignedIntEncoderTest"/>
  <testcase name="testRandomUnsignedIntEncoding" time="0.000" classname="org.jsimpledb.util.UnsignedIntEncoderTest"/>
  <testcase name="testRandomUnsignedIntEncoding" time="0.000" classname="org.jsimpledb.util.UnsignedIntEncoderTest"/>
  <testcase name="testRandomUnsignedIntEncoding" time="0.000" classname="org.jsimpledb.util.UnsignedIntEncoderTest"/>
  <testcase name="testRandomUnsignedIntEncoding" time="0.000" classname="org.jsimpledb.util.UnsignedIntEncoderTest"/>
  <testcase name="testRandomUnsignedIntEncoding" time="0.000" classname="org.jsimpledb.util.UnsignedIntEncoderTest"/>
  <testcase name="testRandomUnsignedIntEncoding" time="0.000" classname="org.jsimpledb.util.UnsignedIntEncoderTest"/>
  <testcase name="testRandomUnsignedIntEncoding" time="0.000" classname="org.jsimpledb.util.UnsignedIntEncoderTest"/>
  <testcase name="testRandomUnsignedIntEncoding" time="0.000" classname="org.jsimpledb.util.UnsignedIntEncoderTest"/>
  <testcase name="testRandomUnsignedIntEncoding" time="0.000" classname="org.jsimpledb.util.UnsignedIntEncoderTest"/>
  <testcase name="testRandomUnsignedIntEncoding" time="0.000" classname="org.jsimpledb.util.UnsignedIntEncoderTest"/>
  <testcase name="testRandomUnsignedIntEncoding" time="0.000" classname="org.jsimpledb.util.UnsignedIntEncoderTest"/>
  <testcase name="testRandomUnsignedIntEncoding" time="0.000" classname="org.jsimpledb.util.UnsignedIntEncoderTest"/>
  <testcase name="testRandomUnsignedIntEncoding" time="0.000" classname="org.jsimpledb.util.UnsignedIntEncoderTest"/>
  <testcase name="testRandomUnsignedIntEncoding" time="0.000" classname="org.jsimpledb.util.UnsignedIntEncoderTest"/>
  <testcase name="testRandomUnsignedIntEncoding" time="0.000" classname="org.jsimpledb.util.UnsignedIntEncoderTest"/>
  <testcase name="testRandomUnsignedIntEncoding" time="0.000" classname="org.jsimpledb.util.UnsignedIntEncoderTest"/>
  <testcase name="testRandomUnsignedIntEncoding" time="0.000" classname="org.jsimpledb.util.UnsignedIntEncoderTest"/>
  <testcase name="testRandomUnsignedIntEncoding" time="0.000" classname="org.jsimpledb.util.UnsignedIntEncoderTest"/>
  <testcase name="testRandomUnsignedIntEncoding" time="0.000" classname="org.jsimpledb.util.UnsignedIntEncoderTest"/>
  <testcase name="testRandomUnsignedIntEncoding" time="0.000" classname="org.jsimpledb.util.UnsignedIntEncoderTest"/>
  <testcase name="testRandomUnsignedIntEncoding" time="0.000" classname="org.jsimpledb.util.UnsignedIntEncoderTest"/>
  <testcase name="testRandomUnsignedIntEncoding" time="0.000" classname="org.jsimpledb.util.UnsignedIntEncoderTest"/>
  <testcase name="testRandomUnsignedIntEncoding" time="0.000" classname="org.jsimpledb.util.UnsignedIntEncoderTest"/>
  <testcase name="testRandomUnsignedIntEncoding" time="0.000" classname="org.jsimpledb.util.UnsignedIntEncoderTest"/>
  <testcase name="testRandomUnsignedIntEncoding" time="0.000" classname="org.jsimpledb.util.UnsignedIntEncoderTest"/>
  <testcase name="testRandomUnsignedIntEncoding" time="0.000" classname="org.jsimpledb.util.UnsignedIntEncoderTest"/>
  <testcase name="testRandomUnsignedIntEncoding" time="0.000" classname="org.jsimpledb.util.UnsignedIntEncoderTest"/>
  <testcase name="testRandomUnsignedIntEncoding" time="0.001" classname="org.jsimpledb.util.UnsignedIntEncoderTest"/>
  <testcase name="testRandomUnsignedIntEncoding" time="0.000" classname="org.jsimpledb.util.UnsignedIntEncoderTest"/>
  <testcase name="testRandomUnsignedIntEncoding" time="0.000" classname="org.jsimpledb.util.UnsignedIntEncoderTest"/>
  <testcase name="testRandomUnsignedIntEncoding" time="0.000" classname="org.jsimpledb.util.UnsignedIntEncoderTest"/>
  <testcase name="testRandomUnsignedIntEncoding" time="0.000" classname="org.jsimpledb.util.UnsignedIntEncoderTest"/>
  <testcase name="testRandomUnsignedIntEncoding" time="0.000" classname="org.jsimpledb.util.UnsignedIntEncoderTest"/>
  <testcase name="testRandomUnsignedIntEncoding" time="0.000" classname="org.jsimpledb.util.UnsignedIntEncoderTest"/>
  <testcase name="testRandomUnsignedIntEncoding" time="0.000" classname="org.jsimpledb.util.UnsignedIntEncoderTest"/>
  <testcase name="testRandomUnsignedIntEncoding" time="0.000" classname="org.jsimpledb.util.UnsignedIntEncoderTest"/>
  <testcase name="testRandomUnsignedIntEncoding" time="0.000" classname="org.jsimpledb.util.UnsignedIntEncoderTest"/>
  <testcase name="testRandomUnsignedIntEncoding" time="0.000" classname="org.jsimpledb.util.UnsignedIntEncoderTest"/>
  <testcase name="testRandomUnsignedIntEncoding" time="0.000" classname="org.jsimpledb.util.UnsignedIntEncoderTest"/>
  <testcase name="testRandomUnsignedIntEncoding" time="0.000" classname="org.jsimpledb.util.UnsignedIntEncoderTest"/>
  <testcase name="testRandomUnsignedIntEncoding" time="0.000" classname="org.jsimpledb.util.UnsignedIntEncoderTest"/>
  <testcase name="testRandomUnsignedIntEncoding" time="0.000" classname="org.jsimpledb.util.UnsignedIntEncoderTest"/>
  <testcase name="testRandomUnsignedIntEncoding" time="0.000" classname="org.jsimpledb.util.UnsignedIntEncoderTest"/>
  <testcase name="testRandomUnsignedIntEncoding" time="0.000" classname="org.jsimpledb.util.UnsignedIntEncoderTest"/>
  <testcase name="testRandomUnsignedIntEncoding" time="0.000" classname="org.jsimpledb.util.UnsignedIntEncoderTest"/>
  <testcase name="testRandomUnsignedIntEncoding" time="0.000" classname="org.jsimpledb.util.UnsignedIntEncoderTest"/>
  <testcase name="testRandomUnsignedIntEncoding" time="0.000" classname="org.jsimpledb.util.UnsignedIntEncoderTest"/>
  <testcase name="testRandomUnsignedIntEncoding" time="0.000" classname="org.jsimpledb.util.UnsignedIntEncoderTest"/>
  <testcase name="testRandomUnsignedIntEncoding" time="0.000" classname="org.jsimpledb.util.UnsignedIntEncoderTest"/>
  <testcase name="testRandomUnsignedIntEncoding" time="0.000" classname="org.jsimpledb.util.UnsignedIntEncoderTest"/>
  <testcase name="testRandomUnsignedIntEncoding" time="0.000" classname="org.jsimpledb.util.UnsignedIntEncoderTest"/>
  <testcase name="testRandomUnsignedIntEncoding" time="0.000" classname="org.jsimpledb.util.UnsignedIntEncoderTest"/>
  <testcase name="testRandomUnsignedIntEncoding" time="0.001" classname="org.jsimpledb.util.UnsignedIntEncoderTest"/>
  <testcase name="testRandomUnsignedIntEncoding" time="0.001" classname="org.jsimpledb.util.UnsignedIntEncoderTest"/>
  <testcase name="testRandomUnsignedIntEncoding" time="0.000" classname="org.jsimpledb.util.UnsignedIntEncoderTest"/>
  <testcase name="testRandomUnsignedIntEncoding" time="0.000" classname="org.jsimpledb.util.UnsignedIntEncoderTest"/>
  <testcase name="testRandomUnsignedIntEncoding" time="0.000" classname="org.jsimpledb.util.UnsignedIntEncoderTest"/>
  <testcase name="testRandomUnsignedIntEncoding" time="0.000" classname="org.jsimpledb.util.UnsignedIntEncoderTest"/>
  <testcase name="testRandomUnsignedIntEncoding" time="0.000" classname="org.jsimpledb.util.UnsignedIntEncoderTest"/>
  <testcase name="testRandomUnsignedIntEncoding" time="0.000" classname="org.jsimpledb.util.UnsignedIntEncoderTest"/>
  <testcase name="testRandomUnsignedIntEncoding" time="0.000" classname="org.jsimpledb.util.UnsignedIntEncoderTest"/>
  <testcase name="testRandomUnsignedIntEncoding" time="0.000" classname="org.jsimpledb.util.UnsignedIntEncoderTest"/>
  <testcase name="testRandomUnsignedIntEncoding" time="0.000" classname="org.jsimpledb.util.UnsignedIntEncoderTest"/>
  <testcase name="testRandomUnsignedIntEncoding" time="0.000" classname="org.jsimpledb.util.UnsignedIntEncoderTest"/>
  <testcase name="testRandomUnsignedIntEncoding" time="0.000" classname="org.jsimpledb.util.UnsignedIntEncoderTest"/>
  <testcase name="testRandomUnsignedIntEncoding" time="0.000" classname="org.jsimpledb.util.UnsignedIntEncoderTest"/>
  <testcase name="testRandomUnsignedIntEncoding" time="0.000" classname="org.jsimpledb.util.UnsignedIntEncoderTest"/>
  <testcase name="testRandomUnsignedIntEncoding" time="0.000" classname="org.jsimpledb.util.UnsignedIntEncoderTest"/>
  <testcase name="testRandomUnsignedIntEncoding" time="0.000" classname="org.jsimpledb.util.UnsignedIntEncoderTest"/>
  <testcase name="testRandomUnsignedIntEncoding" time="0.000" classname="org.jsimpledb.util.UnsignedIntEncoderTest"/>
  <testcase name="testRandomUnsignedIntEncoding" time="0.000" classname="org.jsimpledb.util.UnsignedIntEncoderTest"/>
  <testcase name="testRandomUnsignedIntEncoding" time="0.000" classname="org.jsimpledb.util.UnsignedIntEncoderTest"/>
  <testcase name="testRandomUnsignedIntEncoding" time="0.000" classname="org.jsimpledb.util.UnsignedIntEncoderTest"/>
  <testcase name="testRandomUnsignedIntEncoding" time="0.000" classname="org.jsimpledb.util.UnsignedIntEncoderTest"/>
  <testcase name="testRandomUnsignedIntEncoding" time="0.000" classname="org.jsimpledb.util.UnsignedIntEncoderTest"/>
  <testcase name="testRandomUnsignedIntEncoding" time="0.000" classname="org.jsimpledb.util.UnsignedIntEncoderTest"/>
  <testcase name="testRandomUnsignedIntEncoding" time="0.000" classname="org.jsimpledb.util.UnsignedIntEncoderTest"/>
  <testcase name="testRandomUnsignedIntEncoding" time="0.000" classname="org.jsimpledb.util.UnsignedIntEncoderTest"/>
  <testcase name="testRandomUnsignedIntEncoding" time="0.000" classname="org.jsimpledb.util.UnsignedIntEncoderTest"/>
  <testcase name="testRandomUnsignedIntEncoding" time="0.000" classname="org.jsimpledb.util.UnsignedIntEncoderTest"/>
  <testcase name="testRandomUnsignedIntEncoding" time="0.000" classname="org.jsimpledb.util.UnsignedIntEncoderTest"/>
  <testcase name="testRandomUnsignedIntEncoding" time="0.000" classname="org.jsimpledb.util.UnsignedIntEncoderTest"/>
  <testcase name="testRandomUnsignedIntEncoding" time="0.000" classname="org.jsimpledb.util.UnsignedIntEncoderTest"/>
  <testcase name="testRandomUnsignedIntEncoding" time="0.000" classname="org.jsimpledb.util.UnsignedIntEncoderTest"/>
  <testcase name="testRandomUnsignedIntEncoding" time="0.000" classname="org.jsimpledb.util.UnsignedIntEncoderTest"/>
  <testcase name="testRandomUnsignedIntEncoding" time="0.000" classname="org.jsimpledb.util.UnsignedIntEncoderTest"/>
  <testcase name="testRandomUnsignedIntEncoding" time="0.000" classname="org.jsimpledb.util.UnsignedIntEncoderTest"/>
  <testcase name="testRandomUnsignedIntEncoding" time="0.000" classname="org.jsimpledb.util.UnsignedIntEncoderTest"/>
  <testcase name="testRandomUnsignedIntEncoding" time="0.000" classname="org.jsimpledb.util.UnsignedIntEncoderTest"/>
  <testcase name="testRandomUnsignedIntEncoding" time="0.000" classname="org.jsimpledb.util.UnsignedIntEncoderTest"/>
  <testcase name="testRandomUnsignedIntEncoding" time="0.000" classname="org.jsimpledb.util.UnsignedIntEncoderTest"/>
  <testcase name="testRandomUnsignedIntEncoding" time="0.000" classname="org.jsimpledb.util.UnsignedIntEncoderTest"/>
  <testcase name="testRandomUnsignedIntEncoding" time="0.000" classname="org.jsimpledb.util.UnsignedIntEncoderTest"/>
  <testcase name="testRandomUnsignedIntEncoding" time="0.000" classname="org.jsimpledb.util.UnsignedIntEncoderTest"/>
  <testcase name="testRandomUnsignedIntEncoding" time="0.000" classname="org.jsimpledb.util.UnsignedIntEncoderTest"/>
  <testcase name="testRandomUnsignedIntEncoding" time="0.000" classname="org.jsimpledb.util.UnsignedIntEncoderTest"/>
  <testcase name="testRandomUnsignedIntEncoding" time="0.000" classname="org.jsimpledb.util.UnsignedIntEncoderTest"/>
  <testcase name="testRandomUnsignedIntEncoding" time="0.000" classname="org.jsimpledb.util.UnsignedIntEncoderTest"/>
  <testcase name="testRandomUnsignedIntEncoding" time="0.000" classname="org.jsimpledb.util.UnsignedIntEncoderTest"/>
  <testcase name="testRandomUnsignedIntEncoding" time="0.000" classname="org.jsimpledb.util.UnsignedIntEncoderTest"/>
  <testcase name="testRandomUnsignedIntEncoding" time="0.000" classname="org.jsimpledb.util.UnsignedIntEncoderTest"/>
  <testcase name="testRandomUnsignedIntEncoding" time="0.000" classname="org.jsimpledb.util.UnsignedIntEncoderTest"/>
  <testcase name="testRandomUnsignedIntEncoding" time="0.000" classname="org.jsimpledb.util.UnsignedIntEncoderTest"/>
  <testcase name="testRandomUnsignedIntEncoding" time="0.000" classname="org.jsimpledb.util.UnsignedIntEncoderTest"/>
  <testcase name="testRandomUnsignedIntEncoding" time="0.000" classname="org.jsimpledb.util.UnsignedIntEncoderTest"/>
  <testcase name="testRandomUnsignedIntEncoding" time="0.000" classname="org.jsimpledb.util.UnsignedIntEncoderTest"/>
  <testcase name="testRandomUnsignedIntEncoding" time="0.000" classname="org.jsimpledb.util.UnsignedIntEncoderTest"/>
  <testcase name="testRandomUnsignedIntEncoding" time="0.000" classname="org.jsimpledb.util.UnsignedIntEncoderTest"/>
  <testcase name="testRandomUnsignedIntEncoding" time="0.000" classname="org.jsimpledb.util.UnsignedIntEncoderTest"/>
  <testcase name="testRandomUnsignedIntEncoding" time="0.000" classname="org.jsimpledb.util.UnsignedIntEncoderTest"/>
  <testcase name="testRandomUnsignedIntEncoding" time="0.000" classname="org.jsimpledb.util.UnsignedIntEncoderTest"/>
  <testcase name="testRandomUnsignedIntEncoding" time="0.000" classname="org.jsimpledb.util.UnsignedIntEncoderTest"/>
  <testcase name="testRandomUnsignedIntEncoding" time="0.000" classname="org.jsimpledb.util.UnsignedIntEncoderTest"/>
  <testcase name="testRandomUnsignedIntEncoding" time="0.000" classname="org.jsimpledb.util.UnsignedIntEncoderTest"/>
  <testcase name="testRandomUnsignedIntEncoding" time="0.000" classname="org.jsimpledb.util.UnsignedIntEncoderTest"/>
  <testcase name="testRandomUnsignedIntEncoding" time="0.000" classname="org.jsimpledb.util.UnsignedIntEncoderTest"/>
  <testcase name="testRandomUnsignedIntEncoding" time="0.000" classname="org.jsimpledb.util.UnsignedIntEncoderTest"/>
  <testcase name="testRandomUnsignedIntEncoding" time="0.000" classname="org.jsimpledb.util.UnsignedIntEncoderTest"/>
  <testcase name="testRandomUnsignedIntEncoding" time="0.000" classname="org.jsimpledb.util.UnsignedIntEncoderTest"/>
  <testcase name="testRandomUnsignedIntEncoding" time="0.000" classname="org.jsimpledb.util.UnsignedIntEncoderTest"/>
  <testcase name="testRandomUnsignedIntEncoding" time="0.000" classname="org.jsimpledb.util.UnsignedIntEncoderTest"/>
  <testcase name="testRandomUnsignedIntEncoding" time="0.000" classname="org.jsimpledb.util.UnsignedIntEncoderTest"/>
  <testcase name="testRandomUnsignedIntEncoding" time="0.000" classname="org.jsimpledb.util.UnsignedIntEncoderTest"/>
  <testcase name="testRandomUnsignedIntEncoding" time="0.000" classname="org.jsimpledb.util.UnsignedIntEncoderTest"/>
  <testcase name="testRandomUnsignedIntEncoding" time="0.000" classname="org.jsimpledb.util.UnsignedIntEncoderTest"/>
  <testcase name="testRandomUnsignedIntEncoding" time="0.000" classname="org.jsimpledb.util.UnsignedIntEncoderTest"/>
  <testcase name="testRandomUnsignedIntEncoding" time="0.000" classname="org.jsimpledb.util.UnsignedIntEncoderTest"/>
  <testcase name="testRandomUnsignedIntEncoding" time="0.000" classname="org.jsimpledb.util.UnsignedIntEncoderTest"/>
  <testcase name="testRandomUnsignedIntEncoding" time="0.000" classname="org.jsimpledb.util.UnsignedIntEncoderTest"/>
  <testcase name="testRandomUnsignedIntEncoding" time="0.000" classname="org.jsimpledb.util.UnsignedIntEncoderTest"/>
  <testcase name="testRandomUnsignedIntEncoding" time="0.000" classname="org.jsimpledb.util.UnsignedIntEncoderTest"/>
  <testcase name="testRandomUnsignedIntEncoding" time="0.000" classname="org.jsimpledb.util.UnsignedIntEncoderTest"/>
  <testcase name="testRandomUnsignedIntEncoding" time="0.000" classname="org.jsimpledb.util.UnsignedIntEncoderTest"/>
  <testcase name="testRandomUnsignedIntEncoding" time="0.000" classname="org.jsimpledb.util.UnsignedIntEncoderTest"/>
  <testcase name="testRandomUnsignedIntEncoding" time="0.000" classname="org.jsimpledb.util.UnsignedIntEncoderTest"/>
  <testcase name="testRandomUnsignedIntEncoding" time="0.000" classname="org.jsimpledb.util.UnsignedIntEncoderTest"/>
  <testcase name="testRandomUnsignedIntEncoding" time="0.000" classname="org.jsimpledb.util.UnsignedIntEncoderTest"/>
  <testcase name="testRandomUnsignedIntEncoding" time="0.000" classname="org.jsimpledb.util.UnsignedIntEncoderTest"/>
  <testcase name="testRandomUnsignedIntEncoding" time="0.000" classname="org.jsimpledb.util.UnsignedIntEncoderTest"/>
  <testcase name="testRandomUnsignedIntEncoding" time="0.000" classname="org.jsimpledb.util.UnsignedIntEncoderTest"/>
  <testcase name="testRandomUnsignedIntEncoding" time="0.000" classname="org.jsimpledb.util.UnsignedIntEncoderTest"/>
  <testcase name="testRandomUnsignedIntEncoding" time="0.000" classname="org.jsimpledb.util.UnsignedIntEncoderTest"/>
  <testcase name="testRandomUnsignedIntEncoding" time="0.000" classname="org.jsimpledb.util.UnsignedIntEncoderTest"/>
  <testcase name="testRandomUnsignedIntEncoding" time="0.001" classname="org.jsimpledb.util.UnsignedIntEncoderTest"/>
  <testcase name="testRandomUnsignedIntEncoding" time="0.000" classname="org.jsimpledb.util.UnsignedIntEncoderTest"/>
  <testcase name="testRandomUnsignedIntEncoding" time="0.000" classname="org.jsimpledb.util.UnsignedIntEncoderTest"/>
  <testcase name="testRandomUnsignedIntEncoding" time="0.000" classname="org.jsimpledb.util.UnsignedIntEncoderTest"/>
  <testcase name="testRandomUnsignedIntEncoding" time="0.000" classname="org.jsimpledb.util.UnsignedIntEncoderTest"/>
  <testcase name="testRandomUnsignedIntEncoding" time="0.000" classname="org.jsimpledb.util.UnsignedIntEncoderTest"/>
  <testcase name="testRandomUnsignedIntEncoding" time="0.000" classname="org.jsimpledb.util.UnsignedIntEncoderTest"/>
  <testcase name="testRandomUnsignedIntEncoding" time="0.000" classname="org.jsimpledb.util.UnsignedIntEncoderTest"/>
  <testcase name="testRandomUnsignedIntEncoding" time="0.000" classname="org.jsimpledb.util.UnsignedIntEncoderTest"/>
  <testcase name="testRandomUnsignedIntEncoding" time="0.000" classname="org.jsimpledb.util.UnsignedIntEncoderTest"/>
  <testcase name="testRandomUnsignedIntEncoding" time="0.000" classname="org.jsimpledb.util.UnsignedIntEncoderTest"/>
  <testcase name="testRandomUnsignedIntEncoding" time="0.000" classname="org.jsimpledb.util.UnsignedIntEncoderTest"/>
  <testcase name="testRandomUnsignedIntEncoding" time="0.000" classname="org.jsimpledb.util.UnsignedIntEncoderTest"/>
  <testcase name="testRandomUnsignedIntEncoding" time="0.000" classname="org.jsimpledb.util.UnsignedIntEncoderTest"/>
  <testcase name="testRandomUnsignedIntEncoding" time="0.000" classname="org.jsimpledb.util.UnsignedIntEncoderTest"/>
  <testcase name="testRandomUnsignedIntEncoding" time="0.000" classname="org.jsimpledb.util.UnsignedIntEncoderTest"/>
  <testcase name="testRandomUnsignedIntEncoding" time="0.000" classname="org.jsimpledb.util.UnsignedIntEncoderTest"/>
  <testcase name="testRandomUnsignedIntEncoding" time="0.000" classname="org.jsimpledb.util.UnsignedIntEncoderTest"/>
  <testcase name="testRandomUnsignedIntEncoding" time="0.000" classname="org.jsimpledb.util.UnsignedIntEncoderTest"/>
  <testcase name="testRandomUnsignedIntEncoding" time="0.000" classname="org.jsimpledb.util.UnsignedIntEncoderTest"/>
  <testcase name="testRandomUnsignedIntEncoding" time="0.000" classname="org.jsimpledb.util.UnsignedIntEncoderTest"/>
  <testcase name="testRandomUnsignedIntEncoding" time="0.000" classname="org.jsimpledb.util.UnsignedIntEncoderTest"/>
  <testcase name="testRandomUnsignedIntEncoding" time="0.000" classname="org.jsimpledb.util.UnsignedIntEncoderTest"/>
  <testcase name="testRandomUnsignedIntEncoding" time="0.000" classname="org.jsimpledb.util.UnsignedIntEncoderTest"/>
  <testcase name="testRandomUnsignedIntEncoding" time="0.000" classname="org.jsimpledb.util.UnsignedIntEncoderTest"/>
  <testcase name="testRandomUnsignedIntEncoding" time="0.000" classname="org.jsimpledb.util.UnsignedIntEncoderTest"/>
  <testcase name="testRandomUnsignedIntEncoding" time="0.000" classname="org.jsimpledb.util.UnsignedIntEncoderTest"/>
  <testcase name="testRandomUnsignedIntEncoding" time="0.000" classname="org.jsimpledb.util.UnsignedIntEncoderTest"/>
  <testcase name="testRandomUnsignedIntEncoding" time="0.000" classname="org.jsimpledb.util.UnsignedIntEncoderTest"/>
  <testcase name="testRandomUnsignedIntEncoding" time="0.000" classname="org.jsimpledb.util.UnsignedIntEncoderTest"/>
  <testcase name="testRandomUnsignedIntEncoding" time="0.000" classname="org.jsimpledb.util.UnsignedIntEncoderTest"/>
  <testcase name="testRandomUnsignedIntEncoding" time="0.000" classname="org.jsimpledb.util.UnsignedIntEncoderTest"/>
  <testcase name="testRandomUnsignedIntEncoding" time="0.000" classname="org.jsimpledb.util.UnsignedIntEncoderTest"/>
  <testcase name="testRandomUnsignedIntEncoding" time="0.000" classname="org.jsimpledb.util.UnsignedIntEncoderTest"/>
  <testcase name="testRandomUnsignedIntEncoding" time="0.000" classname="org.jsimpledb.util.UnsignedIntEncoderTest"/>
  <testcase name="testRandomUnsignedIntEncoding" time="0.000" classname="org.jsimpledb.util.UnsignedIntEncoderTest"/>
  <testcase name="testRandomUnsignedIntEncoding" time="0.000" classname="org.jsimpledb.util.UnsignedIntEncoderTest"/>
  <testcase name="testRandomUnsignedIntEncoding" time="0.000" classname="org.jsimpledb.util.UnsignedIntEncoderTest"/>
  <testcase name="testRandomUnsignedIntEncoding" time="0.000" classname="org.jsimpledb.util.UnsignedIntEncoderTest"/>
  <testcase name="testRandomUnsignedIntEncoding" time="0.000" classname="org.jsimpledb.util.UnsignedIntEncoderTest"/>
  <testcase name="testRandomUnsignedIntEncoding" time="0.000" classname="org.jsimpledb.util.UnsignedIntEncoderTest"/>
  <testcase name="testRandomUnsignedIntEncoding" time="0.000" classname="org.jsimpledb.util.UnsignedIntEncoderTest"/>
  <testcase name="testRandomUnsignedIntEncoding" time="0.000" classname="org.jsimpledb.util.UnsignedIntEncoderTest"/>
  <testcase name="testRandomUnsignedIntEncoding" time="0.000" classname="org.jsimpledb.util.UnsignedIntEncoderTest"/>
  <testcase name="testRandomUnsignedIntEncoding" time="0.000" classname="org.jsimpledb.util.UnsignedIntEncoderTest"/>
  <testcase name="testRandomUnsignedIntEncoding" time="0.000" classname="org.jsimpledb.util.UnsignedIntEncoderTest"/>
  <testcase name="testRandomUnsignedIntEncoding" time="0.000" classname="org.jsimpledb.util.UnsignedIntEncoderTest"/>
  <testcase name="testRandomUnsignedIntEncoding" time="0.000" classname="org.jsimpledb.util.UnsignedIntEncoderTest"/>
  <testcase name="testRandomUnsignedIntEncoding" time="0.000" classname="org.jsimpledb.util.UnsignedIntEncoderTest"/>
  <testcase name="testRandomUnsignedIntEncoding" time="0.000" classname="org.jsimpledb.util.UnsignedIntEncoderTest"/>
  <testcase name="testRandomUnsignedIntEncoding" time="0.000" classname="org.jsimpledb.util.UnsignedIntEncoderTest"/>
  <testcase name="testRandomUnsignedIntEncoding" time="0.000" classname="org.jsimpledb.util.UnsignedIntEncoderTest"/>
  <testcase name="testRandomUnsignedIntEncoding" time="0.001" classname="org.jsimpledb.util.UnsignedIntEncoderTest"/>
  <testcase name="testRandomUnsignedIntEncoding" time="0.001" classname="org.jsimpledb.util.UnsignedIntEncoderTest"/>
  <testcase name="testRandomUnsignedIntEncoding" time="0.001" classname="org.jsimpledb.util.UnsignedIntEncoderTest"/>
  <testcase name="testRandomUnsignedIntEncoding" time="0.000" classname="org.jsimpledb.util.UnsignedIntEncoderTest"/>
  <testcase name="testRandomUnsignedIntEncoding" time="0.000" classname="org.jsimpledb.util.UnsignedIntEncoderTest"/>
  <testcase name="testRandomUnsignedIntEncoding" time="0.000" classname="org.jsimpledb.util.UnsignedIntEncoderTest"/>
  <testcase name="testRandomUnsignedIntEncoding" time="0.000" classname="org.jsimpledb.util.UnsignedIntEncoderTest"/>
  <testcase name="testRandomUnsignedIntEncoding" time="0.000" classname="org.jsimpledb.util.UnsignedIntEncoderTest"/>
  <testcase name="testRandomUnsignedIntEncoding" time="0.001" classname="org.jsimpledb.util.UnsignedIntEncoderTest"/>
  <testcase name="testRandomUnsignedIntEncoding" time="0.000" classname="org.jsimpledb.util.UnsignedIntEncoderTest"/>
  <testcase name="testRandomUnsignedIntEncoding" time="0.000" classname="org.jsimpledb.util.UnsignedIntEncoderTest"/>
  <testcase name="testRandomUnsignedIntEncoding" time="0.000" classname="org.jsimpledb.util.UnsignedIntEncoderTest"/>
  <testcase name="testRandomUnsignedIntEncoding" time="0.000" classname="org.jsimpledb.util.UnsignedIntEncoderTest"/>
  <testcase name="testRandomUnsignedIntEncoding" time="0.000" classname="org.jsimpledb.util.UnsignedIntEncoderTest"/>
  <testcase name="testRandomUnsignedIntEncoding" time="0.000" classname="org.jsimpledb.util.UnsignedIntEncoderTest"/>
  <testcase name="testRandomUnsignedIntEncoding" time="0.000" classname="org.jsimpledb.util.UnsignedIntEncoderTest"/>
  <testcase name="testRandomUnsignedIntEncoding" time="0.000" classname="org.jsimpledb.util.UnsignedIntEncoderTest"/>
  <testcase name="testRandomUnsignedIntEncoding" time="0.000" classname="org.jsimpledb.util.UnsignedIntEncoderTest"/>
  <testcase name="testRandomUnsignedIntEncoding" time="0.000" classname="org.jsimpledb.util.UnsignedIntEncoderTest"/>
  <testcase name="testRandomUnsignedIntEncoding" time="0.000" classname="org.jsimpledb.util.UnsignedIntEncoderTest"/>
  <testcase name="testRandomUnsignedIntEncoding" time="0.000" classname="org.jsimpledb.util.UnsignedIntEncoderTest"/>
  <testcase name="testRandomUnsignedIntEncoding" time="0.000" classname="org.jsimpledb.util.UnsignedIntEncoderTest"/>
  <testcase name="testRandomUnsignedIntEncoding" time="0.000" classname="org.jsimpledb.util.UnsignedIntEncoderTest"/>
  <testcase name="testRandomUnsignedIntEncoding" time="0.000" classname="org.jsimpledb.util.UnsignedIntEncoderTest"/>
  <testcase name="testRandomUnsignedIntEncoding" time="0.000" classname="org.jsimpledb.util.UnsignedIntEncoderTest"/>
  <testcase name="testRandomUnsignedIntEncoding" time="0.000" classname="org.jsimpledb.util.UnsignedIntEncoderTest"/>
  <testcase name="testRandomUnsignedIntEncoding" time="0.000" classname="org.jsimpledb.util.UnsignedIntEncoderTest"/>
  <testcase name="testRandomUnsignedIntEncoding" time="0.001" classname="org.jsimpledb.util.UnsignedIntEncoderTest"/>
  <testcase name="testRandomUnsignedIntEncoding" time="0.000" classname="org.jsimpledb.util.UnsignedIntEncoderTest"/>
  <testcase name="testRandomUnsignedIntEncoding" time="0.000" classname="org.jsimpledb.util.UnsignedIntEncoderTest"/>
  <testcase name="testRandomUnsignedIntEncoding" time="0.000" classname="org.jsimpledb.util.UnsignedIntEncoderTest"/>
  <testcase name="testRandomUnsignedIntEncoding" time="0.000" classname="org.jsimpledb.util.UnsignedIntEncoderTest"/>
  <testcase name="testRandomUnsignedIntEncoding" time="0.000" classname="org.jsimpledb.util.UnsignedIntEncoderTest"/>
  <testcase name="testRandomUnsignedIntEncoding" time="0.000" classname="org.jsimpledb.util.UnsignedIntEncoderTest"/>
  <testcase name="testRandomUnsignedIntEncoding" time="0.000" classname="org.jsimpledb.util.UnsignedIntEncoderTest"/>
  <testcase name="testRandomUnsignedIntEncoding" time="0.000" classname="org.jsimpledb.util.UnsignedIntEncoderTest"/>
  <testcase name="testRandomUnsignedIntEncoding" time="0.000" classname="org.jsimpledb.util.UnsignedIntEncoderTest"/>
  <testcase name="testRandomUnsignedIntEncoding" time="0.000" classname="org.jsimpledb.util.UnsignedIntEncoderTest"/>
  <testcase name="testRandomUnsignedIntEncoding" time="0.000" classname="org.jsimpledb.util.UnsignedIntEncoderTest"/>
  <testcase name="testRandomUnsignedIntEncoding" time="0.000" classname="org.jsimpledb.util.UnsignedIntEncoderTest"/>
  <testcase name="testRandomUnsignedIntEncoding" time="0.000" classname="org.jsimpledb.util.UnsignedIntEncoderTest"/>
  <testcase name="testRandomUnsignedIntEncoding" time="0.000" classname="org.jsimpledb.util.UnsignedIntEncoderTest"/>
  <testcase name="testRandomUnsignedIntEncoding" time="0.001" classname="org.jsimpledb.util.UnsignedIntEncoderTest"/>
  <testcase name="testRandomUnsignedIntEncoding" time="0.001" classname="org.jsimpledb.util.UnsignedIntEncoderTest"/>
  <testcase name="testRandomUnsignedIntEncoding" time="0.000" classname="org.jsimpledb.util.UnsignedIntEncoderTest"/>
  <testcase name="testRandomUnsignedIntEncoding" time="0.000" classname="org.jsimpledb.util.UnsignedIntEncoderTest"/>
  <testcase name="testRandomUnsignedIntEncoding" time="0.001" classname="org.jsimpledb.util.UnsignedIntEncoderTest"/>
  <testcase name="testRandomUnsignedIntEncoding" time="0.000" classname="org.jsimpledb.util.UnsignedIntEncoderTest"/>
  <testcase name="testRandomUnsignedIntEncoding" time="0.000" classname="org.jsimpledb.util.UnsignedIntEncoderTest"/>
  <testcase name="testRandomUnsignedIntEncoding" time="0.000" classname="org.jsimpledb.util.UnsignedIntEncoderTest"/>
  <testcase name="testRandomUnsignedIntEncoding" time="0.000" classname="org.jsimpledb.util.UnsignedIntEncoderTest"/>
  <testcase name="testRandomUnsignedIntEncoding" time="0.000" classname="org.jsimpledb.util.UnsignedIntEncoderTest"/>
  <testcase name="testRandomUnsignedIntEncoding" time="0.000" classname="org.jsimpledb.util.UnsignedIntEncoderTest"/>
  <testcase name="testRandomUnsignedIntEncoding" time="0.000" classname="org.jsimpledb.util.UnsignedIntEncoderTest"/>
  <testcase name="testRandomUnsignedIntEncoding" time="0.000" classname="org.jsimpledb.util.UnsignedIntEncoderTest"/>
  <testcase name="testRandomUnsignedIntEncoding" time="0.000" classname="org.jsimpledb.util.UnsignedIntEncoderTest"/>
  <testcase name="testRandomUnsignedIntEncoding" time="0.000" classname="org.jsimpledb.util.UnsignedIntEncoderTest"/>
  <testcase name="testRandomUnsignedIntEncoding" time="0.000" classname="org.jsimpledb.util.UnsignedIntEncoderTest"/>
  <testcase name="testRandomUnsignedIntEncoding" time="0.001" classname="org.jsimpledb.util.UnsignedIntEncoderTest"/>
  <testcase name="testRandomUnsignedIntEncoding" time="0.000" classname="org.jsimpledb.util.UnsignedIntEncoderTest"/>
  <testcase name="testRandomUnsignedIntEncoding" time="0.000" classname="org.jsimpledb.util.UnsignedIntEncoderTest"/>
  <testcase name="testRandomUnsignedIntEncoding" time="0.000" classname="org.jsimpledb.util.UnsignedIntEncoderTest"/>
  <testcase name="testRandomUnsignedIntEncoding" time="0.000" classname="org.jsimpledb.util.UnsignedIntEncoderTest"/>
  <testcase name="testRandomUnsignedIntEncoding" time="0.000" classname="org.jsimpledb.util.UnsignedIntEncoderTest"/>
  <testcase name="testRandomUnsignedIntEncoding" time="0.000" classname="org.jsimpledb.util.UnsignedIntEncoderTest"/>
  <testcase name="testRandomUnsignedIntEncoding" time="0.000" classname="org.jsimpledb.util.UnsignedIntEncoderTest"/>
  <testcase name="testRandomUnsignedIntEncoding" time="0.000" classname="org.jsimpledb.util.UnsignedIntEncoderTest"/>
  <testcase name="testRandomUnsignedIntEncoding" time="0.000" classname="org.jsimpledb.util.UnsignedIntEncoderTest"/>
  <testcase name="testRandomUnsignedIntEncoding" time="0.000" classname="org.jsimpledb.util.UnsignedIntEncoderTest"/>
  <testcase name="testRandomUnsignedIntEncoding" time="0.001" classname="org.jsimpledb.util.UnsignedIntEncoderTest"/>
  <testcase name="testRandomUnsignedIntEncoding" time="0.000" classname="org.jsimpledb.util.UnsignedIntEncoderTest"/>
  <testcase name="testRandomUnsignedIntEncoding" time="0.000" classname="org.jsimpledb.util.UnsignedIntEncoderTest"/>
  <testcase name="testRandomUnsignedIntEncoding" time="0.000" classname="org.jsimpledb.util.UnsignedIntEncoderTest"/>
  <testcase name="testRandomUnsignedIntEncoding" time="0.000" classname="org.jsimpledb.util.UnsignedIntEncoderTest"/>
  <testcase name="testRandomUnsignedIntEncoding" time="0.001" classname="org.jsimpledb.util.UnsignedIntEncoderTest"/>
  <testcase name="testRandomUnsignedIntEncoding" time="0.000" classname="org.jsimpledb.util.UnsignedIntEncoderTest"/>
  <testcase name="testRandomUnsignedIntEncoding" time="0.000" classname="org.jsimpledb.util.UnsignedIntEncoderTest"/>
  <testcase name="testRandomUnsignedIntEncoding" time="0.000" classname="org.jsimpledb.util.UnsignedIntEncoderTest"/>
  <testcase name="testRandomUnsignedIntEncoding" time="0.000" classname="org.jsimpledb.util.UnsignedIntEncoderTest"/>
  <testcase name="testRandomUnsignedIntEncoding" time="0.000" classname="org.jsimpledb.util.UnsignedIntEncoderTest"/>
  <testcase name="testRandomUnsignedIntEncoding" time="0.000" classname="org.jsimpledb.util.UnsignedIntEncoderTest"/>
  <testcase name="testRandomUnsignedIntEncoding" time="0.000" classname="org.jsimpledb.util.UnsignedIntEncoderTest"/>
  <testcase name="testRandomUnsignedIntEncoding" time="0.000" classname="org.jsimpledb.util.UnsignedIntEncoderTest"/>
  <testcase name="testRandomUnsignedIntEncoding" time="0.000" classname="org.jsimpledb.util.UnsignedIntEncoderTest"/>
  <testcase name="testRandomUnsignedIntEncoding" time="0.000" classname="org.jsimpledb.util.UnsignedIntEncoderTest"/>
  <testcase name="testRandomUnsignedIntEncoding" time="0.000" classname="org.jsimpledb.util.UnsignedIntEncoderTest"/>
  <testcase name="testRandomUnsignedIntEncoding" time="0.001" classname="org.jsimpledb.util.UnsignedIntEncoderTest"/>
  <testcase name="testRandomUnsignedIntEncoding" time="0.000" classname="org.jsimpledb.util.UnsignedIntEncoderTest"/>
  <testcase name="testRandomUnsignedIntEncoding" time="0.000" classname="org.jsimpledb.util.UnsignedIntEncoderTest"/>
  <testcase name="testRandomUnsignedIntEncoding" time="0.000" classname="org.jsimpledb.util.UnsignedIntEncoderTest"/>
  <testcase name="testRandomUnsignedIntEncoding" time="0.000" classname="org.jsimpledb.util.UnsignedIntEncoderTest"/>
  <testcase name="testRandomUnsignedIntEncoding" time="0.000" classname="org.jsimpledb.util.UnsignedIntEncoderTest"/>
  <testcase name="testRandomUnsignedIntEncoding" time="0.000" classname="org.jsimpledb.util.UnsignedIntEncoderTest"/>
  <testcase name="testRandomUnsignedIntEncoding" time="0.000" classname="org.jsimpledb.util.UnsignedIntEncoderTest"/>
  <testcase name="testRandomUnsignedIntEncoding" time="0.000" classname="org.jsimpledb.util.UnsignedIntEncoderTest"/>
  <testcase name="testRandomUnsignedIntEncoding" time="0.000" classname="org.jsimpledb.util.UnsignedIntEncoderTest"/>
  <testcase name="testRandomUnsignedIntEncoding" time="0.000" classname="org.jsimpledb.util.UnsignedIntEncoderTest"/>
  <testcase name="testRandomUnsignedIntEncoding" time="0.000" classname="org.jsimpledb.util.UnsignedIntEncoderTest"/>
  <testcase name="testRandomUnsignedIntEncoding" time="0.000" classname="org.jsimpledb.util.UnsignedIntEncoderTest"/>
  <testcase name="testRandomUnsignedIntEncoding" time="0.000" classname="org.jsimpledb.util.UnsignedIntEncoderTest"/>
  <testcase name="testRandomUnsignedIntEncoding" time="0.000" classname="org.jsimpledb.util.UnsignedIntEncoderTest"/>
  <testcase name="testRandomUnsignedIntEncoding" time="0.000" classname="org.jsimpledb.util.UnsignedIntEncoderTest"/>
  <testcase name="testRandomUnsignedIntEncoding" time="0.000" classname="org.jsimpledb.util.UnsignedIntEncoderTest"/>
  <testcase name="testRandomUnsignedIntEncoding" time="0.000" classname="org.jsimpledb.util.UnsignedIntEncoderTest"/>
  <testcase name="testRandomUnsignedIntEncoding" time="0.000" classname="org.jsimpledb.util.UnsignedIntEncoderTest"/>
  <testcase name="testRandomUnsignedIntEncoding" time="0.000" classname="org.jsimpledb.util.UnsignedIntEncoderTest"/>
  <testcase name="testRandomUnsignedIntEncoding" time="0.000" classname="org.jsimpledb.util.UnsignedIntEncoderTest"/>
  <testcase name="testRandomUnsignedIntEncoding" time="0.000" classname="org.jsimpledb.util.UnsignedIntEncoderTest"/>
  <testcase name="testRandomUnsignedIntEncoding" time="0.000" classname="org.jsimpledb.util.UnsignedIntEncoderTest"/>
  <testcase name="testRandomUnsignedIntEncoding" time="0.000" classname="org.jsimpledb.util.UnsignedIntEncoderTest"/>
  <testcase name="testRandomUnsignedIntEncoding" time="0.000" classname="org.jsimpledb.util.UnsignedIntEncoderTest"/>
  <testcase name="testRandomUnsignedIntEncoding" time="0.000" classname="org.jsimpledb.util.UnsignedIntEncoderTest"/>
  <testcase name="testRandomUnsignedIntEncoding" time="0.000" classname="org.jsimpledb.util.UnsignedIntEncoderTest"/>
  <testcase name="testRandomUnsignedIntEncoding" time="0.000" classname="org.jsimpledb.util.UnsignedIntEncoderTest"/>
  <testcase name="testRandomUnsignedIntEncoding" time="0.000" classname="org.jsimpledb.util.UnsignedIntEncoderTest"/>
  <testcase name="testRandomUnsignedIntEncoding" time="0.000" classname="org.jsimpledb.util.UnsignedIntEncoderTest"/>
  <testcase name="testRandomUnsignedIntEncoding" time="0.000" classname="org.jsimpledb.util.UnsignedIntEncoderTest"/>
  <testcase name="testRandomUnsignedIntEncoding" time="0.000" classname="org.jsimpledb.util.UnsignedIntEncoderTest"/>
  <testcase name="testRandomUnsignedIntEncoding" time="0.000" classname="org.jsimpledb.util.UnsignedIntEncoderTest"/>
  <testcase name="testRandomUnsignedIntEncoding" time="0.000" classname="org.jsimpledb.util.UnsignedIntEncoderTest"/>
  <testcase name="testRandomUnsignedIntEncoding" time="0.000" classname="org.jsimpledb.util.UnsignedIntEncoderTest"/>
  <testcase name="testRandomUnsignedIntEncoding" time="0.000" classname="org.jsimpledb.util.UnsignedIntEncoderTest"/>
  <testcase name="testRandomUnsignedIntEncoding" time="0.000" classname="org.jsimpledb.util.UnsignedIntEncoderTest"/>
  <testcase name="testRandomUnsignedIntEncoding" time="0.000" classname="org.jsimpledb.util.UnsignedIntEncoderTest"/>
  <testcase name="testRandomUnsignedIntEncoding" time="0.000" classname="org.jsimpledb.util.UnsignedIntEncoderTest"/>
  <testcase name="testRandomUnsignedIntEncoding" time="0.000" classname="org.jsimpledb.util.UnsignedIntEncoderTest"/>
  <testcase name="testRandomUnsignedIntEncoding" time="0.000" classname="org.jsimpledb.util.UnsignedIntEncoderTest"/>
  <testcase name="testRandomUnsignedIntEncoding" time="0.000" classname="org.jsimpledb.util.UnsignedIntEncoderTest"/>
  <testcase name="testRandomUnsignedIntEncoding" time="0.000" classname="org.jsimpledb.util.UnsignedIntEncoderTest"/>
  <testcase name="testRandomUnsignedIntEncoding" time="0.000" classname="org.jsimpledb.util.UnsignedIntEncoderTest"/>
  <testcase name="testRandomUnsignedIntEncoding" time="0.000" classname="org.jsimpledb.util.UnsignedIntEncoderTest"/>
  <testcase name="testRandomUnsignedIntEncoding" time="0.000" classname="org.jsimpledb.util.UnsignedIntEncoderTest"/>
  <testcase name="testRandomUnsignedIntEncoding" time="0.000" classname="org.jsimpledb.util.UnsignedIntEncoderTest"/>
  <testcase name="testRandomUnsignedIntEncoding" time="0.000" classname="org.jsimpledb.util.UnsignedIntEncoderTest"/>
  <testcase name="testRandomUnsignedIntEncoding" time="0.000" classname="org.jsimpledb.util.UnsignedIntEncoderTest"/>
  <testcase name="testRandomUnsignedIntEncoding" time="0.000" classname="org.jsimpledb.util.UnsignedIntEncoderTest"/>
  <testcase name="testRandomUnsignedIntEncoding" time="0.000" classname="org.jsimpledb.util.UnsignedIntEncoderTest"/>
  <testcase name="testRandomUnsignedIntEncoding" time="0.000" classname="org.jsimpledb.util.UnsignedIntEncoderTest"/>
  <testcase name="testRandomUnsignedIntEncoding" time="0.000" classname="org.jsimpledb.util.UnsignedIntEncoderTest"/>
  <testcase name="testRandomUnsignedIntEncoding" time="0.000" classname="org.jsimpledb.util.UnsignedIntEncoderTest"/>
  <testcase name="testRandomUnsignedIntEncoding" time="0.000" classname="org.jsimpledb.util.UnsignedIntEncoderTest"/>
  <testcase name="testRandomUnsignedIntEncoding" time="0.000" classname="org.jsimpledb.util.UnsignedIntEncoderTest"/>
  <testcase name="testRandomUnsignedIntEncoding" time="0.000" classname="org.jsimpledb.util.UnsignedIntEncoderTest"/>
  <testcase name="testRandomUnsignedIntEncoding" time="0.000" classname="org.jsimpledb.util.UnsignedIntEncoderTest"/>
  <testcase name="testRandomUnsignedIntEncoding" time="0.000" classname="org.jsimpledb.util.UnsignedIntEncoderTest"/>
  <testcase name="testRandomUnsignedIntEncoding" time="0.000" classname="org.jsimpledb.util.UnsignedIntEncoderTest"/>
  <testcase name="testRandomUnsignedIntEncoding" time="0.000" classname="org.jsimpledb.util.UnsignedIntEncoderTest"/>
  <testcase name="testRandomUnsignedIntEncoding" time="0.000" classname="org.jsimpledb.util.UnsignedIntEncoderTest"/>
  <testcase name="testRandomUnsignedIntEncoding" time="0.000" classname="org.jsimpledb.util.UnsignedIntEncoderTest"/>
  <testcase name="testRandomUnsignedIntEncoding" time="0.000" classname="org.jsimpledb.util.UnsignedIntEncoderTest"/>
  <testcase name="testRandomUnsignedIntEncoding" time="0.000" classname="org.jsimpledb.util.UnsignedIntEncoderTest"/>
  <testcase name="testRandomUnsignedIntEncoding" time="0.000" classname="org.jsimpledb.util.UnsignedIntEncoderTest"/>
  <testcase name="testRandomUnsignedIntEncoding" time="0.000" classname="org.jsimpledb.util.UnsignedIntEncoderTest"/>
  <testcase name="testRandomUnsignedIntEncoding" time="0.000" classname="org.jsimpledb.util.UnsignedIntEncoderTest"/>
  <testcase name="testRandomUnsignedIntEncoding" time="0.000" classname="org.jsimpledb.util.UnsignedIntEncoderTest"/>
  <testcase name="testRandomUnsignedIntEncoding" time="0.000" classname="org.jsimpledb.util.UnsignedIntEncoderTest"/>
  <testcase name="testRandomUnsignedIntEncoding" time="0.000" classname="org.jsimpledb.util.UnsignedIntEncoderTest"/>
  <testcase name="testRandomUnsignedIntEncoding" time="0.000" classname="org.jsimpledb.util.UnsignedIntEncoderTest"/>
  <testcase name="testRandomUnsignedIntEncoding" time="0.000" classname="org.jsimpledb.util.UnsignedIntEncoderTest"/>
  <testcase name="testRandomUnsignedIntEncoding" time="0.000" classname="org.jsimpledb.util.UnsignedIntEncoderTest"/>
  <testcase name="testRandomUnsignedIntEncoding" time="0.000" classname="org.jsimpledb.util.UnsignedIntEncoderTest"/>
  <testcase name="testRandomUnsignedIntEncoding" time="0.000" classname="org.jsimpledb.util.UnsignedIntEncoderTest"/>
  <testcase name="testRandomUnsignedIntEncoding" time="0.000" classname="org.jsimpledb.util.UnsignedIntEncoderTest"/>
  <testcase name="testRandomUnsignedIntEncoding" time="0.000" classname="org.jsimpledb.util.UnsignedIntEncoderTest"/>
  <testcase name="testRandomUnsignedIntEncoding" time="0.000" classname="org.jsimpledb.util.UnsignedIntEncoderTest"/>
  <testcase name="testRandomUnsignedIntEncoding" time="0.000" classname="org.jsimpledb.util.UnsignedIntEncoderTest"/>
  <testcase name="testRandomUnsignedIntEncoding" time="0.000" classname="org.jsimpledb.util.UnsignedIntEncoderTest"/>
  <testcase name="testRandomUnsignedIntEncoding" time="0.000" classname="org.jsimpledb.util.UnsignedIntEncoderTest"/>
  <testcase name="testRandomUnsignedIntEncoding" time="0.000" classname="org.jsimpledb.util.UnsignedIntEncoderTest"/>
  <testcase name="testRandomUnsignedIntEncoding" time="0.001" classname="org.jsimpledb.util.UnsignedIntEncoderTest"/>
  <testcase name="testRandomUnsignedIntEncoding" time="0.000" classname="org.jsimpledb.util.UnsignedIntEncoderTest"/>
  <testcase name="testRandomUnsignedIntEncoding" time="0.000" classname="org.jsimpledb.util.UnsignedIntEncoderTest"/>
  <testcase name="testRandomUnsignedIntEncoding" time="0.000" classname="org.jsimpledb.util.UnsignedIntEncoderTest"/>
  <testcase name="testRandomUnsignedIntEncoding" time="0.001" classname="org.jsimpledb.util.UnsignedIntEncoderTest"/>
  <testcase name="testRandomUnsignedIntEncoding" time="0.000" classname="org.jsimpledb.util.UnsignedIntEncoderTest"/>
  <testcase name="testRandomUnsignedIntEncoding" time="0.000" classname="org.jsimpledb.util.UnsignedIntEncoderTest"/>
  <testcase name="testRandomUnsignedIntEncoding" time="0.000" classname="org.jsimpledb.util.UnsignedIntEncoderTest"/>
  <testcase name="testRandomUnsignedIntEncoding" time="0.000" classname="org.jsimpledb.util.UnsignedIntEncoderTest"/>
  <testcase name="testRandomUnsignedIntEncoding" time="0.000" classname="org.jsimpledb.util.UnsignedIntEncoderTest"/>
  <testcase name="testRandomUnsignedIntEncoding" time="0.000" classname="org.jsimpledb.util.UnsignedIntEncoderTest"/>
  <testcase name="testRandomUnsignedIntEncoding" time="0.000" classname="org.jsimpledb.util.UnsignedIntEncoderTest"/>
  <testcase name="testRandomUnsignedIntEncoding" time="0.000" classname="org.jsimpledb.util.UnsignedIntEncoderTest"/>
  <testcase name="testRandomUnsignedIntEncoding" time="0.000" classname="org.jsimpledb.util.UnsignedIntEncoderTest"/>
  <testcase name="testRandomUnsignedIntEncoding" time="0.000" classname="org.jsimpledb.util.UnsignedIntEncoderTest"/>
  <testcase name="testRandomUnsignedIntEncoding" time="0.000" classname="org.jsimpledb.util.UnsignedIntEncoderTest"/>
  <testcase name="testRandomUnsignedIntEncoding" time="0.001" classname="org.jsimpledb.util.UnsignedIntEncoderTest"/>
  <testcase name="testRandomUnsignedIntEncoding" time="0.000" classname="org.jsimpledb.util.UnsignedIntEncoderTest"/>
  <testcase name="testRandomUnsignedIntEncoding" time="0.000" classname="org.jsimpledb.util.UnsignedIntEncoderTest"/>
  <testcase name="testRandomUnsignedIntEncoding" time="0.000" classname="org.jsimpledb.util.UnsignedIntEncoderTest"/>
  <testcase name="testRandomUnsignedIntEncoding" time="0.000" classname="org.jsimpledb.util.UnsignedIntEncoderTest"/>
  <testcase name="testRandomUnsignedIntEncoding" time="0.000" classname="org.jsimpledb.util.UnsignedIntEncoderTest"/>
  <testcase name="testRandomUnsignedIntEncoding" time="0.000" classname="org.jsimpledb.util.UnsignedIntEncoderTest"/>
  <testcase name="testRandomUnsignedIntEncoding" time="0.000" classname="org.jsimpledb.util.UnsignedIntEncoderTest"/>
  <testcase name="testRandomUnsignedIntEncoding" time="0.000" classname="org.jsimpledb.util.UnsignedIntEncoderTest"/>
  <testcase name="testRandomUnsignedIntEncoding" time="0.000" classname="org.jsimpledb.util.UnsignedIntEncoderTest"/>
  <testcase name="testRandomUnsignedIntEncoding" time="0.000" classname="org.jsimpledb.util.UnsignedIntEncoderTest"/>
  <testcase name="testRandomUnsignedIntEncoding" time="0.000" classname="org.jsimpledb.util.UnsignedIntEncoderTest"/>
  <testcase name="testRandomUnsignedIntEncoding" time="0.000" classname="org.jsimpledb.util.UnsignedIntEncoderTest"/>
  <testcase name="testRandomUnsignedIntEncoding" time="0.000" classname="org.jsimpledb.util.UnsignedIntEncoderTest"/>
  <testcase name="testRandomUnsignedIntEncoding" time="0.000" classname="org.jsimpledb.util.UnsignedIntEncoderTest"/>
  <testcase name="testRandomUnsignedIntEncoding" time="0.000" classname="org.jsimpledb.util.UnsignedIntEncoderTest"/>
  <testcase name="testRandomUnsignedIntEncoding" time="0.000" classname="org.jsimpledb.util.UnsignedIntEncoderTest"/>
  <testcase name="testRandomUnsignedIntEncoding" time="0.000" classname="org.jsimpledb.util.UnsignedIntEncoderTest"/>
  <testcase name="testRandomUnsignedIntEncoding" time="0.000" classname="org.jsimpledb.util.UnsignedIntEncoderTest"/>
  <testcase name="testRandomUnsignedIntEncoding" time="0.000" classname="org.jsimpledb.util.UnsignedIntEncoderTest"/>
  <testcase name="testRandomUnsignedIntEncoding" time="0.000" classname="org.jsimpledb.util.UnsignedIntEncoderTest"/>
  <testcase name="testRandomUnsignedIntEncoding" time="0.000" classname="org.jsimpledb.util.UnsignedIntEncoderTest"/>
  <testcase name="testRandomUnsignedIntEncoding" time="0.000" classname="org.jsimpledb.util.UnsignedIntEncoderTest"/>
  <testcase name="testRandomUnsignedIntEncoding" time="0.000" classname="org.jsimpledb.util.UnsignedIntEncoderTest"/>
  <testcase name="testRandomUnsignedIntEncoding" time="0.000" classname="org.jsimpledb.util.UnsignedIntEncoderTest"/>
  <testcase name="testRandomUnsignedIntEncoding" time="0.001" classname="org.jsimpledb.util.UnsignedIntEncoderTest"/>
  <testcase name="testRandomUnsignedIntEncoding" time="0.000" classname="org.jsimpledb.util.UnsignedIntEncoderTest"/>
  <testcase name="testRandomUnsignedIntEncoding" time="0.000" classname="org.jsimpledb.util.UnsignedIntEncoderTest"/>
  <testcase name="testRandomUnsignedIntEncoding" time="0.000" classname="org.jsimpledb.util.UnsignedIntEncoderTest"/>
  <testcase name="testRandomUnsignedIntEncoding" time="0.000" classname="org.jsimpledb.util.UnsignedIntEncoderTest"/>
  <testcase name="testRandomUnsignedIntEncoding" time="0.000" classname="org.jsimpledb.util.UnsignedIntEncoderTest"/>
  <testcase name="testRandomUnsignedIntEncoding" time="0.000" classname="org.jsimpledb.util.UnsignedIntEncoderTest"/>
  <testcase name="testRandomUnsignedIntEncoding" time="0.000" classname="org.jsimpledb.util.UnsignedIntEncoderTest"/>
  <testcase name="testRandomUnsignedIntEncoding" time="0.000" classname="org.jsimpledb.util.UnsignedIntEncoderTest"/>
  <testcase name="testRandomUnsignedIntEncoding" time="0.000" classname="org.jsimpledb.util.UnsignedIntEncoderTest"/>
  <testcase name="testRandomUnsignedIntEncoding" time="0.000" classname="org.jsimpledb.util.UnsignedIntEncoderTest"/>
  <testcase name="testRandomUnsignedIntEncoding" time="0.000" classname="org.jsimpledb.util.UnsignedIntEncoderTest"/>
  <testcase name="testRandomUnsignedIntEncoding" time="0.000" classname="org.jsimpledb.util.UnsignedIntEncoderTest"/>
  <testcase name="testRandomUnsignedIntEncoding" time="0.000" classname="org.jsimpledb.util.UnsignedIntEncoderTest"/>
  <testcase name="testRandomUnsignedIntEncoding" time="0.000" classname="org.jsimpledb.util.UnsignedIntEncoderTest"/>
  <testcase name="testRandomUnsignedIntEncoding" time="0.000" classname="org.jsimpledb.util.UnsignedIntEncoderTest"/>
  <testcase name="testRandomUnsignedIntEncoding" time="0.000" classname="org.jsimpledb.util.UnsignedIntEncoderTest"/>
  <testcase name="testRandomUnsignedIntEncoding" time="0.000" classname="org.jsimpledb.util.UnsignedIntEncoderTest"/>
  <testcase name="testRandomUnsignedIntEncoding" time="0.000" classname="org.jsimpledb.util.UnsignedIntEncoderTest"/>
  <testcase name="testRandomUnsignedIntEncoding" time="0.000" classname="org.jsimpledb.util.UnsignedIntEncoderTest"/>
  <testcase name="testRandomUnsignedIntEncoding" time="0.000" classname="org.jsimpledb.util.UnsignedIntEncoderTest"/>
  <testcase name="testRandomUnsignedIntEncoding" time="0.000" classname="org.jsimpledb.util.UnsignedIntEncoderTest"/>
  <testcase name="testRandomUnsignedIntEncoding" time="0.000" classname="org.jsimpledb.util.UnsignedIntEncoderTest"/>
  <testcase name="testRandomUnsignedIntEncoding" time="0.001" classname="org.jsimpledb.util.UnsignedIntEncoderTest"/>
  <testcase name="testRandomUnsignedIntEncoding" time="0.000" classname="org.jsimpledb.util.UnsignedIntEncoderTest"/>
  <testcase name="testRandomUnsignedIntEncoding" time="0.000" classname="org.jsimpledb.util.UnsignedIntEncoderTest"/>
  <testcase name="testRandomUnsignedIntEncoding" time="0.000" classname="org.jsimpledb.util.UnsignedIntEncoderTest"/>
  <testcase name="testRandomUnsignedIntEncoding" time="0.000" classname="org.jsimpledb.util.UnsignedIntEncoderTest"/>
  <testcase name="testRandomUnsignedIntEncoding" time="0.000" classname="org.jsimpledb.util.UnsignedIntEncoderTest"/>
  <testcase name="testRandomUnsignedIntEncoding" time="0.000" classname="org.jsimpledb.util.UnsignedIntEncoderTest"/>
  <testcase name="testRandomUnsignedIntEncoding" time="0.000" classname="org.jsimpledb.util.UnsignedIntEncoderTest"/>
  <testcase name="testRandomUnsignedIntEncoding" time="0.000" classname="org.jsimpledb.util.UnsignedIntEncoderTest"/>
  <testcase name="testRandomUnsignedIntEncoding" time="0.000" classname="org.jsimpledb.util.UnsignedIntEncoderTest"/>
  <testcase name="testRandomUnsignedIntEncoding" time="0.000" classname="org.jsimpledb.util.UnsignedIntEncoderTest"/>
  <testcase name="testRandomUnsignedIntEncoding" time="0.000" classname="org.jsimpledb.util.UnsignedIntEncoderTest"/>
  <testcase name="testRandomUnsignedIntEncoding" time="0.000" classname="org.jsimpledb.util.UnsignedIntEncoderTest"/>
  <testcase name="testRandomUnsignedIntEncoding" time="0.000" classname="org.jsimpledb.util.UnsignedIntEncoderTest"/>
  <testcase name="testRandomUnsignedIntEncoding" time="0.000" classname="org.jsimpledb.util.UnsignedIntEncoderTest"/>
  <testcase name="testRandomUnsignedIntEncoding" time="0.000" classname="org.jsimpledb.util.UnsignedIntEncoderTest"/>
  <testcase name="testRandomUnsignedIntEncoding" time="0.000" classname="org.jsimpledb.util.UnsignedIntEncoderTest"/>
  <testcase name="testRandomUnsignedIntEncoding" time="0.000" classname="org.jsimpledb.util.UnsignedIntEncoderTest"/>
  <testcase name="testRandomUnsignedIntEncoding" time="0.000" classname="org.jsimpledb.util.UnsignedIntEncoderTest"/>
  <testcase name="testRandomUnsignedIntEncoding" time="0.000" classname="org.jsimpledb.util.UnsignedIntEncoderTest"/>
  <testcase name="testRandomUnsignedIntEncoding" time="0.000" classname="org.jsimpledb.util.UnsignedIntEncoderTest"/>
  <testcase name="testRandomUnsignedIntEncoding" time="0.000" classname="org.jsimpledb.util.UnsignedIntEncoderTest"/>
  <testcase name="testRandomUnsignedIntEncoding" time="0.000" classname="org.jsimpledb.util.UnsignedIntEncoderTest"/>
  <testcase name="testRandomUnsignedIntEncoding" time="0.000" classname="org.jsimpledb.util.UnsignedIntEncoderTest"/>
  <testcase name="testRandomUnsignedIntEncoding" time="0.000" classname="org.jsimpledb.util.UnsignedIntEncoderTest"/>
  <testcase name="testRandomUnsignedIntEncoding" time="0.000" classname="org.jsimpledb.util.UnsignedIntEncoderTest"/>
  <testcase name="testRandomUnsignedIntEncoding" time="0.000" classname="org.jsimpledb.util.UnsignedIntEncoderTest"/>
  <testcase name="testRandomUnsignedIntEncoding" time="0.000" classname="org.jsimpledb.util.UnsignedIntEncoderTest"/>
  <testcase name="testRandomUnsignedIntEncoding" time="0.000" classname="org.jsimpledb.util.UnsignedIntEncoderTest"/>
  <testcase name="testRandomUnsignedIntEncoding" time="0.000" classname="org.jsimpledb.util.UnsignedIntEncoderTest"/>
  <testcase name="testRandomUnsignedIntEncoding" time="0.000" classname="org.jsimpledb.util.UnsignedIntEncoderTest"/>
  <testcase name="testRandomUnsignedIntEncoding" time="0.000" classname="org.jsimpledb.util.UnsignedIntEncoderTest"/>
  <testcase name="testRandomUnsignedIntEncoding" time="0.000" classname="org.jsimpledb.util.UnsignedIntEncoderTest"/>
  <testcase name="testRandomUnsignedIntEncoding" time="0.001" classname="org.jsimpledb.util.UnsignedIntEncoderTest"/>
  <testcase name="testRandomUnsignedIntEncoding" time="0.000" classname="org.jsimpledb.util.UnsignedIntEncoderTest"/>
  <testcase name="testRandomUnsignedIntEncoding" time="0.000" classname="org.jsimpledb.util.UnsignedIntEncoderTest"/>
  <testcase name="testRandomUnsignedIntEncoding" time="0.001" classname="org.jsimpledb.util.UnsignedIntEncoderTest"/>
  <testcase name="testRandomUnsignedIntEncoding" time="0.000" classname="org.jsimpledb.util.UnsignedIntEncoderTest"/>
  <testcase name="testRandomUnsignedIntEncoding" time="0.000" classname="org.jsimpledb.util.UnsignedIntEncoderTest"/>
  <testcase name="testRandomUnsignedIntEncoding" time="0.000" classname="org.jsimpledb.util.UnsignedIntEncoderTest"/>
  <testcase name="testRandomUnsignedIntEncoding" time="0.000" classname="org.jsimpledb.util.UnsignedIntEncoderTest"/>
  <testcase name="testRandomUnsignedIntEncoding" time="0.000" classname="org.jsimpledb.util.UnsignedIntEncoderTest"/>
  <testcase name="testRandomUnsignedIntEncoding" time="0.000" classname="org.jsimpledb.util.UnsignedIntEncoderTest"/>
  <testcase name="testRandomUnsignedIntEncoding" time="0.000" classname="org.jsimpledb.util.UnsignedIntEncoderTest"/>
  <testcase name="testRandomUnsignedIntEncoding" time="0.000" classname="org.jsimpledb.util.UnsignedIntEncoderTest"/>
  <testcase name="testRandomUnsignedIntEncoding" time="0.000" classname="org.jsimpledb.util.UnsignedIntEncoderTest"/>
  <testcase name="testRandomUnsignedIntEncoding" time="0.000" classname="org.jsimpledb.util.UnsignedIntEncoderTest"/>
  <testcase name="testRandomUnsignedIntEncoding" time="0.000" classname="org.jsimpledb.util.UnsignedIntEncoderTest"/>
  <testcase name="testRandomUnsignedIntEncoding" time="0.000" classname="org.jsimpledb.util.UnsignedIntEncoderTest"/>
  <testcase name="testRandomUnsignedIntEncoding" time="0.000" classname="org.jsimpledb.util.UnsignedIntEncoderTest"/>
  <testcase name="testRandomUnsignedIntEncoding" time="0.000" classname="org.jsimpledb.util.UnsignedIntEncoderTest"/>
  <testcase name="testRandomUnsignedIntEncoding" time="0.000" classname="org.jsimpledb.util.UnsignedIntEncoderTest"/>
  <testcase name="testRandomUnsignedIntEncoding" time="0.000" classname="org.jsimpledb.util.UnsignedIntEncoderTest"/>
  <testcase name="testRandomUnsignedIntEncoding" time="0.000" classname="org.jsimpledb.util.UnsignedIntEncoderTest"/>
  <testcase name="testRandomUnsignedIntEncoding" time="0.000" classname="org.jsimpledb.util.UnsignedIntEncoderTest"/>
  <testcase name="testRandomUnsignedIntEncoding" time="0.000" classname="org.jsimpledb.util.UnsignedIntEncoderTest"/>
  <testcase name="testRandomUnsignedIntEncoding" time="0.000" classname="org.jsimpledb.util.UnsignedIntEncoderTest"/>
  <testcase name="testRandomUnsignedIntEncoding" time="0.000" classname="org.jsimpledb.util.UnsignedIntEncoderTest"/>
  <testcase name="testRandomUnsignedIntEncoding" time="0.000" classname="org.jsimpledb.util.UnsignedIntEncoderTest"/>
  <testcase name="testRandomUnsignedIntEncoding" time="0.000" classname="org.jsimpledb.util.UnsignedIntEncoderTest"/>
  <testcase name="testRandomUnsignedIntEncoding" time="0.000" classname="org.jsimpledb.util.UnsignedIntEncoderTest"/>
  <testcase name="testRandomUnsignedIntEncoding" time="0.000" classname="org.jsimpledb.util.UnsignedIntEncoderTest"/>
  <testcase name="testRandomUnsignedIntEncoding" time="0.000" classname="org.jsimpledb.util.UnsignedIntEncoderTest"/>
  <testcase name="testRandomUnsignedIntEncoding" time="0.000" classname="org.jsimpledb.util.UnsignedIntEncoderTest"/>
  <testcase name="testRandomUnsignedIntEncoding" time="0.000" classname="org.jsimpledb.util.UnsignedIntEncoderTest"/>
  <testcase name="testRandomUnsignedIntEncoding" time="0.000" classname="org.jsimpledb.util.UnsignedIntEncoderTest"/>
  <testcase name="testRandomUnsignedIntEncoding" time="0.000" classname="org.jsimpledb.util.UnsignedIntEncoderTest"/>
  <testcase name="testRandomUnsignedIntEncoding" time="0.000" classname="org.jsimpledb.util.UnsignedIntEncoderTest"/>
  <testcase name="testRandomUnsignedIntEncoding" time="0.000" classname="org.jsimpledb.util.UnsignedIntEncoderTest"/>
  <testcase name="testRandomUnsignedIntEncoding" time="0.000" classname="org.jsimpledb.util.UnsignedIntEncoderTest"/>
  <testcase name="testRandomUnsignedIntEncoding" time="0.000" classname="org.jsimpledb.util.UnsignedIntEncoderTest"/>
  <testcase name="testRandomUnsignedIntEncoding" time="0.000" classname="org.jsimpledb.util.UnsignedIntEncoderTest"/>
  <testcase name="testRandomUnsignedIntEncoding" time="0.000" classname="org.jsimpledb.util.UnsignedIntEncoderTest"/>
  <testcase name="testRandomUnsignedIntEncoding" time="0.000" classname="org.jsimpledb.util.UnsignedIntEncoderTest"/>
  <testcase name="testRandomUnsignedIntEncoding" time="0.001" classname="org.jsimpledb.util.UnsignedIntEncoderTest"/>
  <testcase name="testRandomUnsignedIntEncoding" time="0.000" classname="org.jsimpledb.util.UnsignedIntEncoderTest"/>
  <testcase name="testRandomUnsignedIntEncoding" time="0.000" classname="org.jsimpledb.util.UnsignedIntEncoderTest"/>
  <testcase name="testRandomUnsignedIntEncoding" time="0.000" classname="org.jsimpledb.util.UnsignedIntEncoderTest"/>
  <testcase name="testRandomUnsignedIntEncoding" time="0.000" classname="org.jsimpledb.util.UnsignedIntEncoderTest"/>
  <testcase name="testRandomUnsignedIntEncoding" time="0.000" classname="org.jsimpledb.util.UnsignedIntEncoderTest"/>
  <testcase name="testRandomUnsignedIntEncoding" time="0.000" classname="org.jsimpledb.util.UnsignedIntEncoderTest"/>
  <testcase name="testRandomUnsignedIntEncoding" time="0.000" classname="org.jsimpledb.util.UnsignedIntEncoderTest"/>
  <testcase name="testRandomUnsignedIntEncoding" time="0.000" classname="org.jsimpledb.util.UnsignedIntEncoderTest"/>
  <testcase name="testRandomUnsignedIntEncoding" time="0.000" classname="org.jsimpledb.util.UnsignedIntEncoderTest"/>
  <testcase name="testRandomUnsignedIntEncoding" time="0.000" classname="org.jsimpledb.util.UnsignedIntEncoderTest"/>
  <testcase name="testRandomUnsignedIntEncoding" time="0.000" classname="org.jsimpledb.util.UnsignedIntEncoderTest"/>
  <testcase name="testRandomUnsignedIntEncoding" time="0.000" classname="org.jsimpledb.util.UnsignedIntEncoderTest"/>
  <testcase name="testRandomUnsignedIntEncoding" time="0.000" classname="org.jsimpledb.util.UnsignedIntEncoderTest"/>
  <testcase name="testRandomUnsignedIntEncoding" time="0.000" classname="org.jsimpledb.util.UnsignedIntEncoderTest"/>
  <testcase name="testRandomUnsignedIntEncoding" time="0.000" classname="org.jsimpledb.util.UnsignedIntEncoderTest"/>
  <testcase name="testRandomUnsignedIntEncoding" time="0.001" classname="org.jsimpledb.util.UnsignedIntEncoderTest"/>
  <testcase name="testRandomUnsignedIntEncoding" time="0.000" classname="org.jsimpledb.util.UnsignedIntEncoderTest"/>
  <testcase name="testRandomUnsignedIntEncoding" time="0.000" classname="org.jsimpledb.util.UnsignedIntEncoderTest"/>
  <testcase name="testRandomUnsignedIntEncoding" time="0.000" classname="org.jsimpledb.util.UnsignedIntEncoderTest"/>
  <testcase name="testRandomUnsignedIntEncoding" time="0.000" classname="org.jsimpledb.util.UnsignedIntEncoderTest"/>
  <testcase name="testRandomUnsignedIntEncoding" time="0.000" classname="org.jsimpledb.util.UnsignedIntEncoderTest"/>
  <testcase name="testRandomUnsignedIntEncoding" time="0.000" classname="org.jsimpledb.util.UnsignedIntEncoderTest"/>
  <testcase name="testRandomUnsignedIntEncoding" time="0.000" classname="org.jsimpledb.util.UnsignedIntEncoderTest"/>
  <testcase name="testRandomUnsignedIntEncoding" time="0.000" classname="org.jsimpledb.util.UnsignedIntEncoderTest"/>
  <testcase name="testRandomUnsignedIntEncoding" time="0.000" classname="org.jsimpledb.util.UnsignedIntEncoderTest"/>
  <testcase name="testRandomUnsignedIntEncoding" time="0.000" classname="org.jsimpledb.util.UnsignedIntEncoderTest"/>
  <testcase name="testRandomUnsignedIntEncoding" time="0.000" classname="org.jsimpledb.util.UnsignedIntEncoderTest"/>
  <testcase name="testRandomUnsignedIntEncoding" time="0.000" classname="org.jsimpledb.util.UnsignedIntEncoderTest"/>
  <testcase name="testRandomUnsignedIntEncoding" time="0.000" classname="org.jsimpledb.util.UnsignedIntEncoderTest"/>
  <testcase name="testRandomUnsignedIntEncoding" time="0.000" classname="org.jsimpledb.util.UnsignedIntEncoderTest"/>
  <testcase name="testRandomUnsignedIntEncoding" time="0.000" classname="org.jsimpledb.util.UnsignedIntEncoderTest"/>
  <testcase name="testRandomUnsignedIntEncoding" time="0.000" classname="org.jsimpledb.util.UnsignedIntEncoderTest"/>
  <testcase name="testRandomUnsignedIntEncoding" time="0.000" classname="org.jsimpledb.util.UnsignedIntEncoderTest"/>
  <testcase name="testRandomUnsignedIntEncoding" time="0.000" classname="org.jsimpledb.util.UnsignedIntEncoderTest"/>
  <testcase name="testRandomUnsignedIntEncoding" time="0.000" classname="org.jsimpledb.util.UnsignedIntEncoderTest"/>
  <testcase name="testRandomUnsignedIntEncoding" time="0.001" classname="org.jsimpledb.util.UnsignedIntEncoderTest"/>
  <testcase name="testRandomUnsignedIntEncoding" time="0.000" classname="org.jsimpledb.util.UnsignedIntEncoderTest"/>
  <testcase name="testRandomUnsignedIntEncoding" time="0.000" classname="org.jsimpledb.util.UnsignedIntEncoderTest"/>
  <testcase name="testRandomUnsignedIntEncoding" time="0.000" classname="org.jsimpledb.util.UnsignedIntEncoderTest"/>
  <testcase name="testRandomUnsignedIntEncoding" time="0.000" classname="org.jsimpledb.util.UnsignedIntEncoderTest"/>
  <testcase name="testRandomUnsignedIntEncoding" time="0.000" classname="org.jsimpledb.util.UnsignedIntEncoderTest"/>
  <testcase name="testRandomUnsignedIntEncoding" time="0.000" classname="org.jsimpledb.util.UnsignedIntEncoderTest"/>
  <testcase name="testRandomUnsignedIntEncoding" time="0.000" classname="org.jsimpledb.util.UnsignedIntEncoderTest"/>
  <testcase name="testRandomUnsignedIntEncoding" time="0.000" classname="org.jsimpledb.util.UnsignedIntEncoderTest"/>
  <testcase name="testRandomUnsignedIntEncoding" time="0.000" classname="org.jsimpledb.util.UnsignedIntEncoderTest"/>
  <testcase name="testRandomUnsignedIntEncoding" time="0.000" classname="org.jsimpledb.util.UnsignedIntEncoderTest"/>
  <testcase name="testRandomUnsignedIntEncoding" time="0.000" classname="org.jsimpledb.util.UnsignedIntEncoderTest"/>
  <testcase name="testRandomUnsignedIntEncoding" time="0.000" classname="org.jsimpledb.util.UnsignedIntEncoderTest"/>
  <testcase name="testRandomUnsignedIntEncoding" time="0.000" classname="org.jsimpledb.util.UnsignedIntEncoderTest"/>
  <testcase name="testRandomUnsignedIntEncoding" time="0.000" classname="org.jsimpledb.util.UnsignedIntEncoderTest"/>
  <testcase name="testRandomUnsignedIntEncoding" time="0.000" classname="org.jsimpledb.util.UnsignedIntEncoderTest"/>
  <testcase name="testRandomUnsignedIntEncoding" time="0.000" classname="org.jsimpledb.util.UnsignedIntEncoderTest"/>
  <testcase name="testRandomUnsignedIntEncoding" time="0.000" classname="org.jsimpledb.util.UnsignedIntEncoderTest"/>
  <testcase name="testRandomUnsignedIntEncoding" time="0.000" classname="org.jsimpledb.util.UnsignedIntEncoderTest"/>
  <testcase name="testRandomUnsignedIntEncoding" time="0.000" classname="org.jsimpledb.util.UnsignedIntEncoderTest"/>
  <testcase name="testRandomUnsignedIntEncoding" time="0.000" classname="org.jsimpledb.util.UnsignedIntEncoderTest"/>
  <testcase name="testRandomUnsignedIntEncoding" time="0.000" classname="org.jsimpledb.util.UnsignedIntEncoderTest"/>
  <testcase name="testRandomUnsignedIntEncoding" time="0.000" classname="org.jsimpledb.util.UnsignedIntEncoderTest"/>
  <testcase name="testRandomUnsignedIntEncoding" time="0.000" classname="org.jsimpledb.util.UnsignedIntEncoderTest"/>
  <testcase name="testRandomUnsignedIntEncoding" time="0.000" classname="org.jsimpledb.util.UnsignedIntEncoderTest"/>
  <testcase name="testRandomUnsignedIntEncoding" time="0.000" classname="org.jsimpledb.util.UnsignedIntEncoderTest"/>
  <testcase name="testRandomUnsignedIntEncoding" time="0.000" classname="org.jsimpledb.util.UnsignedIntEncoderTest"/>
  <testcase name="testRandomUnsignedIntEncoding" time="0.000" classname="org.jsimpledb.util.UnsignedIntEncoderTest"/>
  <testcase name="testRandomUnsignedIntEncoding" time="0.000" classname="org.jsimpledb.util.UnsignedIntEncoderTest"/>
  <testcase name="testRandomUnsignedIntEncoding" time="0.000" classname="org.jsimpledb.util.UnsignedIntEncoderTest"/>
  <testcase name="testRandomUnsignedIntEncoding" time="0.000" classname="org.jsimpledb.util.UnsignedIntEncoderTest"/>
  <testcase name="testRandomUnsignedIntEncoding" time="0.000" classname="org.jsimpledb.util.UnsignedIntEncoderTest"/>
  <testcase name="testRandomUnsignedIntEncoding" time="0.000" classname="org.jsimpledb.util.UnsignedIntEncoderTest"/>
  <testcase name="testRandomUnsignedIntEncoding" time="0.000" classname="org.jsimpledb.util.UnsignedIntEncoderTest"/>
  <testcase name="testRandomUnsignedIntEncoding" time="0.000" classname="org.jsimpledb.util.UnsignedIntEncoderTest"/>
  <testcase name="testRandomUnsignedIntEncoding" time="0.001" classname="org.jsimpledb.util.UnsignedIntEncoderTest"/>
  <testcase name="testRandomUnsignedIntEncoding" time="0.000" classname="org.jsimpledb.util.UnsignedIntEncoderTest"/>
  <testcase name="testRandomUnsignedIntEncoding" time="0.000" classname="org.jsimpledb.util.UnsignedIntEncoderTest"/>
  <testcase name="testRandomUnsignedIntEncoding" time="0.000" classname="org.jsimpledb.util.UnsignedIntEncoderTest"/>
  <testcase name="testRandomUnsignedIntEncoding" time="0.000" classname="org.jsimpledb.util.UnsignedIntEncoderTest"/>
  <testcase name="testRandomUnsignedIntEncoding" time="0.000" classname="org.jsimpledb.util.UnsignedIntEncoderTest"/>
  <testcase name="testRandomUnsignedIntEncoding" time="0.000" classname="org.jsimpledb.util.UnsignedIntEncoderTest"/>
  <testcase name="testRandomUnsignedIntEncoding" time="0.000" classname="org.jsimpledb.util.UnsignedIntEncoderTest"/>
  <testcase name="testRandomUnsignedIntEncoding" time="0.000" classname="org.jsimpledb.util.UnsignedIntEncoderTest"/>
  <testcase name="testRandomUnsignedIntEncoding" time="0.000" classname="org.jsimpledb.util.UnsignedIntEncoderTest"/>
  <testcase name="testRandomUnsignedIntEncoding" time="0.000" classname="org.jsimpledb.util.UnsignedIntEncoderTest"/>
  <testcase name="testRandomUnsignedIntEncoding" time="0.000" classname="org.jsimpledb.util.UnsignedIntEncoderTest"/>
  <testcase name="testRandomUnsignedIntEncoding" time="0.000" classname="org.jsimpledb.util.UnsignedIntEncoderTest"/>
  <testcase name="testRandomUnsignedIntEncoding" time="0.000" classname="org.jsimpledb.util.UnsignedIntEncoderTest"/>
  <testcase name="testRandomUnsignedIntEncoding" time="0.000" classname="org.jsimpledb.util.UnsignedIntEncoderTest"/>
  <testcase name="testRandomUnsignedIntEncoding" time="0.000" classname="org.jsimpledb.util.UnsignedIntEncoderTest"/>
  <testcase name="testRandomUnsignedIntEncoding" time="0.000" classname="org.jsimpledb.util.UnsignedIntEncoderTest"/>
  <testcase name="testRandomUnsignedIntEncoding" time="0.000" classname="org.jsimpledb.util.UnsignedIntEncoderTest"/>
  <testcase name="testRandomUnsignedIntEncoding" time="0.000" classname="org.jsimpledb.util.UnsignedIntEncoderTest"/>
  <testcase name="testRandomUnsignedIntEncoding" time="0.000" classname="org.jsimpledb.util.UnsignedIntEncoderTest"/>
  <testcase name="testRandomUnsignedIntEncoding" time="0.000" classname="org.jsimpledb.util.UnsignedIntEncoderTest"/>
  <testcase name="testRandomUnsignedIntEncoding" time="0.000" classname="org.jsimpledb.util.UnsignedIntEncoderTest"/>
  <testcase name="testRandomUnsignedIntEncoding" time="0.000" classname="org.jsimpledb.util.UnsignedIntEncoderTest"/>
  <testcase name="testRandomUnsignedIntEncoding" time="0.000" classname="org.jsimpledb.util.UnsignedIntEncoderTest"/>
  <testcase name="testRandomUnsignedIntEncoding" time="0.000" classname="org.jsimpledb.util.UnsignedIntEncoderTest"/>
  <testcase name="testRandomUnsignedIntEncoding" time="0.000" classname="org.jsimpledb.util.UnsignedIntEncoderTest"/>
  <testcase name="testRandomUnsignedIntEncoding" time="0.000" classname="org.jsimpledb.util.UnsignedIntEncoderTest"/>
  <testcase name="testRandomUnsignedIntEncoding" time="0.000" classname="org.jsimpledb.util.UnsignedIntEncoderTest"/>
  <testcase name="testRandomUnsignedIntEncoding" time="0.000" classname="org.jsimpledb.util.UnsignedIntEncoderTest"/>
  <testcase name="testRandomUnsignedIntEncoding" time="0.000" classname="org.jsimpledb.util.UnsignedIntEncoderTest"/>
  <testcase name="testRandomUnsignedIntEncoding" time="0.000" classname="org.jsimpledb.util.UnsignedIntEncoderTest"/>
  <testcase name="testRandomUnsignedIntEncoding" time="0.000" classname="org.jsimpledb.util.UnsignedIntEncoderTest"/>
  <testcase name="testRandomUnsignedIntEncoding" time="0.000" classname="org.jsimpledb.util.UnsignedIntEncoderTest"/>
  <testcase name="testRandomUnsignedIntEncoding" time="0.000" classname="org.jsimpledb.util.UnsignedIntEncoderTest"/>
  <testcase name="testRandomUnsignedIntEncoding" time="0.000" classname="org.jsimpledb.util.UnsignedIntEncoderTest"/>
  <testcase name="testRandomUnsignedIntEncoding" time="0.000" classname="org.jsimpledb.util.UnsignedIntEncoderTest"/>
  <testcase name="testRandomUnsignedIntEncoding" time="0.000" classname="org.jsimpledb.util.UnsignedIntEncoderTest"/>
  <testcase name="testRandomUnsignedIntEncoding" time="0.000" classname="org.jsimpledb.util.UnsignedIntEncoderTest"/>
  <testcase name="testRandomUnsignedIntEncoding" time="0.000" classname="org.jsimpledb.util.UnsignedIntEncoderTest"/>
  <testcase name="testRandomUnsignedIntEncoding" time="0.000" classname="org.jsimpledb.util.UnsignedIntEncoderTest"/>
  <testcase name="testRandomUnsignedIntEncoding" time="0.000" classname="org.jsimpledb.util.UnsignedIntEncoderTest"/>
  <testcase name="testRandomUnsignedIntEncoding" time="0.000" classname="org.jsimpledb.util.UnsignedIntEncoderTest"/>
  <testcase name="testRandomUnsignedIntEncoding" time="0.000" classname="org.jsimpledb.util.UnsignedIntEncoderTest"/>
  <testcase name="testRandomUnsignedIntEncoding" time="0.000" classname="org.jsimpledb.util.UnsignedIntEncoderTest"/>
  <testcase name="testRandomUnsignedIntEncoding" time="0.000" classname="org.jsimpledb.util.UnsignedIntEncoderTest"/>
  <testcase name="testRandomUnsignedIntEncoding" time="0.000" classname="org.jsimpledb.util.UnsignedIntEncoderTest"/>
  <testcase name="testRandomUnsignedIntEncoding" time="0.000" classname="org.jsimpledb.util.UnsignedIntEncoderTest"/>
  <testcase name="testRandomUnsignedIntEncoding" time="0.000" classname="org.jsimpledb.util.UnsignedIntEncoderTest"/>
  <testcase name="testRandomUnsignedIntEncoding" time="0.000" classname="org.jsimpledb.util.UnsignedIntEncoderTest"/>
  <testcase name="testRandomUnsignedIntEncoding" time="0.000" classname="org.jsimpledb.util.UnsignedIntEncoderTest"/>
  <testcase name="testRandomUnsignedIntEncoding" time="0.000" classname="org.jsimpledb.util.UnsignedIntEncoderTest"/>
  <testcase name="testRandomUnsignedIntEncoding" time="0.000" classname="org.jsimpledb.util.UnsignedIntEncoderTest"/>
  <testcase name="testRandomUnsignedIntEncoding" time="0.000" classname="org.jsimpledb.util.UnsignedIntEncoderTest"/>
  <testcase name="testRandomUnsignedIntEncoding" time="0.000" classname="org.jsimpledb.util.UnsignedIntEncoderTest"/>
  <testcase name="testRandomUnsignedIntEncoding" time="0.000" classname="org.jsimpledb.util.UnsignedIntEncoderTest"/>
  <testcase name="testRandomUnsignedIntEncoding" time="0.000" classname="org.jsimpledb.util.UnsignedIntEncoderTest"/>
  <testcase name="testRandomUnsignedIntEncoding" time="0.000" classname="org.jsimpledb.util.UnsignedIntEncoderTest"/>
  <testcase name="testRandomUnsignedIntEncoding" time="0.000" classname="org.jsimpledb.util.UnsignedIntEncoderTest"/>
  <testcase name="testRandomUnsignedIntEncoding" time="0.000" classname="org.jsimpledb.util.UnsignedIntEncoderTest"/>
  <testcase name="testRandomUnsignedIntEncoding" time="0.000" classname="org.jsimpledb.util.UnsignedIntEncoderTest"/>
  <testcase name="testRandomUnsignedIntEncoding" time="0.000" classname="org.jsimpledb.util.UnsignedIntEncoderTest"/>
  <testcase name="testRandomUnsignedIntEncoding" time="0.000" classname="org.jsimpledb.util.UnsignedIntEncoderTest"/>
  <testcase name="testRandomUnsignedIntEncoding" time="0.000" classname="org.jsimpledb.util.UnsignedIntEncoderTest"/>
  <testcase name="testRandomUnsignedIntEncoding" time="0.000" classname="org.jsimpledb.util.UnsignedIntEncoderTest"/>
  <testcase name="testRandomUnsignedIntEncoding" time="0.000" classname="org.jsimpledb.util.UnsignedIntEncoderTest"/>
  <testcase name="testRandomUnsignedIntEncoding" time="0.000" classname="org.jsimpledb.util.UnsignedIntEncoderTest"/>
  <testcase name="testRandomUnsignedIntEncoding" time="0.000" classname="org.jsimpledb.util.UnsignedIntEncoderTest"/>
  <testcase name="testRandomUnsignedIntEncoding" time="0.000" classname="org.jsimpledb.util.UnsignedIntEncoderTest"/>
  <testcase name="testRandomUnsignedIntEncoding" time="0.000" classname="org.jsimpledb.util.UnsignedIntEncoderTest"/>
  <testcase name="testRandomUnsignedIntEncoding" time="0.001" classname="org.jsimpledb.util.UnsignedIntEncoderTest"/>
  <testcase name="testRandomUnsignedIntEncoding" time="0.000" classname="org.jsimpledb.util.UnsignedIntEncoderTest"/>
  <testcase name="testRandomUnsignedIntEncoding" time="0.000" classname="org.jsimpledb.util.UnsignedIntEncoderTest"/>
  <testcase name="testRandomUnsignedIntEncoding" time="0.000" classname="org.jsimpledb.util.UnsignedIntEncoderTest"/>
  <testcase name="testRandomUnsignedIntEncoding" time="0.000" classname="org.jsimpledb.util.UnsignedIntEncoderTest"/>
  <testcase name="testRandomUnsignedIntEncoding" time="0.000" classname="org.jsimpledb.util.UnsignedIntEncoderTest"/>
  <testcase name="testRandomUnsignedIntEncoding" time="0.000" classname="org.jsimpledb.util.UnsignedIntEncoderTest"/>
  <testcase name="testRandomUnsignedIntEncoding" time="0.000" classname="org.jsimpledb.util.UnsignedIntEncoderTest"/>
  <testcase name="testRandomUnsignedIntEncoding" time="0.000" classname="org.jsimpledb.util.UnsignedIntEncoderTest"/>
  <testcase name="testRandomUnsignedIntEncoding" time="0.000" classname="org.jsimpledb.util.UnsignedIntEncoderTest"/>
  <testcase name="testRandomUnsignedIntEncoding" time="0.001" classname="org.jsimpledb.util.UnsignedIntEncoderTest"/>
  <testcase name="testRandomUnsignedIntEncoding" time="0.000" classname="org.jsimpledb.util.UnsignedIntEncoderTest"/>
  <testcase name="testRandomUnsignedIntEncoding" time="0.000" classname="org.jsimpledb.util.UnsignedIntEncoderTest"/>
  <testcase name="testRandomUnsignedIntEncoding" time="0.000" classname="org.jsimpledb.util.UnsignedIntEncoderTest"/>
  <testcase name="testRandomUnsignedIntEncoding" time="0.000" classname="org.jsimpledb.util.UnsignedIntEncoderTest"/>
  <testcase name="testRandomUnsignedIntEncoding" time="0.000" classname="org.jsimpledb.util.UnsignedIntEncoderTest"/>
  <testcase name="testRandomUnsignedIntEncoding" time="0.000" classname="org.jsimpledb.util.UnsignedIntEncoderTest"/>
  <testcase name="testRandomUnsignedIntEncoding" time="0.000" classname="org.jsimpledb.util.UnsignedIntEncoderTest"/>
  <testcase name="testRandomUnsignedIntEncoding" time="0.000" classname="org.jsimpledb.util.UnsignedIntEncoderTest"/>
  <testcase name="testRandomUnsignedIntEncoding" time="0.000" classname="org.jsimpledb.util.UnsignedIntEncoderTest"/>
  <testcase name="testRandomUnsignedIntEncoding" time="0.000" classname="org.jsimpledb.util.UnsignedIntEncoderTest"/>
  <testcase name="testRandomUnsignedIntEncoding" time="0.000" classname="org.jsimpledb.util.UnsignedIntEncoderTest"/>
  <testcase name="testRandomUnsignedIntEncoding" time="0.000" classname="org.jsimpledb.util.UnsignedIntEncoderTest"/>
  <testcase name="testRandomUnsignedIntEncoding" time="0.000" classname="org.jsimpledb.util.UnsignedIntEncoderTest"/>
  <testcase name="testRandomUnsignedIntEncoding" time="0.000" classname="org.jsimpledb.util.UnsignedIntEncoderTest"/>
  <testcase name="testRandomUnsignedIntEncoding" time="0.000" classname="org.jsimpledb.util.UnsignedIntEncoderTest"/>
  <testcase name="testRandomUnsignedIntEncoding" time="0.000" classname="org.jsimpledb.util.UnsignedIntEncoderTest"/>
  <testcase name="testRandomUnsignedIntEncoding" time="0.000" classname="org.jsimpledb.util.UnsignedIntEncoderTest"/>
  <testcase name="testRandomUnsignedIntEncoding" time="0.000" classname="org.jsimpledb.util.UnsignedIntEncoderTest"/>
  <testcase name="testRandomUnsignedIntEncoding" time="0.001" classname="org.jsimpledb.util.UnsignedIntEncoderTest"/>
  <testcase name="testRandomUnsignedIntEncoding" time="0.000" classname="org.jsimpledb.util.UnsignedIntEncoderTest"/>
  <testcase name="testRandomUnsignedIntEncoding" time="0.000" classname="org.jsimpledb.util.UnsignedIntEncoderTest"/>
  <testcase name="testRandomUnsignedIntEncoding" time="0.000" classname="org.jsimpledb.util.UnsignedIntEncoderTest"/>
  <testcase name="testRandomUnsignedIntEncoding" time="0.000" classname="org.jsimpledb.util.UnsignedIntEncoderTest"/>
  <testcase name="testRandomUnsignedIntEncoding" time="0.000" classname="org.jsimpledb.util.UnsignedIntEncoderTest"/>
  <testcase name="testRandomUnsignedIntEncoding" time="0.000" classname="org.jsimpledb.util.UnsignedIntEncoderTest"/>
  <testcase name="testRandomUnsignedIntEncoding" time="0.000" classname="org.jsimpledb.util.UnsignedIntEncoderTest"/>
  <testcase name="testRandomUnsignedIntEncoding" time="0.001" classname="org.jsimpledb.util.UnsignedIntEncoderTest"/>
  <testcase name="testRandomUnsignedIntEncoding" time="0.000" classname="org.jsimpledb.util.UnsignedIntEncoderTest"/>
  <testcase name="testRandomUnsignedIntEncoding" time="0.000" classname="org.jsimpledb.util.UnsignedIntEncoderTest"/>
  <testcase name="testRandomUnsignedIntEncoding" time="0.000" classname="org.jsimpledb.util.UnsignedIntEncoderTest"/>
  <testcase name="testRandomUnsignedIntEncoding" time="0.000" classname="org.jsimpledb.util.UnsignedIntEncoderTest"/>
  <testcase name="testRandomUnsignedIntEncoding" time="0.000" classname="org.jsimpledb.util.UnsignedIntEncoderTest"/>
  <testcase name="testRandomUnsignedIntEncoding" time="0.000" classname="org.jsimpledb.util.UnsignedIntEncoderTest"/>
</testsuite> <!-- org.jsimpledb.util.UnsignedIntEncoderTest -->
