<?xml version="1.0" encoding="UTF-8"?>
<!-- Generated by org.testng.reporters.JUnitReportReporter -->
<testsuite hostname="retina.dellroad.org" name="org.jsimpledb.kv.KVDatabaseTest" tests="4" failures="0" timestamp="16 May 2014 21:39:49 GMT" time="10.493" errors="0">
  <testcase name="testKV1" time="0.110" classname="org.jsimpledb.kv.KVDatabaseTest"/>
  <testcase name="testKV2" time="6.469" classname="org.jsimpledb.kv.KVDatabaseTest"/>
  <testcase name="testKV3" time="3.006" classname="org.jsimpledb.kv.KVDatabaseTest"/>
  <testcase name="testSimpleKVTimeouts" time="0.908" classname="org.jsimpledb.kv.KVDatabaseTest"/>
</testsuite> <!-- org.jsimpledb.kv.KVDatabaseTest -->
