<?xml version="1.0" encoding="UTF-8"?>
<!-- Generated by org.testng.reporters.JUnitReportReporter -->
<testsuite hostname="retina.dellroad.org" name="org.jsimpledb.core.ObjIdSetTest" tests="1" failures="0" timestamp="17 Jan 2015 15:43:44 GMT" time="0.678" errors="0">
  <testcase name="testObjIdSet" time="0.678" classname="org.jsimpledb.core.ObjIdSetTest"/>
</testsuite> <!-- org.jsimpledb.core.ObjIdSetTest -->
