<?xml version="1.0" encoding="UTF-8"?>
<!-- Generated by org.testng.reporters.JUnitReportReporter -->
<testsuite hostname="retina.dellroad.org" name="org.jsimpledb.CounterTest" tests="1" failures="0" timestamp="17 Apr 2015 01:30:29 GMT" time="0.008" errors="0">
  <testcase name="testCounter" time="0.008" classname="org.jsimpledb.CounterTest"/>
</testsuite> <!-- org.jsimpledb.CounterTest -->
