<?xml version="1.0" encoding="UTF-8"?>
<!-- Generated by org.testng.reporters.JUnitReportReporter -->
<testsuite hostname="retina.dellroad.org" name="org.jsimpledb.TypeSafetyTest2" tests="1" failures="0" timestamp="5 Jan 2015 18:39:07 GMT" time="0.021" errors="0">
  <testcase name="testTypeSafety2" time="0.021" classname="org.jsimpledb.TypeSafetyTest2"/>
</testsuite> <!-- org.jsimpledb.TypeSafetyTest2 -->
