<?xml version="1.0" encoding="UTF-8"?>
<!-- Generated by org.testng.reporters.JUnitReportReporter -->
<testsuite hostname="retina.dellroad.org" name="org.jsimpledb.core.BasicTest1" tests="5" failures="0" timestamp="10 Apr 2014 18:53:40 GMT" time="0.341" errors="0">
  <testcase name="testSetField" time="0.033" classname="org.jsimpledb.core.BasicTest1"/>
  <testcase name="testMapField" time="0.214" classname="org.jsimpledb.core.BasicTest1"/>
  <testcase name="testListField" time="0.026" classname="org.jsimpledb.core.BasicTest1"/>
  <testcase name="testComplexDelete" time="0.019" classname="org.jsimpledb.core.BasicTest1"/>
  <testcase name="testPrimitiveFields" time="0.049" classname="org.jsimpledb.core.BasicTest1"/>
</testsuite> <!-- org.jsimpledb.core.BasicTest1 -->
