<?xml version="1.0" encoding="UTF-8"?>
<!-- Generated by org.testng.reporters.JUnitReportReporter -->
<testsuite hostname="retina.dellroad.org" name="org.jsimpledb.util.ObjIdSetTest" tests="1" failures="0" timestamp="7 Mar 2015 18:17:02 GMT" time="0.274" errors="0">
  <testcase name="testObjIdSet" time="0.274" classname="org.jsimpledb.util.ObjIdSetTest"/>
</testsuite> <!-- org.jsimpledb.util.ObjIdSetTest -->
