<?xml version="1.0" encoding="UTF-8"?>
<!-- Generated by org.testng.reporters.JUnitReportReporter -->
<testsuite hostname="retina.dellroad.org" name="org.jsimpledb.TypeSafetyTest2" tests="1" failures="0" timestamp="17 Jan 2015 15:43:44 GMT" time="0.026" errors="0">
  <testcase name="testTypeSafety2" time="0.026" classname="org.jsimpledb.TypeSafetyTest2"/>
</testsuite> <!-- org.jsimpledb.TypeSafetyTest2 -->
