<?xml version="1.0" encoding="UTF-8"?>
<!-- Generated by org.testng.reporters.JUnitReportReporter -->
<testsuite hostname="retina.dellroad.org" name="org.jsimpledb.core.DroppedTypeTest" tests="1" failures="0" timestamp="28 Jan 2015 23:45:14 GMT" time="0.004" errors="0">
  <testcase name="testDroppedType" time="0.004" classname="org.jsimpledb.core.DroppedTypeTest"/>
</testsuite> <!-- org.jsimpledb.core.DroppedTypeTest -->
