<?xml version="1.0" encoding="UTF-8"?>
<!-- Generated by org.testng.reporters.JUnitReportReporter -->
<testsuite hostname="retina.dellroad.org" name="org.jsimpledb.util.BoundsTest" tests="55" failures="0" timestamp="28 Jan 2015 21:37:15 GMT" time="0.025" errors="0">
  <testcase name="testBounds1" time="0.000" classname="org.jsimpledb.util.BoundsTest"/>
  <testcase name="testBounds2" time="0.001" classname="org.jsimpledb.util.BoundsTest"/>
  <testcase name="testBounds2" time="0.000" classname="org.jsimpledb.util.BoundsTest"/>
  <testcase name="testBounds2" time="0.000" classname="org.jsimpledb.util.BoundsTest"/>
  <testcase name="testBounds2" time="0.001" classname="org.jsimpledb.util.BoundsTest"/>
  <testcase name="testBounds2" time="0.000" classname="org.jsimpledb.util.BoundsTest"/>
  <testcase name="testBounds2" time="0.000" classname="org.jsimpledb.util.BoundsTest"/>
  <testcase name="testBounds2" time="0.000" classname="org.jsimpledb.util.BoundsTest"/>
  <testcase name="testBounds2" time="0.000" classname="org.jsimpledb.util.BoundsTest"/>
  <testcase name="testBounds2" time="0.000" classname="org.jsimpledb.util.BoundsTest"/>
  <testcase name="testBounds2" time="0.001" classname="org.jsimpledb.util.BoundsTest"/>
  <testcase name="testBounds2" time="0.000" classname="org.jsimpledb.util.BoundsTest"/>
  <testcase name="testBounds2" time="0.000" classname="org.jsimpledb.util.BoundsTest"/>
  <testcase name="testBounds2" time="0.001" classname="org.jsimpledb.util.BoundsTest"/>
  <testcase name="testBounds2" time="0.000" classname="org.jsimpledb.util.BoundsTest"/>
  <testcase name="testBounds2" time="0.000" classname="org.jsimpledb.util.BoundsTest"/>
  <testcase name="testBounds2" time="0.001" classname="org.jsimpledb.util.BoundsTest"/>
  <testcase name="testBounds2" time="0.000" classname="org.jsimpledb.util.BoundsTest"/>
  <testcase name="testBounds2" time="0.001" classname="org.jsimpledb.util.BoundsTest"/>
  <testcase name="testBounds2" time="0.001" classname="org.jsimpledb.util.BoundsTest"/>
  <testcase name="testBounds2" time="0.001" classname="org.jsimpledb.util.BoundsTest"/>
  <testcase name="testBounds2" time="0.001" classname="org.jsimpledb.util.BoundsTest"/>
  <testcase name="testBounds2" time="0.001" classname="org.jsimpledb.util.BoundsTest"/>
  <testcase name="testBounds2" time="0.001" classname="org.jsimpledb.util.BoundsTest"/>
  <testcase name="testBounds2" time="0.001" classname="org.jsimpledb.util.BoundsTest"/>
  <testcase name="testBounds2" time="0.001" classname="org.jsimpledb.util.BoundsTest"/>
  <testcase name="testBounds2" time="0.001" classname="org.jsimpledb.util.BoundsTest"/>
  <testcase name="testBounds2" time="0.000" classname="org.jsimpledb.util.BoundsTest"/>
  <testcase name="testBounds2" time="0.000" classname="org.jsimpledb.util.BoundsTest"/>
  <testcase name="testBounds2" time="0.001" classname="org.jsimpledb.util.BoundsTest"/>
  <testcase name="testBounds2" time="0.000" classname="org.jsimpledb.util.BoundsTest"/>
  <testcase name="testBounds2" time="0.000" classname="org.jsimpledb.util.BoundsTest"/>
  <testcase name="testBounds2" time="0.001" classname="org.jsimpledb.util.BoundsTest"/>
  <testcase name="testBounds2" time="0.000" classname="org.jsimpledb.util.BoundsTest"/>
  <testcase name="testBounds2" time="0.000" classname="org.jsimpledb.util.BoundsTest"/>
  <testcase name="testBounds2" time="0.001" classname="org.jsimpledb.util.BoundsTest"/>
  <testcase name="testBounds2" time="0.000" classname="org.jsimpledb.util.BoundsTest"/>
  <testcase name="testBounds2" time="0.000" classname="org.jsimpledb.util.BoundsTest"/>
  <testcase name="testBounds2" time="0.000" classname="org.jsimpledb.util.BoundsTest"/>
  <testcase name="testBounds2" time="0.001" classname="org.jsimpledb.util.BoundsTest"/>
  <testcase name="testBounds2" time="0.000" classname="org.jsimpledb.util.BoundsTest"/>
  <testcase name="testBounds2" time="0.001" classname="org.jsimpledb.util.BoundsTest"/>
  <testcase name="testBounds2" time="0.001" classname="org.jsimpledb.util.BoundsTest"/>
  <testcase name="testBounds2" time="0.001" classname="org.jsimpledb.util.BoundsTest"/>
  <testcase name="testBounds2" time="0.000" classname="org.jsimpledb.util.BoundsTest"/>
  <testcase name="testBounds2" time="0.000" classname="org.jsimpledb.util.BoundsTest"/>
  <testcase name="testBounds2" time="0.001" classname="org.jsimpledb.util.BoundsTest"/>
  <testcase name="testBounds2" time="0.000" classname="org.jsimpledb.util.BoundsTest"/>
  <testcase name="testBounds2" time="0.001" classname="org.jsimpledb.util.BoundsTest"/>
  <testcase name="testBounds2" time="0.001" classname="org.jsimpledb.util.BoundsTest"/>
  <testcase name="testBounds2" time="0.000" classname="org.jsimpledb.util.BoundsTest"/>
  <testcase name="testBounds2" time="0.000" classname="org.jsimpledb.util.BoundsTest"/>
  <testcase name="testBounds2" time="0.000" classname="org.jsimpledb.util.BoundsTest"/>
  <testcase name="testBounds2" time="0.000" classname="org.jsimpledb.util.BoundsTest"/>
  <testcase name="testBounds2" time="0.001" classname="org.jsimpledb.util.BoundsTest"/>
</testsuite> <!-- org.jsimpledb.util.BoundsTest -->
