<?xml version="1.0" encoding="UTF-8"?>
<!-- Generated by org.testng.reporters.JUnitReportReporter -->
<testsuite hostname="retina.dellroad.org" name="org.jsimpledb.core.IndexTest1" tests="2" failures="0" timestamp="7 May 2014 02:32:11 GMT" time="0.089" errors="0">
  <testcase name="testSimpleFieldIndexes" time="0.063" classname="org.jsimpledb.core.IndexTest1"/>
  <testcase name="testComplexFieldIndexes" time="0.026" classname="org.jsimpledb.core.IndexTest1"/>
</testsuite> <!-- org.jsimpledb.core.IndexTest1 -->
