<?xml version="1.0" encoding="UTF-8"?>
<!-- Generated by org.testng.reporters.JUnitReportReporter -->
<testsuite hostname="retina.dellroad.org" name="org.jsimpledb.JLayerTest" tests="1" failures="0" timestamp="10 Apr 2014 18:53:40 GMT" time="0.130" errors="0">
  <testcase name="testJLayer1" time="0.130" classname="org.jsimpledb.JLayerTest"/>
</testsuite> <!-- org.jsimpledb.JLayerTest -->
