<?xml version="1.0" encoding="UTF-8"?>
<!-- Generated by org.testng.reporters.JUnitReportReporter -->
<testsuite hostname="retina.dellroad.org" name="org.jsimpledb.core.BasicTest1" tests="6" failures="0" timestamp="7 Mar 2015 18:17:02 GMT" time="0.114" errors="0">
  <testcase name="testPrimitiveArrays" time="0.011" classname="org.jsimpledb.core.BasicTest1"/>
  <testcase name="testSetField" time="0.013" classname="org.jsimpledb.core.BasicTest1"/>
  <testcase name="testPrimitiveFields" time="0.009" classname="org.jsimpledb.core.BasicTest1"/>
  <testcase name="testListField" time="0.008" classname="org.jsimpledb.core.BasicTest1"/>
  <testcase name="testComplexDelete" time="0.005" classname="org.jsimpledb.core.BasicTest1"/>
  <testcase name="testMapField" time="0.068" classname="org.jsimpledb.core.BasicTest1"/>
</testsuite> <!-- org.jsimpledb.core.BasicTest1 -->
