<?xml version="1.0" encoding="UTF-8"?>
<!-- Generated by org.testng.reporters.JUnitReportReporter -->
<testsuite hostname="retina.dellroad.org" name="org.jsimpledb.core.SnapshotTest" tests="3" failures="0" timestamp="7 May 2014 02:32:11 GMT" time="0.013" errors="0">
  <testcase name="testSnapshotSame" time="0.001" classname="org.jsimpledb.core.SnapshotTest"/>
  <testcase name="testSnapshot" time="0.008" classname="org.jsimpledb.core.SnapshotTest"/>
  <testcase name="testSnapshotConflict" time="0.004" classname="org.jsimpledb.core.SnapshotTest"/>
</testsuite> <!-- org.jsimpledb.core.SnapshotTest -->
