<?xml version="1.0" encoding="UTF-8"?>
<!-- Generated by org.testng.reporters.JUnitReportReporter -->
<testsuite hostname="retina.dellroad.org" name="org.jsimpledb.util.IntersectionNavigableSetTest" tests="5" failures="0" timestamp="28 Jan 2015 23:45:14 GMT" time="0.412" errors="0">
  <testcase name="testSubSet" time="0.004" classname="org.jsimpledb.util.IntersectionNavigableSetTest"/>
  <testcase name="testReverseIteration" time="0.000" classname="org.jsimpledb.util.IntersectionNavigableSetTest"/>
  <testcase name="testEmpty1" time="0.002" classname="org.jsimpledb.util.IntersectionNavigableSetTest"/>
  <testcase name="testRandomIntersections" time="0.406" classname="org.jsimpledb.util.IntersectionNavigableSetTest"/>
  <testcase name="testEmpty2" time="0.000" classname="org.jsimpledb.util.IntersectionNavigableSetTest"/>
</testsuite> <!-- org.jsimpledb.util.IntersectionNavigableSetTest -->
