<?xml version="1.0" encoding="UTF-8"?>
<!-- Generated by org.testng.reporters.JUnitReportReporter -->
<testsuite hostname="retina.dellroad.org" name="org.jsimpledb.OnVersionChangeTest" tests="1" failures="0" timestamp="18 Aug 2014 16:45:48 GMT" time="0.133" errors="0">
  <testcase name="testOnVersionChange" time="0.133" classname="org.jsimpledb.OnVersionChangeTest"/>
</testsuite> <!-- org.jsimpledb.OnVersionChangeTest -->
