<?xml version="1.0" encoding="UTF-8"?>
<!-- Generated by org.testng.reporters.JUnitReportReporter -->
<testsuite hostname="retina.dellroad.org" name="org.jsimpledb.core.SchemaTest" tests="43" failures="0" timestamp="5 Jan 2015 18:39:07 GMT" time="0.039" errors="0">
  <testcase name="testSchema" time="0.001" classname="org.jsimpledb.core.SchemaTest"/>
  <testcase name="testSchema" time="0.000" classname="org.jsimpledb.core.SchemaTest"/>
  <testcase name="testSchema" time="0.000" classname="org.jsimpledb.core.SchemaTest"/>
  <testcase name="testSchema" time="0.000" classname="org.jsimpledb.core.SchemaTest"/>
  <testcase name="testSchema" time="0.001" classname="org.jsimpledb.core.SchemaTest"/>
  <testcase name="testSchema" time="0.001" classname="org.jsimpledb.core.SchemaTest"/>
  <testcase name="testSchema" time="0.001" classname="org.jsimpledb.core.SchemaTest"/>
  <testcase name="testSchema" time="0.001" classname="org.jsimpledb.core.SchemaTest"/>
  <testcase name="testUpgradeSchema" time="0.004" classname="org.jsimpledb.core.SchemaTest"/>
  <testcase name="testSchema" time="0.001" classname="org.jsimpledb.core.SchemaTest"/>
  <testcase name="testSchema" time="0.001" classname="org.jsimpledb.core.SchemaTest"/>
  <testcase name="testSchema" time="0.001" classname="org.jsimpledb.core.SchemaTest"/>
  <testcase name="testSchema" time="0.001" classname="org.jsimpledb.core.SchemaTest"/>
  <testcase name="testSchema" time="0.000" classname="org.jsimpledb.core.SchemaTest"/>
  <testcase name="testSchema" time="0.000" classname="org.jsimpledb.core.SchemaTest"/>
  <testcase name="testUpgradeSchema" time="0.004" classname="org.jsimpledb.core.SchemaTest"/>
  <testcase name="testSchema" time="0.002" classname="org.jsimpledb.core.SchemaTest"/>
  <testcase name="testSchema" time="0.000" classname="org.jsimpledb.core.SchemaTest"/>
  <testcase name="testSchema" time="0.001" classname="org.jsimpledb.core.SchemaTest"/>
  <testcase name="testSchema" time="0.001" classname="org.jsimpledb.core.SchemaTest"/>
  <testcase name="testSchema" time="0.000" classname="org.jsimpledb.core.SchemaTest"/>
  <testcase name="testSchema" time="0.000" classname="org.jsimpledb.core.SchemaTest"/>
  <testcase name="testSchema" time="0.001" classname="org.jsimpledb.core.SchemaTest"/>
  <testcase name="testUpgradeSchema" time="0.004" classname="org.jsimpledb.core.SchemaTest"/>
  <testcase name="testSchema" time="0.000" classname="org.jsimpledb.core.SchemaTest"/>
  <testcase name="testSchema" time="0.001" classname="org.jsimpledb.core.SchemaTest"/>
  <testcase name="testSchema" time="0.001" classname="org.jsimpledb.core.SchemaTest"/>
  <testcase name="testSchema" time="0.001" classname="org.jsimpledb.core.SchemaTest"/>
  <testcase name="testSchema" time="0.000" classname="org.jsimpledb.core.SchemaTest"/>
  <testcase name="testSchema" time="0.001" classname="org.jsimpledb.core.SchemaTest"/>
  <testcase name="testSchema" time="0.000" classname="org.jsimpledb.core.SchemaTest"/>
  <testcase name="testSchema" time="0.001" classname="org.jsimpledb.core.SchemaTest"/>
  <testcase name="testSchema" time="0.001" classname="org.jsimpledb.core.SchemaTest"/>
  <testcase name="testSchema" time="0.001" classname="org.jsimpledb.core.SchemaTest"/>
  <testcase name="testSchema" time="0.000" classname="org.jsimpledb.core.SchemaTest"/>
  <testcase name="testSchema" time="0.001" classname="org.jsimpledb.core.SchemaTest"/>
  <testcase name="testSchema" time="0.001" classname="org.jsimpledb.core.SchemaTest"/>
  <testcase name="testSchema" time="0.000" classname="org.jsimpledb.core.SchemaTest"/>
  <testcase name="testSchema" time="0.001" classname="org.jsimpledb.core.SchemaTest"/>
  <testcase name="testSchema" time="0.000" classname="org.jsimpledb.core.SchemaTest"/>
  <testcase name="testSchema" time="0.001" classname="org.jsimpledb.core.SchemaTest"/>
  <testcase name="testSchema" time="0.001" classname="org.jsimpledb.core.SchemaTest"/>
  <testcase name="testSchema" time="0.001" classname="org.jsimpledb.core.SchemaTest"/>
</testsuite> <!-- org.jsimpledb.core.SchemaTest -->
