<?xml version="1.0" encoding="UTF-8"?>
<!-- Generated by org.testng.reporters.JUnitReportReporter -->
<testsuite hostname="retina.dellroad.org" name="org.jsimpledb.util.UnsignedIntEncoderTest" tests="1000" failures="0" timestamp="18 Aug 2014 16:45:48 GMT" time="0.042" errors="0">
  <testcase name="testRandomUnsignedIntEncoding" time="0.000" classname="org.jsimpledb.util.UnsignedIntEncoderTest"/>
  <testcase name="testRandomUnsignedIntEncoding" time="0.000" classname="org.jsimpledb.util.UnsignedIntEncoderTest"/>
  <testcase name="testRandomUnsignedIntEncoding" time="0.000" classname="org.jsimpledb.util.UnsignedIntEncoderTest"/>
  <testcase name="testRandomUnsignedIntEncoding" time="0.000" classname="org.jsimpledb.util.UnsignedIntEncoderTest"/>
  <testcase name="testRandomUnsignedIntEncoding" time="0.000" classname="org.jsimpledb.util.UnsignedIntEncoderTest"/>
  <testcase name="testRandomUnsignedIntEncoding" time="0.000" classname="org.jsimpledb.util.UnsignedIntEncoderTest"/>
  <testcase name="testRandomUnsignedIntEncoding" time="0.000" classname="org.jsimpledb.util.UnsignedIntEncoderTest"/>
  <testcase name="testRandomUnsignedIntEncoding" time="0.000" classname="org.jsimpledb.util.UnsignedIntEncoderTest"/>
  <testcase name="testRandomUnsignedIntEncoding" time="0.000" classname="org.jsimpledb.util.UnsignedIntEncoderTest"/>
  <testcase name="testRandomUnsignedIntEncoding" time="0.000" classname="org.jsimpledb.util.UnsignedIntEncoderTest"/>
  <testcase name="testRandomUnsignedIntEncoding" time="0.000" classname="org.jsimpledb.util.UnsignedIntEncoderTest"/>
  <testcase name="testRandomUnsignedIntEncoding" time="0.000" classname="org.jsimpledb.util.UnsignedIntEncoderTest"/>
  <testcase name="testRandomUnsignedIntEncoding" time="0.000" classname="org.jsimpledb.util.UnsignedIntEncoderTest"/>
  <testcase name="testRandomUnsignedIntEncoding" time="0.000" classname="org.jsimpledb.util.UnsignedIntEncoderTest"/>
  <testcase name="testRandomUnsignedIntEncoding" time="0.000" classname="org.jsimpledb.util.UnsignedIntEncoderTest"/>
  <testcase name="testRandomUnsignedIntEncoding" time="0.000" classname="org.jsimpledb.util.UnsignedIntEncoderTest"/>
  <testcase name="testRandomUnsignedIntEncoding" time="0.000" classname="org.jsimpledb.util.UnsignedIntEncoderTest"/>
  <testcase name="testRandomUnsignedIntEncoding" time="0.000" classname="org.jsimpledb.util.UnsignedIntEncoderTest"/>
  <testcase name="testRandomUnsignedIntEncoding" time="0.001" classname="org.jsimpledb.util.UnsignedIntEncoderTest"/>
  <testcase name="testRandomUnsignedIntEncoding" time="0.000" classname="org.jsimpledb.util.UnsignedIntEncoderTest"/>
  <testcase name="testRandomUnsignedIntEncoding" time="0.000" classname="org.jsimpledb.util.UnsignedIntEncoderTest"/>
  <testcase name="testRandomUnsignedIntEncoding" time="0.000" classname="org.jsimpledb.util.UnsignedIntEncoderTest"/>
  <testcase name="testRandomUnsignedIntEncoding" time="0.000" classname="org.jsimpledb.util.UnsignedIntEncoderTest"/>
  <testcase name="testRandomUnsignedIntEncoding" time="0.000" classname="org.jsimpledb.util.UnsignedIntEncoderTest"/>
  <testcase name="testRandomUnsignedIntEncoding" time="0.000" classname="org.jsimpledb.util.UnsignedIntEncoderTest"/>
  <testcase name="testRandomUnsignedIntEncoding" time="0.000" classname="org.jsimpledb.util.UnsignedIntEncoderTest"/>
  <testcase name="testRandomUnsignedIntEncoding" time="0.000" classname="org.jsimpledb.util.UnsignedIntEncoderTest"/>
  <testcase name="testRandomUnsignedIntEncoding" time="0.001" classname="org.jsimpledb.util.UnsignedIntEncoderTest"/>
  <testcase name="testRandomUnsignedIntEncoding" time="0.000" classname="org.jsimpledb.util.UnsignedIntEncoderTest"/>
  <testcase name="testRandomUnsignedIntEncoding" time="0.000" classname="org.jsimpledb.util.UnsignedIntEncoderTest"/>
  <testcase name="testRandomUnsignedIntEncoding" time="0.000" classname="org.jsimpledb.util.UnsignedIntEncoderTest"/>
  <testcase name="testRandomUnsignedIntEncoding" time="0.000" classname="org.jsimpledb.util.UnsignedIntEncoderTest"/>
  <testcase name="testRandomUnsignedIntEncoding" time="0.000" classname="org.jsimpledb.util.UnsignedIntEncoderTest"/>
  <testcase name="testRandomUnsignedIntEncoding" time="0.000" classname="org.jsimpledb.util.UnsignedIntEncoderTest"/>
  <testcase name="testRandomUnsignedIntEncoding" time="0.000" classname="org.jsimpledb.util.UnsignedIntEncoderTest"/>
  <testcase name="testRandomUnsignedIntEncoding" time="0.000" classname="org.jsimpledb.util.UnsignedIntEncoderTest"/>
  <testcase name="testRandomUnsignedIntEncoding" time="0.000" classname="org.jsimpledb.util.UnsignedIntEncoderTest"/>
  <testcase name="testRandomUnsignedIntEncoding" time="0.000" classname="org.jsimpledb.util.UnsignedIntEncoderTest"/>
  <testcase name="testRandomUnsignedIntEncoding" time="0.000" classname="org.jsimpledb.util.UnsignedIntEncoderTest"/>
  <testcase name="testRandomUnsignedIntEncoding" time="0.001" classname="org.jsimpledb.util.UnsignedIntEncoderTest"/>
  <testcase name="testRandomUnsignedIntEncoding" time="0.000" classname="org.jsimpledb.util.UnsignedIntEncoderTest"/>
  <testcase name="testRandomUnsignedIntEncoding" time="0.000" classname="org.jsimpledb.util.UnsignedIntEncoderTest"/>
  <testcase name="testRandomUnsignedIntEncoding" time="0.000" classname="org.jsimpledb.util.UnsignedIntEncoderTest"/>
  <testcase name="testRandomUnsignedIntEncoding" time="0.000" classname="org.jsimpledb.util.UnsignedIntEncoderTest"/>
  <testcase name="testRandomUnsignedIntEncoding" time="0.001" classname="org.jsimpledb.util.UnsignedIntEncoderTest"/>
  <testcase name="testRandomUnsignedIntEncoding" time="0.000" classname="org.jsimpledb.util.UnsignedIntEncoderTest"/>
  <testcase name="testRandomUnsignedIntEncoding" time="0.000" classname="org.jsimpledb.util.UnsignedIntEncoderTest"/>
  <testcase name="testRandomUnsignedIntEncoding" time="0.000" classname="org.jsimpledb.util.UnsignedIntEncoderTest"/>
  <testcase name="testRandomUnsignedIntEncoding" time="0.000" classname="org.jsimpledb.util.UnsignedIntEncoderTest"/>
  <testcase name="testRandomUnsignedIntEncoding" time="0.000" classname="org.jsimpledb.util.UnsignedIntEncoderTest"/>
  <testcase name="testRandomUnsignedIntEncoding" time="0.000" classname="org.jsimpledb.util.UnsignedIntEncoderTest"/>
  <testcase name="testRandomUnsignedIntEncoding" time="0.000" classname="org.jsimpledb.util.UnsignedIntEncoderTest"/>
  <testcase name="testRandomUnsignedIntEncoding" time="0.001" classname="org.jsimpledb.util.UnsignedIntEncoderTest"/>
  <testcase name="testRandomUnsignedIntEncoding" time="0.001" classname="org.jsimpledb.util.UnsignedIntEncoderTest"/>
  <testcase name="testRandomUnsignedIntEncoding" time="0.000" classname="org.jsimpledb.util.UnsignedIntEncoderTest"/>
  <testcase name="testRandomUnsignedIntEncoding" time="0.000" classname="org.jsimpledb.util.UnsignedIntEncoderTest"/>
  <testcase name="testRandomUnsignedIntEncoding" time="0.000" classname="org.jsimpledb.util.UnsignedIntEncoderTest"/>
  <testcase name="testRandomUnsignedIntEncoding" time="0.000" classname="org.jsimpledb.util.UnsignedIntEncoderTest"/>
  <testcase name="testRandomUnsignedIntEncoding" time="0.000" classname="org.jsimpledb.util.UnsignedIntEncoderTest"/>
  <testcase name="testRandomUnsignedIntEncoding" time="0.000" classname="org.jsimpledb.util.UnsignedIntEncoderTest"/>
  <testcase name="testRandomUnsignedIntEncoding" time="0.000" classname="org.jsimpledb.util.UnsignedIntEncoderTest"/>
  <testcase name="testRandomUnsignedIntEncoding" time="0.000" classname="org.jsimpledb.util.UnsignedIntEncoderTest"/>
  <testcase name="testRandomUnsignedIntEncoding" time="0.000" classname="org.jsimpledb.util.UnsignedIntEncoderTest"/>
  <testcase name="testRandomUnsignedIntEncoding" time="0.000" classname="org.jsimpledb.util.UnsignedIntEncoderTest"/>
  <testcase name="testRandomUnsignedIntEncoding" time="0.000" classname="org.jsimpledb.util.UnsignedIntEncoderTest"/>
  <testcase name="testRandomUnsignedIntEncoding" time="0.000" classname="org.jsimpledb.util.UnsignedIntEncoderTest"/>
  <testcase name="testRandomUnsignedIntEncoding" time="0.000" classname="org.jsimpledb.util.UnsignedIntEncoderTest"/>
  <testcase name="testRandomUnsignedIntEncoding" time="0.000" classname="org.jsimpledb.util.UnsignedIntEncoderTest"/>
  <testcase name="testRandomUnsignedIntEncoding" time="0.000" classname="org.jsimpledb.util.UnsignedIntEncoderTest"/>
  <testcase name="testRandomUnsignedIntEncoding" time="0.000" classname="org.jsimpledb.util.UnsignedIntEncoderTest"/>
  <testcase name="testRandomUnsignedIntEncoding" time="0.000" classname="org.jsimpledb.util.UnsignedIntEncoderTest"/>
  <testcase name="testRandomUnsignedIntEncoding" time="0.000" classname="org.jsimpledb.util.UnsignedIntEncoderTest"/>
  <testcase name="testRandomUnsignedIntEncoding" time="0.000" classname="org.jsimpledb.util.UnsignedIntEncoderTest"/>
  <testcase name="testRandomUnsignedIntEncoding" time="0.000" classname="org.jsimpledb.util.UnsignedIntEncoderTest"/>
  <testcase name="testRandomUnsignedIntEncoding" time="0.000" classname="org.jsimpledb.util.UnsignedIntEncoderTest"/>
  <testcase name="testRandomUnsignedIntEncoding" time="0.000" classname="org.jsimpledb.util.UnsignedIntEncoderTest"/>
  <testcase name="testRandomUnsignedIntEncoding" time="0.000" classname="org.jsimpledb.util.UnsignedIntEncoderTest"/>
  <testcase name="testRandomUnsignedIntEncoding" time="0.000" classname="org.jsimpledb.util.UnsignedIntEncoderTest"/>
  <testcase name="testRandomUnsignedIntEncoding" time="0.000" classname="org.jsimpledb.util.UnsignedIntEncoderTest"/>
  <testcase name="testRandomUnsignedIntEncoding" time="0.000" classname="org.jsimpledb.util.UnsignedIntEncoderTest"/>
  <testcase name="testRandomUnsignedIntEncoding" time="0.000" classname="org.jsimpledb.util.UnsignedIntEncoderTest"/>
  <testcase name="testRandomUnsignedIntEncoding" time="0.000" classname="org.jsimpledb.util.UnsignedIntEncoderTest"/>
  <testcase name="testRandomUnsignedIntEncoding" time="0.000" classname="org.jsimpledb.util.UnsignedIntEncoderTest"/>
  <testcase name="testRandomUnsignedIntEncoding" time="0.000" classname="org.jsimpledb.util.UnsignedIntEncoderTest"/>
  <testcase name="testRandomUnsignedIntEncoding" time="0.000" classname="org.jsimpledb.util.UnsignedIntEncoderTest"/>
  <testcase name="testRandomUnsignedIntEncoding" time="0.000" classname="org.jsimpledb.util.UnsignedIntEncoderTest"/>
  <testcase name="testRandomUnsignedIntEncoding" time="0.000" classname="org.jsimpledb.util.UnsignedIntEncoderTest"/>
  <testcase name="testRandomUnsignedIntEncoding" time="0.000" classname="org.jsimpledb.util.UnsignedIntEncoderTest"/>
  <testcase name="testRandomUnsignedIntEncoding" time="0.000" classname="org.jsimpledb.util.UnsignedIntEncoderTest"/>
  <testcase name="testRandomUnsignedIntEncoding" time="0.000" classname="org.jsimpledb.util.UnsignedIntEncoderTest"/>
  <testcase name="testRandomUnsignedIntEncoding" time="0.000" classname="org.jsimpledb.util.UnsignedIntEncoderTest"/>
  <testcase name="testRandomUnsignedIntEncoding" time="0.000" classname="org.jsimpledb.util.UnsignedIntEncoderTest"/>
  <testcase name="testRandomUnsignedIntEncoding" time="0.000" classname="org.jsimpledb.util.UnsignedIntEncoderTest"/>
  <testcase name="testRandomUnsignedIntEncoding" time="0.000" classname="org.jsimpledb.util.UnsignedIntEncoderTest"/>
  <testcase name="testRandomUnsignedIntEncoding" time="0.000" classname="org.jsimpledb.util.UnsignedIntEncoderTest"/>
  <testcase name="testRandomUnsignedIntEncoding" time="0.000" classname="org.jsimpledb.util.UnsignedIntEncoderTest"/>
  <testcase name="testRandomUnsignedIntEncoding" time="0.000" classname="org.jsimpledb.util.UnsignedIntEncoderTest"/>
  <testcase name="testRandomUnsignedIntEncoding" time="0.001" classname="org.jsimpledb.util.UnsignedIntEncoderTest"/>
  <testcase name="testRandomUnsignedIntEncoding" time="0.000" classname="org.jsimpledb.util.UnsignedIntEncoderTest"/>
  <testcase name="testRandomUnsignedIntEncoding" time="0.000" classname="org.jsimpledb.util.UnsignedIntEncoderTest"/>
  <testcase name="testRandomUnsignedIntEncoding" time="0.000" classname="org.jsimpledb.util.UnsignedIntEncoderTest"/>
  <testcase name="testRandomUnsignedIntEncoding" time="0.000" classname="org.jsimpledb.util.UnsignedIntEncoderTest"/>
  <testcase name="testRandomUnsignedIntEncoding" time="0.000" classname="org.jsimpledb.util.UnsignedIntEncoderTest"/>
  <testcase name="testRandomUnsignedIntEncoding" time="0.000" classname="org.jsimpledb.util.UnsignedIntEncoderTest"/>
  <testcase name="testRandomUnsignedIntEncoding" time="0.000" classname="org.jsimpledb.util.UnsignedIntEncoderTest"/>
  <testcase name="testRandomUnsignedIntEncoding" time="0.000" classname="org.jsimpledb.util.UnsignedIntEncoderTest"/>
  <testcase name="testRandomUnsignedIntEncoding" time="0.000" classname="org.jsimpledb.util.UnsignedIntEncoderTest"/>
  <testcase name="testRandomUnsignedIntEncoding" time="0.000" classname="org.jsimpledb.util.UnsignedIntEncoderTest"/>
  <testcase name="testRandomUnsignedIntEncoding" time="0.000" classname="org.jsimpledb.util.UnsignedIntEncoderTest"/>
  <testcase name="testRandomUnsignedIntEncoding" time="0.000" classname="org.jsimpledb.util.UnsignedIntEncoderTest"/>
  <testcase name="testRandomUnsignedIntEncoding" time="0.000" classname="org.jsimpledb.util.UnsignedIntEncoderTest"/>
  <testcase name="testRandomUnsignedIntEncoding" time="0.000" classname="org.jsimpledb.util.UnsignedIntEncoderTest"/>
  <testcase name="testRandomUnsignedIntEncoding" time="0.000" classname="org.jsimpledb.util.UnsignedIntEncoderTest"/>
  <testcase name="testRandomUnsignedIntEncoding" time="0.000" classname="org.jsimpledb.util.UnsignedIntEncoderTest"/>
  <testcase name="testRandomUnsignedIntEncoding" time="0.000" classname="org.jsimpledb.util.UnsignedIntEncoderTest"/>
  <testcase name="testRandomUnsignedIntEncoding" time="0.000" classname="org.jsimpledb.util.UnsignedIntEncoderTest"/>
  <testcase name="testRandomUnsignedIntEncoding" time="0.001" classname="org.jsimpledb.util.UnsignedIntEncoderTest"/>
  <testcase name="testRandomUnsignedIntEncoding" time="0.000" classname="org.jsimpledb.util.UnsignedIntEncoderTest"/>
  <testcase name="testRandomUnsignedIntEncoding" time="0.000" classname="org.jsimpledb.util.UnsignedIntEncoderTest"/>
  <testcase name="testRandomUnsignedIntEncoding" time="0.000" classname="org.jsimpledb.util.UnsignedIntEncoderTest"/>
  <testcase name="testRandomUnsignedIntEncoding" time="0.000" classname="org.jsimpledb.util.UnsignedIntEncoderTest"/>
  <testcase name="testRandomUnsignedIntEncoding" time="0.000" classname="org.jsimpledb.util.UnsignedIntEncoderTest"/>
  <testcase name="testRandomUnsignedIntEncoding" time="0.000" classname="org.jsimpledb.util.UnsignedIntEncoderTest"/>
  <testcase name="testRandomUnsignedIntEncoding" time="0.000" classname="org.jsimpledb.util.UnsignedIntEncoderTest"/>
  <testcase name="testRandomUnsignedIntEncoding" time="0.000" classname="org.jsimpledb.util.UnsignedIntEncoderTest"/>
  <testcase name="testRandomUnsignedIntEncoding" time="0.000" classname="org.jsimpledb.util.UnsignedIntEncoderTest"/>
  <testcase name="testRandomUnsignedIntEncoding" time="0.000" classname="org.jsimpledb.util.UnsignedIntEncoderTest"/>
  <testcase name="testRandomUnsignedIntEncoding" time="0.001" classname="org.jsimpledb.util.UnsignedIntEncoderTest"/>
  <testcase name="testRandomUnsignedIntEncoding" time="0.000" classname="org.jsimpledb.util.UnsignedIntEncoderTest"/>
  <testcase name="testRandomUnsignedIntEncoding" time="0.000" classname="org.jsimpledb.util.UnsignedIntEncoderTest"/>
  <testcase name="testRandomUnsignedIntEncoding" time="0.000" classname="org.jsimpledb.util.UnsignedIntEncoderTest"/>
  <testcase name="testRandomUnsignedIntEncoding" time="0.000" classname="org.jsimpledb.util.UnsignedIntEncoderTest"/>
  <testcase name="testRandomUnsignedIntEncoding" time="0.000" classname="org.jsimpledb.util.UnsignedIntEncoderTest"/>
  <testcase name="testRandomUnsignedIntEncoding" time="0.000" classname="org.jsimpledb.util.UnsignedIntEncoderTest"/>
  <testcase name="testRandomUnsignedIntEncoding" time="0.000" classname="org.jsimpledb.util.UnsignedIntEncoderTest"/>
  <testcase name="testRandomUnsignedIntEncoding" time="0.000" classname="org.jsimpledb.util.UnsignedIntEncoderTest"/>
  <testcase name="testRandomUnsignedIntEncoding" time="0.000" classname="org.jsimpledb.util.UnsignedIntEncoderTest"/>
  <testcase name="testRandomUnsignedIntEncoding" time="0.000" classname="org.jsimpledb.util.UnsignedIntEncoderTest"/>
  <testcase name="testRandomUnsignedIntEncoding" time="0.000" classname="org.jsimpledb.util.UnsignedIntEncoderTest"/>
  <testcase name="testRandomUnsignedIntEncoding" time="0.000" classname="org.jsimpledb.util.UnsignedIntEncoderTest"/>
  <testcase name="testRandomUnsignedIntEncoding" time="0.000" classname="org.jsimpledb.util.UnsignedIntEncoderTest"/>
  <testcase name="testRandomUnsignedIntEncoding" time="0.000" classname="org.jsimpledb.util.UnsignedIntEncoderTest"/>
  <testcase name="testRandomUnsignedIntEncoding" time="0.000" classname="org.jsimpledb.util.UnsignedIntEncoderTest"/>
  <testcase name="testRandomUnsignedIntEncoding" time="0.000" classname="org.jsimpledb.util.UnsignedIntEncoderTest"/>
  <testcase name="testRandomUnsignedIntEncoding" time="0.000" classname="org.jsimpledb.util.UnsignedIntEncoderTest"/>
  <testcase name="testRandomUnsignedIntEncoding" time="0.000" classname="org.jsimpledb.util.UnsignedIntEncoderTest"/>
  <testcase name="testRandomUnsignedIntEncoding" time="0.000" classname="org.jsimpledb.util.UnsignedIntEncoderTest"/>
  <testcase name="testRandomUnsignedIntEncoding" time="0.000" classname="org.jsimpledb.util.UnsignedIntEncoderTest"/>
  <testcase name="testRandomUnsignedIntEncoding" time="0.001" classname="org.jsimpledb.util.UnsignedIntEncoderTest"/>
  <testcase name="testRandomUnsignedIntEncoding" time="0.000" classname="org.jsimpledb.util.UnsignedIntEncoderTest"/>
  <testcase name="testRandomUnsignedIntEncoding" time="0.000" classname="org.jsimpledb.util.UnsignedIntEncoderTest"/>
  <testcase name="testRandomUnsignedIntEncoding" time="0.000" classname="org.jsimpledb.util.UnsignedIntEncoderTest"/>
  <testcase name="testRandomUnsignedIntEncoding" time="0.000" classname="org.jsimpledb.util.UnsignedIntEncoderTest"/>
  <testcase name="testRandomUnsignedIntEncoding" time="0.000" classname="org.jsimpledb.util.UnsignedIntEncoderTest"/>
  <testcase name="testRandomUnsignedIntEncoding" time="0.000" classname="org.jsimpledb.util.UnsignedIntEncoderTest"/>
  <testcase name="testRandomUnsignedIntEncoding" time="0.000" classname="org.jsimpledb.util.UnsignedIntEncoderTest"/>
  <testcase name="testRandomUnsignedIntEncoding" time="0.000" classname="org.jsimpledb.util.UnsignedIntEncoderTest"/>
  <testcase name="testRandomUnsignedIntEncoding" time="0.001" classname="org.jsimpledb.util.UnsignedIntEncoderTest"/>
  <testcase name="testRandomUnsignedIntEncoding" time="0.000" classname="org.jsimpledb.util.UnsignedIntEncoderTest"/>
  <testcase name="testRandomUnsignedIntEncoding" time="0.000" classname="org.jsimpledb.util.UnsignedIntEncoderTest"/>
  <testcase name="testRandomUnsignedIntEncoding" time="0.000" classname="org.jsimpledb.util.UnsignedIntEncoderTest"/>
  <testcase name="testRandomUnsignedIntEncoding" time="0.000" classname="org.jsimpledb.util.UnsignedIntEncoderTest"/>
  <testcase name="testRandomUnsignedIntEncoding" time="0.000" classname="org.jsimpledb.util.UnsignedIntEncoderTest"/>
  <testcase name="testRandomUnsignedIntEncoding" time="0.000" classname="org.jsimpledb.util.UnsignedIntEncoderTest"/>
  <testcase name="testRandomUnsignedIntEncoding" time="0.000" classname="org.jsimpledb.util.UnsignedIntEncoderTest"/>
  <testcase name="testRandomUnsignedIntEncoding" time="0.000" classname="org.jsimpledb.util.UnsignedIntEncoderTest"/>
  <testcase name="testRandomUnsignedIntEncoding" time="0.000" classname="org.jsimpledb.util.UnsignedIntEncoderTest"/>
  <testcase name="testRandomUnsignedIntEncoding" time="0.001" classname="org.jsimpledb.util.UnsignedIntEncoderTest"/>
  <testcase name="testRandomUnsignedIntEncoding" time="0.000" classname="org.jsimpledb.util.UnsignedIntEncoderTest"/>
  <testcase name="testRandomUnsignedIntEncoding" time="0.000" classname="org.jsimpledb.util.UnsignedIntEncoderTest"/>
  <testcase name="testRandomUnsignedIntEncoding" time="0.000" classname="org.jsimpledb.util.UnsignedIntEncoderTest"/>
  <testcase name="testRandomUnsignedIntEncoding" time="0.000" classname="org.jsimpledb.util.UnsignedIntEncoderTest"/>
  <testcase name="testRandomUnsignedIntEncoding" time="0.000" classname="org.jsimpledb.util.UnsignedIntEncoderTest"/>
  <testcase name="testRandomUnsignedIntEncoding" time="0.000" classname="org.jsimpledb.util.UnsignedIntEncoderTest"/>
  <testcase name="testRandomUnsignedIntEncoding" time="0.000" classname="org.jsimpledb.util.UnsignedIntEncoderTest"/>
  <testcase name="testRandomUnsignedIntEncoding" time="0.000" classname="org.jsimpledb.util.UnsignedIntEncoderTest"/>
  <testcase name="testRandomUnsignedIntEncoding" time="0.000" classname="org.jsimpledb.util.UnsignedIntEncoderTest"/>
  <testcase name="testRandomUnsignedIntEncoding" time="0.000" classname="org.jsimpledb.util.UnsignedIntEncoderTest"/>
  <testcase name="testRandomUnsignedIntEncoding" time="0.000" classname="org.jsimpledb.util.UnsignedIntEncoderTest"/>
  <testcase name="testRandomUnsignedIntEncoding" time="0.000" classname="org.jsimpledb.util.UnsignedIntEncoderTest"/>
  <testcase name="testRandomUnsignedIntEncoding" time="0.000" classname="org.jsimpledb.util.UnsignedIntEncoderTest"/>
  <testcase name="testRandomUnsignedIntEncoding" time="0.000" classname="org.jsimpledb.util.UnsignedIntEncoderTest"/>
  <testcase name="testRandomUnsignedIntEncoding" time="0.000" classname="org.jsimpledb.util.UnsignedIntEncoderTest"/>
  <testcase name="testRandomUnsignedIntEncoding" time="0.000" classname="org.jsimpledb.util.UnsignedIntEncoderTest"/>
  <testcase name="testRandomUnsignedIntEncoding" time="0.000" classname="org.jsimpledb.util.UnsignedIntEncoderTest"/>
  <testcase name="testRandomUnsignedIntEncoding" time="0.000" classname="org.jsimpledb.util.UnsignedIntEncoderTest"/>
  <testcase name="testRandomUnsignedIntEncoding" time="0.000" classname="org.jsimpledb.util.UnsignedIntEncoderTest"/>
  <testcase name="testRandomUnsignedIntEncoding" time="0.000" classname="org.jsimpledb.util.UnsignedIntEncoderTest"/>
  <testcase name="testRandomUnsignedIntEncoding" time="0.000" classname="org.jsimpledb.util.UnsignedIntEncoderTest"/>
  <testcase name="testRandomUnsignedIntEncoding" time="0.000" classname="org.jsimpledb.util.UnsignedIntEncoderTest"/>
  <testcase name="testRandomUnsignedIntEncoding" time="0.000" classname="org.jsimpledb.util.UnsignedIntEncoderTest"/>
  <testcase name="testRandomUnsignedIntEncoding" time="0.000" classname="org.jsimpledb.util.UnsignedIntEncoderTest"/>
  <testcase name="testRandomUnsignedIntEncoding" time="0.000" classname="org.jsimpledb.util.UnsignedIntEncoderTest"/>
  <testcase name="testRandomUnsignedIntEncoding" time="0.000" classname="org.jsimpledb.util.UnsignedIntEncoderTest"/>
  <testcase name="testRandomUnsignedIntEncoding" time="0.000" classname="org.jsimpledb.util.UnsignedIntEncoderTest"/>
  <testcase name="testRandomUnsignedIntEncoding" time="0.000" classname="org.jsimpledb.util.UnsignedIntEncoderTest"/>
  <testcase name="testRandomUnsignedIntEncoding" time="0.000" classname="org.jsimpledb.util.UnsignedIntEncoderTest"/>
  <testcase name="testRandomUnsignedIntEncoding" time="0.000" classname="org.jsimpledb.util.UnsignedIntEncoderTest"/>
  <testcase name="testRandomUnsignedIntEncoding" time="0.000" classname="org.jsimpledb.util.UnsignedIntEncoderTest"/>
  <testcase name="testRandomUnsignedIntEncoding" time="0.000" classname="org.jsimpledb.util.UnsignedIntEncoderTest"/>
  <testcase name="testRandomUnsignedIntEncoding" time="0.000" classname="org.jsimpledb.util.UnsignedIntEncoderTest"/>
  <testcase name="testRandomUnsignedIntEncoding" time="0.000" classname="org.jsimpledb.util.UnsignedIntEncoderTest"/>
  <testcase name="testRandomUnsignedIntEncoding" time="0.000" classname="org.jsimpledb.util.UnsignedIntEncoderTest"/>
  <testcase name="testRandomUnsignedIntEncoding" time="0.000" classname="org.jsimpledb.util.UnsignedIntEncoderTest"/>
  <testcase name="testRandomUnsignedIntEncoding" time="0.000" classname="org.jsimpledb.util.UnsignedIntEncoderTest"/>
  <testcase name="testRandomUnsignedIntEncoding" time="0.000" classname="org.jsimpledb.util.UnsignedIntEncoderTest"/>
  <testcase name="testRandomUnsignedIntEncoding" time="0.000" classname="org.jsimpledb.util.UnsignedIntEncoderTest"/>
  <testcase name="testRandomUnsignedIntEncoding" time="0.000" classname="org.jsimpledb.util.UnsignedIntEncoderTest"/>
  <testcase name="testRandomUnsignedIntEncoding" time="0.000" classname="org.jsimpledb.util.UnsignedIntEncoderTest"/>
  <testcase name="testRandomUnsignedIntEncoding" time="0.000" classname="org.jsimpledb.util.UnsignedIntEncoderTest"/>
  <testcase name="testRandomUnsignedIntEncoding" time="0.000" classname="org.jsimpledb.util.UnsignedIntEncoderTest"/>
  <testcase name="testRandomUnsignedIntEncoding" time="0.000" classname="org.jsimpledb.util.UnsignedIntEncoderTest"/>
  <testcase name="testRandomUnsignedIntEncoding" time="0.000" classname="org.jsimpledb.util.UnsignedIntEncoderTest"/>
  <testcase name="testRandomUnsignedIntEncoding" time="0.000" classname="org.jsimpledb.util.UnsignedIntEncoderTest"/>
  <testcase name="testRandomUnsignedIntEncoding" time="0.000" classname="org.jsimpledb.util.UnsignedIntEncoderTest"/>
  <testcase name="testRandomUnsignedIntEncoding" time="0.000" classname="org.jsimpledb.util.UnsignedIntEncoderTest"/>
  <testcase name="testRandomUnsignedIntEncoding" time="0.000" classname="org.jsimpledb.util.UnsignedIntEncoderTest"/>
  <testcase name="testRandomUnsignedIntEncoding" time="0.000" classname="org.jsimpledb.util.UnsignedIntEncoderTest"/>
  <testcase name="testRandomUnsignedIntEncoding" time="0.000" classname="org.jsimpledb.util.UnsignedIntEncoderTest"/>
  <testcase name="testRandomUnsignedIntEncoding" time="0.000" classname="org.jsimpledb.util.UnsignedIntEncoderTest"/>
  <testcase name="testRandomUnsignedIntEncoding" time="0.000" classname="org.jsimpledb.util.UnsignedIntEncoderTest"/>
  <testcase name="testRandomUnsignedIntEncoding" time="0.000" classname="org.jsimpledb.util.UnsignedIntEncoderTest"/>
  <testcase name="testRandomUnsignedIntEncoding" time="0.000" classname="org.jsimpledb.util.UnsignedIntEncoderTest"/>
  <testcase name="testRandomUnsignedIntEncoding" time="0.000" classname="org.jsimpledb.util.UnsignedIntEncoderTest"/>
  <testcase name="testRandomUnsignedIntEncoding" time="0.000" classname="org.jsimpledb.util.UnsignedIntEncoderTest"/>
  <testcase name="testRandomUnsignedIntEncoding" time="0.000" classname="org.jsimpledb.util.UnsignedIntEncoderTest"/>
  <testcase name="testRandomUnsignedIntEncoding" time="0.000" classname="org.jsimpledb.util.UnsignedIntEncoderTest"/>
  <testcase name="testRandomUnsignedIntEncoding" time="0.000" classname="org.jsimpledb.util.UnsignedIntEncoderTest"/>
  <testcase name="testRandomUnsignedIntEncoding" time="0.000" classname="org.jsimpledb.util.UnsignedIntEncoderTest"/>
  <testcase name="testRandomUnsignedIntEncoding" time="0.000" classname="org.jsimpledb.util.UnsignedIntEncoderTest"/>
  <testcase name="testRandomUnsignedIntEncoding" time="0.000" classname="org.jsimpledb.util.UnsignedIntEncoderTest"/>
  <testcase name="testRandomUnsignedIntEncoding" time="0.000" classname="org.jsimpledb.util.UnsignedIntEncoderTest"/>
  <testcase name="testRandomUnsignedIntEncoding" time="0.000" classname="org.jsimpledb.util.UnsignedIntEncoderTest"/>
  <testcase name="testRandomUnsignedIntEncoding" time="0.000" classname="org.jsimpledb.util.UnsignedIntEncoderTest"/>
  <testcase name="testRandomUnsignedIntEncoding" time="0.000" classname="org.jsimpledb.util.UnsignedIntEncoderTest"/>
  <testcase name="testRandomUnsignedIntEncoding" time="0.000" classname="org.jsimpledb.util.UnsignedIntEncoderTest"/>
  <testcase name="testRandomUnsignedIntEncoding" time="0.000" classname="org.jsimpledb.util.UnsignedIntEncoderTest"/>
  <testcase name="testRandomUnsignedIntEncoding" time="0.000" classname="org.jsimpledb.util.UnsignedIntEncoderTest"/>
  <testcase name="testRandomUnsignedIntEncoding" time="0.000" classname="org.jsimpledb.util.UnsignedIntEncoderTest"/>
  <testcase name="testRandomUnsignedIntEncoding" time="0.000" classname="org.jsimpledb.util.UnsignedIntEncoderTest"/>
  <testcase name="testRandomUnsignedIntEncoding" time="0.000" classname="org.jsimpledb.util.UnsignedIntEncoderTest"/>
  <testcase name="testRandomUnsignedIntEncoding" time="0.000" classname="org.jsimpledb.util.UnsignedIntEncoderTest"/>
  <testcase name="testRandomUnsignedIntEncoding" time="0.000" classname="org.jsimpledb.util.UnsignedIntEncoderTest"/>
  <testcase name="testRandomUnsignedIntEncoding" time="0.001" classname="org.jsimpledb.util.UnsignedIntEncoderTest"/>
  <testcase name="testRandomUnsignedIntEncoding" time="0.000" classname="org.jsimpledb.util.UnsignedIntEncoderTest"/>
  <testcase name="testRandomUnsignedIntEncoding" time="0.000" classname="org.jsimpledb.util.UnsignedIntEncoderTest"/>
  <testcase name="testRandomUnsignedIntEncoding" time="0.000" classname="org.jsimpledb.util.UnsignedIntEncoderTest"/>
  <testcase name="testRandomUnsignedIntEncoding" time="0.000" classname="org.jsimpledb.util.UnsignedIntEncoderTest"/>
  <testcase name="testRandomUnsignedIntEncoding" time="0.001" classname="org.jsimpledb.util.UnsignedIntEncoderTest"/>
  <testcase name="testRandomUnsignedIntEncoding" time="0.000" classname="org.jsimpledb.util.UnsignedIntEncoderTest"/>
  <testcase name="testRandomUnsignedIntEncoding" time="0.000" classname="org.jsimpledb.util.UnsignedIntEncoderTest"/>
  <testcase name="testRandomUnsignedIntEncoding" time="0.000" classname="org.jsimpledb.util.UnsignedIntEncoderTest"/>
  <testcase name="testRandomUnsignedIntEncoding" time="0.000" classname="org.jsimpledb.util.UnsignedIntEncoderTest"/>
  <testcase name="testRandomUnsignedIntEncoding" time="0.000" classname="org.jsimpledb.util.UnsignedIntEncoderTest"/>
  <testcase name="testRandomUnsignedIntEncoding" time="0.000" classname="org.jsimpledb.util.UnsignedIntEncoderTest"/>
  <testcase name="testRandomUnsignedIntEncoding" time="0.000" classname="org.jsimpledb.util.UnsignedIntEncoderTest"/>
  <testcase name="testRandomUnsignedIntEncoding" time="0.000" classname="org.jsimpledb.util.UnsignedIntEncoderTest"/>
  <testcase name="testRandomUnsignedIntEncoding" time="0.000" classname="org.jsimpledb.util.UnsignedIntEncoderTest"/>
  <testcase name="testRandomUnsignedIntEncoding" time="0.000" classname="org.jsimpledb.util.UnsignedIntEncoderTest"/>
  <testcase name="testRandomUnsignedIntEncoding" time="0.000" classname="org.jsimpledb.util.UnsignedIntEncoderTest"/>
  <testcase name="testRandomUnsignedIntEncoding" time="0.000" classname="org.jsimpledb.util.UnsignedIntEncoderTest"/>
  <testcase name="testRandomUnsignedIntEncoding" time="0.000" classname="org.jsimpledb.util.UnsignedIntEncoderTest"/>
  <testcase name="testRandomUnsignedIntEncoding" time="0.000" classname="org.jsimpledb.util.UnsignedIntEncoderTest"/>
  <testcase name="testRandomUnsignedIntEncoding" time="0.001" classname="org.jsimpledb.util.UnsignedIntEncoderTest"/>
  <testcase name="testRandomUnsignedIntEncoding" time="0.000" classname="org.jsimpledb.util.UnsignedIntEncoderTest"/>
  <testcase name="testRandomUnsignedIntEncoding" time="0.000" classname="org.jsimpledb.util.UnsignedIntEncoderTest"/>
  <testcase name="testRandomUnsignedIntEncoding" time="0.000" classname="org.jsimpledb.util.UnsignedIntEncoderTest"/>
  <testcase name="testRandomUnsignedIntEncoding" time="0.000" classname="org.jsimpledb.util.UnsignedIntEncoderTest"/>
  <testcase name="testRandomUnsignedIntEncoding" time="0.000" classname="org.jsimpledb.util.UnsignedIntEncoderTest"/>
  <testcase name="testRandomUnsignedIntEncoding" time="0.000" classname="org.jsimpledb.util.UnsignedIntEncoderTest"/>
  <testcase name="testRandomUnsignedIntEncoding" time="0.000" classname="org.jsimpledb.util.UnsignedIntEncoderTest"/>
  <testcase name="testRandomUnsignedIntEncoding" time="0.000" classname="org.jsimpledb.util.UnsignedIntEncoderTest"/>
  <testcase name="testRandomUnsignedIntEncoding" time="0.000" classname="org.jsimpledb.util.UnsignedIntEncoderTest"/>
  <testcase name="testRandomUnsignedIntEncoding" time="0.000" classname="org.jsimpledb.util.UnsignedIntEncoderTest"/>
  <testcase name="testRandomUnsignedIntEncoding" time="0.000" classname="org.jsimpledb.util.UnsignedIntEncoderTest"/>
  <testcase name="testRandomUnsignedIntEncoding" time="0.000" classname="org.jsimpledb.util.UnsignedIntEncoderTest"/>
  <testcase name="testRandomUnsignedIntEncoding" time="0.000" classname="org.jsimpledb.util.UnsignedIntEncoderTest"/>
  <testcase name="testRandomUnsignedIntEncoding" time="0.000" classname="org.jsimpledb.util.UnsignedIntEncoderTest"/>
  <testcase name="testRandomUnsignedIntEncoding" time="0.000" classname="org.jsimpledb.util.UnsignedIntEncoderTest"/>
  <testcase name="testRandomUnsignedIntEncoding" time="0.000" classname="org.jsimpledb.util.UnsignedIntEncoderTest"/>
  <testcase name="testRandomUnsignedIntEncoding" time="0.000" classname="org.jsimpledb.util.UnsignedIntEncoderTest"/>
  <testcase name="testRandomUnsignedIntEncoding" time="0.000" classname="org.jsimpledb.util.UnsignedIntEncoderTest"/>
  <testcase name="testRandomUnsignedIntEncoding" time="0.000" classname="org.jsimpledb.util.UnsignedIntEncoderTest"/>
  <testcase name="testRandomUnsignedIntEncoding" time="0.000" classname="org.jsimpledb.util.UnsignedIntEncoderTest"/>
  <testcase name="testRandomUnsignedIntEncoding" time="0.000" classname="org.jsimpledb.util.UnsignedIntEncoderTest"/>
  <testcase name="testRandomUnsignedIntEncoding" time="0.000" classname="org.jsimpledb.util.UnsignedIntEncoderTest"/>
  <testcase name="testRandomUnsignedIntEncoding" time="0.000" classname="org.jsimpledb.util.UnsignedIntEncoderTest"/>
  <testcase name="testRandomUnsignedIntEncoding" time="0.000" classname="org.jsimpledb.util.UnsignedIntEncoderTest"/>
  <testcase name="testRandomUnsignedIntEncoding" time="0.000" classname="org.jsimpledb.util.UnsignedIntEncoderTest"/>
  <testcase name="testRandomUnsignedIntEncoding" time="0.000" classname="org.jsimpledb.util.UnsignedIntEncoderTest"/>
  <testcase name="testRandomUnsignedIntEncoding" time="0.000" classname="org.jsimpledb.util.UnsignedIntEncoderTest"/>
  <testcase name="testRandomUnsignedIntEncoding" time="0.000" classname="org.jsimpledb.util.UnsignedIntEncoderTest"/>
  <testcase name="testRandomUnsignedIntEncoding" time="0.000" classname="org.jsimpledb.util.UnsignedIntEncoderTest"/>
  <testcase name="testRandomUnsignedIntEncoding" time="0.000" classname="org.jsimpledb.util.UnsignedIntEncoderTest"/>
  <testcase name="testRandomUnsignedIntEncoding" time="0.000" classname="org.jsimpledb.util.UnsignedIntEncoderTest"/>
  <testcase name="testRandomUnsignedIntEncoding" time="0.000" classname="org.jsimpledb.util.UnsignedIntEncoderTest"/>
  <testcase name="testRandomUnsignedIntEncoding" time="0.001" classname="org.jsimpledb.util.UnsignedIntEncoderTest"/>
  <testcase name="testRandomUnsignedIntEncoding" time="0.000" classname="org.jsimpledb.util.UnsignedIntEncoderTest"/>
  <testcase name="testRandomUnsignedIntEncoding" time="0.000" classname="org.jsimpledb.util.UnsignedIntEncoderTest"/>
  <testcase name="testRandomUnsignedIntEncoding" time="0.000" classname="org.jsimpledb.util.UnsignedIntEncoderTest"/>
  <testcase name="testRandomUnsignedIntEncoding" time="0.000" classname="org.jsimpledb.util.UnsignedIntEncoderTest"/>
  <testcase name="testRandomUnsignedIntEncoding" time="0.000" classname="org.jsimpledb.util.UnsignedIntEncoderTest"/>
  <testcase name="testRandomUnsignedIntEncoding" time="0.000" classname="org.jsimpledb.util.UnsignedIntEncoderTest"/>
  <testcase name="testRandomUnsignedIntEncoding" time="0.000" classname="org.jsimpledb.util.UnsignedIntEncoderTest"/>
  <testcase name="testRandomUnsignedIntEncoding" time="0.000" classname="org.jsimpledb.util.UnsignedIntEncoderTest"/>
  <testcase name="testRandomUnsignedIntEncoding" time="0.000" classname="org.jsimpledb.util.UnsignedIntEncoderTest"/>
  <testcase name="testRandomUnsignedIntEncoding" time="0.000" classname="org.jsimpledb.util.UnsignedIntEncoderTest"/>
  <testcase name="testRandomUnsignedIntEncoding" time="0.000" classname="org.jsimpledb.util.UnsignedIntEncoderTest"/>
  <testcase name="testRandomUnsignedIntEncoding" time="0.000" classname="org.jsimpledb.util.UnsignedIntEncoderTest"/>
  <testcase name="testRandomUnsignedIntEncoding" time="0.000" classname="org.jsimpledb.util.UnsignedIntEncoderTest"/>
  <testcase name="testRandomUnsignedIntEncoding" time="0.001" classname="org.jsimpledb.util.UnsignedIntEncoderTest"/>
  <testcase name="testRandomUnsignedIntEncoding" time="0.000" classname="org.jsimpledb.util.UnsignedIntEncoderTest"/>
  <testcase name="testRandomUnsignedIntEncoding" time="0.000" classname="org.jsimpledb.util.UnsignedIntEncoderTest"/>
  <testcase name="testRandomUnsignedIntEncoding" time="0.000" classname="org.jsimpledb.util.UnsignedIntEncoderTest"/>
  <testcase name="testRandomUnsignedIntEncoding" time="0.000" classname="org.jsimpledb.util.UnsignedIntEncoderTest"/>
  <testcase name="testRandomUnsignedIntEncoding" time="0.000" classname="org.jsimpledb.util.UnsignedIntEncoderTest"/>
  <testcase name="testRandomUnsignedIntEncoding" time="0.000" classname="org.jsimpledb.util.UnsignedIntEncoderTest"/>
  <testcase name="testRandomUnsignedIntEncoding" time="0.000" classname="org.jsimpledb.util.UnsignedIntEncoderTest"/>
  <testcase name="testRandomUnsignedIntEncoding" time="0.000" classname="org.jsimpledb.util.UnsignedIntEncoderTest"/>
  <testcase name="testRandomUnsignedIntEncoding" time="0.000" classname="org.jsimpledb.util.UnsignedIntEncoderTest"/>
  <testcase name="testRandomUnsignedIntEncoding" time="0.000" classname="org.jsimpledb.util.UnsignedIntEncoderTest"/>
  <testcase name="testRandomUnsignedIntEncoding" time="0.000" classname="org.jsimpledb.util.UnsignedIntEncoderTest"/>
  <testcase name="testRandomUnsignedIntEncoding" time="0.000" classname="org.jsimpledb.util.UnsignedIntEncoderTest"/>
  <testcase name="testRandomUnsignedIntEncoding" time="0.000" classname="org.jsimpledb.util.UnsignedIntEncoderTest"/>
  <testcase name="testRandomUnsignedIntEncoding" time="0.000" classname="org.jsimpledb.util.UnsignedIntEncoderTest"/>
  <testcase name="testRandomUnsignedIntEncoding" time="0.000" classname="org.jsimpledb.util.UnsignedIntEncoderTest"/>
  <testcase name="testRandomUnsignedIntEncoding" time="0.000" classname="org.jsimpledb.util.UnsignedIntEncoderTest"/>
  <testcase name="testRandomUnsignedIntEncoding" time="0.000" classname="org.jsimpledb.util.UnsignedIntEncoderTest"/>
  <testcase name="testRandomUnsignedIntEncoding" time="0.000" classname="org.jsimpledb.util.UnsignedIntEncoderTest"/>
  <testcase name="testRandomUnsignedIntEncoding" time="0.000" classname="org.jsimpledb.util.UnsignedIntEncoderTest"/>
  <testcase name="testRandomUnsignedIntEncoding" time="0.000" classname="org.jsimpledb.util.UnsignedIntEncoderTest"/>
  <testcase name="testRandomUnsignedIntEncoding" time="0.000" classname="org.jsimpledb.util.UnsignedIntEncoderTest"/>
  <testcase name="testRandomUnsignedIntEncoding" time="0.000" classname="org.jsimpledb.util.UnsignedIntEncoderTest"/>
  <testcase name="testRandomUnsignedIntEncoding" time="0.000" classname="org.jsimpledb.util.UnsignedIntEncoderTest"/>
  <testcase name="testRandomUnsignedIntEncoding" time="0.000" classname="org.jsimpledb.util.UnsignedIntEncoderTest"/>
  <testcase name="testRandomUnsignedIntEncoding" time="0.000" classname="org.jsimpledb.util.UnsignedIntEncoderTest"/>
  <testcase name="testRandomUnsignedIntEncoding" time="0.000" classname="org.jsimpledb.util.UnsignedIntEncoderTest"/>
  <testcase name="testRandomUnsignedIntEncoding" time="0.000" classname="org.jsimpledb.util.UnsignedIntEncoderTest"/>
  <testcase name="testRandomUnsignedIntEncoding" time="0.001" classname="org.jsimpledb.util.UnsignedIntEncoderTest"/>
  <testcase name="testRandomUnsignedIntEncoding" time="0.000" classname="org.jsimpledb.util.UnsignedIntEncoderTest"/>
  <testcase name="testRandomUnsignedIntEncoding" time="0.000" classname="org.jsimpledb.util.UnsignedIntEncoderTest"/>
  <testcase name="testRandomUnsignedIntEncoding" time="0.001" classname="org.jsimpledb.util.UnsignedIntEncoderTest"/>
  <testcase name="testRandomUnsignedIntEncoding" time="0.000" classname="org.jsimpledb.util.UnsignedIntEncoderTest"/>
  <testcase name="testRandomUnsignedIntEncoding" time="0.000" classname="org.jsimpledb.util.UnsignedIntEncoderTest"/>
  <testcase name="testRandomUnsignedIntEncoding" time="0.000" classname="org.jsimpledb.util.UnsignedIntEncoderTest"/>
  <testcase name="testRandomUnsignedIntEncoding" time="0.000" classname="org.jsimpledb.util.UnsignedIntEncoderTest"/>
  <testcase name="testRandomUnsignedIntEncoding" time="0.000" classname="org.jsimpledb.util.UnsignedIntEncoderTest"/>
  <testcase name="testRandomUnsignedIntEncoding" time="0.000" classname="org.jsimpledb.util.UnsignedIntEncoderTest"/>
  <testcase name="testRandomUnsignedIntEncoding" time="0.000" classname="org.jsimpledb.util.UnsignedIntEncoderTest"/>
  <testcase name="testRandomUnsignedIntEncoding" time="0.000" classname="org.jsimpledb.util.UnsignedIntEncoderTest"/>
  <testcase name="testRandomUnsignedIntEncoding" time="0.000" classname="org.jsimpledb.util.UnsignedIntEncoderTest"/>
  <testcase name="testRandomUnsignedIntEncoding" time="0.001" classname="org.jsimpledb.util.UnsignedIntEncoderTest"/>
  <testcase name="testRandomUnsignedIntEncoding" time="0.000" classname="org.jsimpledb.util.UnsignedIntEncoderTest"/>
  <testcase name="testRandomUnsignedIntEncoding" time="0.000" classname="org.jsimpledb.util.UnsignedIntEncoderTest"/>
  <testcase name="testRandomUnsignedIntEncoding" time="0.000" classname="org.jsimpledb.util.UnsignedIntEncoderTest"/>
  <testcase name="testRandomUnsignedIntEncoding" time="0.000" classname="org.jsimpledb.util.UnsignedIntEncoderTest"/>
  <testcase name="testRandomUnsignedIntEncoding" time="0.000" classname="org.jsimpledb.util.UnsignedIntEncoderTest"/>
  <testcase name="testRandomUnsignedIntEncoding" time="0.000" classname="org.jsimpledb.util.UnsignedIntEncoderTest"/>
  <testcase name="testRandomUnsignedIntEncoding" time="0.000" classname="org.jsimpledb.util.UnsignedIntEncoderTest"/>
  <testcase name="testRandomUnsignedIntEncoding" time="0.000" classname="org.jsimpledb.util.UnsignedIntEncoderTest"/>
  <testcase name="testRandomUnsignedIntEncoding" time="0.000" classname="org.jsimpledb.util.UnsignedIntEncoderTest"/>
  <testcase name="testRandomUnsignedIntEncoding" time="0.000" classname="org.jsimpledb.util.UnsignedIntEncoderTest"/>
  <testcase name="testRandomUnsignedIntEncoding" time="0.000" classname="org.jsimpledb.util.UnsignedIntEncoderTest"/>
  <testcase name="testRandomUnsignedIntEncoding" time="0.000" classname="org.jsimpledb.util.UnsignedIntEncoderTest"/>
  <testcase name="testRandomUnsignedIntEncoding" time="0.000" classname="org.jsimpledb.util.UnsignedIntEncoderTest"/>
  <testcase name="testRandomUnsignedIntEncoding" time="0.000" classname="org.jsimpledb.util.UnsignedIntEncoderTest"/>
  <testcase name="testRandomUnsignedIntEncoding" time="0.000" classname="org.jsimpledb.util.UnsignedIntEncoderTest"/>
  <testcase name="testRandomUnsignedIntEncoding" time="0.000" classname="org.jsimpledb.util.UnsignedIntEncoderTest"/>
  <testcase name="testRandomUnsignedIntEncoding" time="0.001" classname="org.jsimpledb.util.UnsignedIntEncoderTest"/>
  <testcase name="testRandomUnsignedIntEncoding" time="0.000" classname="org.jsimpledb.util.UnsignedIntEncoderTest"/>
  <testcase name="testRandomUnsignedIntEncoding" time="0.000" classname="org.jsimpledb.util.UnsignedIntEncoderTest"/>
  <testcase name="testRandomUnsignedIntEncoding" time="0.000" classname="org.jsimpledb.util.UnsignedIntEncoderTest"/>
  <testcase name="testRandomUnsignedIntEncoding" time="0.000" classname="org.jsimpledb.util.UnsignedIntEncoderTest"/>
  <testcase name="testRandomUnsignedIntEncoding" time="0.000" classname="org.jsimpledb.util.UnsignedIntEncoderTest"/>
  <testcase name="testRandomUnsignedIntEncoding" time="0.000" classname="org.jsimpledb.util.UnsignedIntEncoderTest"/>
  <testcase name="testRandomUnsignedIntEncoding" time="0.000" classname="org.jsimpledb.util.UnsignedIntEncoderTest"/>
  <testcase name="testRandomUnsignedIntEncoding" time="0.000" classname="org.jsimpledb.util.UnsignedIntEncoderTest"/>
  <testcase name="testRandomUnsignedIntEncoding" time="0.001" classname="org.jsimpledb.util.UnsignedIntEncoderTest"/>
  <testcase name="testRandomUnsignedIntEncoding" time="0.000" classname="org.jsimpledb.util.UnsignedIntEncoderTest"/>
  <testcase name="testRandomUnsignedIntEncoding" time="0.000" classname="org.jsimpledb.util.UnsignedIntEncoderTest"/>
  <testcase name="testRandomUnsignedIntEncoding" time="0.000" classname="org.jsimpledb.util.UnsignedIntEncoderTest"/>
  <testcase name="testRandomUnsignedIntEncoding" time="0.000" classname="org.jsimpledb.util.UnsignedIntEncoderTest"/>
  <testcase name="testRandomUnsignedIntEncoding" time="0.000" classname="org.jsimpledb.util.UnsignedIntEncoderTest"/>
  <testcase name="testRandomUnsignedIntEncoding" time="0.000" classname="org.jsimpledb.util.UnsignedIntEncoderTest"/>
  <testcase name="testRandomUnsignedIntEncoding" time="0.000" classname="org.jsimpledb.util.UnsignedIntEncoderTest"/>
  <testcase name="testRandomUnsignedIntEncoding" time="0.000" classname="org.jsimpledb.util.UnsignedIntEncoderTest"/>
  <testcase name="testRandomUnsignedIntEncoding" time="0.000" classname="org.jsimpledb.util.UnsignedIntEncoderTest"/>
  <testcase name="testRandomUnsignedIntEncoding" time="0.001" classname="org.jsimpledb.util.UnsignedIntEncoderTest"/>
  <testcase name="testRandomUnsignedIntEncoding" time="0.000" classname="org.jsimpledb.util.UnsignedIntEncoderTest"/>
  <testcase name="testRandomUnsignedIntEncoding" time="0.000" classname="org.jsimpledb.util.UnsignedIntEncoderTest"/>
  <testcase name="testRandomUnsignedIntEncoding" time="0.000" classname="org.jsimpledb.util.UnsignedIntEncoderTest"/>
  <testcase name="testRandomUnsignedIntEncoding" time="0.000" classname="org.jsimpledb.util.UnsignedIntEncoderTest"/>
  <testcase name="testRandomUnsignedIntEncoding" time="0.000" classname="org.jsimpledb.util.UnsignedIntEncoderTest"/>
  <testcase name="testRandomUnsignedIntEncoding" time="0.000" classname="org.jsimpledb.util.UnsignedIntEncoderTest"/>
  <testcase name="testRandomUnsignedIntEncoding" time="0.000" classname="org.jsimpledb.util.UnsignedIntEncoderTest"/>
  <testcase name="testRandomUnsignedIntEncoding" time="0.000" classname="org.jsimpledb.util.UnsignedIntEncoderTest"/>
  <testcase name="testRandomUnsignedIntEncoding" time="0.000" classname="org.jsimpledb.util.UnsignedIntEncoderTest"/>
  <testcase name="testRandomUnsignedIntEncoding" time="0.000" classname="org.jsimpledb.util.UnsignedIntEncoderTest"/>
  <testcase name="testRandomUnsignedIntEncoding" time="0.000" classname="org.jsimpledb.util.UnsignedIntEncoderTest"/>
  <testcase name="testRandomUnsignedIntEncoding" time="0.000" classname="org.jsimpledb.util.UnsignedIntEncoderTest"/>
  <testcase name="testRandomUnsignedIntEncoding" time="0.000" classname="org.jsimpledb.util.UnsignedIntEncoderTest"/>
  <testcase name="testRandomUnsignedIntEncoding" time="0.000" classname="org.jsimpledb.util.UnsignedIntEncoderTest"/>
  <testcase name="testRandomUnsignedIntEncoding" time="0.000" classname="org.jsimpledb.util.UnsignedIntEncoderTest"/>
  <testcase name="testRandomUnsignedIntEncoding" time="0.000" classname="org.jsimpledb.util.UnsignedIntEncoderTest"/>
  <testcase name="testRandomUnsignedIntEncoding" time="0.000" classname="org.jsimpledb.util.UnsignedIntEncoderTest"/>
  <testcase name="testRandomUnsignedIntEncoding" time="0.000" classname="org.jsimpledb.util.UnsignedIntEncoderTest"/>
  <testcase name="testRandomUnsignedIntEncoding" time="0.000" classname="org.jsimpledb.util.UnsignedIntEncoderTest"/>
  <testcase name="testRandomUnsignedIntEncoding" time="0.000" classname="org.jsimpledb.util.UnsignedIntEncoderTest"/>
  <testcase name="testRandomUnsignedIntEncoding" time="0.000" classname="org.jsimpledb.util.UnsignedIntEncoderTest"/>
  <testcase name="testRandomUnsignedIntEncoding" time="0.000" classname="org.jsimpledb.util.UnsignedIntEncoderTest"/>
  <testcase name="testRandomUnsignedIntEncoding" time="0.000" classname="org.jsimpledb.util.UnsignedIntEncoderTest"/>
  <testcase name="testRandomUnsignedIntEncoding" time="0.000" classname="org.jsimpledb.util.UnsignedIntEncoderTest"/>
  <testcase name="testRandomUnsignedIntEncoding" time="0.000" classname="org.jsimpledb.util.UnsignedIntEncoderTest"/>
  <testcase name="testRandomUnsignedIntEncoding" time="0.000" classname="org.jsimpledb.util.UnsignedIntEncoderTest"/>
  <testcase name="testRandomUnsignedIntEncoding" time="0.000" classname="org.jsimpledb.util.UnsignedIntEncoderTest"/>
  <testcase name="testRandomUnsignedIntEncoding" time="0.000" classname="org.jsimpledb.util.UnsignedIntEncoderTest"/>
  <testcase name="testRandomUnsignedIntEncoding" time="0.000" classname="org.jsimpledb.util.UnsignedIntEncoderTest"/>
  <testcase name="testRandomUnsignedIntEncoding" time="0.000" classname="org.jsimpledb.util.UnsignedIntEncoderTest"/>
  <testcase name="testRandomUnsignedIntEncoding" time="0.000" classname="org.jsimpledb.util.UnsignedIntEncoderTest"/>
  <testcase name="testRandomUnsignedIntEncoding" time="0.000" classname="org.jsimpledb.util.UnsignedIntEncoderTest"/>
  <testcase name="testRandomUnsignedIntEncoding" time="0.000" classname="org.jsimpledb.util.UnsignedIntEncoderTest"/>
  <testcase name="testRandomUnsignedIntEncoding" time="0.000" classname="org.jsimpledb.util.UnsignedIntEncoderTest"/>
  <testcase name="testRandomUnsignedIntEncoding" time="0.000" classname="org.jsimpledb.util.UnsignedIntEncoderTest"/>
  <testcase name="testRandomUnsignedIntEncoding" time="0.001" classname="org.jsimpledb.util.UnsignedIntEncoderTest"/>
  <testcase name="testRandomUnsignedIntEncoding" time="0.000" classname="org.jsimpledb.util.UnsignedIntEncoderTest"/>
  <testcase name="testRandomUnsignedIntEncoding" time="0.000" classname="org.jsimpledb.util.UnsignedIntEncoderTest"/>
  <testcase name="testRandomUnsignedIntEncoding" time="0.000" classname="org.jsimpledb.util.UnsignedIntEncoderTest"/>
  <testcase name="testRandomUnsignedIntEncoding" time="0.000" classname="org.jsimpledb.util.UnsignedIntEncoderTest"/>
  <testcase name="testRandomUnsignedIntEncoding" time="0.000" classname="org.jsimpledb.util.UnsignedIntEncoderTest"/>
  <testcase name="testRandomUnsignedIntEncoding" time="0.000" classname="org.jsimpledb.util.UnsignedIntEncoderTest"/>
  <testcase name="testRandomUnsignedIntEncoding" time="0.000" classname="org.jsimpledb.util.UnsignedIntEncoderTest"/>
  <testcase name="testRandomUnsignedIntEncoding" time="0.000" classname="org.jsimpledb.util.UnsignedIntEncoderTest"/>
  <testcase name="testRandomUnsignedIntEncoding" time="0.000" classname="org.jsimpledb.util.UnsignedIntEncoderTest"/>
  <testcase name="testRandomUnsignedIntEncoding" time="0.000" classname="org.jsimpledb.util.UnsignedIntEncoderTest"/>
  <testcase name="testRandomUnsignedIntEncoding" time="0.000" classname="org.jsimpledb.util.UnsignedIntEncoderTest"/>
  <testcase name="testRandomUnsignedIntEncoding" time="0.000" classname="org.jsimpledb.util.UnsignedIntEncoderTest"/>
  <testcase name="testRandomUnsignedIntEncoding" time="0.000" classname="org.jsimpledb.util.UnsignedIntEncoderTest"/>
  <testcase name="testRandomUnsignedIntEncoding" time="0.000" classname="org.jsimpledb.util.UnsignedIntEncoderTest"/>
  <testcase name="testRandomUnsignedIntEncoding" time="0.000" classname="org.jsimpledb.util.UnsignedIntEncoderTest"/>
  <testcase name="testRandomUnsignedIntEncoding" time="0.000" classname="org.jsimpledb.util.UnsignedIntEncoderTest"/>
  <testcase name="testRandomUnsignedIntEncoding" time="0.000" classname="org.jsimpledb.util.UnsignedIntEncoderTest"/>
  <testcase name="testRandomUnsignedIntEncoding" time="0.000" classname="org.jsimpledb.util.UnsignedIntEncoderTest"/>
  <testcase name="testRandomUnsignedIntEncoding" time="0.000" classname="org.jsimpledb.util.UnsignedIntEncoderTest"/>
  <testcase name="testRandomUnsignedIntEncoding" time="0.000" classname="org.jsimpledb.util.UnsignedIntEncoderTest"/>
  <testcase name="testRandomUnsignedIntEncoding" time="0.000" classname="org.jsimpledb.util.UnsignedIntEncoderTest"/>
  <testcase name="testRandomUnsignedIntEncoding" time="0.000" classname="org.jsimpledb.util.UnsignedIntEncoderTest"/>
  <testcase name="testRandomUnsignedIntEncoding" time="0.000" classname="org.jsimpledb.util.UnsignedIntEncoderTest"/>
  <testcase name="testRandomUnsignedIntEncoding" time="0.000" classname="org.jsimpledb.util.UnsignedIntEncoderTest"/>
  <testcase name="testRandomUnsignedIntEncoding" time="0.000" classname="org.jsimpledb.util.UnsignedIntEncoderTest"/>
  <testcase name="testRandomUnsignedIntEncoding" time="0.000" classname="org.jsimpledb.util.UnsignedIntEncoderTest"/>
  <testcase name="testRandomUnsignedIntEncoding" time="0.000" classname="org.jsimpledb.util.UnsignedIntEncoderTest"/>
  <testcase name="testRandomUnsignedIntEncoding" time="0.000" classname="org.jsimpledb.util.UnsignedIntEncoderTest"/>
  <testcase name="testRandomUnsignedIntEncoding" time="0.000" classname="org.jsimpledb.util.UnsignedIntEncoderTest"/>
  <testcase name="testRandomUnsignedIntEncoding" time="0.000" classname="org.jsimpledb.util.UnsignedIntEncoderTest"/>
  <testcase name="testRandomUnsignedIntEncoding" time="0.000" classname="org.jsimpledb.util.UnsignedIntEncoderTest"/>
  <testcase name="testRandomUnsignedIntEncoding" time="0.000" classname="org.jsimpledb.util.UnsignedIntEncoderTest"/>
  <testcase name="testRandomUnsignedIntEncoding" time="0.000" classname="org.jsimpledb.util.UnsignedIntEncoderTest"/>
  <testcase name="testRandomUnsignedIntEncoding" time="0.000" classname="org.jsimpledb.util.UnsignedIntEncoderTest"/>
  <testcase name="testRandomUnsignedIntEncoding" time="0.000" classname="org.jsimpledb.util.UnsignedIntEncoderTest"/>
  <testcase name="testRandomUnsignedIntEncoding" time="0.000" classname="org.jsimpledb.util.UnsignedIntEncoderTest"/>
  <testcase name="testRandomUnsignedIntEncoding" time="0.000" classname="org.jsimpledb.util.UnsignedIntEncoderTest"/>
  <testcase name="testRandomUnsignedIntEncoding" time="0.000" classname="org.jsimpledb.util.UnsignedIntEncoderTest"/>
  <testcase name="testRandomUnsignedIntEncoding" time="0.001" classname="org.jsimpledb.util.UnsignedIntEncoderTest"/>
  <testcase name="testRandomUnsignedIntEncoding" time="0.000" classname="org.jsimpledb.util.UnsignedIntEncoderTest"/>
  <testcase name="testRandomUnsignedIntEncoding" time="0.000" classname="org.jsimpledb.util.UnsignedIntEncoderTest"/>
  <testcase name="testRandomUnsignedIntEncoding" time="0.000" classname="org.jsimpledb.util.UnsignedIntEncoderTest"/>
  <testcase name="testRandomUnsignedIntEncoding" time="0.000" classname="org.jsimpledb.util.UnsignedIntEncoderTest"/>
  <testcase name="testRandomUnsignedIntEncoding" time="0.000" classname="org.jsimpledb.util.UnsignedIntEncoderTest"/>
  <testcase name="testRandomUnsignedIntEncoding" time="0.000" classname="org.jsimpledb.util.UnsignedIntEncoderTest"/>
  <testcase name="testRandomUnsignedIntEncoding" time="0.000" classname="org.jsimpledb.util.UnsignedIntEncoderTest"/>
  <testcase name="testRandomUnsignedIntEncoding" time="0.000" classname="org.jsimpledb.util.UnsignedIntEncoderTest"/>
  <testcase name="testRandomUnsignedIntEncoding" time="0.000" classname="org.jsimpledb.util.UnsignedIntEncoderTest"/>
  <testcase name="testRandomUnsignedIntEncoding" time="0.000" classname="org.jsimpledb.util.UnsignedIntEncoderTest"/>
  <testcase name="testRandomUnsignedIntEncoding" time="0.000" classname="org.jsimpledb.util.UnsignedIntEncoderTest"/>
  <testcase name="testRandomUnsignedIntEncoding" time="0.000" classname="org.jsimpledb.util.UnsignedIntEncoderTest"/>
  <testcase name="testRandomUnsignedIntEncoding" time="0.000" classname="org.jsimpledb.util.UnsignedIntEncoderTest"/>
  <testcase name="testRandomUnsignedIntEncoding" time="0.000" classname="org.jsimpledb.util.UnsignedIntEncoderTest"/>
  <testcase name="testRandomUnsignedIntEncoding" time="0.000" classname="org.jsimpledb.util.UnsignedIntEncoderTest"/>
  <testcase name="testRandomUnsignedIntEncoding" time="0.000" classname="org.jsimpledb.util.UnsignedIntEncoderTest"/>
  <testcase name="testRandomUnsignedIntEncoding" time="0.000" classname="org.jsimpledb.util.UnsignedIntEncoderTest"/>
  <testcase name="testRandomUnsignedIntEncoding" time="0.000" classname="org.jsimpledb.util.UnsignedIntEncoderTest"/>
  <testcase name="testRandomUnsignedIntEncoding" time="0.000" classname="org.jsimpledb.util.UnsignedIntEncoderTest"/>
  <testcase name="testRandomUnsignedIntEncoding" time="0.000" classname="org.jsimpledb.util.UnsignedIntEncoderTest"/>
  <testcase name="testRandomUnsignedIntEncoding" time="0.000" classname="org.jsimpledb.util.UnsignedIntEncoderTest"/>
  <testcase name="testRandomUnsignedIntEncoding" time="0.000" classname="org.jsimpledb.util.UnsignedIntEncoderTest"/>
  <testcase name="testRandomUnsignedIntEncoding" time="0.000" classname="org.jsimpledb.util.UnsignedIntEncoderTest"/>
  <testcase name="testRandomUnsignedIntEncoding" time="0.000" classname="org.jsimpledb.util.UnsignedIntEncoderTest"/>
  <testcase name="testRandomUnsignedIntEncoding" time="0.000" classname="org.jsimpledb.util.UnsignedIntEncoderTest"/>
  <testcase name="testRandomUnsignedIntEncoding" time="0.000" classname="org.jsimpledb.util.UnsignedIntEncoderTest"/>
  <testcase name="testRandomUnsignedIntEncoding" time="0.000" classname="org.jsimpledb.util.UnsignedIntEncoderTest"/>
  <testcase name="testRandomUnsignedIntEncoding" time="0.000" classname="org.jsimpledb.util.UnsignedIntEncoderTest"/>
  <testcase name="testRandomUnsignedIntEncoding" time="0.000" classname="org.jsimpledb.util.UnsignedIntEncoderTest"/>
  <testcase name="testRandomUnsignedIntEncoding" time="0.000" classname="org.jsimpledb.util.UnsignedIntEncoderTest"/>
  <testcase name="testRandomUnsignedIntEncoding" time="0.000" classname="org.jsimpledb.util.UnsignedIntEncoderTest"/>
  <testcase name="testRandomUnsignedIntEncoding" time="0.000" classname="org.jsimpledb.util.UnsignedIntEncoderTest"/>
  <testcase name="testRandomUnsignedIntEncoding" time="0.000" classname="org.jsimpledb.util.UnsignedIntEncoderTest"/>
  <testcase name="testRandomUnsignedIntEncoding" time="0.000" classname="org.jsimpledb.util.UnsignedIntEncoderTest"/>
  <testcase name="testRandomUnsignedIntEncoding" time="0.000" classname="org.jsimpledb.util.UnsignedIntEncoderTest"/>
  <testcase name="testRandomUnsignedIntEncoding" time="0.000" classname="org.jsimpledb.util.UnsignedIntEncoderTest"/>
  <testcase name="testRandomUnsignedIntEncoding" time="0.000" classname="org.jsimpledb.util.UnsignedIntEncoderTest"/>
  <testcase name="testRandomUnsignedIntEncoding" time="0.000" classname="org.jsimpledb.util.UnsignedIntEncoderTest"/>
  <testcase name="testRandomUnsignedIntEncoding" time="0.000" classname="org.jsimpledb.util.UnsignedIntEncoderTest"/>
  <testcase name="testRandomUnsignedIntEncoding" time="0.000" classname="org.jsimpledb.util.UnsignedIntEncoderTest"/>
  <testcase name="testRandomUnsignedIntEncoding" time="0.000" classname="org.jsimpledb.util.UnsignedIntEncoderTest"/>
  <testcase name="testRandomUnsignedIntEncoding" time="0.000" classname="org.jsimpledb.util.UnsignedIntEncoderTest"/>
  <testcase name="testRandomUnsignedIntEncoding" time="0.000" classname="org.jsimpledb.util.UnsignedIntEncoderTest"/>
  <testcase name="testRandomUnsignedIntEncoding" time="0.000" classname="org.jsimpledb.util.UnsignedIntEncoderTest"/>
  <testcase name="testRandomUnsignedIntEncoding" time="0.000" classname="org.jsimpledb.util.UnsignedIntEncoderTest"/>
  <testcase name="testRandomUnsignedIntEncoding" time="0.000" classname="org.jsimpledb.util.UnsignedIntEncoderTest"/>
  <testcase name="testRandomUnsignedIntEncoding" time="0.000" classname="org.jsimpledb.util.UnsignedIntEncoderTest"/>
  <testcase name="testRandomUnsignedIntEncoding" time="0.000" classname="org.jsimpledb.util.UnsignedIntEncoderTest"/>
  <testcase name="testRandomUnsignedIntEncoding" time="0.000" classname="org.jsimpledb.util.UnsignedIntEncoderTest"/>
  <testcase name="testRandomUnsignedIntEncoding" time="0.000" classname="org.jsimpledb.util.UnsignedIntEncoderTest"/>
  <testcase name="testRandomUnsignedIntEncoding" time="0.000" classname="org.jsimpledb.util.UnsignedIntEncoderTest"/>
  <testcase name="testRandomUnsignedIntEncoding" time="0.000" classname="org.jsimpledb.util.UnsignedIntEncoderTest"/>
  <testcase name="testRandomUnsignedIntEncoding" time="0.000" classname="org.jsimpledb.util.UnsignedIntEncoderTest"/>
  <testcase name="testRandomUnsignedIntEncoding" time="0.000" classname="org.jsimpledb.util.UnsignedIntEncoderTest"/>
  <testcase name="testRandomUnsignedIntEncoding" time="0.000" classname="org.jsimpledb.util.UnsignedIntEncoderTest"/>
  <testcase name="testRandomUnsignedIntEncoding" time="0.000" classname="org.jsimpledb.util.UnsignedIntEncoderTest"/>
  <testcase name="testRandomUnsignedIntEncoding" time="0.000" classname="org.jsimpledb.util.UnsignedIntEncoderTest"/>
  <testcase name="testRandomUnsignedIntEncoding" time="0.000" classname="org.jsimpledb.util.UnsignedIntEncoderTest"/>
  <testcase name="testRandomUnsignedIntEncoding" time="0.000" classname="org.jsimpledb.util.UnsignedIntEncoderTest"/>
  <testcase name="testRandomUnsignedIntEncoding" time="0.000" classname="org.jsimpledb.util.UnsignedIntEncoderTest"/>
  <testcase name="testRandomUnsignedIntEncoding" time="0.000" classname="org.jsimpledb.util.UnsignedIntEncoderTest"/>
  <testcase name="testRandomUnsignedIntEncoding" time="0.000" classname="org.jsimpledb.util.UnsignedIntEncoderTest"/>
  <testcase name="testRandomUnsignedIntEncoding" time="0.000" classname="org.jsimpledb.util.UnsignedIntEncoderTest"/>
  <testcase name="testRandomUnsignedIntEncoding" time="0.000" classname="org.jsimpledb.util.UnsignedIntEncoderTest"/>
  <testcase name="testRandomUnsignedIntEncoding" time="0.000" classname="org.jsimpledb.util.UnsignedIntEncoderTest"/>
  <testcase name="testRandomUnsignedIntEncoding" time="0.000" classname="org.jsimpledb.util.UnsignedIntEncoderTest"/>
  <testcase name="testRandomUnsignedIntEncoding" time="0.000" classname="org.jsimpledb.util.UnsignedIntEncoderTest"/>
  <testcase name="testRandomUnsignedIntEncoding" time="0.000" classname="org.jsimpledb.util.UnsignedIntEncoderTest"/>
  <testcase name="testRandomUnsignedIntEncoding" time="0.000" classname="org.jsimpledb.util.UnsignedIntEncoderTest"/>
  <testcase name="testRandomUnsignedIntEncoding" time="0.000" classname="org.jsimpledb.util.UnsignedIntEncoderTest"/>
  <testcase name="testRandomUnsignedIntEncoding" time="0.000" classname="org.jsimpledb.util.UnsignedIntEncoderTest"/>
  <testcase name="testRandomUnsignedIntEncoding" time="0.000" classname="org.jsimpledb.util.UnsignedIntEncoderTest"/>
  <testcase name="testRandomUnsignedIntEncoding" time="0.000" classname="org.jsimpledb.util.UnsignedIntEncoderTest"/>
  <testcase name="testRandomUnsignedIntEncoding" time="0.000" classname="org.jsimpledb.util.UnsignedIntEncoderTest"/>
  <testcase name="testRandomUnsignedIntEncoding" time="0.000" classname="org.jsimpledb.util.UnsignedIntEncoderTest"/>
  <testcase name="testRandomUnsignedIntEncoding" time="0.000" classname="org.jsimpledb.util.UnsignedIntEncoderTest"/>
  <testcase name="testRandomUnsignedIntEncoding" time="0.000" classname="org.jsimpledb.util.UnsignedIntEncoderTest"/>
  <testcase name="testRandomUnsignedIntEncoding" time="0.000" classname="org.jsimpledb.util.UnsignedIntEncoderTest"/>
  <testcase name="testRandomUnsignedIntEncoding" time="0.000" classname="org.jsimpledb.util.UnsignedIntEncoderTest"/>
  <testcase name="testRandomUnsignedIntEncoding" time="0.000" classname="org.jsimpledb.util.UnsignedIntEncoderTest"/>
  <testcase name="testRandomUnsignedIntEncoding" time="0.000" classname="org.jsimpledb.util.UnsignedIntEncoderTest"/>
  <testcase name="testRandomUnsignedIntEncoding" time="0.000" classname="org.jsimpledb.util.UnsignedIntEncoderTest"/>
  <testcase name="testRandomUnsignedIntEncoding" time="0.000" classname="org.jsimpledb.util.UnsignedIntEncoderTest"/>
  <testcase name="testRandomUnsignedIntEncoding" time="0.000" classname="org.jsimpledb.util.UnsignedIntEncoderTest"/>
  <testcase name="testRandomUnsignedIntEncoding" time="0.000" classname="org.jsimpledb.util.UnsignedIntEncoderTest"/>
  <testcase name="testRandomUnsignedIntEncoding" time="0.000" classname="org.jsimpledb.util.UnsignedIntEncoderTest"/>
  <testcase name="testRandomUnsignedIntEncoding" time="0.000" classname="org.jsimpledb.util.UnsignedIntEncoderTest"/>
  <testcase name="testRandomUnsignedIntEncoding" time="0.000" classname="org.jsimpledb.util.UnsignedIntEncoderTest"/>
  <testcase name="testRandomUnsignedIntEncoding" time="0.000" classname="org.jsimpledb.util.UnsignedIntEncoderTest"/>
  <testcase name="testRandomUnsignedIntEncoding" time="0.000" classname="org.jsimpledb.util.UnsignedIntEncoderTest"/>
  <testcase name="testRandomUnsignedIntEncoding" time="0.000" classname="org.jsimpledb.util.UnsignedIntEncoderTest"/>
  <testcase name="testRandomUnsignedIntEncoding" time="0.001" classname="org.jsimpledb.util.UnsignedIntEncoderTest"/>
  <testcase name="testRandomUnsignedIntEncoding" time="0.000" classname="org.jsimpledb.util.UnsignedIntEncoderTest"/>
  <testcase name="testRandomUnsignedIntEncoding" time="0.000" classname="org.jsimpledb.util.UnsignedIntEncoderTest"/>
  <testcase name="testRandomUnsignedIntEncoding" time="0.000" classname="org.jsimpledb.util.UnsignedIntEncoderTest"/>
  <testcase name="testRandomUnsignedIntEncoding" time="0.000" classname="org.jsimpledb.util.UnsignedIntEncoderTest"/>
  <testcase name="testRandomUnsignedIntEncoding" time="0.000" classname="org.jsimpledb.util.UnsignedIntEncoderTest"/>
  <testcase name="testRandomUnsignedIntEncoding" time="0.000" classname="org.jsimpledb.util.UnsignedIntEncoderTest"/>
  <testcase name="testRandomUnsignedIntEncoding" time="0.000" classname="org.jsimpledb.util.UnsignedIntEncoderTest"/>
  <testcase name="testRandomUnsignedIntEncoding" time="0.000" classname="org.jsimpledb.util.UnsignedIntEncoderTest"/>
  <testcase name="testRandomUnsignedIntEncoding" time="0.000" classname="org.jsimpledb.util.UnsignedIntEncoderTest"/>
  <testcase name="testRandomUnsignedIntEncoding" time="0.000" classname="org.jsimpledb.util.UnsignedIntEncoderTest"/>
  <testcase name="testRandomUnsignedIntEncoding" time="0.000" classname="org.jsimpledb.util.UnsignedIntEncoderTest"/>
  <testcase name="testRandomUnsignedIntEncoding" time="0.000" classname="org.jsimpledb.util.UnsignedIntEncoderTest"/>
  <testcase name="testRandomUnsignedIntEncoding" time="0.000" classname="org.jsimpledb.util.UnsignedIntEncoderTest"/>
  <testcase name="testRandomUnsignedIntEncoding" time="0.000" classname="org.jsimpledb.util.UnsignedIntEncoderTest"/>
  <testcase name="testRandomUnsignedIntEncoding" time="0.000" classname="org.jsimpledb.util.UnsignedIntEncoderTest"/>
  <testcase name="testRandomUnsignedIntEncoding" time="0.000" classname="org.jsimpledb.util.UnsignedIntEncoderTest"/>
  <testcase name="testRandomUnsignedIntEncoding" time="0.000" classname="org.jsimpledb.util.UnsignedIntEncoderTest"/>
  <testcase name="testRandomUnsignedIntEncoding" time="0.000" classname="org.jsimpledb.util.UnsignedIntEncoderTest"/>
  <testcase name="testRandomUnsignedIntEncoding" time="0.000" classname="org.jsimpledb.util.UnsignedIntEncoderTest"/>
  <testcase name="testRandomUnsignedIntEncoding" time="0.000" classname="org.jsimpledb.util.UnsignedIntEncoderTest"/>
  <testcase name="testRandomUnsignedIntEncoding" time="0.001" classname="org.jsimpledb.util.UnsignedIntEncoderTest"/>
  <testcase name="testRandomUnsignedIntEncoding" time="0.000" classname="org.jsimpledb.util.UnsignedIntEncoderTest"/>
  <testcase name="testRandomUnsignedIntEncoding" time="0.000" classname="org.jsimpledb.util.UnsignedIntEncoderTest"/>
  <testcase name="testRandomUnsignedIntEncoding" time="0.000" classname="org.jsimpledb.util.UnsignedIntEncoderTest"/>
  <testcase name="testRandomUnsignedIntEncoding" time="0.000" classname="org.jsimpledb.util.UnsignedIntEncoderTest"/>
  <testcase name="testRandomUnsignedIntEncoding" time="0.000" classname="org.jsimpledb.util.UnsignedIntEncoderTest"/>
  <testcase name="testRandomUnsignedIntEncoding" time="0.000" classname="org.jsimpledb.util.UnsignedIntEncoderTest"/>
  <testcase name="testRandomUnsignedIntEncoding" time="0.000" classname="org.jsimpledb.util.UnsignedIntEncoderTest"/>
  <testcase name="testRandomUnsignedIntEncoding" time="0.000" classname="org.jsimpledb.util.UnsignedIntEncoderTest"/>
  <testcase name="testRandomUnsignedIntEncoding" time="0.000" classname="org.jsimpledb.util.UnsignedIntEncoderTest"/>
  <testcase name="testRandomUnsignedIntEncoding" time="0.000" classname="org.jsimpledb.util.UnsignedIntEncoderTest"/>
  <testcase name="testRandomUnsignedIntEncoding" time="0.000" classname="org.jsimpledb.util.UnsignedIntEncoderTest"/>
  <testcase name="testRandomUnsignedIntEncoding" time="0.000" classname="org.jsimpledb.util.UnsignedIntEncoderTest"/>
  <testcase name="testRandomUnsignedIntEncoding" time="0.000" classname="org.jsimpledb.util.UnsignedIntEncoderTest"/>
  <testcase name="testRandomUnsignedIntEncoding" time="0.000" classname="org.jsimpledb.util.UnsignedIntEncoderTest"/>
  <testcase name="testRandomUnsignedIntEncoding" time="0.000" classname="org.jsimpledb.util.UnsignedIntEncoderTest"/>
  <testcase name="testRandomUnsignedIntEncoding" time="0.000" classname="org.jsimpledb.util.UnsignedIntEncoderTest"/>
  <testcase name="testRandomUnsignedIntEncoding" time="0.000" classname="org.jsimpledb.util.UnsignedIntEncoderTest"/>
  <testcase name="testRandomUnsignedIntEncoding" time="0.000" classname="org.jsimpledb.util.UnsignedIntEncoderTest"/>
  <testcase name="testRandomUnsignedIntEncoding" time="0.000" classname="org.jsimpledb.util.UnsignedIntEncoderTest"/>
  <testcase name="testRandomUnsignedIntEncoding" time="0.000" classname="org.jsimpledb.util.UnsignedIntEncoderTest"/>
  <testcase name="testRandomUnsignedIntEncoding" time="0.000" classname="org.jsimpledb.util.UnsignedIntEncoderTest"/>
  <testcase name="testRandomUnsignedIntEncoding" time="0.001" classname="org.jsimpledb.util.UnsignedIntEncoderTest"/>
  <testcase name="testRandomUnsignedIntEncoding" time="0.000" classname="org.jsimpledb.util.UnsignedIntEncoderTest"/>
  <testcase name="testRandomUnsignedIntEncoding" time="0.000" classname="org.jsimpledb.util.UnsignedIntEncoderTest"/>
  <testcase name="testRandomUnsignedIntEncoding" time="0.000" classname="org.jsimpledb.util.UnsignedIntEncoderTest"/>
  <testcase name="testRandomUnsignedIntEncoding" time="0.001" classname="org.jsimpledb.util.UnsignedIntEncoderTest"/>
  <testcase name="testRandomUnsignedIntEncoding" time="0.000" classname="org.jsimpledb.util.UnsignedIntEncoderTest"/>
  <testcase name="testRandomUnsignedIntEncoding" time="0.000" classname="org.jsimpledb.util.UnsignedIntEncoderTest"/>
  <testcase name="testRandomUnsignedIntEncoding" time="0.000" classname="org.jsimpledb.util.UnsignedIntEncoderTest"/>
  <testcase name="testRandomUnsignedIntEncoding" time="0.000" classname="org.jsimpledb.util.UnsignedIntEncoderTest"/>
  <testcase name="testRandomUnsignedIntEncoding" time="0.001" classname="org.jsimpledb.util.UnsignedIntEncoderTest"/>
  <testcase name="testRandomUnsignedIntEncoding" time="0.000" classname="org.jsimpledb.util.UnsignedIntEncoderTest"/>
  <testcase name="testRandomUnsignedIntEncoding" time="0.000" classname="org.jsimpledb.util.UnsignedIntEncoderTest"/>
  <testcase name="testRandomUnsignedIntEncoding" time="0.000" classname="org.jsimpledb.util.UnsignedIntEncoderTest"/>
  <testcase name="testRandomUnsignedIntEncoding" time="0.000" classname="org.jsimpledb.util.UnsignedIntEncoderTest"/>
  <testcase name="testRandomUnsignedIntEncoding" time="0.000" classname="org.jsimpledb.util.UnsignedIntEncoderTest"/>
  <testcase name="testRandomUnsignedIntEncoding" time="0.000" classname="org.jsimpledb.util.UnsignedIntEncoderTest"/>
  <testcase name="testRandomUnsignedIntEncoding" time="0.000" classname="org.jsimpledb.util.UnsignedIntEncoderTest"/>
  <testcase name="testRandomUnsignedIntEncoding" time="0.000" classname="org.jsimpledb.util.UnsignedIntEncoderTest"/>
  <testcase name="testRandomUnsignedIntEncoding" time="0.000" classname="org.jsimpledb.util.UnsignedIntEncoderTest"/>
  <testcase name="testRandomUnsignedIntEncoding" time="0.000" classname="org.jsimpledb.util.UnsignedIntEncoderTest"/>
  <testcase name="testRandomUnsignedIntEncoding" time="0.000" classname="org.jsimpledb.util.UnsignedIntEncoderTest"/>
  <testcase name="testRandomUnsignedIntEncoding" time="0.000" classname="org.jsimpledb.util.UnsignedIntEncoderTest"/>
  <testcase name="testRandomUnsignedIntEncoding" time="0.000" classname="org.jsimpledb.util.UnsignedIntEncoderTest"/>
  <testcase name="testRandomUnsignedIntEncoding" time="0.000" classname="org.jsimpledb.util.UnsignedIntEncoderTest"/>
  <testcase name="testRandomUnsignedIntEncoding" time="0.000" classname="org.jsimpledb.util.UnsignedIntEncoderTest"/>
  <testcase name="testRandomUnsignedIntEncoding" time="0.000" classname="org.jsimpledb.util.UnsignedIntEncoderTest"/>
  <testcase name="testRandomUnsignedIntEncoding" time="0.000" classname="org.jsimpledb.util.UnsignedIntEncoderTest"/>
  <testcase name="testRandomUnsignedIntEncoding" time="0.000" classname="org.jsimpledb.util.UnsignedIntEncoderTest"/>
  <testcase name="testRandomUnsignedIntEncoding" time="0.000" classname="org.jsimpledb.util.UnsignedIntEncoderTest"/>
  <testcase name="testRandomUnsignedIntEncoding" time="0.000" classname="org.jsimpledb.util.UnsignedIntEncoderTest"/>
  <testcase name="testRandomUnsignedIntEncoding" time="0.000" classname="org.jsimpledb.util.UnsignedIntEncoderTest"/>
  <testcase name="testRandomUnsignedIntEncoding" time="0.000" classname="org.jsimpledb.util.UnsignedIntEncoderTest"/>
  <testcase name="testRandomUnsignedIntEncoding" time="0.000" classname="org.jsimpledb.util.UnsignedIntEncoderTest"/>
  <testcase name="testRandomUnsignedIntEncoding" time="0.000" classname="org.jsimpledb.util.UnsignedIntEncoderTest"/>
  <testcase name="testRandomUnsignedIntEncoding" time="0.000" classname="org.jsimpledb.util.UnsignedIntEncoderTest"/>
  <testcase name="testRandomUnsignedIntEncoding" time="0.000" classname="org.jsimpledb.util.UnsignedIntEncoderTest"/>
  <testcase name="testRandomUnsignedIntEncoding" time="0.000" classname="org.jsimpledb.util.UnsignedIntEncoderTest"/>
  <testcase name="testRandomUnsignedIntEncoding" time="0.000" classname="org.jsimpledb.util.UnsignedIntEncoderTest"/>
  <testcase name="testRandomUnsignedIntEncoding" time="0.000" classname="org.jsimpledb.util.UnsignedIntEncoderTest"/>
  <testcase name="testRandomUnsignedIntEncoding" time="0.000" classname="org.jsimpledb.util.UnsignedIntEncoderTest"/>
  <testcase name="testRandomUnsignedIntEncoding" time="0.000" classname="org.jsimpledb.util.UnsignedIntEncoderTest"/>
  <testcase name="testRandomUnsignedIntEncoding" time="0.000" classname="org.jsimpledb.util.UnsignedIntEncoderTest"/>
  <testcase name="testRandomUnsignedIntEncoding" time="0.000" classname="org.jsimpledb.util.UnsignedIntEncoderTest"/>
  <testcase name="testRandomUnsignedIntEncoding" time="0.000" classname="org.jsimpledb.util.UnsignedIntEncoderTest"/>
  <testcase name="testRandomUnsignedIntEncoding" time="0.000" classname="org.jsimpledb.util.UnsignedIntEncoderTest"/>
  <testcase name="testRandomUnsignedIntEncoding" time="0.000" classname="org.jsimpledb.util.UnsignedIntEncoderTest"/>
  <testcase name="testRandomUnsignedIntEncoding" time="0.000" classname="org.jsimpledb.util.UnsignedIntEncoderTest"/>
  <testcase name="testRandomUnsignedIntEncoding" time="0.000" classname="org.jsimpledb.util.UnsignedIntEncoderTest"/>
  <testcase name="testRandomUnsignedIntEncoding" time="0.000" classname="org.jsimpledb.util.UnsignedIntEncoderTest"/>
  <testcase name="testRandomUnsignedIntEncoding" time="0.000" classname="org.jsimpledb.util.UnsignedIntEncoderTest"/>
  <testcase name="testRandomUnsignedIntEncoding" time="0.000" classname="org.jsimpledb.util.UnsignedIntEncoderTest"/>
  <testcase name="testRandomUnsignedIntEncoding" time="0.000" classname="org.jsimpledb.util.UnsignedIntEncoderTest"/>
  <testcase name="testRandomUnsignedIntEncoding" time="0.000" classname="org.jsimpledb.util.UnsignedIntEncoderTest"/>
  <testcase name="testRandomUnsignedIntEncoding" time="0.000" classname="org.jsimpledb.util.UnsignedIntEncoderTest"/>
  <testcase name="testRandomUnsignedIntEncoding" time="0.000" classname="org.jsimpledb.util.UnsignedIntEncoderTest"/>
  <testcase name="testRandomUnsignedIntEncoding" time="0.000" classname="org.jsimpledb.util.UnsignedIntEncoderTest"/>
  <testcase name="testRandomUnsignedIntEncoding" time="0.000" classname="org.jsimpledb.util.UnsignedIntEncoderTest"/>
  <testcase name="testRandomUnsignedIntEncoding" time="0.000" classname="org.jsimpledb.util.UnsignedIntEncoderTest"/>
  <testcase name="testRandomUnsignedIntEncoding" time="0.000" classname="org.jsimpledb.util.UnsignedIntEncoderTest"/>
  <testcase name="testRandomUnsignedIntEncoding" time="0.000" classname="org.jsimpledb.util.UnsignedIntEncoderTest"/>
  <testcase name="testRandomUnsignedIntEncoding" time="0.000" classname="org.jsimpledb.util.UnsignedIntEncoderTest"/>
  <testcase name="testRandomUnsignedIntEncoding" time="0.000" classname="org.jsimpledb.util.UnsignedIntEncoderTest"/>
  <testcase name="testRandomUnsignedIntEncoding" time="0.000" classname="org.jsimpledb.util.UnsignedIntEncoderTest"/>
  <testcase name="testRandomUnsignedIntEncoding" time="0.000" classname="org.jsimpledb.util.UnsignedIntEncoderTest"/>
  <testcase name="testRandomUnsignedIntEncoding" time="0.000" classname="org.jsimpledb.util.UnsignedIntEncoderTest"/>
  <testcase name="testRandomUnsignedIntEncoding" time="0.000" classname="org.jsimpledb.util.UnsignedIntEncoderTest"/>
  <testcase name="testRandomUnsignedIntEncoding" time="0.001" classname="org.jsimpledb.util.UnsignedIntEncoderTest"/>
  <testcase name="testRandomUnsignedIntEncoding" time="0.000" classname="org.jsimpledb.util.UnsignedIntEncoderTest"/>
  <testcase name="testRandomUnsignedIntEncoding" time="0.000" classname="org.jsimpledb.util.UnsignedIntEncoderTest"/>
  <testcase name="testRandomUnsignedIntEncoding" time="0.000" classname="org.jsimpledb.util.UnsignedIntEncoderTest"/>
  <testcase name="testRandomUnsignedIntEncoding" time="0.000" classname="org.jsimpledb.util.UnsignedIntEncoderTest"/>
  <testcase name="testRandomUnsignedIntEncoding" time="0.000" classname="org.jsimpledb.util.UnsignedIntEncoderTest"/>
  <testcase name="testRandomUnsignedIntEncoding" time="0.000" classname="org.jsimpledb.util.UnsignedIntEncoderTest"/>
  <testcase name="testRandomUnsignedIntEncoding" time="0.000" classname="org.jsimpledb.util.UnsignedIntEncoderTest"/>
  <testcase name="testRandomUnsignedIntEncoding" time="0.000" classname="org.jsimpledb.util.UnsignedIntEncoderTest"/>
  <testcase name="testRandomUnsignedIntEncoding" time="0.000" classname="org.jsimpledb.util.UnsignedIntEncoderTest"/>
  <testcase name="testRandomUnsignedIntEncoding" time="0.000" classname="org.jsimpledb.util.UnsignedIntEncoderTest"/>
  <testcase name="testRandomUnsignedIntEncoding" time="0.000" classname="org.jsimpledb.util.UnsignedIntEncoderTest"/>
  <testcase name="testRandomUnsignedIntEncoding" time="0.000" classname="org.jsimpledb.util.UnsignedIntEncoderTest"/>
  <testcase name="testRandomUnsignedIntEncoding" time="0.000" classname="org.jsimpledb.util.UnsignedIntEncoderTest"/>
  <testcase name="testRandomUnsignedIntEncoding" time="0.000" classname="org.jsimpledb.util.UnsignedIntEncoderTest"/>
  <testcase name="testRandomUnsignedIntEncoding" time="0.000" classname="org.jsimpledb.util.UnsignedIntEncoderTest"/>
  <testcase name="testRandomUnsignedIntEncoding" time="0.000" classname="org.jsimpledb.util.UnsignedIntEncoderTest"/>
  <testcase name="testRandomUnsignedIntEncoding" time="0.000" classname="org.jsimpledb.util.UnsignedIntEncoderTest"/>
  <testcase name="testRandomUnsignedIntEncoding" time="0.000" classname="org.jsimpledb.util.UnsignedIntEncoderTest"/>
  <testcase name="testRandomUnsignedIntEncoding" time="0.000" classname="org.jsimpledb.util.UnsignedIntEncoderTest"/>
  <testcase name="testRandomUnsignedIntEncoding" time="0.000" classname="org.jsimpledb.util.UnsignedIntEncoderTest"/>
  <testcase name="testRandomUnsignedIntEncoding" time="0.000" classname="org.jsimpledb.util.UnsignedIntEncoderTest"/>
  <testcase name="testRandomUnsignedIntEncoding" time="0.000" classname="org.jsimpledb.util.UnsignedIntEncoderTest"/>
  <testcase name="testRandomUnsignedIntEncoding" time="0.000" classname="org.jsimpledb.util.UnsignedIntEncoderTest"/>
  <testcase name="testRandomUnsignedIntEncoding" time="0.000" classname="org.jsimpledb.util.UnsignedIntEncoderTest"/>
  <testcase name="testRandomUnsignedIntEncoding" time="0.001" classname="org.jsimpledb.util.UnsignedIntEncoderTest"/>
  <testcase name="testRandomUnsignedIntEncoding" time="0.000" classname="org.jsimpledb.util.UnsignedIntEncoderTest"/>
  <testcase name="testRandomUnsignedIntEncoding" time="0.000" classname="org.jsimpledb.util.UnsignedIntEncoderTest"/>
  <testcase name="testRandomUnsignedIntEncoding" time="0.000" classname="org.jsimpledb.util.UnsignedIntEncoderTest"/>
  <testcase name="testRandomUnsignedIntEncoding" time="0.000" classname="org.jsimpledb.util.UnsignedIntEncoderTest"/>
  <testcase name="testRandomUnsignedIntEncoding" time="0.000" classname="org.jsimpledb.util.UnsignedIntEncoderTest"/>
  <testcase name="testRandomUnsignedIntEncoding" time="0.000" classname="org.jsimpledb.util.UnsignedIntEncoderTest"/>
  <testcase name="testRandomUnsignedIntEncoding" time="0.000" classname="org.jsimpledb.util.UnsignedIntEncoderTest"/>
  <testcase name="testRandomUnsignedIntEncoding" time="0.000" classname="org.jsimpledb.util.UnsignedIntEncoderTest"/>
  <testcase name="testRandomUnsignedIntEncoding" time="0.000" classname="org.jsimpledb.util.UnsignedIntEncoderTest"/>
  <testcase name="testRandomUnsignedIntEncoding" time="0.000" classname="org.jsimpledb.util.UnsignedIntEncoderTest"/>
  <testcase name="testRandomUnsignedIntEncoding" time="0.000" classname="org.jsimpledb.util.UnsignedIntEncoderTest"/>
  <testcase name="testRandomUnsignedIntEncoding" time="0.000" classname="org.jsimpledb.util.UnsignedIntEncoderTest"/>
  <testcase name="testRandomUnsignedIntEncoding" time="0.000" classname="org.jsimpledb.util.UnsignedIntEncoderTest"/>
  <testcase name="testRandomUnsignedIntEncoding" time="0.000" classname="org.jsimpledb.util.UnsignedIntEncoderTest"/>
  <testcase name="testRandomUnsignedIntEncoding" time="0.000" classname="org.jsimpledb.util.UnsignedIntEncoderTest"/>
  <testcase name="testRandomUnsignedIntEncoding" time="0.000" classname="org.jsimpledb.util.UnsignedIntEncoderTest"/>
  <testcase name="testRandomUnsignedIntEncoding" time="0.000" classname="org.jsimpledb.util.UnsignedIntEncoderTest"/>
  <testcase name="testRandomUnsignedIntEncoding" time="0.000" classname="org.jsimpledb.util.UnsignedIntEncoderTest"/>
  <testcase name="testRandomUnsignedIntEncoding" time="0.000" classname="org.jsimpledb.util.UnsignedIntEncoderTest"/>
  <testcase name="testRandomUnsignedIntEncoding" time="0.000" classname="org.jsimpledb.util.UnsignedIntEncoderTest"/>
  <testcase name="testRandomUnsignedIntEncoding" time="0.000" classname="org.jsimpledb.util.UnsignedIntEncoderTest"/>
  <testcase name="testRandomUnsignedIntEncoding" time="0.000" classname="org.jsimpledb.util.UnsignedIntEncoderTest"/>
  <testcase name="testRandomUnsignedIntEncoding" time="0.000" classname="org.jsimpledb.util.UnsignedIntEncoderTest"/>
  <testcase name="testRandomUnsignedIntEncoding" time="0.000" classname="org.jsimpledb.util.UnsignedIntEncoderTest"/>
  <testcase name="testRandomUnsignedIntEncoding" time="0.000" classname="org.jsimpledb.util.UnsignedIntEncoderTest"/>
  <testcase name="testRandomUnsignedIntEncoding" time="0.000" classname="org.jsimpledb.util.UnsignedIntEncoderTest"/>
  <testcase name="testRandomUnsignedIntEncoding" time="0.000" classname="org.jsimpledb.util.UnsignedIntEncoderTest"/>
  <testcase name="testRandomUnsignedIntEncoding" time="0.000" classname="org.jsimpledb.util.UnsignedIntEncoderTest"/>
  <testcase name="testRandomUnsignedIntEncoding" time="0.000" classname="org.jsimpledb.util.UnsignedIntEncoderTest"/>
  <testcase name="testRandomUnsignedIntEncoding" time="0.000" classname="org.jsimpledb.util.UnsignedIntEncoderTest"/>
  <testcase name="testRandomUnsignedIntEncoding" time="0.000" classname="org.jsimpledb.util.UnsignedIntEncoderTest"/>
  <testcase name="testRandomUnsignedIntEncoding" time="0.000" classname="org.jsimpledb.util.UnsignedIntEncoderTest"/>
  <testcase name="testRandomUnsignedIntEncoding" time="0.000" classname="org.jsimpledb.util.UnsignedIntEncoderTest"/>
  <testcase name="testRandomUnsignedIntEncoding" time="0.000" classname="org.jsimpledb.util.UnsignedIntEncoderTest"/>
  <testcase name="testRandomUnsignedIntEncoding" time="0.000" classname="org.jsimpledb.util.UnsignedIntEncoderTest"/>
  <testcase name="testRandomUnsignedIntEncoding" time="0.000" classname="org.jsimpledb.util.UnsignedIntEncoderTest"/>
  <testcase name="testRandomUnsignedIntEncoding" time="0.000" classname="org.jsimpledb.util.UnsignedIntEncoderTest"/>
  <testcase name="testRandomUnsignedIntEncoding" time="0.000" classname="org.jsimpledb.util.UnsignedIntEncoderTest"/>
  <testcase name="testRandomUnsignedIntEncoding" time="0.000" classname="org.jsimpledb.util.UnsignedIntEncoderTest"/>
  <testcase name="testRandomUnsignedIntEncoding" time="0.000" classname="org.jsimpledb.util.UnsignedIntEncoderTest"/>
  <testcase name="testRandomUnsignedIntEncoding" time="0.000" classname="org.jsimpledb.util.UnsignedIntEncoderTest"/>
  <testcase name="testRandomUnsignedIntEncoding" time="0.000" classname="org.jsimpledb.util.UnsignedIntEncoderTest"/>
  <testcase name="testRandomUnsignedIntEncoding" time="0.000" classname="org.jsimpledb.util.UnsignedIntEncoderTest"/>
  <testcase name="testRandomUnsignedIntEncoding" time="0.000" classname="org.jsimpledb.util.UnsignedIntEncoderTest"/>
  <testcase name="testRandomUnsignedIntEncoding" time="0.000" classname="org.jsimpledb.util.UnsignedIntEncoderTest"/>
  <testcase name="testRandomUnsignedIntEncoding" time="0.000" classname="org.jsimpledb.util.UnsignedIntEncoderTest"/>
  <testcase name="testRandomUnsignedIntEncoding" time="0.000" classname="org.jsimpledb.util.UnsignedIntEncoderTest"/>
  <testcase name="testRandomUnsignedIntEncoding" time="0.000" classname="org.jsimpledb.util.UnsignedIntEncoderTest"/>
  <testcase name="testRandomUnsignedIntEncoding" time="0.000" classname="org.jsimpledb.util.UnsignedIntEncoderTest"/>
  <testcase name="testRandomUnsignedIntEncoding" time="0.000" classname="org.jsimpledb.util.UnsignedIntEncoderTest"/>
  <testcase name="testRandomUnsignedIntEncoding" time="0.000" classname="org.jsimpledb.util.UnsignedIntEncoderTest"/>
  <testcase name="testRandomUnsignedIntEncoding" time="0.000" classname="org.jsimpledb.util.UnsignedIntEncoderTest"/>
  <testcase name="testRandomUnsignedIntEncoding" time="0.000" classname="org.jsimpledb.util.UnsignedIntEncoderTest"/>
  <testcase name="testRandomUnsignedIntEncoding" time="0.000" classname="org.jsimpledb.util.UnsignedIntEncoderTest"/>
  <testcase name="testRandomUnsignedIntEncoding" time="0.000" classname="org.jsimpledb.util.UnsignedIntEncoderTest"/>
  <testcase name="testRandomUnsignedIntEncoding" time="0.000" classname="org.jsimpledb.util.UnsignedIntEncoderTest"/>
  <testcase name="testRandomUnsignedIntEncoding" time="0.000" classname="org.jsimpledb.util.UnsignedIntEncoderTest"/>
  <testcase name="testRandomUnsignedIntEncoding" time="0.000" classname="org.jsimpledb.util.UnsignedIntEncoderTest"/>
  <testcase name="testRandomUnsignedIntEncoding" time="0.000" classname="org.jsimpledb.util.UnsignedIntEncoderTest"/>
  <testcase name="testRandomUnsignedIntEncoding" time="0.000" classname="org.jsimpledb.util.UnsignedIntEncoderTest"/>
  <testcase name="testRandomUnsignedIntEncoding" time="0.000" classname="org.jsimpledb.util.UnsignedIntEncoderTest"/>
  <testcase name="testRandomUnsignedIntEncoding" time="0.000" classname="org.jsimpledb.util.UnsignedIntEncoderTest"/>
  <testcase name="testRandomUnsignedIntEncoding" time="0.000" classname="org.jsimpledb.util.UnsignedIntEncoderTest"/>
  <testcase name="testRandomUnsignedIntEncoding" time="0.000" classname="org.jsimpledb.util.UnsignedIntEncoderTest"/>
  <testcase name="testRandomUnsignedIntEncoding" time="0.000" classname="org.jsimpledb.util.UnsignedIntEncoderTest"/>
  <testcase name="testRandomUnsignedIntEncoding" time="0.000" classname="org.jsimpledb.util.UnsignedIntEncoderTest"/>
  <testcase name="testRandomUnsignedIntEncoding" time="0.000" classname="org.jsimpledb.util.UnsignedIntEncoderTest"/>
  <testcase name="testRandomUnsignedIntEncoding" time="0.000" classname="org.jsimpledb.util.UnsignedIntEncoderTest"/>
  <testcase name="testRandomUnsignedIntEncoding" time="0.001" classname="org.jsimpledb.util.UnsignedIntEncoderTest"/>
  <testcase name="testRandomUnsignedIntEncoding" time="0.000" classname="org.jsimpledb.util.UnsignedIntEncoderTest"/>
  <testcase name="testRandomUnsignedIntEncoding" time="0.000" classname="org.jsimpledb.util.UnsignedIntEncoderTest"/>
  <testcase name="testRandomUnsignedIntEncoding" time="0.000" classname="org.jsimpledb.util.UnsignedIntEncoderTest"/>
  <testcase name="testRandomUnsignedIntEncoding" time="0.000" classname="org.jsimpledb.util.UnsignedIntEncoderTest"/>
  <testcase name="testRandomUnsignedIntEncoding" time="0.000" classname="org.jsimpledb.util.UnsignedIntEncoderTest"/>
  <testcase name="testRandomUnsignedIntEncoding" time="0.000" classname="org.jsimpledb.util.UnsignedIntEncoderTest"/>
  <testcase name="testRandomUnsignedIntEncoding" time="0.000" classname="org.jsimpledb.util.UnsignedIntEncoderTest"/>
  <testcase name="testRandomUnsignedIntEncoding" time="0.000" classname="org.jsimpledb.util.UnsignedIntEncoderTest"/>
  <testcase name="testRandomUnsignedIntEncoding" time="0.000" classname="org.jsimpledb.util.UnsignedIntEncoderTest"/>
  <testcase name="testRandomUnsignedIntEncoding" time="0.000" classname="org.jsimpledb.util.UnsignedIntEncoderTest"/>
  <testcase name="testRandomUnsignedIntEncoding" time="0.001" classname="org.jsimpledb.util.UnsignedIntEncoderTest"/>
  <testcase name="testRandomUnsignedIntEncoding" time="0.000" classname="org.jsimpledb.util.UnsignedIntEncoderTest"/>
  <testcase name="testRandomUnsignedIntEncoding" time="0.000" classname="org.jsimpledb.util.UnsignedIntEncoderTest"/>
  <testcase name="testRandomUnsignedIntEncoding" time="0.000" classname="org.jsimpledb.util.UnsignedIntEncoderTest"/>
  <testcase name="testRandomUnsignedIntEncoding" time="0.000" classname="org.jsimpledb.util.UnsignedIntEncoderTest"/>
  <testcase name="testRandomUnsignedIntEncoding" time="0.000" classname="org.jsimpledb.util.UnsignedIntEncoderTest"/>
  <testcase name="testRandomUnsignedIntEncoding" time="0.000" classname="org.jsimpledb.util.UnsignedIntEncoderTest"/>
  <testcase name="testRandomUnsignedIntEncoding" time="0.000" classname="org.jsimpledb.util.UnsignedIntEncoderTest"/>
  <testcase name="testRandomUnsignedIntEncoding" time="0.000" classname="org.jsimpledb.util.UnsignedIntEncoderTest"/>
  <testcase name="testRandomUnsignedIntEncoding" time="0.000" classname="org.jsimpledb.util.UnsignedIntEncoderTest"/>
  <testcase name="testRandomUnsignedIntEncoding" time="0.000" classname="org.jsimpledb.util.UnsignedIntEncoderTest"/>
  <testcase name="testRandomUnsignedIntEncoding" time="0.000" classname="org.jsimpledb.util.UnsignedIntEncoderTest"/>
  <testcase name="testRandomUnsignedIntEncoding" time="0.000" classname="org.jsimpledb.util.UnsignedIntEncoderTest"/>
  <testcase name="testRandomUnsignedIntEncoding" time="0.000" classname="org.jsimpledb.util.UnsignedIntEncoderTest"/>
  <testcase name="testRandomUnsignedIntEncoding" time="0.000" classname="org.jsimpledb.util.UnsignedIntEncoderTest"/>
  <testcase name="testRandomUnsignedIntEncoding" time="0.000" classname="org.jsimpledb.util.UnsignedIntEncoderTest"/>
  <testcase name="testRandomUnsignedIntEncoding" time="0.000" classname="org.jsimpledb.util.UnsignedIntEncoderTest"/>
  <testcase name="testRandomUnsignedIntEncoding" time="0.000" classname="org.jsimpledb.util.UnsignedIntEncoderTest"/>
  <testcase name="testRandomUnsignedIntEncoding" time="0.000" classname="org.jsimpledb.util.UnsignedIntEncoderTest"/>
  <testcase name="testRandomUnsignedIntEncoding" time="0.000" classname="org.jsimpledb.util.UnsignedIntEncoderTest"/>
  <testcase name="testRandomUnsignedIntEncoding" time="0.000" classname="org.jsimpledb.util.UnsignedIntEncoderTest"/>
  <testcase name="testRandomUnsignedIntEncoding" time="0.000" classname="org.jsimpledb.util.UnsignedIntEncoderTest"/>
  <testcase name="testRandomUnsignedIntEncoding" time="0.000" classname="org.jsimpledb.util.UnsignedIntEncoderTest"/>
  <testcase name="testRandomUnsignedIntEncoding" time="0.000" classname="org.jsimpledb.util.UnsignedIntEncoderTest"/>
  <testcase name="testRandomUnsignedIntEncoding" time="0.000" classname="org.jsimpledb.util.UnsignedIntEncoderTest"/>
  <testcase name="testRandomUnsignedIntEncoding" time="0.000" classname="org.jsimpledb.util.UnsignedIntEncoderTest"/>
  <testcase name="testRandomUnsignedIntEncoding" time="0.000" classname="org.jsimpledb.util.UnsignedIntEncoderTest"/>
  <testcase name="testRandomUnsignedIntEncoding" time="0.000" classname="org.jsimpledb.util.UnsignedIntEncoderTest"/>
  <testcase name="testRandomUnsignedIntEncoding" time="0.001" classname="org.jsimpledb.util.UnsignedIntEncoderTest"/>
  <testcase name="testRandomUnsignedIntEncoding" time="0.000" classname="org.jsimpledb.util.UnsignedIntEncoderTest"/>
  <testcase name="testRandomUnsignedIntEncoding" time="0.000" classname="org.jsimpledb.util.UnsignedIntEncoderTest"/>
  <testcase name="testRandomUnsignedIntEncoding" time="0.000" classname="org.jsimpledb.util.UnsignedIntEncoderTest"/>
  <testcase name="testRandomUnsignedIntEncoding" time="0.000" classname="org.jsimpledb.util.UnsignedIntEncoderTest"/>
  <testcase name="testRandomUnsignedIntEncoding" time="0.000" classname="org.jsimpledb.util.UnsignedIntEncoderTest"/>
  <testcase name="testRandomUnsignedIntEncoding" time="0.000" classname="org.jsimpledb.util.UnsignedIntEncoderTest"/>
  <testcase name="testRandomUnsignedIntEncoding" time="0.000" classname="org.jsimpledb.util.UnsignedIntEncoderTest"/>
  <testcase name="testRandomUnsignedIntEncoding" time="0.000" classname="org.jsimpledb.util.UnsignedIntEncoderTest"/>
  <testcase name="testRandomUnsignedIntEncoding" time="0.000" classname="org.jsimpledb.util.UnsignedIntEncoderTest"/>
  <testcase name="testRandomUnsignedIntEncoding" time="0.000" classname="org.jsimpledb.util.UnsignedIntEncoderTest"/>
  <testcase name="testRandomUnsignedIntEncoding" time="0.000" classname="org.jsimpledb.util.UnsignedIntEncoderTest"/>
  <testcase name="testRandomUnsignedIntEncoding" time="0.000" classname="org.jsimpledb.util.UnsignedIntEncoderTest"/>
  <testcase name="testRandomUnsignedIntEncoding" time="0.000" classname="org.jsimpledb.util.UnsignedIntEncoderTest"/>
  <testcase name="testRandomUnsignedIntEncoding" time="0.000" classname="org.jsimpledb.util.UnsignedIntEncoderTest"/>
  <testcase name="testRandomUnsignedIntEncoding" time="0.000" classname="org.jsimpledb.util.UnsignedIntEncoderTest"/>
  <testcase name="testRandomUnsignedIntEncoding" time="0.000" classname="org.jsimpledb.util.UnsignedIntEncoderTest"/>
  <testcase name="testRandomUnsignedIntEncoding" time="0.000" classname="org.jsimpledb.util.UnsignedIntEncoderTest"/>
  <testcase name="testRandomUnsignedIntEncoding" time="0.000" classname="org.jsimpledb.util.UnsignedIntEncoderTest"/>
  <testcase name="testRandomUnsignedIntEncoding" time="0.000" classname="org.jsimpledb.util.UnsignedIntEncoderTest"/>
  <testcase name="testRandomUnsignedIntEncoding" time="0.000" classname="org.jsimpledb.util.UnsignedIntEncoderTest"/>
  <testcase name="testRandomUnsignedIntEncoding" time="0.000" classname="org.jsimpledb.util.UnsignedIntEncoderTest"/>
  <testcase name="testRandomUnsignedIntEncoding" time="0.000" classname="org.jsimpledb.util.UnsignedIntEncoderTest"/>
  <testcase name="testRandomUnsignedIntEncoding" time="0.001" classname="org.jsimpledb.util.UnsignedIntEncoderTest"/>
  <testcase name="testRandomUnsignedIntEncoding" time="0.000" classname="org.jsimpledb.util.UnsignedIntEncoderTest"/>
  <testcase name="testRandomUnsignedIntEncoding" time="0.000" classname="org.jsimpledb.util.UnsignedIntEncoderTest"/>
  <testcase name="testRandomUnsignedIntEncoding" time="0.000" classname="org.jsimpledb.util.UnsignedIntEncoderTest"/>
  <testcase name="testRandomUnsignedIntEncoding" time="0.000" classname="org.jsimpledb.util.UnsignedIntEncoderTest"/>
  <testcase name="testRandomUnsignedIntEncoding" time="0.000" classname="org.jsimpledb.util.UnsignedIntEncoderTest"/>
  <testcase name="testRandomUnsignedIntEncoding" time="0.000" classname="org.jsimpledb.util.UnsignedIntEncoderTest"/>
  <testcase name="testRandomUnsignedIntEncoding" time="0.000" classname="org.jsimpledb.util.UnsignedIntEncoderTest"/>
  <testcase name="testRandomUnsignedIntEncoding" time="0.000" classname="org.jsimpledb.util.UnsignedIntEncoderTest"/>
  <testcase name="testRandomUnsignedIntEncoding" time="0.000" classname="org.jsimpledb.util.UnsignedIntEncoderTest"/>
  <testcase name="testRandomUnsignedIntEncoding" time="0.000" classname="org.jsimpledb.util.UnsignedIntEncoderTest"/>
  <testcase name="testRandomUnsignedIntEncoding" time="0.000" classname="org.jsimpledb.util.UnsignedIntEncoderTest"/>
  <testcase name="testRandomUnsignedIntEncoding" time="0.000" classname="org.jsimpledb.util.UnsignedIntEncoderTest"/>
  <testcase name="testRandomUnsignedIntEncoding" time="0.000" classname="org.jsimpledb.util.UnsignedIntEncoderTest"/>
  <testcase name="testRandomUnsignedIntEncoding" time="0.000" classname="org.jsimpledb.util.UnsignedIntEncoderTest"/>
  <testcase name="testRandomUnsignedIntEncoding" time="0.000" classname="org.jsimpledb.util.UnsignedIntEncoderTest"/>
  <testcase name="testRandomUnsignedIntEncoding" time="0.000" classname="org.jsimpledb.util.UnsignedIntEncoderTest"/>
  <testcase name="testRandomUnsignedIntEncoding" time="0.001" classname="org.jsimpledb.util.UnsignedIntEncoderTest"/>
  <testcase name="testRandomUnsignedIntEncoding" time="0.000" classname="org.jsimpledb.util.UnsignedIntEncoderTest"/>
  <testcase name="testRandomUnsignedIntEncoding" time="0.000" classname="org.jsimpledb.util.UnsignedIntEncoderTest"/>
  <testcase name="testRandomUnsignedIntEncoding" time="0.000" classname="org.jsimpledb.util.UnsignedIntEncoderTest"/>
  <testcase name="testRandomUnsignedIntEncoding" time="0.000" classname="org.jsimpledb.util.UnsignedIntEncoderTest"/>
  <testcase name="testRandomUnsignedIntEncoding" time="0.000" classname="org.jsimpledb.util.UnsignedIntEncoderTest"/>
  <testcase name="testRandomUnsignedIntEncoding" time="0.000" classname="org.jsimpledb.util.UnsignedIntEncoderTest"/>
  <testcase name="testRandomUnsignedIntEncoding" time="0.000" classname="org.jsimpledb.util.UnsignedIntEncoderTest"/>
  <testcase name="testRandomUnsignedIntEncoding" time="0.000" classname="org.jsimpledb.util.UnsignedIntEncoderTest"/>
  <testcase name="testRandomUnsignedIntEncoding" time="0.000" classname="org.jsimpledb.util.UnsignedIntEncoderTest"/>
  <testcase name="testRandomUnsignedIntEncoding" time="0.000" classname="org.jsimpledb.util.UnsignedIntEncoderTest"/>
  <testcase name="testRandomUnsignedIntEncoding" time="0.000" classname="org.jsimpledb.util.UnsignedIntEncoderTest"/>
  <testcase name="testRandomUnsignedIntEncoding" time="0.000" classname="org.jsimpledb.util.UnsignedIntEncoderTest"/>
  <testcase name="testRandomUnsignedIntEncoding" time="0.000" classname="org.jsimpledb.util.UnsignedIntEncoderTest"/>
  <testcase name="testRandomUnsignedIntEncoding" time="0.001" classname="org.jsimpledb.util.UnsignedIntEncoderTest"/>
  <testcase name="testRandomUnsignedIntEncoding" time="0.000" classname="org.jsimpledb.util.UnsignedIntEncoderTest"/>
  <testcase name="testRandomUnsignedIntEncoding" time="0.000" classname="org.jsimpledb.util.UnsignedIntEncoderTest"/>
  <testcase name="testRandomUnsignedIntEncoding" time="0.000" classname="org.jsimpledb.util.UnsignedIntEncoderTest"/>
  <testcase name="testRandomUnsignedIntEncoding" time="0.000" classname="org.jsimpledb.util.UnsignedIntEncoderTest"/>
  <testcase name="testRandomUnsignedIntEncoding" time="0.000" classname="org.jsimpledb.util.UnsignedIntEncoderTest"/>
  <testcase name="testRandomUnsignedIntEncoding" time="0.000" classname="org.jsimpledb.util.UnsignedIntEncoderTest"/>
  <testcase name="testRandomUnsignedIntEncoding" time="0.000" classname="org.jsimpledb.util.UnsignedIntEncoderTest"/>
  <testcase name="testRandomUnsignedIntEncoding" time="0.000" classname="org.jsimpledb.util.UnsignedIntEncoderTest"/>
  <testcase name="testRandomUnsignedIntEncoding" time="0.001" classname="org.jsimpledb.util.UnsignedIntEncoderTest"/>
  <testcase name="testRandomUnsignedIntEncoding" time="0.000" classname="org.jsimpledb.util.UnsignedIntEncoderTest"/>
  <testcase name="testRandomUnsignedIntEncoding" time="0.000" classname="org.jsimpledb.util.UnsignedIntEncoderTest"/>
  <testcase name="testRandomUnsignedIntEncoding" time="0.000" classname="org.jsimpledb.util.UnsignedIntEncoderTest"/>
  <testcase name="testRandomUnsignedIntEncoding" time="0.000" classname="org.jsimpledb.util.UnsignedIntEncoderTest"/>
  <testcase name="testRandomUnsignedIntEncoding" time="0.000" classname="org.jsimpledb.util.UnsignedIntEncoderTest"/>
  <testcase name="testRandomUnsignedIntEncoding" time="0.000" classname="org.jsimpledb.util.UnsignedIntEncoderTest"/>
  <testcase name="testRandomUnsignedIntEncoding" time="0.000" classname="org.jsimpledb.util.UnsignedIntEncoderTest"/>
  <testcase name="testRandomUnsignedIntEncoding" time="0.001" classname="org.jsimpledb.util.UnsignedIntEncoderTest"/>
  <testcase name="testRandomUnsignedIntEncoding" time="0.000" classname="org.jsimpledb.util.UnsignedIntEncoderTest"/>
  <testcase name="testRandomUnsignedIntEncoding" time="0.000" classname="org.jsimpledb.util.UnsignedIntEncoderTest"/>
  <testcase name="testRandomUnsignedIntEncoding" time="0.000" classname="org.jsimpledb.util.UnsignedIntEncoderTest"/>
  <testcase name="testRandomUnsignedIntEncoding" time="0.000" classname="org.jsimpledb.util.UnsignedIntEncoderTest"/>
  <testcase name="testRandomUnsignedIntEncoding" time="0.000" classname="org.jsimpledb.util.UnsignedIntEncoderTest"/>
  <testcase name="testRandomUnsignedIntEncoding" time="0.000" classname="org.jsimpledb.util.UnsignedIntEncoderTest"/>
  <testcase name="testRandomUnsignedIntEncoding" time="0.000" classname="org.jsimpledb.util.UnsignedIntEncoderTest"/>
  <testcase name="testRandomUnsignedIntEncoding" time="0.000" classname="org.jsimpledb.util.UnsignedIntEncoderTest"/>
  <testcase name="testRandomUnsignedIntEncoding" time="0.000" classname="org.jsimpledb.util.UnsignedIntEncoderTest"/>
  <testcase name="testRandomUnsignedIntEncoding" time="0.000" classname="org.jsimpledb.util.UnsignedIntEncoderTest"/>
  <testcase name="testRandomUnsignedIntEncoding" time="0.000" classname="org.jsimpledb.util.UnsignedIntEncoderTest"/>
  <testcase name="testRandomUnsignedIntEncoding" time="0.000" classname="org.jsimpledb.util.UnsignedIntEncoderTest"/>
  <testcase name="testRandomUnsignedIntEncoding" time="0.000" classname="org.jsimpledb.util.UnsignedIntEncoderTest"/>
  <testcase name="testRandomUnsignedIntEncoding" time="0.000" classname="org.jsimpledb.util.UnsignedIntEncoderTest"/>
  <testcase name="testRandomUnsignedIntEncoding" time="0.000" classname="org.jsimpledb.util.UnsignedIntEncoderTest"/>
  <testcase name="testRandomUnsignedIntEncoding" time="0.000" classname="org.jsimpledb.util.UnsignedIntEncoderTest"/>
  <testcase name="testRandomUnsignedIntEncoding" time="0.000" classname="org.jsimpledb.util.UnsignedIntEncoderTest"/>
  <testcase name="testRandomUnsignedIntEncoding" time="0.000" classname="org.jsimpledb.util.UnsignedIntEncoderTest"/>
  <testcase name="testRandomUnsignedIntEncoding" time="0.000" classname="org.jsimpledb.util.UnsignedIntEncoderTest"/>
  <testcase name="testRandomUnsignedIntEncoding" time="0.000" classname="org.jsimpledb.util.UnsignedIntEncoderTest"/>
  <testcase name="testRandomUnsignedIntEncoding" time="0.000" classname="org.jsimpledb.util.UnsignedIntEncoderTest"/>
  <testcase name="testRandomUnsignedIntEncoding" time="0.000" classname="org.jsimpledb.util.UnsignedIntEncoderTest"/>
  <testcase name="testRandomUnsignedIntEncoding" time="0.000" classname="org.jsimpledb.util.UnsignedIntEncoderTest"/>
  <testcase name="testRandomUnsignedIntEncoding" time="0.000" classname="org.jsimpledb.util.UnsignedIntEncoderTest"/>
  <testcase name="testRandomUnsignedIntEncoding" time="0.000" classname="org.jsimpledb.util.UnsignedIntEncoderTest"/>
  <testcase name="testRandomUnsignedIntEncoding" time="0.000" classname="org.jsimpledb.util.UnsignedIntEncoderTest"/>
  <testcase name="testRandomUnsignedIntEncoding" time="0.000" classname="org.jsimpledb.util.UnsignedIntEncoderTest"/>
  <testcase name="testRandomUnsignedIntEncoding" time="0.000" classname="org.jsimpledb.util.UnsignedIntEncoderTest"/>
  <testcase name="testRandomUnsignedIntEncoding" time="0.000" classname="org.jsimpledb.util.UnsignedIntEncoderTest"/>
  <testcase name="testRandomUnsignedIntEncoding" time="0.000" classname="org.jsimpledb.util.UnsignedIntEncoderTest"/>
  <testcase name="testRandomUnsignedIntEncoding" time="0.000" classname="org.jsimpledb.util.UnsignedIntEncoderTest"/>
  <testcase name="testRandomUnsignedIntEncoding" time="0.000" classname="org.jsimpledb.util.UnsignedIntEncoderTest"/>
  <testcase name="testRandomUnsignedIntEncoding" time="0.000" classname="org.jsimpledb.util.UnsignedIntEncoderTest"/>
  <testcase name="testRandomUnsignedIntEncoding" time="0.000" classname="org.jsimpledb.util.UnsignedIntEncoderTest"/>
  <testcase name="testRandomUnsignedIntEncoding" time="0.000" classname="org.jsimpledb.util.UnsignedIntEncoderTest"/>
  <testcase name="testRandomUnsignedIntEncoding" time="0.000" classname="org.jsimpledb.util.UnsignedIntEncoderTest"/>
  <testcase name="testRandomUnsignedIntEncoding" time="0.000" classname="org.jsimpledb.util.UnsignedIntEncoderTest"/>
  <testcase name="testRandomUnsignedIntEncoding" time="0.000" classname="org.jsimpledb.util.UnsignedIntEncoderTest"/>
  <testcase name="testRandomUnsignedIntEncoding" time="0.000" classname="org.jsimpledb.util.UnsignedIntEncoderTest"/>
  <testcase name="testRandomUnsignedIntEncoding" time="0.000" classname="org.jsimpledb.util.UnsignedIntEncoderTest"/>
  <testcase name="testRandomUnsignedIntEncoding" time="0.000" classname="org.jsimpledb.util.UnsignedIntEncoderTest"/>
  <testcase name="testRandomUnsignedIntEncoding" time="0.000" classname="org.jsimpledb.util.UnsignedIntEncoderTest"/>
  <testcase name="testRandomUnsignedIntEncoding" time="0.000" classname="org.jsimpledb.util.UnsignedIntEncoderTest"/>
  <testcase name="testRandomUnsignedIntEncoding" time="0.000" classname="org.jsimpledb.util.UnsignedIntEncoderTest"/>
  <testcase name="testRandomUnsignedIntEncoding" time="0.000" classname="org.jsimpledb.util.UnsignedIntEncoderTest"/>
  <testcase name="testRandomUnsignedIntEncoding" time="0.000" classname="org.jsimpledb.util.UnsignedIntEncoderTest"/>
  <testcase name="testRandomUnsignedIntEncoding" time="0.000" classname="org.jsimpledb.util.UnsignedIntEncoderTest"/>
  <testcase name="testRandomUnsignedIntEncoding" time="0.000" classname="org.jsimpledb.util.UnsignedIntEncoderTest"/>
  <testcase name="testRandomUnsignedIntEncoding" time="0.000" classname="org.jsimpledb.util.UnsignedIntEncoderTest"/>
  <testcase name="testRandomUnsignedIntEncoding" time="0.001" classname="org.jsimpledb.util.UnsignedIntEncoderTest"/>
  <testcase name="testRandomUnsignedIntEncoding" time="0.000" classname="org.jsimpledb.util.UnsignedIntEncoderTest"/>
  <testcase name="testRandomUnsignedIntEncoding" time="0.000" classname="org.jsimpledb.util.UnsignedIntEncoderTest"/>
  <testcase name="testRandomUnsignedIntEncoding" time="0.000" classname="org.jsimpledb.util.UnsignedIntEncoderTest"/>
  <testcase name="testRandomUnsignedIntEncoding" time="0.000" classname="org.jsimpledb.util.UnsignedIntEncoderTest"/>
  <testcase name="testRandomUnsignedIntEncoding" time="0.000" classname="org.jsimpledb.util.UnsignedIntEncoderTest"/>
  <testcase name="testRandomUnsignedIntEncoding" time="0.000" classname="org.jsimpledb.util.UnsignedIntEncoderTest"/>
  <testcase name="testRandomUnsignedIntEncoding" time="0.000" classname="org.jsimpledb.util.UnsignedIntEncoderTest"/>
  <testcase name="testRandomUnsignedIntEncoding" time="0.000" classname="org.jsimpledb.util.UnsignedIntEncoderTest"/>
  <testcase name="testRandomUnsignedIntEncoding" time="0.000" classname="org.jsimpledb.util.UnsignedIntEncoderTest"/>
  <testcase name="testRandomUnsignedIntEncoding" time="0.000" classname="org.jsimpledb.util.UnsignedIntEncoderTest"/>
  <testcase name="testRandomUnsignedIntEncoding" time="0.000" classname="org.jsimpledb.util.UnsignedIntEncoderTest"/>
  <testcase name="testRandomUnsignedIntEncoding" time="0.000" classname="org.jsimpledb.util.UnsignedIntEncoderTest"/>
  <testcase name="testRandomUnsignedIntEncoding" time="0.000" classname="org.jsimpledb.util.UnsignedIntEncoderTest"/>
  <testcase name="testRandomUnsignedIntEncoding" time="0.000" classname="org.jsimpledb.util.UnsignedIntEncoderTest"/>
  <testcase name="testRandomUnsignedIntEncoding" time="0.000" classname="org.jsimpledb.util.UnsignedIntEncoderTest"/>
  <testcase name="testRandomUnsignedIntEncoding" time="0.000" classname="org.jsimpledb.util.UnsignedIntEncoderTest"/>
  <testcase name="testRandomUnsignedIntEncoding" time="0.000" classname="org.jsimpledb.util.UnsignedIntEncoderTest"/>
  <testcase name="testRandomUnsignedIntEncoding" time="0.000" classname="org.jsimpledb.util.UnsignedIntEncoderTest"/>
  <testcase name="testRandomUnsignedIntEncoding" time="0.000" classname="org.jsimpledb.util.UnsignedIntEncoderTest"/>
  <testcase name="testRandomUnsignedIntEncoding" time="0.000" classname="org.jsimpledb.util.UnsignedIntEncoderTest"/>
  <testcase name="testRandomUnsignedIntEncoding" time="0.000" classname="org.jsimpledb.util.UnsignedIntEncoderTest"/>
  <testcase name="testRandomUnsignedIntEncoding" time="0.000" classname="org.jsimpledb.util.UnsignedIntEncoderTest"/>
  <testcase name="testRandomUnsignedIntEncoding" time="0.000" classname="org.jsimpledb.util.UnsignedIntEncoderTest"/>
  <testcase name="testRandomUnsignedIntEncoding" time="0.000" classname="org.jsimpledb.util.UnsignedIntEncoderTest"/>
  <testcase name="testRandomUnsignedIntEncoding" time="0.000" classname="org.jsimpledb.util.UnsignedIntEncoderTest"/>
  <testcase name="testRandomUnsignedIntEncoding" time="0.000" classname="org.jsimpledb.util.UnsignedIntEncoderTest"/>
  <testcase name="testRandomUnsignedIntEncoding" time="0.000" classname="org.jsimpledb.util.UnsignedIntEncoderTest"/>
  <testcase name="testRandomUnsignedIntEncoding" time="0.000" classname="org.jsimpledb.util.UnsignedIntEncoderTest"/>
  <testcase name="testRandomUnsignedIntEncoding" time="0.000" classname="org.jsimpledb.util.UnsignedIntEncoderTest"/>
  <testcase name="testRandomUnsignedIntEncoding" time="0.000" classname="org.jsimpledb.util.UnsignedIntEncoderTest"/>
  <testcase name="testRandomUnsignedIntEncoding" time="0.000" classname="org.jsimpledb.util.UnsignedIntEncoderTest"/>
  <testcase name="testRandomUnsignedIntEncoding" time="0.000" classname="org.jsimpledb.util.UnsignedIntEncoderTest"/>
  <testcase name="testRandomUnsignedIntEncoding" time="0.000" classname="org.jsimpledb.util.UnsignedIntEncoderTest"/>
  <testcase name="testRandomUnsignedIntEncoding" time="0.000" classname="org.jsimpledb.util.UnsignedIntEncoderTest"/>
  <testcase name="testRandomUnsignedIntEncoding" time="0.000" classname="org.jsimpledb.util.UnsignedIntEncoderTest"/>
  <testcase name="testRandomUnsignedIntEncoding" time="0.000" classname="org.jsimpledb.util.UnsignedIntEncoderTest"/>
  <testcase name="testRandomUnsignedIntEncoding" time="0.000" classname="org.jsimpledb.util.UnsignedIntEncoderTest"/>
  <testcase name="testRandomUnsignedIntEncoding" time="0.000" classname="org.jsimpledb.util.UnsignedIntEncoderTest"/>
  <testcase name="testRandomUnsignedIntEncoding" time="0.000" classname="org.jsimpledb.util.UnsignedIntEncoderTest"/>
  <testcase name="testRandomUnsignedIntEncoding" time="0.000" classname="org.jsimpledb.util.UnsignedIntEncoderTest"/>
  <testcase name="testRandomUnsignedIntEncoding" time="0.000" classname="org.jsimpledb.util.UnsignedIntEncoderTest"/>
  <testcase name="testRandomUnsignedIntEncoding" time="0.000" classname="org.jsimpledb.util.UnsignedIntEncoderTest"/>
  <testcase name="testRandomUnsignedIntEncoding" time="0.000" classname="org.jsimpledb.util.UnsignedIntEncoderTest"/>
  <testcase name="testRandomUnsignedIntEncoding" time="0.000" classname="org.jsimpledb.util.UnsignedIntEncoderTest"/>
  <testcase name="testRandomUnsignedIntEncoding" time="0.000" classname="org.jsimpledb.util.UnsignedIntEncoderTest"/>
  <testcase name="testRandomUnsignedIntEncoding" time="0.000" classname="org.jsimpledb.util.UnsignedIntEncoderTest"/>
  <testcase name="testRandomUnsignedIntEncoding" time="0.000" classname="org.jsimpledb.util.UnsignedIntEncoderTest"/>
  <testcase name="testRandomUnsignedIntEncoding" time="0.000" classname="org.jsimpledb.util.UnsignedIntEncoderTest"/>
  <testcase name="testRandomUnsignedIntEncoding" time="0.000" classname="org.jsimpledb.util.UnsignedIntEncoderTest"/>
  <testcase name="testRandomUnsignedIntEncoding" time="0.000" classname="org.jsimpledb.util.UnsignedIntEncoderTest"/>
  <testcase name="testRandomUnsignedIntEncoding" time="0.000" classname="org.jsimpledb.util.UnsignedIntEncoderTest"/>
  <testcase name="testRandomUnsignedIntEncoding" time="0.000" classname="org.jsimpledb.util.UnsignedIntEncoderTest"/>
  <testcase name="testRandomUnsignedIntEncoding" time="0.000" classname="org.jsimpledb.util.UnsignedIntEncoderTest"/>
  <testcase name="testRandomUnsignedIntEncoding" time="0.000" classname="org.jsimpledb.util.UnsignedIntEncoderTest"/>
  <testcase name="testRandomUnsignedIntEncoding" time="0.000" classname="org.jsimpledb.util.UnsignedIntEncoderTest"/>
  <testcase name="testRandomUnsignedIntEncoding" time="0.000" classname="org.jsimpledb.util.UnsignedIntEncoderTest"/>
  <testcase name="testRandomUnsignedIntEncoding" time="0.000" classname="org.jsimpledb.util.UnsignedIntEncoderTest"/>
  <testcase name="testRandomUnsignedIntEncoding" time="0.000" classname="org.jsimpledb.util.UnsignedIntEncoderTest"/>
  <testcase name="testRandomUnsignedIntEncoding" time="0.000" classname="org.jsimpledb.util.UnsignedIntEncoderTest"/>
  <testcase name="testRandomUnsignedIntEncoding" time="0.000" classname="org.jsimpledb.util.UnsignedIntEncoderTest"/>
  <testcase name="testRandomUnsignedIntEncoding" time="0.000" classname="org.jsimpledb.util.UnsignedIntEncoderTest"/>
  <testcase name="testRandomUnsignedIntEncoding" time="0.001" classname="org.jsimpledb.util.UnsignedIntEncoderTest"/>
  <testcase name="testRandomUnsignedIntEncoding" time="0.000" classname="org.jsimpledb.util.UnsignedIntEncoderTest"/>
  <testcase name="testRandomUnsignedIntEncoding" time="0.000" classname="org.jsimpledb.util.UnsignedIntEncoderTest"/>
  <testcase name="testRandomUnsignedIntEncoding" time="0.000" classname="org.jsimpledb.util.UnsignedIntEncoderTest"/>
  <testcase name="testRandomUnsignedIntEncoding" time="0.000" classname="org.jsimpledb.util.UnsignedIntEncoderTest"/>
  <testcase name="testRandomUnsignedIntEncoding" time="0.000" classname="org.jsimpledb.util.UnsignedIntEncoderTest"/>
  <testcase name="testRandomUnsignedIntEncoding" time="0.000" classname="org.jsimpledb.util.UnsignedIntEncoderTest"/>
  <testcase name="testRandomUnsignedIntEncoding" time="0.000" classname="org.jsimpledb.util.UnsignedIntEncoderTest"/>
  <testcase name="testRandomUnsignedIntEncoding" time="0.000" classname="org.jsimpledb.util.UnsignedIntEncoderTest"/>
  <testcase name="testRandomUnsignedIntEncoding" time="0.000" classname="org.jsimpledb.util.UnsignedIntEncoderTest"/>
  <testcase name="testRandomUnsignedIntEncoding" time="0.000" classname="org.jsimpledb.util.UnsignedIntEncoderTest"/>
  <testcase name="testRandomUnsignedIntEncoding" time="0.000" classname="org.jsimpledb.util.UnsignedIntEncoderTest"/>
  <testcase name="testRandomUnsignedIntEncoding" time="0.000" classname="org.jsimpledb.util.UnsignedIntEncoderTest"/>
  <testcase name="testRandomUnsignedIntEncoding" time="0.000" classname="org.jsimpledb.util.UnsignedIntEncoderTest"/>
  <testcase name="testRandomUnsignedIntEncoding" time="0.000" classname="org.jsimpledb.util.UnsignedIntEncoderTest"/>
  <testcase name="testRandomUnsignedIntEncoding" time="0.000" classname="org.jsimpledb.util.UnsignedIntEncoderTest"/>
  <testcase name="testRandomUnsignedIntEncoding" time="0.000" classname="org.jsimpledb.util.UnsignedIntEncoderTest"/>
  <testcase name="testRandomUnsignedIntEncoding" time="0.000" classname="org.jsimpledb.util.UnsignedIntEncoderTest"/>
  <testcase name="testRandomUnsignedIntEncoding" time="0.000" classname="org.jsimpledb.util.UnsignedIntEncoderTest"/>
  <testcase name="testRandomUnsignedIntEncoding" time="0.000" classname="org.jsimpledb.util.UnsignedIntEncoderTest"/>
  <testcase name="testRandomUnsignedIntEncoding" time="0.000" classname="org.jsimpledb.util.UnsignedIntEncoderTest"/>
</testsuite> <!-- org.jsimpledb.util.UnsignedIntEncoderTest -->
