<?xml version="1.0" encoding="UTF-8"?>
<!-- Generated by org.testng.reporters.JUnitReportReporter -->
<testsuite hostname="retina.dellroad.org" name="org.jsimpledb.core.FieldMonitorTest" tests="1" failures="0" timestamp="10 Apr 2014 21:05:20 GMT" time="0.039" errors="0">
  <testcase name="testFieldMonitors" time="0.039" classname="org.jsimpledb.core.FieldMonitorTest"/>
</testsuite> <!-- org.jsimpledb.core.FieldMonitorTest -->
