<?xml version="1.0" encoding="UTF-8"?>
<!-- Generated by org.testng.reporters.JUnitReportReporter -->
<testsuite hostname="retina.dellroad.org" name="org.jsimpledb.BasicTest" tests="1" failures="0" timestamp="10 Apr 2014 21:05:20 GMT" time="0.151" errors="0">
  <testcase name="testBasicStuff" time="0.151" classname="org.jsimpledb.BasicTest"/>
</testsuite> <!-- org.jsimpledb.BasicTest -->
