<?xml version="1.0" encoding="UTF-8"?>
<!-- Generated by org.testng.reporters.JUnitReportReporter -->
<testsuite hostname="retina.dellroad.org" name="org.jsimpledb.core.VersionChangeListenerTest" tests="1" failures="0" timestamp="18 Apr 2014 02:10:45 GMT" time="0.009" errors="0">
  <testcase name="testVersionChangeListener" time="0.009" classname="org.jsimpledb.core.VersionChangeListenerTest"/>
</testsuite> <!-- org.jsimpledb.core.VersionChangeListenerTest -->
