<?xml version="1.0" encoding="UTF-8"?>
<!-- Generated by org.testng.reporters.JUnitReportReporter -->
<testsuite hostname="retina.dellroad.org" name="org.jsimpledb.kv.KVPairIteratorTest" tests="9" failures="0" timestamp="7 Mar 2015 18:17:02 GMT" time="0.003" errors="0">
  <testcase name="testIterations" time="0.000" classname="org.jsimpledb.kv.KVPairIteratorTest"/>
  <testcase name="testIterations" time="0.000" classname="org.jsimpledb.kv.KVPairIteratorTest"/>
  <testcase name="testIterations" time="0.000" classname="org.jsimpledb.kv.KVPairIteratorTest"/>
  <testcase name="testIterations" time="0.000" classname="org.jsimpledb.kv.KVPairIteratorTest"/>
  <testcase name="testIterations" time="0.001" classname="org.jsimpledb.kv.KVPairIteratorTest"/>
  <testcase name="testIterations" time="0.000" classname="org.jsimpledb.kv.KVPairIteratorTest"/>
  <testcase name="testNextTarget" time="0.000" classname="org.jsimpledb.kv.KVPairIteratorTest"/>
  <testcase name="testIterations" time="0.001" classname="org.jsimpledb.kv.KVPairIteratorTest"/>
  <testcase name="testIterations" time="0.001" classname="org.jsimpledb.kv.KVPairIteratorTest"/>
</testsuite> <!-- org.jsimpledb.kv.KVPairIteratorTest -->
