<?xml version="1.0" encoding="UTF-8"?>
<!-- Generated by org.testng.reporters.JUnitReportReporter -->
<testsuite hostname="retina.dellroad.org" name="org.jsimpledb.core.OnDeleteTest" tests="2" failures="0" timestamp="16 May 2014 21:39:49 GMT" time="0.090" errors="0">
  <testcase name="testOnDeleteUpdate" time="0.040" classname="org.jsimpledb.core.OnDeleteTest"/>
  <testcase name="testOnDelete" time="0.050" classname="org.jsimpledb.core.OnDeleteTest"/>
</testsuite> <!-- org.jsimpledb.core.OnDeleteTest -->
