<?xml version="1.0" encoding="UTF-8"?>
<!-- Generated by org.testng.reporters.JUnitReportReporter -->
<testsuite hostname="retina.dellroad.org" name="org.jsimpledb.OnChangeTest" tests="2" failures="0" timestamp="17 Jan 2015 15:43:44 GMT" time="0.110" errors="0">
  <testcase name="testColorChange" time="0.008" classname="org.jsimpledb.OnChangeTest"/>
  <testcase name="testSimpleFieldChange" time="0.102" classname="org.jsimpledb.OnChangeTest"/>
</testsuite> <!-- org.jsimpledb.OnChangeTest -->
