<?xml version="1.0" encoding="UTF-8"?>
<!-- Generated by org.testng.reporters.JUnitReportReporter -->
<testsuite hostname="retina.dellroad.org" name="org.jsimpledb.InvertReferencePathTest" tests="1" failures="0" timestamp="7 May 2014 02:32:11 GMT" time="0.034" errors="0">
  <testcase name="testInvertReferencePath" time="0.034" classname="org.jsimpledb.InvertReferencePathTest"/>
</testsuite> <!-- org.jsimpledb.InvertReferencePathTest -->
