<?xml version="1.0" encoding="UTF-8"?>
<!-- Generated by org.testng.reporters.JUnitReportReporter -->
<testsuite hostname="retina.dellroad.org" name="org.jsimpledb.IndexQueryTest" tests="1" failures="0" timestamp="5 Jan 2015 18:39:07 GMT" time="0.025" errors="0">
  <testcase name="testSharedStorageId" time="0.025" classname="org.jsimpledb.IndexQueryTest"/>
</testsuite> <!-- org.jsimpledb.IndexQueryTest -->
