<?xml version="1.0" encoding="UTF-8"?>
<!-- Generated by org.testng.reporters.JUnitReportReporter -->
<testsuite hostname="retina.dellroad.org" name="org.jsimpledb.core.BasicTest1" tests="5" failures="0" timestamp="16 Apr 2014 03:18:18 GMT" time="0.364" errors="0">
  <testcase name="testListField" time="0.026" classname="org.jsimpledb.core.BasicTest1"/>
  <testcase name="testSetField" time="0.037" classname="org.jsimpledb.core.BasicTest1"/>
  <testcase name="testMapField" time="0.229" classname="org.jsimpledb.core.BasicTest1"/>
  <testcase name="testPrimitiveFields" time="0.052" classname="org.jsimpledb.core.BasicTest1"/>
  <testcase name="testComplexDelete" time="0.020" classname="org.jsimpledb.core.BasicTest1"/>
</testsuite> <!-- org.jsimpledb.core.BasicTest1 -->
