<?xml version="1.0" encoding="UTF-8"?>
<!-- Generated by org.testng.reporters.JUnitReportReporter -->
<testsuite hostname="retina.dellroad.org" name="org.jsimpledb.CounterTest" tests="1" failures="0" timestamp="7 Mar 2015 18:17:02 GMT" time="0.011" errors="0">
  <testcase name="testCounter" time="0.011" classname="org.jsimpledb.CounterTest"/>
</testsuite> <!-- org.jsimpledb.CounterTest -->
