<?xml version="1.0" encoding="UTF-8"?>
<!-- Generated by org.testng.reporters.JUnitReportReporter -->
<testsuite hostname="retina.dellroad.org" name="org.jsimpledb.kv.KVDatabaseTest" tests="4" failures="0" timestamp="5 Jan 2015 18:39:07 GMT" time="10.681" errors="0">
  <testcase name="testKV1" time="0.109" classname="org.jsimpledb.kv.KVDatabaseTest"/>
  <testcase name="testSimpleKVTimeouts" time="0.906" classname="org.jsimpledb.kv.KVDatabaseTest"/>
  <testcase name="testKV2" time="6.899" classname="org.jsimpledb.kv.KVDatabaseTest"/>
  <testcase name="testKV3" time="2.767" classname="org.jsimpledb.kv.KVDatabaseTest"/>
</testsuite> <!-- org.jsimpledb.kv.KVDatabaseTest -->
