<?xml version="1.0" encoding="UTF-8"?>
<!-- Generated by org.testng.reporters.JUnitReportReporter -->
<testsuite hostname="retina.dellroad.org" name="org.jsimpledb.core.IndexTest1" tests="2" failures="0" timestamp="18 Apr 2014 02:10:45 GMT" time="0.108" errors="0">
  <testcase name="testComplexFieldIndexes" time="0.029" classname="org.jsimpledb.core.IndexTest1"/>
  <testcase name="testSimpleFieldIndexes" time="0.079" classname="org.jsimpledb.core.IndexTest1"/>
</testsuite> <!-- org.jsimpledb.core.IndexTest1 -->
