<?xml version="1.0" encoding="UTF-8"?>
<!-- Generated by org.testng.reporters.JUnitReportReporter -->
<testsuite hostname="retina.dellroad.org" name="org.jsimpledb.BasicTest" tests="1" failures="0" timestamp="7 Mar 2015 18:17:02 GMT" time="0.515" errors="0">
  <testcase name="testBasicStuff" time="0.515" classname="org.jsimpledb.BasicTest"/>
</testsuite> <!-- org.jsimpledb.BasicTest -->
