<?xml version="1.0" encoding="UTF-8"?>
<!-- Generated by org.testng.reporters.JUnitReportReporter -->
<testsuite hostname="retina.dellroad.org" name="org.jsimpledb.core.IndexTest1" tests="2" failures="0" timestamp="16 May 2014 21:39:49 GMT" time="0.081" errors="0">
  <testcase name="testSimpleFieldIndexes" time="0.058" classname="org.jsimpledb.core.IndexTest1"/>
  <testcase name="testComplexFieldIndexes" time="0.023" classname="org.jsimpledb.core.IndexTest1"/>
</testsuite> <!-- org.jsimpledb.core.IndexTest1 -->
