<?xml version="1.0" encoding="UTF-8"?>
<!-- Generated by org.testng.reporters.JUnitReportReporter -->
<testsuite hostname="retina.dellroad.org" name="org.jsimpledb.OnDeleteTest" tests="1" failures="0" timestamp="28 Jan 2015 21:37:15 GMT" time="0.010" errors="0">
  <testcase name="testOnDelete" time="0.010" classname="org.jsimpledb.OnDeleteTest"/>
</testsuite> <!-- org.jsimpledb.OnDeleteTest -->
