<?xml version="1.0" encoding="UTF-8"?>
<!-- Generated by org.testng.reporters.JUnitReportReporter -->
<testsuite hostname="retina.dellroad.org" name="org.jsimpledb.OnChangeTest" tests="1" failures="0" timestamp="18 Apr 2014 02:10:45 GMT" time="0.033" errors="0">
  <testcase name="testSimpleFieldChange" time="0.033" classname="org.jsimpledb.OnChangeTest"/>
</testsuite> <!-- org.jsimpledb.OnChangeTest -->
