<?xml version="1.0" encoding="UTF-8"?>
<!-- Generated by org.testng.reporters.JUnitReportReporter -->
<testsuite hostname="retina.dellroad.org" name="org.jsimpledb.OnCreateTest" tests="2" failures="0" timestamp="7 Mar 2015 18:17:02 GMT" time="0.023" errors="0">
  <testcase name="testOnCreate2" time="0.011" classname="org.jsimpledb.OnCreateTest"/>
  <testcase name="testOnCreate1" time="0.012" classname="org.jsimpledb.OnCreateTest"/>
</testsuite> <!-- org.jsimpledb.OnCreateTest -->
