<?xml version="1.0" encoding="UTF-8"?>
<!-- Generated by org.testng.reporters.JUnitReportReporter -->
<testsuite hostname="retina.dellroad.org" name="org.jsimpledb.GenericsFunTest" tests="5" failures="0" timestamp="28 Jan 2015 23:45:14 GMT" time="0.068" errors="0">
  <testcase name="testGenerics2" time="0.016" classname="org.jsimpledb.GenericsFunTest"/>
  <testcase name="testGenerics4" time="0.010" classname="org.jsimpledb.GenericsFunTest"/>
  <testcase name="testGenerics1" time="0.010" classname="org.jsimpledb.GenericsFunTest"/>
  <testcase name="testGenerics3" time="0.014" classname="org.jsimpledb.GenericsFunTest"/>
  <testcase name="testGenerics5" time="0.018" classname="org.jsimpledb.GenericsFunTest"/>
</testsuite> <!-- org.jsimpledb.GenericsFunTest -->
