<?xml version="1.0" encoding="UTF-8"?>
<!-- Generated by org.testng.reporters.JUnitReportReporter -->
<testsuite hostname="retina.dellroad.org" name="org.jsimpledb.UniqueConstraintTest" tests="1" failures="0" timestamp="17 Apr 2015 01:30:29 GMT" time="0.084" errors="0">
  <testcase name="testUniqueConstraint" time="0.084" classname="org.jsimpledb.UniqueConstraintTest"/>
</testsuite> <!-- org.jsimpledb.UniqueConstraintTest -->
