<?xml version="1.0" encoding="UTF-8"?>
<!-- Generated by org.testng.reporters.JUnitReportReporter -->
<testsuite hostname="retina.dellroad.org" name="org.jsimpledb.core.BasicTest1" tests="5" failures="0" timestamp="5 Jan 2015 18:39:07 GMT" time="0.110" errors="0">
  <testcase name="testSetField" time="0.011" classname="org.jsimpledb.core.BasicTest1"/>
  <testcase name="testMapField" time="0.079" classname="org.jsimpledb.core.BasicTest1"/>
  <testcase name="testPrimitiveFields" time="0.009" classname="org.jsimpledb.core.BasicTest1"/>
  <testcase name="testListField" time="0.007" classname="org.jsimpledb.core.BasicTest1"/>
  <testcase name="testComplexDelete" time="0.004" classname="org.jsimpledb.core.BasicTest1"/>
</testsuite> <!-- org.jsimpledb.core.BasicTest1 -->
