<?xml version="1.0" encoding="UTF-8"?>
<!-- Generated by org.testng.reporters.JUnitReportReporter -->
<testsuite hostname="retina.dellroad.org" name="org.jsimpledb.TypeSafetyTest" tests="1" failures="0" timestamp="28 Jan 2015 23:45:14 GMT" time="0.017" errors="0">
  <testcase name="testTypeSafety" time="0.017" classname="org.jsimpledb.TypeSafetyTest"/>
</testsuite> <!-- org.jsimpledb.TypeSafetyTest -->
