<?xml version="1.0" encoding="UTF-8"?>
<!-- Generated by org.testng.reporters.JUnitReportReporter -->
<testsuite hostname="retina.dellroad.org" name="org.jsimpledb.GenericsFunTest" tests="2" failures="0" timestamp="18 Aug 2014 16:45:48 GMT" time="0.013" errors="0">
  <testcase name="testGenerics1" time="0.006" classname="org.jsimpledb.GenericsFunTest"/>
  <testcase name="testGenerics2" time="0.007" classname="org.jsimpledb.GenericsFunTest"/>
</testsuite> <!-- org.jsimpledb.GenericsFunTest -->
