<?xml version="1.0" encoding="UTF-8"?>
<!-- Generated by org.testng.reporters.JUnitReportReporter -->
<testsuite hostname="retina.dellroad.org" name="org.jsimpledb.OnChangeTest" tests="2" failures="0" timestamp="28 Jan 2015 23:45:14 GMT" time="0.092" errors="0">
  <testcase name="testSimpleFieldChange" time="0.085" classname="org.jsimpledb.OnChangeTest"/>
  <testcase name="testColorChange" time="0.007" classname="org.jsimpledb.OnChangeTest"/>
</testsuite> <!-- org.jsimpledb.OnChangeTest -->
