<?xml version="1.0" encoding="UTF-8"?>
<!-- Generated by org.testng.reporters.JUnitReportReporter -->
<testsuite hostname="retina.dellroad.org" name="org.jsimpledb.core.FieldTypeTest" tests="8" failures="0" timestamp="10 Apr 2014 21:05:20 GMT" time="0.029" errors="0">
  <testcase name="testFieldType" time="0.004" classname="org.jsimpledb.core.FieldTypeTest"/>
  <testcase name="testFieldType" time="0.002" classname="org.jsimpledb.core.FieldTypeTest"/>
  <testcase name="testFieldType" time="0.002" classname="org.jsimpledb.core.FieldTypeTest"/>
  <testcase name="testFieldType" time="0.006" classname="org.jsimpledb.core.FieldTypeTest"/>
  <testcase name="testFieldType" time="0.000" classname="org.jsimpledb.core.FieldTypeTest"/>
  <testcase name="testFieldType" time="0.002" classname="org.jsimpledb.core.FieldTypeTest"/>
  <testcase name="testFieldType" time="0.012" classname="org.jsimpledb.core.FieldTypeTest"/>
  <testcase name="testFieldType" time="0.001" classname="org.jsimpledb.core.FieldTypeTest"/>
</testsuite> <!-- org.jsimpledb.core.FieldTypeTest -->
