<?xml version="1.0" encoding="UTF-8"?>
<!-- Generated by org.testng.reporters.JUnitReportReporter -->
<testsuite hostname="retina.dellroad.org" name="org.jsimpledb.UniqueConstraintTest" tests="1" failures="0" timestamp="7 Mar 2015 18:17:02 GMT" time="0.096" errors="0">
  <testcase name="testUniqueConstraint" time="0.096" classname="org.jsimpledb.UniqueConstraintTest"/>
</testsuite> <!-- org.jsimpledb.UniqueConstraintTest -->
