<?xml version="1.0" encoding="UTF-8"?>
<!-- Generated by org.testng.reporters.JUnitReportReporter -->
<testsuite hostname="retina.dellroad.org" name="org.jsimpledb.util.UnionNavigableSetTest" tests="1" failures="0" timestamp="18 Apr 2014 21:57:29 GMT" time="0.218" errors="0">
  <testcase name="testRandomUnions" time="0.218" classname="org.jsimpledb.util.UnionNavigableSetTest"/>
</testsuite> <!-- org.jsimpledb.util.UnionNavigableSetTest -->
