<?xml version="1.0" encoding="UTF-8"?>
<!-- Generated by org.testng.reporters.JUnitReportReporter -->
<testsuite hostname="retina.dellroad.org" name="org.jsimpledb.spring.SimpleSpringTest" tests="1" failures="0" timestamp="18 Apr 2014 21:57:29 GMT" time="0.067" errors="0">
  <testcase name="testSpring" time="0.067" classname="org.jsimpledb.spring.SimpleSpringTest"/>
</testsuite> <!-- org.jsimpledb.spring.SimpleSpringTest -->
