<?xml version="1.0" encoding="UTF-8"?>
<!-- Generated by org.testng.reporters.JUnitReportReporter -->
<testsuite hostname="retina.dellroad.org" name="org.jsimpledb.util.ConvertedStuffTest" tests="3" failures="0" timestamp="10 Apr 2014 18:53:40 GMT" time="0.004" errors="0">
  <testcase name="testConvertedList" time="0.001" classname="org.jsimpledb.util.ConvertedStuffTest"/>
  <testcase name="testConvertedSet" time="0.000" classname="org.jsimpledb.util.ConvertedStuffTest"/>
  <testcase name="testConvertedMap" time="0.003" classname="org.jsimpledb.util.ConvertedStuffTest"/>
</testsuite> <!-- org.jsimpledb.util.ConvertedStuffTest -->
