<?xml version="1.0" encoding="UTF-8"?>
<!-- Generated by org.testng.reporters.JUnitReportReporter -->
<testsuite hostname="retina.dellroad.org" name="org.jsimpledb.core.BasicTest1" tests="5" failures="0" timestamp="10 Apr 2014 21:05:20 GMT" time="0.387" errors="0">
  <testcase name="testListField" time="0.028" classname="org.jsimpledb.core.BasicTest1"/>
  <testcase name="testSetField" time="0.048" classname="org.jsimpledb.core.BasicTest1"/>
  <testcase name="testPrimitiveFields" time="0.059" classname="org.jsimpledb.core.BasicTest1"/>
  <testcase name="testMapField" time="0.232" classname="org.jsimpledb.core.BasicTest1"/>
  <testcase name="testComplexDelete" time="0.020" classname="org.jsimpledb.core.BasicTest1"/>
</testsuite> <!-- org.jsimpledb.core.BasicTest1 -->
