<?xml version="1.0" encoding="UTF-8"?>
<!-- Generated by org.testng.reporters.JUnitReportReporter -->
<testsuite hostname="retina.dellroad.org" name="org.jsimpledb.core.DeleteListenerTest" tests="1" failures="0" timestamp="10 Apr 2014 18:53:40 GMT" time="0.008" errors="0">
  <testcase name="testDeleteListener" time="0.008" classname="org.jsimpledb.core.DeleteListenerTest"/>
</testsuite> <!-- org.jsimpledb.core.DeleteListenerTest -->
